

================================================================
== Vitis HLS Report for 'AXIvideo2MultiPixStream'
================================================================
* Date:           Wed Nov  8 16:03:34 2023

* Version:        2023.2 (Build 4023990 on Oct 11 2023)
* Project:        prj
* Solution:       sol (Vivado IP Flow Target)
* Product family: zynq
* Target device:  xc7z020-clg400-1


================================================================
== Performance Estimates
================================================================
+ Timing: 
    * Summary: 
    +--------+---------+----------+------------+
    |  Clock |  Target | Estimated| Uncertainty|
    +--------+---------+----------+------------+
    |ap_clk  |  6.67 ns|  6.091 ns|     1.80 ns|
    +--------+---------+----------+------------+

+ Latency: 
    * Summary: 
    +---------+---------+-----------+----------+-----+--------+---------+
    |  Latency (cycles) |  Latency (absolute)  |   Interval   | Pipeline|
    |   min   |   max   |    min    |    max   | min |   max  |   Type  |
    +---------+---------+-----------+----------+-----+--------+---------+
    |        6|   137526|  40.002 ns|  0.917 ms|    6|  137526|       no|
    +---------+---------+-----------+----------+-----+--------+---------+

    + Detail: 
        * Instance: 
        +-----------------------------------------------------------------+------------------------------------------------------+---------+---------+-----------+-----------+-----+-----+---------+
        |                                                                 |                                                      |  Latency (cycles) |   Latency (absolute)  |  Interval | Pipeline|
        |                             Instance                            |                        Module                        |   min   |   max   |    min    |    max    | min | max |   Type  |
        +-----------------------------------------------------------------+------------------------------------------------------+---------+---------+-----------+-----------+-----+-----+---------+
        |grp_AXIvideo2MultiPixStream_Pipeline_loop_wait_for_start_fu_140  |AXIvideo2MultiPixStream_Pipeline_loop_wait_for_start  |        2|        2|  13.334 ns|  13.334 ns|    2|    2|       no|
        |grp_AXIvideo2MultiPixStream_Pipeline_loop_width_fu_160           |AXIvideo2MultiPixStream_Pipeline_loop_width           |        2|      182|  13.334 ns|   1.213 us|    2|  182|       no|
        |grp_AXIvideo2MultiPixStream_Pipeline_loop_wait_for_eol_fu_188    |AXIvideo2MultiPixStream_Pipeline_loop_wait_for_eol    |        2|        2|  13.334 ns|  13.334 ns|    2|    2|       no|
        |grp_reg_unsigned_short_s_fu_219                                  |reg_unsigned_short_s                                  |        1|        1|   6.667 ns|   6.667 ns|    1|    1|      yes|
        |grp_reg_unsigned_short_s_fu_240                                  |reg_unsigned_short_s                                  |        1|        1|   6.667 ns|   6.667 ns|    1|    1|      yes|
        +-----------------------------------------------------------------+------------------------------------------------------+---------+---------+-----------+-----------+-----+-----+---------+

        * Loop: 
        +---------------+---------+---------+----------+-----------+-----------+---------+----------+
        |               |  Latency (cycles) | Iteration|  Initiation Interval  |   Trip  |          |
        |   Loop Name   |   min   |   max   |  Latency |  achieved |   target  |  Count  | Pipelined|
        +---------------+---------+---------+----------+-----------+-----------+---------+----------+
        |- loop_height  |        0|   137520|  11 ~ 191|          -|          -|  0 ~ 720|        no|
        +---------------+---------+---------+----------+-----------+-----------+---------+----------+



================================================================
== Utilization Estimates
================================================================
* Summary: 
+-----------------+---------+-----+--------+-------+-----+
|       Name      | BRAM_18K| DSP |   FF   |  LUT  | URAM|
+-----------------+---------+-----+--------+-------+-----+
|DSP              |        -|    -|       -|      -|    -|
|Expression       |        -|    -|       0|     49|    -|
|FIFO             |        -|    -|       -|      -|    -|
|Instance         |        -|    -|     184|    270|    -|
|Memory           |        -|    -|       -|      -|    -|
|Multiplexer      |        -|    -|       -|    139|    -|
|Register         |        -|    -|     180|      -|    -|
+-----------------+---------+-----+--------+-------+-----+
|Total            |        0|    0|     364|    458|    0|
+-----------------+---------+-----+--------+-------+-----+
|Available        |      280|  220|  106400|  53200|    0|
+-----------------+---------+-----+--------+-------+-----+
|Utilization (%)  |        0|    0|      ~0|     ~0|    0|
+-----------------+---------+-----+--------+-------+-----+

+ Detail: 
    * Instance: 
    +-----------------------------------------------------------------+------------------------------------------------------+---------+----+-----+-----+-----+
    |                             Instance                            |                        Module                        | BRAM_18K| DSP|  FF | LUT | URAM|
    +-----------------------------------------------------------------+------------------------------------------------------+---------+----+-----+-----+-----+
    |grp_AXIvideo2MultiPixStream_Pipeline_loop_wait_for_eol_fu_188    |AXIvideo2MultiPixStream_Pipeline_loop_wait_for_eol    |        0|   0|    4|   52|    0|
    |grp_AXIvideo2MultiPixStream_Pipeline_loop_wait_for_start_fu_140  |AXIvideo2MultiPixStream_Pipeline_loop_wait_for_start  |        0|   0|    4|   38|    0|
    |grp_AXIvideo2MultiPixStream_Pipeline_loop_width_fu_160           |AXIvideo2MultiPixStream_Pipeline_loop_width           |        0|   0|  134|  152|    0|
    |grp_reg_unsigned_short_s_fu_219                                  |reg_unsigned_short_s                                  |        0|   0|   21|   14|    0|
    |grp_reg_unsigned_short_s_fu_240                                  |reg_unsigned_short_s                                  |        0|   0|   21|   14|    0|
    +-----------------------------------------------------------------+------------------------------------------------------+---------+----+-----+-----+-----+
    |Total                                                            |                                                      |        0|   0|  184|  270|    0|
    +-----------------------------------------------------------------+------------------------------------------------------+---------+----+-----+-----+-----+

    * DSP: 
    N/A

    * Memory: 
    N/A

    * FIFO: 
    N/A

    * Expression: 
    +------------------------+----------+----+---+----+------------+------------+
    |      Variable Name     | Operation| DSP| FF| LUT| Bitwidth P0| Bitwidth P1|
    +------------------------+----------+----+---+----+------------+------------+
    |i_5_fu_267_p2           |         +|   0|  0|  13|          10|           1|
    |and_ln216_fu_273_p2     |       and|   0|  0|   2|           1|           1|
    |cmp10253_fu_248_p2      |      icmp|   0|  0|  15|           8|           1|
    |icmp_ln188_fu_262_p2    |      icmp|   0|  0|  13|          10|          10|
    |ap_block_state1         |        or|   0|  0|   2|           1|           1|
    |select_ln216_fu_290_p3  |    select|   0|  0|   2|           1|           1|
    |xor_ln216_fu_253_p2     |       xor|   0|  0|   2|           1|           2|
    +------------------------+----------+----+---+----+------------+------------+
    |Total                   |          |   0|  0|  49|          32|          17|
    +------------------------+----------+----+---+----+------------+------------+

    * Multiplexer: 
    +----------------------------------+----+-----------+-----+-----------+
    |               Name               | LUT| Input Size| Bits| Total Bits|
    +----------------------------------+----+-----------+-----+-----------+
    |ap_NS_fsm                         |  65|         12|    1|         12|
    |ap_done                           |   9|          2|    1|          2|
    |axi_data_2_fu_82                  |   9|          2|  120|        240|
    |axi_last_2_reg_130                |   9|          2|    1|          2|
    |i_fu_86                           |   9|          2|   10|         20|
    |imgRgb_write                      |   9|          2|    1|          2|
    |s_axis_video_TREADY_int_regslice  |  20|          4|    1|          4|
    |sof_reg_118                       |   9|          2|    1|          2|
    +----------------------------------+----+-----------+-----+-----------+
    |Total                             | 139|         28|  136|        284|
    +----------------------------------+----+-----------+-----+-----------+

    * Register: 
    +------------------------------------------------------------------------------+-----+----+-----+-----------+
    |                                     Name                                     |  FF | LUT| Bits| Const Bits|
    +------------------------------------------------------------------------------+-----+----+-----+-----------+
    |and_ln216_reg_374                                                             |    1|   0|    1|          0|
    |ap_CS_fsm                                                                     |   11|   0|   11|          0|
    |ap_done_reg                                                                   |    1|   0|    1|          0|
    |axi_data_2_fu_82                                                              |  120|   0|  120|          0|
    |axi_last_2_reg_130                                                            |    1|   0|    1|          0|
    |axi_last_4_loc_fu_90                                                          |    1|   0|    1|          0|
    |cmp10253_reg_361                                                              |    1|   0|    1|          0|
    |grp_AXIvideo2MultiPixStream_Pipeline_loop_wait_for_eol_fu_188_ap_start_reg    |    1|   0|    1|          0|
    |grp_AXIvideo2MultiPixStream_Pipeline_loop_wait_for_start_fu_140_ap_start_reg  |    1|   0|    1|          0|
    |grp_AXIvideo2MultiPixStream_Pipeline_loop_width_fu_160_ap_start_reg           |    1|   0|    1|          0|
    |i_fu_86                                                                       |   10|   0|   10|          0|
    |rows_reg_353                                                                  |   10|   0|   10|          0|
    |select_ln216_reg_385                                                          |    1|   0|    1|          0|
    |sof_reg_118                                                                   |    1|   0|    1|          0|
    |trunc_ln166_1_reg_347                                                         |    8|   0|    8|          0|
    |trunc_ln170_reg_342                                                           |   10|   0|   10|          0|
    |xor_ln216_reg_366                                                             |    1|   0|    1|          0|
    +------------------------------------------------------------------------------+-----+----+-----+-----------+
    |Total                                                                         |  180|   0|  180|          0|
    +------------------------------------------------------------------------------+-----+----+-----+-----------+



================================================================
== Interface
================================================================
* Summary: 
+-----------------------+-----+-----+------------+-------------------------+--------------+
|       RTL Ports       | Dir | Bits|  Protocol  |      Source Object      |    C Type    |
+-----------------------+-----+-----+------------+-------------------------+--------------+
|ap_clk                 |   in|    1|  ap_ctrl_hs|  AXIvideo2MultiPixStream|  return value|
|ap_rst                 |   in|    1|  ap_ctrl_hs|  AXIvideo2MultiPixStream|  return value|
|ap_start               |   in|    1|  ap_ctrl_hs|  AXIvideo2MultiPixStream|  return value|
|ap_done                |  out|    1|  ap_ctrl_hs|  AXIvideo2MultiPixStream|  return value|
|ap_continue            |   in|    1|  ap_ctrl_hs|  AXIvideo2MultiPixStream|  return value|
|ap_idle                |  out|    1|  ap_ctrl_hs|  AXIvideo2MultiPixStream|  return value|
|ap_ready               |  out|    1|  ap_ctrl_hs|  AXIvideo2MultiPixStream|  return value|
|s_axis_video_TDATA     |   in|  120|        axis|    s_axis_video_V_data_V|       pointer|
|s_axis_video_TVALID    |   in|    1|        axis|    s_axis_video_V_dest_V|       pointer|
|s_axis_video_TREADY    |  out|    1|        axis|    s_axis_video_V_dest_V|       pointer|
|s_axis_video_TDEST     |   in|    1|        axis|    s_axis_video_V_dest_V|       pointer|
|s_axis_video_TKEEP     |   in|   15|        axis|    s_axis_video_V_keep_V|       pointer|
|s_axis_video_TSTRB     |   in|   15|        axis|    s_axis_video_V_strb_V|       pointer|
|s_axis_video_TUSER     |   in|    1|        axis|    s_axis_video_V_user_V|       pointer|
|s_axis_video_TLAST     |   in|    1|        axis|    s_axis_video_V_last_V|       pointer|
|s_axis_video_TID       |   in|    1|        axis|      s_axis_video_V_id_V|       pointer|
|imgRgb_din             |  out|  120|     ap_fifo|                   imgRgb|       pointer|
|imgRgb_num_data_valid  |   in|    5|     ap_fifo|                   imgRgb|       pointer|
|imgRgb_fifo_cap        |   in|    5|     ap_fifo|                   imgRgb|       pointer|
|imgRgb_full_n          |   in|    1|     ap_fifo|                   imgRgb|       pointer|
|imgRgb_write           |  out|    1|     ap_fifo|                   imgRgb|       pointer|
|height                 |   in|   16|     ap_none|                   height|       pointer|
|width                  |   in|   16|     ap_none|                    width|       pointer|
+-----------------------+-----+-----+------------+-------------------------+--------------+

============================================================
+ Verbose Summary: Synthesis Manager
============================================================
InlineROM: 1
ExposeGlobal: 0
============================================================
+ Verbose Summary: CDFG Model
============================================================
IsTopModel: 0
ResetActiveHigh: 1
IsCombinational: 2
IsDatapathOnly: 0
HasWiredReturn: 1
HasMFsm: 0
HasVarLatency: 1
IsPipeline: 0
IsRtlPipelined: 0
IsInstanceOverlapped: 0
IsDontTouch: 0
HasImplIP: 0
IsGatedGlobalClock: 0


============================================================
+ Verbose Summary: Schedule
============================================================
* Number of FSM states : 11
* Pipeline : 0
* Dataflow Pipeline: 0

* FSM state transitions: 
1 --> 2 
2 --> 3 
3 --> 4 
4 --> 5 
5 --> 6 
6 --> 7 
7 --> 8 
8 --> 9 
9 --> 10 
10 --> 11 
11 --> 5 

* FSM state operations: 

State 1 <SV = 0> <Delay = 1.58>
ST_1 : Operation 12 [1/1] (0.00ns)   --->   "%axi_data_2 = alloca i32 1" [D:/Project2023/SG-Extended/ZyboOrg/hw/hw.runs/system_v_gamma_lut_0_0_synth_1/prj/sol/.autopilot/db/v_gamma_lut.cpp:166]   --->   Operation 12 'alloca' 'axi_data_2' <Predicate = true> <Delay = 0.00>
ST_1 : Operation 13 [1/1] (0.00ns)   --->   "%i = alloca i32 1" [D:/Project2023/SG-Extended/ZyboOrg/hw/hw.runs/system_v_gamma_lut_0_0_synth_1/prj/sol/.autopilot/db/v_gamma_lut.cpp:188]   --->   Operation 13 'alloca' 'i' <Predicate = true> <Delay = 0.00>
ST_1 : Operation 14 [1/1] (0.00ns)   --->   "%axi_last_4_loc = alloca i64 1"   --->   Operation 14 'alloca' 'axi_last_4_loc' <Predicate = true> <Delay = 0.00>
ST_1 : Operation 15 [1/1] (0.00ns)   --->   "%axi_data_3_loc = alloca i64 1"   --->   Operation 15 'alloca' 'axi_data_3_loc' <Predicate = true> <Delay = 0.00>
ST_1 : Operation 16 [1/1] (0.00ns)   --->   "%eol_loc = alloca i64 1"   --->   Operation 16 'alloca' 'eol_loc' <Predicate = true> <Delay = 0.00>
ST_1 : Operation 17 [1/1] (0.00ns)   --->   "%axi_last_loc = alloca i64 1"   --->   Operation 17 'alloca' 'axi_last_loc' <Predicate = true> <Delay = 0.00>
ST_1 : Operation 18 [1/1] (0.00ns)   --->   "%height_read = read i16 @_ssdm_op_Read.ap_auto.i16P0A, i16 %height" [D:/Project2023/SG-Extended/ZyboOrg/hw/hw.runs/system_v_gamma_lut_0_0_synth_1/prj/sol/.autopilot/db/v_gamma_lut.cpp:170]   --->   Operation 18 'read' 'height_read' <Predicate = true> <Delay = 0.00>
ST_1 : Operation 19 [1/1] (0.00ns)   --->   "%trunc_ln170 = trunc i16 %height_read" [D:/Project2023/SG-Extended/ZyboOrg/hw/hw.runs/system_v_gamma_lut_0_0_synth_1/prj/sol/.autopilot/db/v_gamma_lut.cpp:170]   --->   Operation 19 'trunc' 'trunc_ln170' <Predicate = true> <Delay = 0.00>
ST_1 : Operation 20 [1/1] (0.00ns)   --->   "%width_read = read i16 @_ssdm_op_Read.ap_auto.i16P0A, i16 %width" [D:/Project2023/SG-Extended/ZyboOrg/hw/hw.runs/system_v_gamma_lut_0_0_synth_1/prj/sol/.autopilot/db/v_gamma_lut.cpp:171]   --->   Operation 20 'read' 'width_read' <Predicate = true> <Delay = 0.00>
ST_1 : Operation 21 [1/1] (0.00ns)   --->   "%trunc_ln171 = trunc i16 %width_read" [D:/Project2023/SG-Extended/ZyboOrg/hw/hw.runs/system_v_gamma_lut_0_0_synth_1/prj/sol/.autopilot/db/v_gamma_lut.cpp:171]   --->   Operation 21 'trunc' 'trunc_ln171' <Predicate = true> <Delay = 0.00>
ST_1 : Operation 22 [2/2] (0.00ns)   --->   "%cols = call i10 @reg<unsigned short>, i10 %trunc_ln171" [D:/Project2023/SG-Extended/ZyboOrg/hw/hw.runs/system_v_gamma_lut_0_0_synth_1/prj/sol/.autopilot/db/v_gamma_lut.cpp:171]   --->   Operation 22 'call' 'cols' <Predicate = true> <Delay = 0.00> <CoreType = "Generic">   --->   Core 0 '' <Latency = 0> <II = 1> <Delay = 1.00> <Generic> <Opcode : >
ST_1 : Operation 23 [1/1] (1.58ns)   --->   "%store_ln188 = store i10 0, i10 %i" [D:/Project2023/SG-Extended/ZyboOrg/hw/hw.runs/system_v_gamma_lut_0_0_synth_1/prj/sol/.autopilot/db/v_gamma_lut.cpp:188]   --->   Operation 23 'store' 'store_ln188' <Predicate = true> <Delay = 1.58>

State 2 <SV = 1> <Delay = 2.58>
ST_2 : Operation 24 [1/2] (0.00ns)   --->   "%cols = call i10 @reg<unsigned short>, i10 %trunc_ln171" [D:/Project2023/SG-Extended/ZyboOrg/hw/hw.runs/system_v_gamma_lut_0_0_synth_1/prj/sol/.autopilot/db/v_gamma_lut.cpp:171]   --->   Operation 24 'call' 'cols' <Predicate = true> <Delay = 0.00> <CoreType = "Generic">   --->   Core 0 '' <Latency = 0> <II = 1> <Delay = 1.00> <Generic> <Opcode : >
ST_2 : Operation 25 [1/1] (0.00ns)   --->   "%empty = wait i32 @_ssdm_op_Wait"   --->   Operation 25 'wait' 'empty' <Predicate = true> <Delay = 0.00>
ST_2 : Operation 26 [2/2] (2.58ns)   --->   "%call_ln0 = call void @AXIvideo2MultiPixStream_Pipeline_loop_wait_for_start, i120 %s_axis_video_V_data_V, i15 %s_axis_video_V_keep_V, i15 %s_axis_video_V_strb_V, i1 %s_axis_video_V_user_V, i1 %s_axis_video_V_last_V, i1 %s_axis_video_V_id_V, i1 %s_axis_video_V_dest_V, i120 %axi_data_2, i1 %axi_last_loc"   --->   Operation 26 'call' 'call_ln0' <Predicate = true> <Delay = 2.58> <CoreType = "Generic">   --->   Core 0 '' <Latency = 0> <II = 1> <Delay = 1.00> <Generic> <Opcode : >
ST_2 : Operation 27 [1/1] (0.00ns)   --->   "%trunc_ln166_1 = partselect i8 @_ssdm_op_PartSelect.i8.i10.i32.i32, i10 %cols, i32 2, i32 9" [D:/Project2023/SG-Extended/ZyboOrg/hw/hw.runs/system_v_gamma_lut_0_0_synth_1/prj/sol/.autopilot/db/v_gamma_lut.cpp:166]   --->   Operation 27 'partselect' 'trunc_ln166_1' <Predicate = true> <Delay = 0.00>

State 3 <SV = 2> <Delay = 1.58>
ST_3 : Operation 28 [2/2] (0.00ns)   --->   "%rows = call i10 @reg<unsigned short>, i10 %trunc_ln170" [D:/Project2023/SG-Extended/ZyboOrg/hw/hw.runs/system_v_gamma_lut_0_0_synth_1/prj/sol/.autopilot/db/v_gamma_lut.cpp:170]   --->   Operation 28 'call' 'rows' <Predicate = true> <Delay = 0.00> <CoreType = "Generic">   --->   Core 0 '' <Latency = 0> <II = 1> <Delay = 1.00> <Generic> <Opcode : >
ST_3 : Operation 29 [1/2] (1.58ns)   --->   "%call_ln0 = call void @AXIvideo2MultiPixStream_Pipeline_loop_wait_for_start, i120 %s_axis_video_V_data_V, i15 %s_axis_video_V_keep_V, i15 %s_axis_video_V_strb_V, i1 %s_axis_video_V_user_V, i1 %s_axis_video_V_last_V, i1 %s_axis_video_V_id_V, i1 %s_axis_video_V_dest_V, i120 %axi_data_2, i1 %axi_last_loc"   --->   Operation 29 'call' 'call_ln0' <Predicate = true> <Delay = 1.58> <CoreType = "Generic">   --->   Core 0 '' <Latency = 0> <II = 1> <Delay = 1.00> <Generic> <Opcode : >

State 4 <SV = 3> <Delay = 2.89>
ST_4 : Operation 30 [1/1] (0.00ns)   --->   "%specaxissidechannel_ln0 = specaxissidechannel void @_ssdm_op_SpecAXISSideChannel, i120 %s_axis_video_V_data_V, i15 %s_axis_video_V_keep_V, i15 %s_axis_video_V_strb_V, i1 %s_axis_video_V_user_V, i1 %s_axis_video_V_last_V, i1 %s_axis_video_V_id_V, i1 %s_axis_video_V_dest_V, void @empty_14"   --->   Operation 30 'specaxissidechannel' 'specaxissidechannel_ln0' <Predicate = true> <Delay = 0.00>
ST_4 : Operation 31 [1/1] (0.00ns)   --->   "%specstablecontent_ln0 = specstablecontent void @_ssdm_op_SpecStableContent, i16 %height, void "   --->   Operation 31 'specstablecontent' 'specstablecontent_ln0' <Predicate = true> <Delay = 0.00>
ST_4 : Operation 32 [1/1] (0.00ns)   --->   "%specstablecontent_ln0 = specstablecontent void @_ssdm_op_SpecStableContent, i16 %width, void "   --->   Operation 32 'specstablecontent' 'specstablecontent_ln0' <Predicate = true> <Delay = 0.00>
ST_4 : Operation 33 [1/1] (0.00ns)   --->   "%specinterface_ln0 = specinterface void @_ssdm_op_SpecInterface, i120 %imgRgb, void @empty_12, i32 0, i32 0, void @empty_0, i32 0, i32 0, void @empty_0, void @empty_0, void @empty_0, i32 0, i32 0, i32 0, i32 0, void @empty_0, void @empty_0, i32 4294967295, i32 0"   --->   Operation 33 'specinterface' 'specinterface_ln0' <Predicate = true> <Delay = 0.00>
ST_4 : Operation 34 [1/1] (0.00ns)   --->   "%specinterface_ln0 = specinterface void @_ssdm_op_SpecInterface, i1 %s_axis_video_V_dest_V, i1 %s_axis_video_V_id_V, i1 %s_axis_video_V_last_V, i1 %s_axis_video_V_user_V, i15 %s_axis_video_V_strb_V, i15 %s_axis_video_V_keep_V, i120 %s_axis_video_V_data_V, void @empty_10, i32 1, i32 1, void @empty_11, i32 0, i32 0, void @empty_0, void @empty_0, void @empty_0, i32 0, i32 0, i32 0, i32 0, void @empty_0, void @empty_0, i32 4294967295, i32 0"   --->   Operation 34 'specinterface' 'specinterface_ln0' <Predicate = true> <Delay = 0.00>
ST_4 : Operation 35 [1/2] (0.00ns)   --->   "%rows = call i10 @reg<unsigned short>, i10 %trunc_ln170" [D:/Project2023/SG-Extended/ZyboOrg/hw/hw.runs/system_v_gamma_lut_0_0_synth_1/prj/sol/.autopilot/db/v_gamma_lut.cpp:170]   --->   Operation 35 'call' 'rows' <Predicate = true> <Delay = 0.00> <CoreType = "Generic">   --->   Core 0 '' <Latency = 0> <II = 1> <Delay = 1.00> <Generic> <Opcode : >
ST_4 : Operation 36 [1/1] (0.00ns)   --->   "%axi_last_loc_load = load i1 %axi_last_loc"   --->   Operation 36 'load' 'axi_last_loc_load' <Predicate = true> <Delay = 0.00>
ST_4 : Operation 37 [1/1] (0.00ns)   --->   "%empty_92 = wait i32 @_ssdm_op_Wait"   --->   Operation 37 'wait' 'empty_92' <Predicate = true> <Delay = 0.00>
ST_4 : Operation 38 [1/1] (1.91ns)   --->   "%cmp10253 = icmp_ne  i8 %trunc_ln166_1, i8 0" [D:/Project2023/SG-Extended/ZyboOrg/hw/hw.runs/system_v_gamma_lut_0_0_synth_1/prj/sol/.autopilot/db/v_gamma_lut.cpp:166]   --->   Operation 38 'icmp' 'cmp10253' <Predicate = true> <Delay = 1.91> <CoreInst = "Cmp">   --->   Core 9 'Cmp' <Latency = 0> <II = 1> <Delay = 1.91> <FuncUnit> <Opcode : 'icmp'> <InPorts = 2> <OutPorts = 1>
ST_4 : Operation 39 [1/1] (0.97ns)   --->   "%xor_ln216 = xor i1 %cmp10253, i1 1" [D:/Project2023/SG-Extended/ZyboOrg/hw/hw.runs/system_v_gamma_lut_0_0_synth_1/prj/sol/.autopilot/db/v_gamma_lut.cpp:216]   --->   Operation 39 'xor' 'xor_ln216' <Predicate = true> <Delay = 0.97> <CoreInst = "LogicGate">   --->   Core 74 'LogicGate' <Latency = 0> <II = 1> <Delay = 0.97> <FuncUnit> <Opcode : 'and' 'or' 'xor'> <InPorts = 2> <OutPorts = 1>
ST_4 : Operation 40 [1/1] (1.58ns)   --->   "%br_ln188 = br void %loop_width" [D:/Project2023/SG-Extended/ZyboOrg/hw/hw.runs/system_v_gamma_lut_0_0_synth_1/prj/sol/.autopilot/db/v_gamma_lut.cpp:188]   --->   Operation 40 'br' 'br_ln188' <Predicate = true> <Delay = 1.58>

State 5 <SV = 4> <Delay = 3.31>
ST_5 : Operation 41 [1/1] (0.00ns)   --->   "%sof = phi i1 1, void %entry, i1 %and_ln216, void %loop_width.split" [D:/Project2023/SG-Extended/ZyboOrg/hw/hw.runs/system_v_gamma_lut_0_0_synth_1/prj/sol/.autopilot/db/v_gamma_lut.cpp:216]   --->   Operation 41 'phi' 'sof' <Predicate = true> <Delay = 0.00>
ST_5 : Operation 42 [1/1] (0.00ns)   --->   "%axi_last_2 = phi i1 %axi_last_loc_load, void %entry, i1 %axi_last_4_loc_load, void %loop_width.split"   --->   Operation 42 'phi' 'axi_last_2' <Predicate = true> <Delay = 0.00>
ST_5 : Operation 43 [1/1] (0.00ns)   --->   "%i_4 = load i10 %i" [D:/Project2023/SG-Extended/ZyboOrg/hw/hw.runs/system_v_gamma_lut_0_0_synth_1/prj/sol/.autopilot/db/v_gamma_lut.cpp:188]   --->   Operation 43 'load' 'i_4' <Predicate = true> <Delay = 0.00>
ST_5 : Operation 44 [1/1] (1.73ns)   --->   "%icmp_ln188 = icmp_eq  i10 %i_4, i10 %rows" [D:/Project2023/SG-Extended/ZyboOrg/hw/hw.runs/system_v_gamma_lut_0_0_synth_1/prj/sol/.autopilot/db/v_gamma_lut.cpp:188]   --->   Operation 44 'icmp' 'icmp_ln188' <Predicate = true> <Delay = 1.73> <CoreInst = "Cmp">   --->   Core 9 'Cmp' <Latency = 0> <II = 1> <Delay = 1.73> <FuncUnit> <Opcode : 'icmp'> <InPorts = 2> <OutPorts = 1>
ST_5 : Operation 45 [1/1] (0.00ns)   --->   "%speclooptripcount_ln0 = speclooptripcount void @_ssdm_op_SpecLoopTripCount, i64 0, i64 720, i64 0"   --->   Operation 45 'speclooptripcount' 'speclooptripcount_ln0' <Predicate = true> <Delay = 0.00>
ST_5 : Operation 46 [1/1] (1.73ns)   --->   "%i_5 = add i10 %i_4, i10 1" [D:/Project2023/SG-Extended/ZyboOrg/hw/hw.runs/system_v_gamma_lut_0_0_synth_1/prj/sol/.autopilot/db/v_gamma_lut.cpp:188]   --->   Operation 46 'add' 'i_5' <Predicate = true> <Delay = 1.73> <CoreInst = "Adder">   --->   Core 1 'Adder' <Latency = 0> <II = 1> <Delay = 1.73> <FuncUnit> <Opcode : 'add' 'sub'> <InPorts = 2> <OutPorts = 1>
ST_5 : Operation 47 [1/1] (0.00ns)   --->   "%br_ln188 = br i1 %icmp_ln188, void %loop_width.split, void %for.end49.loopexit" [D:/Project2023/SG-Extended/ZyboOrg/hw/hw.runs/system_v_gamma_lut_0_0_synth_1/prj/sol/.autopilot/db/v_gamma_lut.cpp:188]   --->   Operation 47 'br' 'br_ln188' <Predicate = true> <Delay = 0.00>
ST_5 : Operation 48 [1/1] (0.00ns)   --->   "%empty_93 = wait i32 @_ssdm_op_Wait"   --->   Operation 48 'wait' 'empty_93' <Predicate = (!icmp_ln188)> <Delay = 0.00>
ST_5 : Operation 49 [1/1] (0.97ns)   --->   "%and_ln216 = and i1 %sof, i1 %xor_ln216" [D:/Project2023/SG-Extended/ZyboOrg/hw/hw.runs/system_v_gamma_lut_0_0_synth_1/prj/sol/.autopilot/db/v_gamma_lut.cpp:216]   --->   Operation 49 'and' 'and_ln216' <Predicate = (!icmp_ln188)> <Delay = 0.97> <CoreInst = "LogicGate">   --->   Core 74 'LogicGate' <Latency = 0> <II = 1> <Delay = 0.97> <FuncUnit> <Opcode : 'and' 'or' 'xor'> <InPorts = 2> <OutPorts = 1>
ST_5 : Operation 50 [1/1] (1.58ns)   --->   "%store_ln188 = store i10 %i_5, i10 %i" [D:/Project2023/SG-Extended/ZyboOrg/hw/hw.runs/system_v_gamma_lut_0_0_synth_1/prj/sol/.autopilot/db/v_gamma_lut.cpp:188]   --->   Operation 50 'store' 'store_ln188' <Predicate = (!icmp_ln188)> <Delay = 1.58>
ST_5 : Operation 51 [1/1] (0.00ns)   --->   "%ret_ln0 = ret"   --->   Operation 51 'ret' 'ret_ln0' <Predicate = (icmp_ln188)> <Delay = 0.00>

State 6 <SV = 5> <Delay = 5.15>
ST_6 : Operation 52 [1/1] (0.00ns)   --->   "%axi_data_2_load = load i120 %axi_data_2"   --->   Operation 52 'load' 'axi_data_2_load' <Predicate = true> <Delay = 0.00>
ST_6 : Operation 53 [2/2] (5.15ns)   --->   "%call_ln216 = call void @AXIvideo2MultiPixStream_Pipeline_loop_width, i1 %sof, i1 %axi_last_2, i120 %axi_data_2_load, i8 %trunc_ln166_1, i120 %imgRgb, i120 %s_axis_video_V_data_V, i15 %s_axis_video_V_keep_V, i15 %s_axis_video_V_strb_V, i1 %s_axis_video_V_user_V, i1 %s_axis_video_V_last_V, i1 %s_axis_video_V_id_V, i1 %s_axis_video_V_dest_V, i1 %eol_loc, i120 %axi_data_3_loc" [D:/Project2023/SG-Extended/ZyboOrg/hw/hw.runs/system_v_gamma_lut_0_0_synth_1/prj/sol/.autopilot/db/v_gamma_lut.cpp:216]   --->   Operation 53 'call' 'call_ln216' <Predicate = true> <Delay = 5.15> <CoreType = "Generic">   --->   Core 0 '' <Latency = 0> <II = 1> <Delay = 1.00> <Generic> <Opcode : >

State 7 <SV = 6> <Delay = 3.50>
ST_7 : Operation 54 [1/2] (3.50ns)   --->   "%call_ln216 = call void @AXIvideo2MultiPixStream_Pipeline_loop_width, i1 %sof, i1 %axi_last_2, i120 %axi_data_2_load, i8 %trunc_ln166_1, i120 %imgRgb, i120 %s_axis_video_V_data_V, i15 %s_axis_video_V_keep_V, i15 %s_axis_video_V_strb_V, i1 %s_axis_video_V_user_V, i1 %s_axis_video_V_last_V, i1 %s_axis_video_V_id_V, i1 %s_axis_video_V_dest_V, i1 %eol_loc, i120 %axi_data_3_loc" [D:/Project2023/SG-Extended/ZyboOrg/hw/hw.runs/system_v_gamma_lut_0_0_synth_1/prj/sol/.autopilot/db/v_gamma_lut.cpp:216]   --->   Operation 54 'call' 'call_ln216' <Predicate = true> <Delay = 3.50> <CoreType = "Generic">   --->   Core 0 '' <Latency = 0> <II = 1> <Delay = 1.00> <Generic> <Opcode : >

State 8 <SV = 7> <Delay = 0.99>
ST_8 : Operation 55 [1/1] (0.00ns)   --->   "%eol_loc_load = load i1 %eol_loc"   --->   Operation 55 'load' 'eol_loc_load' <Predicate = true> <Delay = 0.00>
ST_8 : Operation 56 [1/1] (0.00ns)   --->   "%empty_94 = wait i32 @_ssdm_op_Wait"   --->   Operation 56 'wait' 'empty_94' <Predicate = true> <Delay = 0.00>
ST_8 : Operation 57 [1/1] (0.99ns)   --->   "%select_ln216 = select i1 %cmp10253, i1 %eol_loc_load, i1 %axi_last_2" [D:/Project2023/SG-Extended/ZyboOrg/hw/hw.runs/system_v_gamma_lut_0_0_synth_1/prj/sol/.autopilot/db/v_gamma_lut.cpp:216]   --->   Operation 57 'select' 'select_ln216' <Predicate = true> <Delay = 0.99> <CoreInst = "Sel">   --->   Core 73 'Sel' <Latency = 0> <II = 1> <Delay = 0.99> <FuncUnit> <Opcode : 'select'> <InPorts = 3> <OutPorts = 1>

State 9 <SV = 8> <Delay = 4.17>
ST_9 : Operation 58 [1/1] (0.00ns)   --->   "%axi_data_3_loc_load = load i120 %axi_data_3_loc"   --->   Operation 58 'load' 'axi_data_3_loc_load' <Predicate = true> <Delay = 0.00>
ST_9 : Operation 59 [1/1] (0.00ns)   --->   "%empty_95 = wait i32 @_ssdm_op_Wait"   --->   Operation 59 'wait' 'empty_95' <Predicate = true> <Delay = 0.00>
ST_9 : Operation 60 [2/2] (4.17ns)   --->   "%call_ln216 = call void @AXIvideo2MultiPixStream_Pipeline_loop_wait_for_eol, i120 %axi_data_3_loc_load, i1 %select_ln216, i1 %eol_loc_load, i120 %s_axis_video_V_data_V, i15 %s_axis_video_V_keep_V, i15 %s_axis_video_V_strb_V, i1 %s_axis_video_V_user_V, i1 %s_axis_video_V_last_V, i1 %s_axis_video_V_id_V, i1 %s_axis_video_V_dest_V, i120 %axi_data_2, i1 %axi_last_4_loc" [D:/Project2023/SG-Extended/ZyboOrg/hw/hw.runs/system_v_gamma_lut_0_0_synth_1/prj/sol/.autopilot/db/v_gamma_lut.cpp:216]   --->   Operation 60 'call' 'call_ln216' <Predicate = true> <Delay = 4.17> <CoreType = "Generic">   --->   Core 0 '' <Latency = 0> <II = 1> <Delay = 1.00> <Generic> <Opcode : >

State 10 <SV = 9> <Delay = 1.58>
ST_10 : Operation 61 [1/2] (1.58ns)   --->   "%call_ln216 = call void @AXIvideo2MultiPixStream_Pipeline_loop_wait_for_eol, i120 %axi_data_3_loc_load, i1 %select_ln216, i1 %eol_loc_load, i120 %s_axis_video_V_data_V, i15 %s_axis_video_V_keep_V, i15 %s_axis_video_V_strb_V, i1 %s_axis_video_V_user_V, i1 %s_axis_video_V_last_V, i1 %s_axis_video_V_id_V, i1 %s_axis_video_V_dest_V, i120 %axi_data_2, i1 %axi_last_4_loc" [D:/Project2023/SG-Extended/ZyboOrg/hw/hw.runs/system_v_gamma_lut_0_0_synth_1/prj/sol/.autopilot/db/v_gamma_lut.cpp:216]   --->   Operation 61 'call' 'call_ln216' <Predicate = true> <Delay = 1.58> <CoreType = "Generic">   --->   Core 0 '' <Latency = 0> <II = 1> <Delay = 1.00> <Generic> <Opcode : >

State 11 <SV = 10> <Delay = 0.00>
ST_11 : Operation 62 [1/1] (0.00ns)   --->   "%specloopname_ln188 = specloopname void @_ssdm_op_SpecLoopName, void @empty_17" [D:/Project2023/SG-Extended/ZyboOrg/hw/hw.runs/system_v_gamma_lut_0_0_synth_1/prj/sol/.autopilot/db/v_gamma_lut.cpp:188]   --->   Operation 62 'specloopname' 'specloopname_ln188' <Predicate = true> <Delay = 0.00>
ST_11 : Operation 63 [1/1] (0.00ns)   --->   "%axi_last_4_loc_load = load i1 %axi_last_4_loc"   --->   Operation 63 'load' 'axi_last_4_loc_load' <Predicate = true> <Delay = 0.00>
ST_11 : Operation 64 [1/1] (0.00ns)   --->   "%br_ln188 = br void %loop_width" [D:/Project2023/SG-Extended/ZyboOrg/hw/hw.runs/system_v_gamma_lut_0_0_synth_1/prj/sol/.autopilot/db/v_gamma_lut.cpp:188]   --->   Operation 64 'br' 'br_ln188' <Predicate = true> <Delay = 0.00>


============================================================
+ Verbose Summary: Binding
============================================================
STG Binding: 
---------------- STG Properties BEGIN ----------------
- Is combinational: 0
- Is one-state seq: 0
- Is datapath-only: 0
- Is pipelined: 0
- Is top level: 0
Port [ Return ] is wired: 1; IO mode=ap_ctrl_hs:ce=0
Port [ s_axis_video_V_data_V]:  wired=1; compound=1; hidden=0; nouse=0; global=0; static=0; extern=0; dir=0; type=0; pingpong=0; private_global=0; IO mode=axis:ce=0
Port [ s_axis_video_V_keep_V]:  wired=1; compound=1; hidden=0; nouse=0; global=0; static=0; extern=0; dir=0; type=0; pingpong=0; private_global=0; IO mode=axis:ce=0
Port [ s_axis_video_V_strb_V]:  wired=1; compound=1; hidden=0; nouse=0; global=0; static=0; extern=0; dir=0; type=0; pingpong=0; private_global=0; IO mode=axis:ce=0
Port [ s_axis_video_V_user_V]:  wired=1; compound=1; hidden=0; nouse=0; global=0; static=0; extern=0; dir=0; type=0; pingpong=0; private_global=0; IO mode=axis:ce=0
Port [ s_axis_video_V_last_V]:  wired=1; compound=1; hidden=0; nouse=0; global=0; static=0; extern=0; dir=0; type=0; pingpong=0; private_global=0; IO mode=axis:ce=0
Port [ s_axis_video_V_id_V]:  wired=1; compound=1; hidden=0; nouse=0; global=0; static=0; extern=0; dir=0; type=0; pingpong=0; private_global=0; IO mode=axis:ce=0
Port [ s_axis_video_V_dest_V]:  wired=1; compound=1; hidden=0; nouse=0; global=0; static=0; extern=0; dir=0; type=0; pingpong=0; private_global=0; IO mode=axis:ce=0
Port [ imgRgb]:  wired=1; compound=1; hidden=0; nouse=0; global=0; static=0; extern=0; dir=1; type=3; pingpong=0; private_global=0; IO mode=ap_fifo:ce=0
Port [ height]:  wired=1; compound=0; hidden=0; nouse=0; global=0; static=0; extern=0; dir=0; type=0; pingpong=0; private_global=0; IO mode=ap_none:ce=0
Port [ width]:  wired=1; compound=0; hidden=0; nouse=0; global=0; static=0; extern=0; dir=0; type=0; pingpong=0; private_global=0; IO mode=ap_none:ce=0
---------------- STG Properties END ------------------

---------------- Datapath Model BEGIN ----------------

<LifeTime>
<method=bitvector/>
axi_data_2              (alloca             ) [ 001111111111]
i                       (alloca             ) [ 011111111111]
axi_last_4_loc          (alloca             ) [ 001111111111]
axi_data_3_loc          (alloca             ) [ 001111111111]
eol_loc                 (alloca             ) [ 001111111111]
axi_last_loc            (alloca             ) [ 001110000000]
height_read             (read               ) [ 000000000000]
trunc_ln170             (trunc              ) [ 001100000000]
width_read              (read               ) [ 000000000000]
trunc_ln171             (trunc              ) [ 000000000000]
store_ln188             (store              ) [ 000000000000]
cols                    (call               ) [ 000000000000]
empty                   (wait               ) [ 000000000000]
trunc_ln166_1           (partselect         ) [ 000111111111]
call_ln0                (call               ) [ 000000000000]
specaxissidechannel_ln0 (specaxissidechannel) [ 000000000000]
specstablecontent_ln0   (specstablecontent  ) [ 000000000000]
specstablecontent_ln0   (specstablecontent  ) [ 000000000000]
specinterface_ln0       (specinterface      ) [ 000000000000]
specinterface_ln0       (specinterface      ) [ 000000000000]
rows                    (call               ) [ 000001111111]
axi_last_loc_load       (load               ) [ 000011111111]
empty_92                (wait               ) [ 000000000000]
cmp10253                (icmp               ) [ 000001111111]
xor_ln216               (xor                ) [ 000001111111]
br_ln188                (br                 ) [ 000011111111]
sof                     (phi                ) [ 000001110000]
axi_last_2              (phi                ) [ 000001111000]
i_4                     (load               ) [ 000000000000]
icmp_ln188              (icmp               ) [ 000001111111]
speclooptripcount_ln0   (speclooptripcount  ) [ 000000000000]
i_5                     (add                ) [ 000000000000]
br_ln188                (br                 ) [ 000000000000]
empty_93                (wait               ) [ 000000000000]
and_ln216               (and                ) [ 000011111111]
store_ln188             (store              ) [ 000000000000]
ret_ln0                 (ret                ) [ 000000000000]
axi_data_2_load         (load               ) [ 000000010000]
call_ln216              (call               ) [ 000000000000]
eol_loc_load            (load               ) [ 000000000110]
empty_94                (wait               ) [ 000000000000]
select_ln216            (select             ) [ 000000000110]
axi_data_3_loc_load     (load               ) [ 000000000010]
empty_95                (wait               ) [ 000000000000]
call_ln216              (call               ) [ 000000000000]
specloopname_ln188      (specloopname       ) [ 000000000000]
axi_last_4_loc_load     (load               ) [ 000011111111]
br_ln188                (br                 ) [ 000011111111]
</LifeTime>

<model>

<comp_list>
<comp id="0" class="1000" name="s_axis_video_V_data_V">
<pin_list>
<pin id="1" dir="1" index="0" bw="1" slack="0"/>
</pin_list>
<bind>
<StgValue><ssdm name="s_axis_video_V_data_V"/></StgValue>
</bind>
</comp>

<comp id="2" class="1000" name="s_axis_video_V_keep_V">
<pin_list>
<pin id="3" dir="1" index="0" bw="1" slack="0"/>
</pin_list>
<bind>
<StgValue><ssdm name="s_axis_video_V_keep_V"/></StgValue>
</bind>
</comp>

<comp id="4" class="1000" name="s_axis_video_V_strb_V">
<pin_list>
<pin id="5" dir="1" index="0" bw="1" slack="0"/>
</pin_list>
<bind>
<StgValue><ssdm name="s_axis_video_V_strb_V"/></StgValue>
</bind>
</comp>

<comp id="6" class="1000" name="s_axis_video_V_user_V">
<pin_list>
<pin id="7" dir="1" index="0" bw="1" slack="0"/>
</pin_list>
<bind>
<StgValue><ssdm name="s_axis_video_V_user_V"/></StgValue>
</bind>
</comp>

<comp id="8" class="1000" name="s_axis_video_V_last_V">
<pin_list>
<pin id="9" dir="1" index="0" bw="1" slack="0"/>
</pin_list>
<bind>
<StgValue><ssdm name="s_axis_video_V_last_V"/></StgValue>
</bind>
</comp>

<comp id="10" class="1000" name="s_axis_video_V_id_V">
<pin_list>
<pin id="11" dir="1" index="0" bw="1" slack="0"/>
</pin_list>
<bind>
<StgValue><ssdm name="s_axis_video_V_id_V"/></StgValue>
</bind>
</comp>

<comp id="12" class="1000" name="s_axis_video_V_dest_V">
<pin_list>
<pin id="13" dir="1" index="0" bw="1" slack="0"/>
</pin_list>
<bind>
<StgValue><ssdm name="s_axis_video_V_dest_V"/></StgValue>
</bind>
</comp>

<comp id="14" class="1000" name="imgRgb">
<pin_list>
<pin id="15" dir="1" index="0" bw="1" slack="0"/>
</pin_list>
<bind>
<StgValue><ssdm name="imgRgb"/></StgValue>
</bind>
</comp>

<comp id="16" class="1000" name="height">
<pin_list>
<pin id="17" dir="1" index="0" bw="1" slack="0"/>
</pin_list>
<bind>
<StgValue><ssdm name="height"/></StgValue>
</bind>
</comp>

<comp id="18" class="1000" name="width">
<pin_list>
<pin id="19" dir="1" index="0" bw="1" slack="0"/>
</pin_list>
<bind>
<StgValue><ssdm name="width"/></StgValue>
</bind>
</comp>

<comp id="20" class="1001" name="const_20">
<pin_list>
<pin id="21" dir="1" index="0" bw="1" slack="0"/>
</pin_list>
<bind>
<StgValue><ssdm name=""/></StgValue>
</bind>
</comp>

<comp id="22" class="1001" name="const_22">
<pin_list>
<pin id="23" dir="1" index="0" bw="1" slack="0"/>
</pin_list>
<bind>
<StgValue><ssdm name=""/></StgValue>
</bind>
</comp>

<comp id="24" class="1001" name="const_24">
<pin_list>
<pin id="25" dir="1" index="0" bw="1" slack="0"/>
</pin_list>
<bind>
<StgValue><ssdm name="_ssdm_op_Read.ap_auto.i16P0A"/></StgValue>
</bind>
</comp>

<comp id="26" class="1001" name="const_26">
<pin_list>
<pin id="27" dir="1" index="0" bw="1" slack="0"/>
</pin_list>
<bind>
<StgValue><ssdm name="reg<unsigned short>"/></StgValue>
</bind>
</comp>

<comp id="28" class="1001" name="const_28">
<pin_list>
<pin id="29" dir="1" index="0" bw="1" slack="0"/>
</pin_list>
<bind>
<StgValue><ssdm name=""/></StgValue>
</bind>
</comp>

<comp id="30" class="1001" name="const_30">
<pin_list>
<pin id="31" dir="1" index="0" bw="1" slack="2147483647"/>
</pin_list>
<bind>
<StgValue><ssdm name="_ssdm_op_Wait"/></StgValue>
</bind>
</comp>

<comp id="32" class="1001" name="const_32">
<pin_list>
<pin id="33" dir="1" index="0" bw="1" slack="0"/>
</pin_list>
<bind>
<StgValue><ssdm name="AXIvideo2MultiPixStream_Pipeline_loop_wait_for_start"/></StgValue>
</bind>
</comp>

<comp id="34" class="1001" name="const_34">
<pin_list>
<pin id="35" dir="1" index="0" bw="1" slack="0"/>
</pin_list>
<bind>
<StgValue><ssdm name="_ssdm_op_PartSelect.i8.i10.i32.i32"/></StgValue>
</bind>
</comp>

<comp id="36" class="1001" name="const_36">
<pin_list>
<pin id="37" dir="1" index="0" bw="1" slack="0"/>
</pin_list>
<bind>
<StgValue><ssdm name=""/></StgValue>
</bind>
</comp>

<comp id="38" class="1001" name="const_38">
<pin_list>
<pin id="39" dir="1" index="0" bw="1" slack="0"/>
</pin_list>
<bind>
<StgValue><ssdm name=""/></StgValue>
</bind>
</comp>

<comp id="40" class="1001" name="const_40">
<pin_list>
<pin id="41" dir="1" index="0" bw="1" slack="2147483647"/>
</pin_list>
<bind>
<StgValue><ssdm name="_ssdm_op_SpecAXISSideChannel"/></StgValue>
</bind>
</comp>

<comp id="42" class="1001" name="const_42">
<pin_list>
<pin id="43" dir="1" index="0" bw="1" slack="2147483647"/>
</pin_list>
<bind>
<StgValue><ssdm name="empty_14"/></StgValue>
</bind>
</comp>

<comp id="44" class="1001" name="const_44">
<pin_list>
<pin id="45" dir="1" index="0" bw="1" slack="2147483647"/>
</pin_list>
<bind>
<StgValue><ssdm name="_ssdm_op_SpecStableContent"/></StgValue>
</bind>
</comp>

<comp id="46" class="1001" name="const_46">
<pin_list>
<pin id="47" dir="1" index="0" bw="1" slack="2147483647"/>
</pin_list>
<bind>
<StgValue><ssdm name=""/></StgValue>
</bind>
</comp>

<comp id="48" class="1001" name="const_48">
<pin_list>
<pin id="49" dir="1" index="0" bw="1" slack="2147483647"/>
</pin_list>
<bind>
<StgValue><ssdm name="_ssdm_op_SpecInterface"/></StgValue>
</bind>
</comp>

<comp id="50" class="1001" name="const_50">
<pin_list>
<pin id="51" dir="1" index="0" bw="1" slack="2147483647"/>
</pin_list>
<bind>
<StgValue><ssdm name="empty_12"/></StgValue>
</bind>
</comp>

<comp id="52" class="1001" name="const_52">
<pin_list>
<pin id="53" dir="1" index="0" bw="1" slack="2147483647"/>
</pin_list>
<bind>
<StgValue><ssdm name=""/></StgValue>
</bind>
</comp>

<comp id="54" class="1001" name="const_54">
<pin_list>
<pin id="55" dir="1" index="0" bw="1" slack="2147483647"/>
</pin_list>
<bind>
<StgValue><ssdm name="empty_0"/></StgValue>
</bind>
</comp>

<comp id="56" class="1001" name="const_56">
<pin_list>
<pin id="57" dir="1" index="0" bw="1" slack="2147483647"/>
</pin_list>
<bind>
<StgValue><ssdm name=""/></StgValue>
</bind>
</comp>

<comp id="58" class="1001" name="const_58">
<pin_list>
<pin id="59" dir="1" index="0" bw="1" slack="2147483647"/>
</pin_list>
<bind>
<StgValue><ssdm name="empty_10"/></StgValue>
</bind>
</comp>

<comp id="60" class="1001" name="const_60">
<pin_list>
<pin id="61" dir="1" index="0" bw="1" slack="2147483647"/>
</pin_list>
<bind>
<StgValue><ssdm name="empty_11"/></StgValue>
</bind>
</comp>

<comp id="62" class="1001" name="const_62">
<pin_list>
<pin id="63" dir="1" index="0" bw="1" slack="0"/>
</pin_list>
<bind>
<StgValue><ssdm name=""/></StgValue>
</bind>
</comp>

<comp id="64" class="1001" name="const_64">
<pin_list>
<pin id="65" dir="1" index="0" bw="1" slack="0"/>
</pin_list>
<bind>
<StgValue><ssdm name=""/></StgValue>
</bind>
</comp>

<comp id="66" class="1001" name="const_66">
<pin_list>
<pin id="67" dir="1" index="0" bw="1" slack="2147483647"/>
</pin_list>
<bind>
<StgValue><ssdm name="_ssdm_op_SpecLoopTripCount"/></StgValue>
</bind>
</comp>

<comp id="68" class="1001" name="const_68">
<pin_list>
<pin id="69" dir="1" index="0" bw="1" slack="2147483647"/>
</pin_list>
<bind>
<StgValue><ssdm name=""/></StgValue>
</bind>
</comp>

<comp id="70" class="1001" name="const_70">
<pin_list>
<pin id="71" dir="1" index="0" bw="1" slack="2147483647"/>
</pin_list>
<bind>
<StgValue><ssdm name=""/></StgValue>
</bind>
</comp>

<comp id="72" class="1001" name="const_72">
<pin_list>
<pin id="73" dir="1" index="0" bw="1" slack="0"/>
</pin_list>
<bind>
<StgValue><ssdm name=""/></StgValue>
</bind>
</comp>

<comp id="74" class="1001" name="const_74">
<pin_list>
<pin id="75" dir="1" index="0" bw="1" slack="0"/>
</pin_list>
<bind>
<StgValue><ssdm name="AXIvideo2MultiPixStream_Pipeline_loop_width"/></StgValue>
</bind>
</comp>

<comp id="76" class="1001" name="const_76">
<pin_list>
<pin id="77" dir="1" index="0" bw="1" slack="0"/>
</pin_list>
<bind>
<StgValue><ssdm name="AXIvideo2MultiPixStream_Pipeline_loop_wait_for_eol"/></StgValue>
</bind>
</comp>

<comp id="78" class="1001" name="const_78">
<pin_list>
<pin id="79" dir="1" index="0" bw="1" slack="2147483647"/>
</pin_list>
<bind>
<StgValue><ssdm name="_ssdm_op_SpecLoopName"/></StgValue>
</bind>
</comp>

<comp id="80" class="1001" name="const_80">
<pin_list>
<pin id="81" dir="1" index="0" bw="1" slack="2147483647"/>
</pin_list>
<bind>
<StgValue><ssdm name="empty_17"/></StgValue>
</bind>
</comp>

<comp id="82" class="1004" name="axi_data_2_fu_82">
<pin_list>
<pin id="83" dir="0" index="0" bw="1" slack="0"/>
<pin id="84" dir="1" index="1" bw="120" slack="1"/>
</pin_list>
<bind>
<opcode="alloca(26) " fcode="alloca"/>
<opset="axi_data_2/1 "/>
</bind>
</comp>

<comp id="86" class="1004" name="i_fu_86">
<pin_list>
<pin id="87" dir="0" index="0" bw="1" slack="0"/>
<pin id="88" dir="1" index="1" bw="10" slack="0"/>
</pin_list>
<bind>
<opcode="alloca(26) " fcode="alloca"/>
<opset="i/1 "/>
</bind>
</comp>

<comp id="90" class="1004" name="axi_last_4_loc_fu_90">
<pin_list>
<pin id="91" dir="0" index="0" bw="1" slack="0"/>
<pin id="92" dir="1" index="1" bw="1" slack="8"/>
</pin_list>
<bind>
<opcode="alloca(26) " fcode="alloca"/>
<opset="axi_last_4_loc/1 "/>
</bind>
</comp>

<comp id="94" class="1004" name="axi_data_3_loc_fu_94">
<pin_list>
<pin id="95" dir="0" index="0" bw="1" slack="0"/>
<pin id="96" dir="1" index="1" bw="120" slack="5"/>
</pin_list>
<bind>
<opcode="alloca(26) " fcode="alloca"/>
<opset="axi_data_3_loc/1 "/>
</bind>
</comp>

<comp id="98" class="1004" name="eol_loc_fu_98">
<pin_list>
<pin id="99" dir="0" index="0" bw="1" slack="0"/>
<pin id="100" dir="1" index="1" bw="1" slack="5"/>
</pin_list>
<bind>
<opcode="alloca(26) " fcode="alloca"/>
<opset="eol_loc/1 "/>
</bind>
</comp>

<comp id="102" class="1004" name="axi_last_loc_fu_102">
<pin_list>
<pin id="103" dir="0" index="0" bw="1" slack="0"/>
<pin id="104" dir="1" index="1" bw="1" slack="1"/>
</pin_list>
<bind>
<opcode="alloca(26) " fcode="alloca"/>
<opset="axi_last_loc/1 "/>
</bind>
</comp>

<comp id="106" class="1004" name="height_read_read_fu_106">
<pin_list>
<pin id="107" dir="0" index="0" bw="16" slack="0"/>
<pin id="108" dir="0" index="1" bw="16" slack="0"/>
<pin id="109" dir="1" index="2" bw="16" slack="0"/>
</pin_list>
<bind>
<opcode="read(1150) " fcode="read"/>
<opset="height_read/1 "/>
</bind>
</comp>

<comp id="112" class="1004" name="width_read_read_fu_112">
<pin_list>
<pin id="113" dir="0" index="0" bw="16" slack="0"/>
<pin id="114" dir="0" index="1" bw="16" slack="0"/>
<pin id="115" dir="1" index="2" bw="16" slack="0"/>
</pin_list>
<bind>
<opcode="read(1150) " fcode="read"/>
<opset="width_read/1 "/>
</bind>
</comp>

<comp id="118" class="1005" name="sof_reg_118">
<pin_list>
<pin id="119" dir="0" index="0" bw="1" slack="1"/>
<pin id="120" dir="1" index="1" bw="1" slack="1"/>
</pin_list>
<bind>
<opset="sof (phireg) "/>
</bind>
</comp>

<comp id="122" class="1004" name="sof_phi_fu_122">
<pin_list>
<pin id="123" dir="0" index="0" bw="1" slack="1"/>
<pin id="124" dir="0" index="1" bw="0" slack="2147483647"/>
<pin id="125" dir="0" index="2" bw="1" slack="0"/>
<pin id="126" dir="0" index="3" bw="0" slack="2147483647"/>
<pin id="127" dir="1" index="4" bw="1" slack="0"/>
</pin_list>
<bind>
<opcode="phi(47) " fcode="phi"/>
<opset="sof/5 "/>
</bind>
</comp>

<comp id="130" class="1005" name="axi_last_2_reg_130">
<pin_list>
<pin id="131" dir="0" index="0" bw="1" slack="1"/>
<pin id="132" dir="1" index="1" bw="1" slack="1"/>
</pin_list>
<bind>
<opset="axi_last_2 (phireg) "/>
</bind>
</comp>

<comp id="133" class="1004" name="axi_last_2_phi_fu_133">
<pin_list>
<pin id="134" dir="0" index="0" bw="1" slack="2147483647"/>
<pin id="135" dir="0" index="1" bw="0" slack="2147483647"/>
<pin id="136" dir="0" index="2" bw="1" slack="2147483647"/>
<pin id="137" dir="0" index="3" bw="0" slack="2147483647"/>
<pin id="138" dir="1" index="4" bw="1" slack="1"/>
</pin_list>
<bind>
<opcode="phi(47) " fcode="phi"/>
<opset="axi_last_2/5 "/>
</bind>
</comp>

<comp id="140" class="1004" name="grp_AXIvideo2MultiPixStream_Pipeline_loop_wait_for_start_fu_140">
<pin_list>
<pin id="141" dir="0" index="0" bw="0" slack="0"/>
<pin id="142" dir="0" index="1" bw="120" slack="0"/>
<pin id="143" dir="0" index="2" bw="15" slack="0"/>
<pin id="144" dir="0" index="3" bw="15" slack="0"/>
<pin id="145" dir="0" index="4" bw="1" slack="0"/>
<pin id="146" dir="0" index="5" bw="1" slack="0"/>
<pin id="147" dir="0" index="6" bw="1" slack="0"/>
<pin id="148" dir="0" index="7" bw="1" slack="0"/>
<pin id="149" dir="0" index="8" bw="120" slack="1"/>
<pin id="150" dir="0" index="9" bw="1" slack="1"/>
<pin id="151" dir="1" index="10" bw="0" slack="2147483647"/>
</pin_list>
<bind>
<opcode="call(48) " fcode="call"/>
<opset="call_ln0/2 "/>
</bind>
</comp>

<comp id="160" class="1004" name="grp_AXIvideo2MultiPixStream_Pipeline_loop_width_fu_160">
<pin_list>
<pin id="161" dir="0" index="0" bw="0" slack="0"/>
<pin id="162" dir="0" index="1" bw="1" slack="1"/>
<pin id="163" dir="0" index="2" bw="1" slack="1"/>
<pin id="164" dir="0" index="3" bw="120" slack="0"/>
<pin id="165" dir="0" index="4" bw="8" slack="4"/>
<pin id="166" dir="0" index="5" bw="120" slack="0"/>
<pin id="167" dir="0" index="6" bw="120" slack="0"/>
<pin id="168" dir="0" index="7" bw="15" slack="0"/>
<pin id="169" dir="0" index="8" bw="15" slack="0"/>
<pin id="170" dir="0" index="9" bw="1" slack="0"/>
<pin id="171" dir="0" index="10" bw="1" slack="0"/>
<pin id="172" dir="0" index="11" bw="1" slack="0"/>
<pin id="173" dir="0" index="12" bw="1" slack="0"/>
<pin id="174" dir="0" index="13" bw="1" slack="5"/>
<pin id="175" dir="0" index="14" bw="120" slack="5"/>
<pin id="176" dir="1" index="15" bw="0" slack="2147483647"/>
</pin_list>
<bind>
<opcode="call(48) " fcode="call"/>
<opset="call_ln216/6 "/>
</bind>
</comp>

<comp id="188" class="1004" name="grp_AXIvideo2MultiPixStream_Pipeline_loop_wait_for_eol_fu_188">
<pin_list>
<pin id="189" dir="0" index="0" bw="0" slack="0"/>
<pin id="190" dir="0" index="1" bw="120" slack="0"/>
<pin id="191" dir="0" index="2" bw="1" slack="1"/>
<pin id="192" dir="0" index="3" bw="1" slack="2147483647"/>
<pin id="193" dir="0" index="4" bw="120" slack="0"/>
<pin id="194" dir="0" index="5" bw="15" slack="0"/>
<pin id="195" dir="0" index="6" bw="15" slack="0"/>
<pin id="196" dir="0" index="7" bw="1" slack="0"/>
<pin id="197" dir="0" index="8" bw="1" slack="0"/>
<pin id="198" dir="0" index="9" bw="1" slack="0"/>
<pin id="199" dir="0" index="10" bw="1" slack="0"/>
<pin id="200" dir="0" index="11" bw="120" slack="8"/>
<pin id="201" dir="0" index="12" bw="1" slack="8"/>
<pin id="202" dir="1" index="13" bw="0" slack="2147483647"/>
</pin_list>
<bind>
<opcode="call(48) " fcode="call"/>
<opset="call_ln216/9 "/>
</bind>
</comp>

<comp id="211" class="1004" name="trunc_ln170_fu_211">
<pin_list>
<pin id="212" dir="0" index="0" bw="16" slack="0"/>
<pin id="213" dir="1" index="1" bw="10" slack="2"/>
</pin_list>
<bind>
<opcode="trunc(33) " fcode="trunc"/>
<opset="trunc_ln170/1 "/>
</bind>
</comp>

<comp id="215" class="1004" name="trunc_ln171_fu_215">
<pin_list>
<pin id="216" dir="0" index="0" bw="16" slack="0"/>
<pin id="217" dir="1" index="1" bw="10" slack="0"/>
</pin_list>
<bind>
<opcode="trunc(33) " fcode="trunc"/>
<opset="trunc_ln171/1 "/>
</bind>
</comp>

<comp id="219" class="1004" name="grp_reg_unsigned_short_s_fu_219">
<pin_list>
<pin id="220" dir="0" index="0" bw="10" slack="0"/>
<pin id="221" dir="0" index="1" bw="10" slack="0"/>
<pin id="222" dir="1" index="2" bw="10" slack="0"/>
</pin_list>
<bind>
<opcode="call(48) " fcode="call"/>
<opset="cols/1 "/>
</bind>
</comp>

<comp id="225" class="1004" name="store_ln188_store_fu_225">
<pin_list>
<pin id="226" dir="0" index="0" bw="1" slack="0"/>
<pin id="227" dir="0" index="1" bw="10" slack="0"/>
<pin id="228" dir="1" index="2" bw="0" slack="2147483647"/>
</pin_list>
<bind>
<opcode="store(28) " fcode="store"/>
<opset="store_ln188/1 "/>
</bind>
</comp>

<comp id="230" class="1004" name="trunc_ln166_1_fu_230">
<pin_list>
<pin id="231" dir="0" index="0" bw="8" slack="0"/>
<pin id="232" dir="0" index="1" bw="10" slack="0"/>
<pin id="233" dir="0" index="2" bw="3" slack="0"/>
<pin id="234" dir="0" index="3" bw="5" slack="0"/>
<pin id="235" dir="1" index="4" bw="8" slack="2"/>
</pin_list>
<bind>
<opcode="partselect(1002) " fcode="partselect"/>
<opset="trunc_ln166_1/2 "/>
</bind>
</comp>

<comp id="240" class="1004" name="grp_reg_unsigned_short_s_fu_240">
<pin_list>
<pin id="241" dir="0" index="0" bw="10" slack="0"/>
<pin id="242" dir="0" index="1" bw="10" slack="2"/>
<pin id="243" dir="1" index="2" bw="10" slack="1"/>
</pin_list>
<bind>
<opcode="call(48) " fcode="call"/>
<opset="rows/3 "/>
</bind>
</comp>

<comp id="245" class="1004" name="axi_last_loc_load_load_fu_245">
<pin_list>
<pin id="246" dir="0" index="0" bw="1" slack="3"/>
<pin id="247" dir="1" index="1" bw="1" slack="2147483647"/>
</pin_list>
<bind>
<opcode="load(27) " fcode="load"/>
<opset="axi_last_loc_load/4 "/>
</bind>
</comp>

<comp id="248" class="1004" name="cmp10253_fu_248">
<pin_list>
<pin id="249" dir="0" index="0" bw="8" slack="2"/>
<pin id="250" dir="0" index="1" bw="8" slack="0"/>
<pin id="251" dir="1" index="2" bw="1" slack="0"/>
</pin_list>
<bind>
<opcode="icmp(45) " fcode="icmp"/>
<opset="cmp10253/4 "/>
</bind>
</comp>

<comp id="253" class="1004" name="xor_ln216_fu_253">
<pin_list>
<pin id="254" dir="0" index="0" bw="1" slack="0"/>
<pin id="255" dir="0" index="1" bw="1" slack="0"/>
<pin id="256" dir="1" index="2" bw="1" slack="1"/>
</pin_list>
<bind>
<opcode="xor(25) " fcode="xor"/>
<opset="xor_ln216/4 "/>
</bind>
</comp>

<comp id="259" class="1004" name="i_4_load_fu_259">
<pin_list>
<pin id="260" dir="0" index="0" bw="10" slack="4"/>
<pin id="261" dir="1" index="1" bw="10" slack="0"/>
</pin_list>
<bind>
<opcode="load(27) " fcode="load"/>
<opset="i_4/5 "/>
</bind>
</comp>

<comp id="262" class="1004" name="icmp_ln188_fu_262">
<pin_list>
<pin id="263" dir="0" index="0" bw="10" slack="0"/>
<pin id="264" dir="0" index="1" bw="10" slack="1"/>
<pin id="265" dir="1" index="2" bw="1" slack="2147483647"/>
</pin_list>
<bind>
<opcode="icmp(45) " fcode="icmp"/>
<opset="icmp_ln188/5 "/>
</bind>
</comp>

<comp id="267" class="1004" name="i_5_fu_267">
<pin_list>
<pin id="268" dir="0" index="0" bw="10" slack="0"/>
<pin id="269" dir="0" index="1" bw="1" slack="0"/>
<pin id="270" dir="1" index="2" bw="10" slack="0"/>
</pin_list>
<bind>
<opcode="add(8) " fcode="add"/>
<opset="i_5/5 "/>
</bind>
</comp>

<comp id="273" class="1004" name="and_ln216_fu_273">
<pin_list>
<pin id="274" dir="0" index="0" bw="1" slack="0"/>
<pin id="275" dir="0" index="1" bw="1" slack="1"/>
<pin id="276" dir="1" index="2" bw="1" slack="0"/>
</pin_list>
<bind>
<opcode="and(23) " fcode="and"/>
<opset="and_ln216/5 "/>
</bind>
</comp>

<comp id="278" class="1004" name="store_ln188_store_fu_278">
<pin_list>
<pin id="279" dir="0" index="0" bw="10" slack="0"/>
<pin id="280" dir="0" index="1" bw="10" slack="4"/>
<pin id="281" dir="1" index="2" bw="0" slack="2147483647"/>
</pin_list>
<bind>
<opcode="store(28) " fcode="store"/>
<opset="store_ln188/5 "/>
</bind>
</comp>

<comp id="283" class="1004" name="axi_data_2_load_load_fu_283">
<pin_list>
<pin id="284" dir="0" index="0" bw="120" slack="5"/>
<pin id="285" dir="1" index="1" bw="120" slack="0"/>
</pin_list>
<bind>
<opcode="load(27) " fcode="load"/>
<opset="axi_data_2_load/6 "/>
</bind>
</comp>

<comp id="287" class="1004" name="eol_loc_load_load_fu_287">
<pin_list>
<pin id="288" dir="0" index="0" bw="1" slack="7"/>
<pin id="289" dir="1" index="1" bw="1" slack="0"/>
</pin_list>
<bind>
<opcode="load(27) " fcode="load"/>
<opset="eol_loc_load/8 "/>
</bind>
</comp>

<comp id="290" class="1004" name="select_ln216_fu_290">
<pin_list>
<pin id="291" dir="0" index="0" bw="1" slack="4"/>
<pin id="292" dir="0" index="1" bw="1" slack="0"/>
<pin id="293" dir="0" index="2" bw="1" slack="3"/>
<pin id="294" dir="1" index="3" bw="1" slack="1"/>
</pin_list>
<bind>
<opcode="select(49) " fcode="select"/>
<opset="select_ln216/8 "/>
</bind>
</comp>

<comp id="297" class="1004" name="axi_data_3_loc_load_load_fu_297">
<pin_list>
<pin id="298" dir="0" index="0" bw="120" slack="8"/>
<pin id="299" dir="1" index="1" bw="120" slack="0"/>
</pin_list>
<bind>
<opcode="load(27) " fcode="load"/>
<opset="axi_data_3_loc_load/9 "/>
</bind>
</comp>

<comp id="301" class="1004" name="axi_last_4_loc_load_load_fu_301">
<pin_list>
<pin id="302" dir="0" index="0" bw="1" slack="10"/>
<pin id="303" dir="1" index="1" bw="1" slack="2147483647"/>
</pin_list>
<bind>
<opcode="load(27) " fcode="load"/>
<opset="axi_last_4_loc_load/11 "/>
</bind>
</comp>

<comp id="304" class="1005" name="axi_data_2_reg_304">
<pin_list>
<pin id="305" dir="0" index="0" bw="120" slack="1"/>
<pin id="306" dir="1" index="1" bw="120" slack="1"/>
</pin_list>
<bind>
<opset="axi_data_2 "/>
</bind>
</comp>

<comp id="311" class="1005" name="i_reg_311">
<pin_list>
<pin id="312" dir="0" index="0" bw="10" slack="0"/>
<pin id="313" dir="1" index="1" bw="10" slack="0"/>
</pin_list>
<bind>
<opset="i "/>
</bind>
</comp>

<comp id="318" class="1005" name="axi_last_4_loc_reg_318">
<pin_list>
<pin id="319" dir="0" index="0" bw="1" slack="8"/>
<pin id="320" dir="1" index="1" bw="1" slack="8"/>
</pin_list>
<bind>
<opset="axi_last_4_loc "/>
</bind>
</comp>

<comp id="324" class="1005" name="axi_data_3_loc_reg_324">
<pin_list>
<pin id="325" dir="0" index="0" bw="120" slack="5"/>
<pin id="326" dir="1" index="1" bw="120" slack="5"/>
</pin_list>
<bind>
<opset="axi_data_3_loc "/>
</bind>
</comp>

<comp id="330" class="1005" name="eol_loc_reg_330">
<pin_list>
<pin id="331" dir="0" index="0" bw="1" slack="5"/>
<pin id="332" dir="1" index="1" bw="1" slack="5"/>
</pin_list>
<bind>
<opset="eol_loc "/>
</bind>
</comp>

<comp id="336" class="1005" name="axi_last_loc_reg_336">
<pin_list>
<pin id="337" dir="0" index="0" bw="1" slack="1"/>
<pin id="338" dir="1" index="1" bw="1" slack="1"/>
</pin_list>
<bind>
<opset="axi_last_loc "/>
</bind>
</comp>

<comp id="342" class="1005" name="trunc_ln170_reg_342">
<pin_list>
<pin id="343" dir="0" index="0" bw="10" slack="2"/>
<pin id="344" dir="1" index="1" bw="10" slack="2"/>
</pin_list>
<bind>
<opset="trunc_ln170 "/>
</bind>
</comp>

<comp id="347" class="1005" name="trunc_ln166_1_reg_347">
<pin_list>
<pin id="348" dir="0" index="0" bw="8" slack="2"/>
<pin id="349" dir="1" index="1" bw="8" slack="2"/>
</pin_list>
<bind>
<opset="trunc_ln166_1 "/>
</bind>
</comp>

<comp id="353" class="1005" name="rows_reg_353">
<pin_list>
<pin id="354" dir="0" index="0" bw="10" slack="1"/>
<pin id="355" dir="1" index="1" bw="10" slack="1"/>
</pin_list>
<bind>
<opset="rows "/>
</bind>
</comp>

<comp id="361" class="1005" name="cmp10253_reg_361">
<pin_list>
<pin id="362" dir="0" index="0" bw="1" slack="4"/>
<pin id="363" dir="1" index="1" bw="1" slack="4"/>
</pin_list>
<bind>
<opset="cmp10253 "/>
</bind>
</comp>

<comp id="366" class="1005" name="xor_ln216_reg_366">
<pin_list>
<pin id="367" dir="0" index="0" bw="1" slack="1"/>
<pin id="368" dir="1" index="1" bw="1" slack="1"/>
</pin_list>
<bind>
<opset="xor_ln216 "/>
</bind>
</comp>

<comp id="374" class="1005" name="and_ln216_reg_374">
<pin_list>
<pin id="375" dir="0" index="0" bw="1" slack="0"/>
<pin id="376" dir="1" index="1" bw="1" slack="0"/>
</pin_list>
<bind>
<opset="and_ln216 "/>
</bind>
</comp>

<comp id="385" class="1005" name="select_ln216_reg_385">
<pin_list>
<pin id="386" dir="0" index="0" bw="1" slack="1"/>
<pin id="387" dir="1" index="1" bw="1" slack="1"/>
</pin_list>
<bind>
<opset="select_ln216 "/>
</bind>
</comp>

</comp_list>

<net_list>
<net id="85"><net_src comp="20" pin="0"/><net_sink comp="82" pin=0"/></net>

<net id="89"><net_src comp="20" pin="0"/><net_sink comp="86" pin=0"/></net>

<net id="93"><net_src comp="22" pin="0"/><net_sink comp="90" pin=0"/></net>

<net id="97"><net_src comp="22" pin="0"/><net_sink comp="94" pin=0"/></net>

<net id="101"><net_src comp="22" pin="0"/><net_sink comp="98" pin=0"/></net>

<net id="105"><net_src comp="22" pin="0"/><net_sink comp="102" pin=0"/></net>

<net id="110"><net_src comp="24" pin="0"/><net_sink comp="106" pin=0"/></net>

<net id="111"><net_src comp="16" pin="0"/><net_sink comp="106" pin=1"/></net>

<net id="116"><net_src comp="24" pin="0"/><net_sink comp="112" pin=0"/></net>

<net id="117"><net_src comp="18" pin="0"/><net_sink comp="112" pin=1"/></net>

<net id="121"><net_src comp="64" pin="0"/><net_sink comp="118" pin=0"/></net>

<net id="128"><net_src comp="118" pin="1"/><net_sink comp="122" pin=0"/></net>

<net id="129"><net_src comp="122" pin="4"/><net_sink comp="118" pin=0"/></net>

<net id="139"><net_src comp="133" pin="4"/><net_sink comp="130" pin=0"/></net>

<net id="152"><net_src comp="32" pin="0"/><net_sink comp="140" pin=0"/></net>

<net id="153"><net_src comp="0" pin="0"/><net_sink comp="140" pin=1"/></net>

<net id="154"><net_src comp="2" pin="0"/><net_sink comp="140" pin=2"/></net>

<net id="155"><net_src comp="4" pin="0"/><net_sink comp="140" pin=3"/></net>

<net id="156"><net_src comp="6" pin="0"/><net_sink comp="140" pin=4"/></net>

<net id="157"><net_src comp="8" pin="0"/><net_sink comp="140" pin=5"/></net>

<net id="158"><net_src comp="10" pin="0"/><net_sink comp="140" pin=6"/></net>

<net id="159"><net_src comp="12" pin="0"/><net_sink comp="140" pin=7"/></net>

<net id="177"><net_src comp="74" pin="0"/><net_sink comp="160" pin=0"/></net>

<net id="178"><net_src comp="118" pin="1"/><net_sink comp="160" pin=1"/></net>

<net id="179"><net_src comp="130" pin="1"/><net_sink comp="160" pin=2"/></net>

<net id="180"><net_src comp="14" pin="0"/><net_sink comp="160" pin=5"/></net>

<net id="181"><net_src comp="0" pin="0"/><net_sink comp="160" pin=6"/></net>

<net id="182"><net_src comp="2" pin="0"/><net_sink comp="160" pin=7"/></net>

<net id="183"><net_src comp="4" pin="0"/><net_sink comp="160" pin=8"/></net>

<net id="184"><net_src comp="6" pin="0"/><net_sink comp="160" pin=9"/></net>

<net id="185"><net_src comp="8" pin="0"/><net_sink comp="160" pin=10"/></net>

<net id="186"><net_src comp="10" pin="0"/><net_sink comp="160" pin=11"/></net>

<net id="187"><net_src comp="12" pin="0"/><net_sink comp="160" pin=12"/></net>

<net id="203"><net_src comp="76" pin="0"/><net_sink comp="188" pin=0"/></net>

<net id="204"><net_src comp="0" pin="0"/><net_sink comp="188" pin=4"/></net>

<net id="205"><net_src comp="2" pin="0"/><net_sink comp="188" pin=5"/></net>

<net id="206"><net_src comp="4" pin="0"/><net_sink comp="188" pin=6"/></net>

<net id="207"><net_src comp="6" pin="0"/><net_sink comp="188" pin=7"/></net>

<net id="208"><net_src comp="8" pin="0"/><net_sink comp="188" pin=8"/></net>

<net id="209"><net_src comp="10" pin="0"/><net_sink comp="188" pin=9"/></net>

<net id="210"><net_src comp="12" pin="0"/><net_sink comp="188" pin=10"/></net>

<net id="214"><net_src comp="106" pin="2"/><net_sink comp="211" pin=0"/></net>

<net id="218"><net_src comp="112" pin="2"/><net_sink comp="215" pin=0"/></net>

<net id="223"><net_src comp="26" pin="0"/><net_sink comp="219" pin=0"/></net>

<net id="224"><net_src comp="215" pin="1"/><net_sink comp="219" pin=1"/></net>

<net id="229"><net_src comp="28" pin="0"/><net_sink comp="225" pin=0"/></net>

<net id="236"><net_src comp="34" pin="0"/><net_sink comp="230" pin=0"/></net>

<net id="237"><net_src comp="219" pin="2"/><net_sink comp="230" pin=1"/></net>

<net id="238"><net_src comp="36" pin="0"/><net_sink comp="230" pin=2"/></net>

<net id="239"><net_src comp="38" pin="0"/><net_sink comp="230" pin=3"/></net>

<net id="244"><net_src comp="26" pin="0"/><net_sink comp="240" pin=0"/></net>

<net id="252"><net_src comp="62" pin="0"/><net_sink comp="248" pin=1"/></net>

<net id="257"><net_src comp="248" pin="2"/><net_sink comp="253" pin=0"/></net>

<net id="258"><net_src comp="64" pin="0"/><net_sink comp="253" pin=1"/></net>

<net id="266"><net_src comp="259" pin="1"/><net_sink comp="262" pin=0"/></net>

<net id="271"><net_src comp="259" pin="1"/><net_sink comp="267" pin=0"/></net>

<net id="272"><net_src comp="72" pin="0"/><net_sink comp="267" pin=1"/></net>

<net id="277"><net_src comp="122" pin="4"/><net_sink comp="273" pin=0"/></net>

<net id="282"><net_src comp="267" pin="2"/><net_sink comp="278" pin=0"/></net>

<net id="286"><net_src comp="283" pin="1"/><net_sink comp="160" pin=3"/></net>

<net id="295"><net_src comp="287" pin="1"/><net_sink comp="290" pin=1"/></net>

<net id="296"><net_src comp="130" pin="1"/><net_sink comp="290" pin=2"/></net>

<net id="300"><net_src comp="297" pin="1"/><net_sink comp="188" pin=1"/></net>

<net id="307"><net_src comp="82" pin="1"/><net_sink comp="304" pin=0"/></net>

<net id="308"><net_src comp="304" pin="1"/><net_sink comp="140" pin=8"/></net>

<net id="309"><net_src comp="304" pin="1"/><net_sink comp="283" pin=0"/></net>

<net id="310"><net_src comp="304" pin="1"/><net_sink comp="188" pin=11"/></net>

<net id="314"><net_src comp="86" pin="1"/><net_sink comp="311" pin=0"/></net>

<net id="315"><net_src comp="311" pin="1"/><net_sink comp="225" pin=1"/></net>

<net id="316"><net_src comp="311" pin="1"/><net_sink comp="259" pin=0"/></net>

<net id="317"><net_src comp="311" pin="1"/><net_sink comp="278" pin=1"/></net>

<net id="321"><net_src comp="90" pin="1"/><net_sink comp="318" pin=0"/></net>

<net id="322"><net_src comp="318" pin="1"/><net_sink comp="188" pin=12"/></net>

<net id="323"><net_src comp="318" pin="1"/><net_sink comp="301" pin=0"/></net>

<net id="327"><net_src comp="94" pin="1"/><net_sink comp="324" pin=0"/></net>

<net id="328"><net_src comp="324" pin="1"/><net_sink comp="160" pin=14"/></net>

<net id="329"><net_src comp="324" pin="1"/><net_sink comp="297" pin=0"/></net>

<net id="333"><net_src comp="98" pin="1"/><net_sink comp="330" pin=0"/></net>

<net id="334"><net_src comp="330" pin="1"/><net_sink comp="160" pin=13"/></net>

<net id="335"><net_src comp="330" pin="1"/><net_sink comp="287" pin=0"/></net>

<net id="339"><net_src comp="102" pin="1"/><net_sink comp="336" pin=0"/></net>

<net id="340"><net_src comp="336" pin="1"/><net_sink comp="140" pin=9"/></net>

<net id="341"><net_src comp="336" pin="1"/><net_sink comp="245" pin=0"/></net>

<net id="345"><net_src comp="211" pin="1"/><net_sink comp="342" pin=0"/></net>

<net id="346"><net_src comp="342" pin="1"/><net_sink comp="240" pin=1"/></net>

<net id="350"><net_src comp="230" pin="4"/><net_sink comp="347" pin=0"/></net>

<net id="351"><net_src comp="347" pin="1"/><net_sink comp="248" pin=0"/></net>

<net id="352"><net_src comp="347" pin="1"/><net_sink comp="160" pin=4"/></net>

<net id="356"><net_src comp="240" pin="2"/><net_sink comp="353" pin=0"/></net>

<net id="357"><net_src comp="353" pin="1"/><net_sink comp="262" pin=1"/></net>

<net id="364"><net_src comp="248" pin="2"/><net_sink comp="361" pin=0"/></net>

<net id="365"><net_src comp="361" pin="1"/><net_sink comp="290" pin=0"/></net>

<net id="369"><net_src comp="253" pin="2"/><net_sink comp="366" pin=0"/></net>

<net id="370"><net_src comp="366" pin="1"/><net_sink comp="273" pin=1"/></net>

<net id="377"><net_src comp="273" pin="2"/><net_sink comp="374" pin=0"/></net>

<net id="378"><net_src comp="374" pin="1"/><net_sink comp="122" pin=2"/></net>

<net id="388"><net_src comp="290" pin="3"/><net_sink comp="385" pin=0"/></net>

<net id="389"><net_src comp="385" pin="1"/><net_sink comp="188" pin=2"/></net>

</net_list>

</model> 
---------------- Datapath Model END ------------------

* FSMD analyzer results:
  - Output states:
	Port: s_axis_video_V_data_V | {}
	Port: s_axis_video_V_keep_V | {}
	Port: s_axis_video_V_strb_V | {}
	Port: s_axis_video_V_user_V | {}
	Port: s_axis_video_V_last_V | {}
	Port: s_axis_video_V_id_V | {}
	Port: s_axis_video_V_dest_V | {}
	Port: imgRgb | {6 7 }
	Port: height | {}
	Port: width | {}
 - Input state : 
	Port: AXIvideo2MultiPixStream : s_axis_video_V_data_V | {2 3 6 7 9 10 }
	Port: AXIvideo2MultiPixStream : s_axis_video_V_keep_V | {2 3 6 7 9 10 }
	Port: AXIvideo2MultiPixStream : s_axis_video_V_strb_V | {2 3 6 7 9 10 }
	Port: AXIvideo2MultiPixStream : s_axis_video_V_user_V | {2 3 6 7 9 10 }
	Port: AXIvideo2MultiPixStream : s_axis_video_V_last_V | {2 3 6 7 9 10 }
	Port: AXIvideo2MultiPixStream : s_axis_video_V_id_V | {2 3 6 7 9 10 }
	Port: AXIvideo2MultiPixStream : s_axis_video_V_dest_V | {2 3 6 7 9 10 }
	Port: AXIvideo2MultiPixStream : height | {1 }
	Port: AXIvideo2MultiPixStream : width | {1 }
  - Chain level:
	State 1
		cols : 1
		store_ln188 : 1
	State 2
		trunc_ln166_1 : 1
	State 3
	State 4
		xor_ln216 : 1
	State 5
		icmp_ln188 : 1
		i_5 : 1
		br_ln188 : 2
		and_ln216 : 1
		store_ln188 : 2
	State 6
		call_ln216 : 1
	State 7
	State 8
		select_ln216 : 1
	State 9
		call_ln216 : 1
	State 10
	State 11


============================================================
+ Verbose Summary: Datapath Resource usage 
============================================================

* Functional unit list:
|----------|-----------------------------------------------------------------|---------|---------|
| Operation|                         Functional Unit                         |    FF   |   LUT   |
|----------|-----------------------------------------------------------------|---------|---------|
|          | grp_AXIvideo2MultiPixStream_Pipeline_loop_wait_for_start_fu_140 |    3    |    0    |
|          |      grp_AXIvideo2MultiPixStream_Pipeline_loop_width_fu_160     |   133   |    32   |
|   call   |  grp_AXIvideo2MultiPixStream_Pipeline_loop_wait_for_eol_fu_188  |    3    |    0    |
|          |                 grp_reg_unsigned_short_s_fu_219                 |    10   |    0    |
|          |                 grp_reg_unsigned_short_s_fu_240                 |    10   |    0    |
|----------|-----------------------------------------------------------------|---------|---------|
|   icmp   |                         cmp10253_fu_248                         |    0    |    15   |
|          |                        icmp_ln188_fu_262                        |    0    |    13   |
|----------|-----------------------------------------------------------------|---------|---------|
|    add   |                            i_5_fu_267                           |    0    |    13   |
|----------|-----------------------------------------------------------------|---------|---------|
|    xor   |                         xor_ln216_fu_253                        |    0    |    2    |
|----------|-----------------------------------------------------------------|---------|---------|
|    and   |                         and_ln216_fu_273                        |    0    |    2    |
|----------|-----------------------------------------------------------------|---------|---------|
|  select  |                       select_ln216_fu_290                       |    0    |    2    |
|----------|-----------------------------------------------------------------|---------|---------|
|   read   |                     height_read_read_fu_106                     |    0    |    0    |
|          |                      width_read_read_fu_112                     |    0    |    0    |
|----------|-----------------------------------------------------------------|---------|---------|
|   trunc  |                        trunc_ln170_fu_211                       |    0    |    0    |
|          |                        trunc_ln171_fu_215                       |    0    |    0    |
|----------|-----------------------------------------------------------------|---------|---------|
|partselect|                       trunc_ln166_1_fu_230                      |    0    |    0    |
|----------|-----------------------------------------------------------------|---------|---------|
|   Total  |                                                                 |   159   |    79   |
|----------|-----------------------------------------------------------------|---------|---------|

Memories:
N/A

* Register list:
+----------------------+--------+
|                      |   FF   |
+----------------------+--------+
|   and_ln216_reg_374  |    1   |
|  axi_data_2_reg_304  |   120  |
|axi_data_3_loc_reg_324|   120  |
|  axi_last_2_reg_130  |    1   |
|axi_last_4_loc_reg_318|    1   |
| axi_last_loc_reg_336 |    1   |
|   cmp10253_reg_361   |    1   |
|    eol_loc_reg_330   |    1   |
|       i_reg_311      |   10   |
|     rows_reg_353     |   10   |
| select_ln216_reg_385 |    1   |
|      sof_reg_118     |    1   |
| trunc_ln166_1_reg_347|    8   |
|  trunc_ln170_reg_342 |   10   |
|   xor_ln216_reg_366  |    1   |
+----------------------+--------+
|         Total        |   287  |
+----------------------+--------+

* Multiplexer (MUX) list: 
|-------------|------|------|------|--------||---------||---------|
|     Comp    |  Pin | Size |  BW  | S x BW ||  Delay  ||   LUT   |
|-------------|------|------|------|--------||---------||---------|
| sof_reg_118 |  p0  |   2  |   1  |    2   ||    9    |
|-------------|------|------|------|--------||---------||---------|
|    Total    |      |      |      |    2   ||  1.588  ||    9    |
|-------------|------|------|------|--------||---------||---------|



* Summary:
+-----------+--------+--------+--------+
|           |  Delay |   FF   |   LUT  |
+-----------+--------+--------+--------+
|  Function |    -   |   159  |   79   |
|   Memory  |    -   |    -   |    -   |
|Multiplexer|    1   |    -   |    9   |
|  Register |    -   |   287  |    -   |
+-----------+--------+--------+--------+
|   Total   |    1   |   446  |   88   |
+-----------+--------+--------+--------+
