

================================================================
== Vitis HLS Report for 'Gamma_Pipeline_VITIS_LOOP_315_1'
================================================================
* Date:           Wed Nov  8 16:03:31 2023

* Version:        2023.2 (Build 4023990 on Oct 11 2023)
* Project:        prj
* Solution:       sol (Vivado IP Flow Target)
* Product family: zynq
* Target device:  xc7z020-clg400-1


================================================================
== Performance Estimates
================================================================
+ Timing: 
    * Summary: 
    +--------+---------+----------+------------+
    |  Clock |  Target | Estimated| Uncertainty|
    +--------+---------+----------+------------+
    |ap_clk  |  6.67 ns|  4.842 ns|     1.80 ns|
    +--------+---------+----------+------------+

+ Latency: 
    * Summary: 
    +---------+---------+----------+----------+------+------+---------+
    |  Latency (cycles) |  Latency (absolute) |   Interval  | Pipeline|
    |   min   |   max   |    min   |    max   |  min |  max |   Type  |
    +---------+---------+----------+----------+------+------+---------+
    |     1027|     1027|  6.847 us|  6.847 us|  1027|  1027|       no|
    +---------+---------+----------+----------+------+------+---------+

    + Detail: 
        * Instance: 
        N/A

        * Loop: 
        +--------------------+---------+---------+----------+-----------+-----------+------+----------+
        |                    |  Latency (cycles) | Iteration|  Initiation Interval  | Trip |          |
        |      Loop Name     |   min   |   max   |  Latency |  achieved |   target  | Count| Pipelined|
        +--------------------+---------+---------+----------+-----------+-----------+------+----------+
        |- VITIS_LOOP_315_1  |     1025|     1025|         3|          1|          1|  1024|       yes|
        +--------------------+---------+---------+----------+-----------+-----------+------+----------+

============================================================
+ Verbose Summary: Synthesis Manager
============================================================
InlineROM: 1
ExposeGlobal: 0
============================================================
+ Verbose Summary: CDFG Model
============================================================
IsTopModel: 0
ResetActiveHigh: 1
IsCombinational: 0
IsDatapathOnly: 0
HasWiredReturn: 1
HasMFsm: 2
HasVarLatency: 1
IsPipeline: 0
IsRtlPipelined: 0
IsInstanceOverlapped: 0
IsDontTouch: 0
HasImplIP: 0
IsGatedGlobalClock: 0

+ Individual pipeline summary: 
  * Pipeline-0: initiation interval (II) = 1, depth = 3


============================================================
+ Verbose Summary: Schedule
============================================================
* Number of FSM states : 3
* Pipeline : 1
  Pipeline-0 : II = 1, D = 3, States = { 1 2 3 }
* Dataflow Pipeline: 0

* FSM state transitions: 
1 --> 2 
2 --> 3 
3 --> 

* FSM state operations: 

State 1 <SV = 0> <Delay = 4.84>
ST_1 : Operation 6 [1/1] (0.00ns)   --->   "%i = alloca i32 1" [D:/Project2023/SG-Extended/ZyboOrg/hw/hw.runs/system_v_gamma_lut_0_0_synth_1/prj/sol/.autopilot/db/v_gamma_lut.cpp:315]   --->   Operation 6 'alloca' 'i' <Predicate = true> <Delay = 0.00>
ST_1 : Operation 7 [1/1] (0.00ns)   --->   "%specmemcore_ln0 = specmemcore void @_ssdm_op_SpecMemCore, i16 %gamma_lut_0, i64 666, i64 207, i64 1"   --->   Operation 7 'specmemcore' 'specmemcore_ln0' <Predicate = true> <Delay = 0.00>
ST_1 : Operation 8 [1/1] (0.00ns)   --->   "%specmemcore_ln0 = specmemcore void @_ssdm_op_SpecMemCore, i16 %gamma_lut_1, i64 666, i64 207, i64 1"   --->   Operation 8 'specmemcore' 'specmemcore_ln0' <Predicate = true> <Delay = 0.00>
ST_1 : Operation 9 [1/1] (0.00ns)   --->   "%specmemcore_ln0 = specmemcore void @_ssdm_op_SpecMemCore, i16 %gamma_lut_2, i64 666, i64 207, i64 1"   --->   Operation 9 'specmemcore' 'specmemcore_ln0' <Predicate = true> <Delay = 0.00>
ST_1 : Operation 10 [1/1] (0.00ns)   --->   "%specinterface_ln0 = specinterface void @_ssdm_op_SpecInterface, i16 %gamma_lut_0, void @empty_7, i32 0, i32 0, void @empty_0, i32 1, i32 0, void @empty_0, void @empty_0, void @empty_0, i32 0, i32 0, i32 0, i32 0, void @empty_0, void @empty_0, i32 4294967295, i32 0"   --->   Operation 10 'specinterface' 'specinterface_ln0' <Predicate = true> <Delay = 0.00>
ST_1 : Operation 11 [1/1] (0.00ns)   --->   "%specinterface_ln0 = specinterface void @_ssdm_op_SpecInterface, i16 %gamma_lut_1, void @empty_7, i32 0, i32 0, void @empty_0, i32 1, i32 0, void @empty_0, void @empty_0, void @empty_0, i32 0, i32 0, i32 0, i32 0, void @empty_0, void @empty_0, i32 4294967295, i32 0"   --->   Operation 11 'specinterface' 'specinterface_ln0' <Predicate = true> <Delay = 0.00>
ST_1 : Operation 12 [1/1] (0.00ns)   --->   "%specinterface_ln0 = specinterface void @_ssdm_op_SpecInterface, i16 %gamma_lut_2, void @empty_7, i32 0, i32 0, void @empty_0, i32 1, i32 0, void @empty_0, void @empty_0, void @empty_0, i32 0, i32 0, i32 0, i32 0, void @empty_0, void @empty_0, i32 4294967295, i32 0"   --->   Operation 12 'specinterface' 'specinterface_ln0' <Predicate = true> <Delay = 0.00>
ST_1 : Operation 13 [1/1] (1.58ns)   --->   "%store_ln315 = store i11 0, i11 %i" [D:/Project2023/SG-Extended/ZyboOrg/hw/hw.runs/system_v_gamma_lut_0_0_synth_1/prj/sol/.autopilot/db/v_gamma_lut.cpp:315]   --->   Operation 13 'store' 'store_ln315' <Predicate = true> <Delay = 1.58>
ST_1 : Operation 14 [1/1] (0.00ns)   --->   "%br_ln0 = br void %VITIS_LOOP_317_2"   --->   Operation 14 'br' 'br_ln0' <Predicate = true> <Delay = 0.00>
ST_1 : Operation 15 [1/1] (0.00ns)   --->   "%i_3 = load i11 %i" [D:/Project2023/SG-Extended/ZyboOrg/hw/hw.runs/system_v_gamma_lut_0_0_synth_1/prj/sol/.autopilot/db/v_gamma_lut.cpp:315]   --->   Operation 15 'load' 'i_3' <Predicate = true> <Delay = 0.00>
ST_1 : Operation 16 [1/1] (1.63ns)   --->   "%icmp_ln315 = icmp_eq  i11 %i_3, i11 1024" [D:/Project2023/SG-Extended/ZyboOrg/hw/hw.runs/system_v_gamma_lut_0_0_synth_1/prj/sol/.autopilot/db/v_gamma_lut.cpp:315]   --->   Operation 16 'icmp' 'icmp_ln315' <Predicate = true> <Delay = 1.63> <CoreInst = "Cmp">   --->   Core 9 'Cmp' <Latency = 0> <II = 1> <Delay = 1.63> <FuncUnit> <Opcode : 'icmp'> <InPorts = 2> <OutPorts = 1>
ST_1 : Operation 17 [1/1] (1.63ns)   --->   "%add_ln315 = add i11 %i_3, i11 1" [D:/Project2023/SG-Extended/ZyboOrg/hw/hw.runs/system_v_gamma_lut_0_0_synth_1/prj/sol/.autopilot/db/v_gamma_lut.cpp:315]   --->   Operation 17 'add' 'add_ln315' <Predicate = true> <Delay = 1.63> <CoreInst = "Adder">   --->   Core 1 'Adder' <Latency = 0> <II = 1> <Delay = 1.63> <FuncUnit> <Opcode : 'add' 'sub'> <InPorts = 2> <OutPorts = 1>
ST_1 : Operation 18 [1/1] (0.00ns)   --->   "%br_ln315 = br i1 %icmp_ln315, void %VITIS_LOOP_317_2.split, void %VITIS_LOOP_327_4.preheader.exitStub" [D:/Project2023/SG-Extended/ZyboOrg/hw/hw.runs/system_v_gamma_lut_0_0_synth_1/prj/sol/.autopilot/db/v_gamma_lut.cpp:315]   --->   Operation 18 'br' 'br_ln315' <Predicate = true> <Delay = 0.00>
ST_1 : Operation 19 [1/1] (0.00ns)   --->   "%zext_ln315 = zext i11 %i_3" [D:/Project2023/SG-Extended/ZyboOrg/hw/hw.runs/system_v_gamma_lut_0_0_synth_1/prj/sol/.autopilot/db/v_gamma_lut.cpp:315]   --->   Operation 19 'zext' 'zext_ln315' <Predicate = (!icmp_ln315)> <Delay = 0.00>
ST_1 : Operation 20 [1/1] (0.00ns)   --->   "%gamma_lut_0_addr = getelementptr i16 %gamma_lut_0, i64 0, i64 %zext_ln315" [D:/Project2023/SG-Extended/ZyboOrg/hw/hw.runs/system_v_gamma_lut_0_0_synth_1/prj/sol/.autopilot/db/v_gamma_lut.cpp:315]   --->   Operation 20 'getelementptr' 'gamma_lut_0_addr' <Predicate = (!icmp_ln315)> <Delay = 0.00>
ST_1 : Operation 21 [2/2] (3.25ns)   --->   "%gamma_lut_0_load = load i10 %gamma_lut_0_addr" [D:/Project2023/SG-Extended/ZyboOrg/hw/hw.runs/system_v_gamma_lut_0_0_synth_1/prj/sol/.autopilot/db/v_gamma_lut.cpp:315]   --->   Operation 21 'load' 'gamma_lut_0_load' <Predicate = (!icmp_ln315)> <Delay = 3.25> <CoreInst = "RAM_1P">   --->   Core 86 'RAM_1P' <Latency = 1> <II = 1> <Delay = 3.25> <Storage> <Opcode : 'load' 'store'> <Ports = 1> <Width = 16> <Depth = 1024> <RAM>
ST_1 : Operation 22 [1/1] (0.00ns)   --->   "%gamma_lut_1_addr = getelementptr i16 %gamma_lut_1, i64 0, i64 %zext_ln315" [D:/Project2023/SG-Extended/ZyboOrg/hw/hw.runs/system_v_gamma_lut_0_0_synth_1/prj/sol/.autopilot/db/v_gamma_lut.cpp:315]   --->   Operation 22 'getelementptr' 'gamma_lut_1_addr' <Predicate = (!icmp_ln315)> <Delay = 0.00>
ST_1 : Operation 23 [2/2] (3.25ns)   --->   "%gamma_lut_1_load = load i10 %gamma_lut_1_addr" [D:/Project2023/SG-Extended/ZyboOrg/hw/hw.runs/system_v_gamma_lut_0_0_synth_1/prj/sol/.autopilot/db/v_gamma_lut.cpp:315]   --->   Operation 23 'load' 'gamma_lut_1_load' <Predicate = (!icmp_ln315)> <Delay = 3.25> <CoreInst = "RAM_1P">   --->   Core 86 'RAM_1P' <Latency = 1> <II = 1> <Delay = 3.25> <Storage> <Opcode : 'load' 'store'> <Ports = 1> <Width = 16> <Depth = 1024> <RAM>
ST_1 : Operation 24 [1/1] (0.00ns)   --->   "%gamma_lut_2_addr = getelementptr i16 %gamma_lut_2, i64 0, i64 %zext_ln315" [D:/Project2023/SG-Extended/ZyboOrg/hw/hw.runs/system_v_gamma_lut_0_0_synth_1/prj/sol/.autopilot/db/v_gamma_lut.cpp:315]   --->   Operation 24 'getelementptr' 'gamma_lut_2_addr' <Predicate = (!icmp_ln315)> <Delay = 0.00>
ST_1 : Operation 25 [2/2] (3.25ns)   --->   "%gamma_lut_2_load = load i10 %gamma_lut_2_addr" [D:/Project2023/SG-Extended/ZyboOrg/hw/hw.runs/system_v_gamma_lut_0_0_synth_1/prj/sol/.autopilot/db/v_gamma_lut.cpp:315]   --->   Operation 25 'load' 'gamma_lut_2_load' <Predicate = (!icmp_ln315)> <Delay = 3.25> <CoreInst = "RAM_1P">   --->   Core 86 'RAM_1P' <Latency = 1> <II = 1> <Delay = 3.25> <Storage> <Opcode : 'load' 'store'> <Ports = 1> <Width = 16> <Depth = 1024> <RAM>
ST_1 : Operation 26 [1/1] (1.58ns)   --->   "%store_ln315 = store i11 %add_ln315, i11 %i" [D:/Project2023/SG-Extended/ZyboOrg/hw/hw.runs/system_v_gamma_lut_0_0_synth_1/prj/sol/.autopilot/db/v_gamma_lut.cpp:315]   --->   Operation 26 'store' 'store_ln315' <Predicate = (!icmp_ln315)> <Delay = 1.58>

State 2 <SV = 1> <Delay = 3.25>
ST_2 : Operation 27 [1/2] (3.25ns)   --->   "%gamma_lut_0_load = load i10 %gamma_lut_0_addr" [D:/Project2023/SG-Extended/ZyboOrg/hw/hw.runs/system_v_gamma_lut_0_0_synth_1/prj/sol/.autopilot/db/v_gamma_lut.cpp:315]   --->   Operation 27 'load' 'gamma_lut_0_load' <Predicate = true> <Delay = 3.25> <CoreInst = "RAM_1P">   --->   Core 86 'RAM_1P' <Latency = 1> <II = 1> <Delay = 3.25> <Storage> <Opcode : 'load' 'store'> <Ports = 1> <Width = 16> <Depth = 1024> <RAM>
ST_2 : Operation 28 [1/1] (0.00ns)   --->   "%empty = trunc i16 %gamma_lut_0_load" [D:/Project2023/SG-Extended/ZyboOrg/hw/hw.runs/system_v_gamma_lut_0_0_synth_1/prj/sol/.autopilot/db/v_gamma_lut.cpp:315]   --->   Operation 28 'trunc' 'empty' <Predicate = true> <Delay = 0.00>
ST_2 : Operation 29 [1/2] (3.25ns)   --->   "%gamma_lut_1_load = load i10 %gamma_lut_1_addr" [D:/Project2023/SG-Extended/ZyboOrg/hw/hw.runs/system_v_gamma_lut_0_0_synth_1/prj/sol/.autopilot/db/v_gamma_lut.cpp:315]   --->   Operation 29 'load' 'gamma_lut_1_load' <Predicate = true> <Delay = 3.25> <CoreInst = "RAM_1P">   --->   Core 86 'RAM_1P' <Latency = 1> <II = 1> <Delay = 3.25> <Storage> <Opcode : 'load' 'store'> <Ports = 1> <Width = 16> <Depth = 1024> <RAM>
ST_2 : Operation 30 [1/1] (0.00ns)   --->   "%empty_88 = trunc i16 %gamma_lut_1_load" [D:/Project2023/SG-Extended/ZyboOrg/hw/hw.runs/system_v_gamma_lut_0_0_synth_1/prj/sol/.autopilot/db/v_gamma_lut.cpp:315]   --->   Operation 30 'trunc' 'empty_88' <Predicate = true> <Delay = 0.00>
ST_2 : Operation 31 [1/2] (3.25ns)   --->   "%gamma_lut_2_load = load i10 %gamma_lut_2_addr" [D:/Project2023/SG-Extended/ZyboOrg/hw/hw.runs/system_v_gamma_lut_0_0_synth_1/prj/sol/.autopilot/db/v_gamma_lut.cpp:315]   --->   Operation 31 'load' 'gamma_lut_2_load' <Predicate = true> <Delay = 3.25> <CoreInst = "RAM_1P">   --->   Core 86 'RAM_1P' <Latency = 1> <II = 1> <Delay = 3.25> <Storage> <Opcode : 'load' 'store'> <Ports = 1> <Width = 16> <Depth = 1024> <RAM>
ST_2 : Operation 32 [1/1] (0.00ns)   --->   "%empty_89 = trunc i16 %gamma_lut_2_load" [D:/Project2023/SG-Extended/ZyboOrg/hw/hw.runs/system_v_gamma_lut_0_0_synth_1/prj/sol/.autopilot/db/v_gamma_lut.cpp:315]   --->   Operation 32 'trunc' 'empty_89' <Predicate = true> <Delay = 0.00>
ST_2 : Operation 61 [1/1] (0.00ns)   --->   "%ret_ln0 = ret"   --->   Operation 61 'ret' 'ret_ln0' <Predicate = (icmp_ln315)> <Delay = 0.00>

State 3 <SV = 2> <Delay = 3.25>
ST_3 : Operation 33 [1/1] (0.00ns)   --->   "%specpipeline_ln315 = specpipeline void @_ssdm_op_SpecPipeline, i32 4294967295, i32 0, i32 0, i32 0, void @empty_0" [D:/Project2023/SG-Extended/ZyboOrg/hw/hw.runs/system_v_gamma_lut_0_0_synth_1/prj/sol/.autopilot/db/v_gamma_lut.cpp:315]   --->   Operation 33 'specpipeline' 'specpipeline_ln315' <Predicate = true> <Delay = 0.00>
ST_3 : Operation 34 [1/1] (0.00ns)   --->   "%speclooptripcount_ln315 = speclooptripcount void @_ssdm_op_SpecLoopTripCount, i64 1024, i64 1024, i64 1024" [D:/Project2023/SG-Extended/ZyboOrg/hw/hw.runs/system_v_gamma_lut_0_0_synth_1/prj/sol/.autopilot/db/v_gamma_lut.cpp:315]   --->   Operation 34 'speclooptripcount' 'speclooptripcount_ln315' <Predicate = true> <Delay = 0.00>
ST_3 : Operation 35 [1/1] (0.00ns)   --->   "%specloopname_ln315 = specloopname void @_ssdm_op_SpecLoopName, void @empty_24" [D:/Project2023/SG-Extended/ZyboOrg/hw/hw.runs/system_v_gamma_lut_0_0_synth_1/prj/sol/.autopilot/db/v_gamma_lut.cpp:315]   --->   Operation 35 'specloopname' 'specloopname_ln315' <Predicate = true> <Delay = 0.00>
ST_3 : Operation 36 [1/1] (0.00ns)   --->   "%lut_0_addr = getelementptr i10 %lut_0, i64 0, i64 %zext_ln315" [D:/Project2023/SG-Extended/ZyboOrg/hw/hw.runs/system_v_gamma_lut_0_0_synth_1/prj/sol/.autopilot/db/v_gamma_lut.cpp:319]   --->   Operation 36 'getelementptr' 'lut_0_addr' <Predicate = true> <Delay = 0.00>
ST_3 : Operation 37 [1/1] (0.00ns)   --->   "%lut_0_1_addr = getelementptr i10 %lut_0_1, i64 0, i64 %zext_ln315" [D:/Project2023/SG-Extended/ZyboOrg/hw/hw.runs/system_v_gamma_lut_0_0_synth_1/prj/sol/.autopilot/db/v_gamma_lut.cpp:319]   --->   Operation 37 'getelementptr' 'lut_0_1_addr' <Predicate = true> <Delay = 0.00>
ST_3 : Operation 38 [1/1] (0.00ns)   --->   "%lut_0_2_addr = getelementptr i10 %lut_0_2, i64 0, i64 %zext_ln315" [D:/Project2023/SG-Extended/ZyboOrg/hw/hw.runs/system_v_gamma_lut_0_0_synth_1/prj/sol/.autopilot/db/v_gamma_lut.cpp:319]   --->   Operation 38 'getelementptr' 'lut_0_2_addr' <Predicate = true> <Delay = 0.00>
ST_3 : Operation 39 [1/1] (0.00ns)   --->   "%lut_0_3_addr = getelementptr i10 %lut_0_3, i64 0, i64 %zext_ln315" [D:/Project2023/SG-Extended/ZyboOrg/hw/hw.runs/system_v_gamma_lut_0_0_synth_1/prj/sol/.autopilot/db/v_gamma_lut.cpp:319]   --->   Operation 39 'getelementptr' 'lut_0_3_addr' <Predicate = true> <Delay = 0.00>
ST_3 : Operation 40 [1/1] (0.00ns)   --->   "%lut_1_addr = getelementptr i10 %lut_1, i64 0, i64 %zext_ln315" [D:/Project2023/SG-Extended/ZyboOrg/hw/hw.runs/system_v_gamma_lut_0_0_synth_1/prj/sol/.autopilot/db/v_gamma_lut.cpp:320]   --->   Operation 40 'getelementptr' 'lut_1_addr' <Predicate = true> <Delay = 0.00>
ST_3 : Operation 41 [1/1] (0.00ns)   --->   "%lut_1_1_addr = getelementptr i10 %lut_1_1, i64 0, i64 %zext_ln315" [D:/Project2023/SG-Extended/ZyboOrg/hw/hw.runs/system_v_gamma_lut_0_0_synth_1/prj/sol/.autopilot/db/v_gamma_lut.cpp:320]   --->   Operation 41 'getelementptr' 'lut_1_1_addr' <Predicate = true> <Delay = 0.00>
ST_3 : Operation 42 [1/1] (0.00ns)   --->   "%lut_1_2_addr = getelementptr i10 %lut_1_2, i64 0, i64 %zext_ln315" [D:/Project2023/SG-Extended/ZyboOrg/hw/hw.runs/system_v_gamma_lut_0_0_synth_1/prj/sol/.autopilot/db/v_gamma_lut.cpp:320]   --->   Operation 42 'getelementptr' 'lut_1_2_addr' <Predicate = true> <Delay = 0.00>
ST_3 : Operation 43 [1/1] (0.00ns)   --->   "%lut_1_3_addr = getelementptr i10 %lut_1_3, i64 0, i64 %zext_ln315" [D:/Project2023/SG-Extended/ZyboOrg/hw/hw.runs/system_v_gamma_lut_0_0_synth_1/prj/sol/.autopilot/db/v_gamma_lut.cpp:320]   --->   Operation 43 'getelementptr' 'lut_1_3_addr' <Predicate = true> <Delay = 0.00>
ST_3 : Operation 44 [1/1] (0.00ns)   --->   "%lut_2_addr = getelementptr i10 %lut_2, i64 0, i64 %zext_ln315" [D:/Project2023/SG-Extended/ZyboOrg/hw/hw.runs/system_v_gamma_lut_0_0_synth_1/prj/sol/.autopilot/db/v_gamma_lut.cpp:321]   --->   Operation 44 'getelementptr' 'lut_2_addr' <Predicate = true> <Delay = 0.00>
ST_3 : Operation 45 [1/1] (0.00ns)   --->   "%lut_2_1_addr = getelementptr i10 %lut_2_1, i64 0, i64 %zext_ln315" [D:/Project2023/SG-Extended/ZyboOrg/hw/hw.runs/system_v_gamma_lut_0_0_synth_1/prj/sol/.autopilot/db/v_gamma_lut.cpp:321]   --->   Operation 45 'getelementptr' 'lut_2_1_addr' <Predicate = true> <Delay = 0.00>
ST_3 : Operation 46 [1/1] (0.00ns)   --->   "%lut_2_2_addr = getelementptr i10 %lut_2_2, i64 0, i64 %zext_ln315" [D:/Project2023/SG-Extended/ZyboOrg/hw/hw.runs/system_v_gamma_lut_0_0_synth_1/prj/sol/.autopilot/db/v_gamma_lut.cpp:321]   --->   Operation 46 'getelementptr' 'lut_2_2_addr' <Predicate = true> <Delay = 0.00>
ST_3 : Operation 47 [1/1] (0.00ns)   --->   "%lut_2_3_addr = getelementptr i10 %lut_2_3, i64 0, i64 %zext_ln315" [D:/Project2023/SG-Extended/ZyboOrg/hw/hw.runs/system_v_gamma_lut_0_0_synth_1/prj/sol/.autopilot/db/v_gamma_lut.cpp:321]   --->   Operation 47 'getelementptr' 'lut_2_3_addr' <Predicate = true> <Delay = 0.00>
ST_3 : Operation 48 [1/1] (3.25ns)   --->   "%store_ln319 = store i10 %empty, i10 %lut_0_addr" [D:/Project2023/SG-Extended/ZyboOrg/hw/hw.runs/system_v_gamma_lut_0_0_synth_1/prj/sol/.autopilot/db/v_gamma_lut.cpp:319]   --->   Operation 48 'store' 'store_ln319' <Predicate = true> <Delay = 3.25> <CoreInst = "RAM">   --->   Core 82 'RAM' <Latency = 1> <II = 1> <Delay = 3.25> <Storage> <Opcode : 'load' 'store'> <Ports = 2> <Width = 10> <Depth = 1024> <RAM>
ST_3 : Operation 49 [1/1] (3.25ns)   --->   "%store_ln319 = store i10 %empty, i10 %lut_0_1_addr" [D:/Project2023/SG-Extended/ZyboOrg/hw/hw.runs/system_v_gamma_lut_0_0_synth_1/prj/sol/.autopilot/db/v_gamma_lut.cpp:319]   --->   Operation 49 'store' 'store_ln319' <Predicate = true> <Delay = 3.25> <CoreInst = "RAM">   --->   Core 82 'RAM' <Latency = 1> <II = 1> <Delay = 3.25> <Storage> <Opcode : 'load' 'store'> <Ports = 2> <Width = 10> <Depth = 1024> <RAM>
ST_3 : Operation 50 [1/1] (3.25ns)   --->   "%store_ln319 = store i10 %empty, i10 %lut_0_2_addr" [D:/Project2023/SG-Extended/ZyboOrg/hw/hw.runs/system_v_gamma_lut_0_0_synth_1/prj/sol/.autopilot/db/v_gamma_lut.cpp:319]   --->   Operation 50 'store' 'store_ln319' <Predicate = true> <Delay = 3.25> <CoreInst = "RAM">   --->   Core 82 'RAM' <Latency = 1> <II = 1> <Delay = 3.25> <Storage> <Opcode : 'load' 'store'> <Ports = 2> <Width = 10> <Depth = 1024> <RAM>
ST_3 : Operation 51 [1/1] (3.25ns)   --->   "%store_ln319 = store i10 %empty, i10 %lut_0_3_addr" [D:/Project2023/SG-Extended/ZyboOrg/hw/hw.runs/system_v_gamma_lut_0_0_synth_1/prj/sol/.autopilot/db/v_gamma_lut.cpp:319]   --->   Operation 51 'store' 'store_ln319' <Predicate = true> <Delay = 3.25> <CoreInst = "RAM">   --->   Core 82 'RAM' <Latency = 1> <II = 1> <Delay = 3.25> <Storage> <Opcode : 'load' 'store'> <Ports = 2> <Width = 10> <Depth = 1024> <RAM>
ST_3 : Operation 52 [1/1] (3.25ns)   --->   "%store_ln320 = store i10 %empty_88, i10 %lut_1_addr" [D:/Project2023/SG-Extended/ZyboOrg/hw/hw.runs/system_v_gamma_lut_0_0_synth_1/prj/sol/.autopilot/db/v_gamma_lut.cpp:320]   --->   Operation 52 'store' 'store_ln320' <Predicate = true> <Delay = 3.25> <CoreInst = "RAM">   --->   Core 82 'RAM' <Latency = 1> <II = 1> <Delay = 3.25> <Storage> <Opcode : 'load' 'store'> <Ports = 2> <Width = 10> <Depth = 1024> <RAM>
ST_3 : Operation 53 [1/1] (3.25ns)   --->   "%store_ln320 = store i10 %empty_88, i10 %lut_1_1_addr" [D:/Project2023/SG-Extended/ZyboOrg/hw/hw.runs/system_v_gamma_lut_0_0_synth_1/prj/sol/.autopilot/db/v_gamma_lut.cpp:320]   --->   Operation 53 'store' 'store_ln320' <Predicate = true> <Delay = 3.25> <CoreInst = "RAM">   --->   Core 82 'RAM' <Latency = 1> <II = 1> <Delay = 3.25> <Storage> <Opcode : 'load' 'store'> <Ports = 2> <Width = 10> <Depth = 1024> <RAM>
ST_3 : Operation 54 [1/1] (3.25ns)   --->   "%store_ln320 = store i10 %empty_88, i10 %lut_1_2_addr" [D:/Project2023/SG-Extended/ZyboOrg/hw/hw.runs/system_v_gamma_lut_0_0_synth_1/prj/sol/.autopilot/db/v_gamma_lut.cpp:320]   --->   Operation 54 'store' 'store_ln320' <Predicate = true> <Delay = 3.25> <CoreInst = "RAM">   --->   Core 82 'RAM' <Latency = 1> <II = 1> <Delay = 3.25> <Storage> <Opcode : 'load' 'store'> <Ports = 2> <Width = 10> <Depth = 1024> <RAM>
ST_3 : Operation 55 [1/1] (3.25ns)   --->   "%store_ln320 = store i10 %empty_88, i10 %lut_1_3_addr" [D:/Project2023/SG-Extended/ZyboOrg/hw/hw.runs/system_v_gamma_lut_0_0_synth_1/prj/sol/.autopilot/db/v_gamma_lut.cpp:320]   --->   Operation 55 'store' 'store_ln320' <Predicate = true> <Delay = 3.25> <CoreInst = "RAM">   --->   Core 82 'RAM' <Latency = 1> <II = 1> <Delay = 3.25> <Storage> <Opcode : 'load' 'store'> <Ports = 2> <Width = 10> <Depth = 1024> <RAM>
ST_3 : Operation 56 [1/1] (3.25ns)   --->   "%store_ln321 = store i10 %empty_89, i10 %lut_2_addr" [D:/Project2023/SG-Extended/ZyboOrg/hw/hw.runs/system_v_gamma_lut_0_0_synth_1/prj/sol/.autopilot/db/v_gamma_lut.cpp:321]   --->   Operation 56 'store' 'store_ln321' <Predicate = true> <Delay = 3.25> <CoreInst = "RAM">   --->   Core 82 'RAM' <Latency = 1> <II = 1> <Delay = 3.25> <Storage> <Opcode : 'load' 'store'> <Ports = 2> <Width = 10> <Depth = 1024> <RAM>
ST_3 : Operation 57 [1/1] (3.25ns)   --->   "%store_ln321 = store i10 %empty_89, i10 %lut_2_1_addr" [D:/Project2023/SG-Extended/ZyboOrg/hw/hw.runs/system_v_gamma_lut_0_0_synth_1/prj/sol/.autopilot/db/v_gamma_lut.cpp:321]   --->   Operation 57 'store' 'store_ln321' <Predicate = true> <Delay = 3.25> <CoreInst = "RAM">   --->   Core 82 'RAM' <Latency = 1> <II = 1> <Delay = 3.25> <Storage> <Opcode : 'load' 'store'> <Ports = 2> <Width = 10> <Depth = 1024> <RAM>
ST_3 : Operation 58 [1/1] (3.25ns)   --->   "%store_ln321 = store i10 %empty_89, i10 %lut_2_2_addr" [D:/Project2023/SG-Extended/ZyboOrg/hw/hw.runs/system_v_gamma_lut_0_0_synth_1/prj/sol/.autopilot/db/v_gamma_lut.cpp:321]   --->   Operation 58 'store' 'store_ln321' <Predicate = true> <Delay = 3.25> <CoreInst = "RAM">   --->   Core 82 'RAM' <Latency = 1> <II = 1> <Delay = 3.25> <Storage> <Opcode : 'load' 'store'> <Ports = 2> <Width = 10> <Depth = 1024> <RAM>
ST_3 : Operation 59 [1/1] (3.25ns)   --->   "%store_ln321 = store i10 %empty_89, i10 %lut_2_3_addr" [D:/Project2023/SG-Extended/ZyboOrg/hw/hw.runs/system_v_gamma_lut_0_0_synth_1/prj/sol/.autopilot/db/v_gamma_lut.cpp:321]   --->   Operation 59 'store' 'store_ln321' <Predicate = true> <Delay = 3.25> <CoreInst = "RAM">   --->   Core 82 'RAM' <Latency = 1> <II = 1> <Delay = 3.25> <Storage> <Opcode : 'load' 'store'> <Ports = 2> <Width = 10> <Depth = 1024> <RAM>
ST_3 : Operation 60 [1/1] (0.00ns)   --->   "%br_ln315 = br void %VITIS_LOOP_317_2" [D:/Project2023/SG-Extended/ZyboOrg/hw/hw.runs/system_v_gamma_lut_0_0_synth_1/prj/sol/.autopilot/db/v_gamma_lut.cpp:315]   --->   Operation 60 'br' 'br_ln315' <Predicate = true> <Delay = 0.00>


============================================================
+ Verbose Summary: Timing violations
============================================================
Target clock period: 6.667ns, clock uncertainty: 1.800ns.

 <State 1>: 4.842ns
The critical path consists of the following:
	'store' operation 0 bit ('store_ln315', D:/Project2023/SG-Extended/ZyboOrg/hw/hw.runs/system_v_gamma_lut_0_0_synth_1/prj/sol/.autopilot/db/v_gamma_lut.cpp:315) of constant 0 on local variable 'i', D:/Project2023/SG-Extended/ZyboOrg/hw/hw.runs/system_v_gamma_lut_0_0_synth_1/prj/sol/.autopilot/db/v_gamma_lut.cpp:315 [23]  (1.588 ns)
	'load' operation 11 bit ('i', D:/Project2023/SG-Extended/ZyboOrg/hw/hw.runs/system_v_gamma_lut_0_0_synth_1/prj/sol/.autopilot/db/v_gamma_lut.cpp:315) on local variable 'i', D:/Project2023/SG-Extended/ZyboOrg/hw/hw.runs/system_v_gamma_lut_0_0_synth_1/prj/sol/.autopilot/db/v_gamma_lut.cpp:315 [26]  (0.000 ns)
	'getelementptr' operation 10 bit ('gamma_lut_0_addr', D:/Project2023/SG-Extended/ZyboOrg/hw/hw.runs/system_v_gamma_lut_0_0_synth_1/prj/sol/.autopilot/db/v_gamma_lut.cpp:315) [35]  (0.000 ns)
	'load' operation 16 bit ('gamma_lut_0_load', D:/Project2023/SG-Extended/ZyboOrg/hw/hw.runs/system_v_gamma_lut_0_0_synth_1/prj/sol/.autopilot/db/v_gamma_lut.cpp:315) on array 'gamma_lut_0' [36]  (3.254 ns)

 <State 2>: 3.254ns
The critical path consists of the following:
	'load' operation 16 bit ('gamma_lut_0_load', D:/Project2023/SG-Extended/ZyboOrg/hw/hw.runs/system_v_gamma_lut_0_0_synth_1/prj/sol/.autopilot/db/v_gamma_lut.cpp:315) on array 'gamma_lut_0' [36]  (3.254 ns)

 <State 3>: 3.254ns
The critical path consists of the following:
	'getelementptr' operation 10 bit ('lut_0_addr', D:/Project2023/SG-Extended/ZyboOrg/hw/hw.runs/system_v_gamma_lut_0_0_synth_1/prj/sol/.autopilot/db/v_gamma_lut.cpp:319) [44]  (0.000 ns)
	'store' operation 0 bit ('store_ln319', D:/Project2023/SG-Extended/ZyboOrg/hw/hw.runs/system_v_gamma_lut_0_0_synth_1/prj/sol/.autopilot/db/v_gamma_lut.cpp:319) of variable 'empty', D:/Project2023/SG-Extended/ZyboOrg/hw/hw.runs/system_v_gamma_lut_0_0_synth_1/prj/sol/.autopilot/db/v_gamma_lut.cpp:315 on array 'lut_0' [56]  (3.254 ns)


============================================================
+ Verbose Summary: Binding
============================================================
N/A
* FSMD analyzer results:
  - Output states:
 - Input state : 
  - Chain level:
	State 1
	State 2
	State 3


============================================================
+ Verbose Summary: Datapath Resource usage 
============================================================
N/A
