

================================================================
== Vitis HLS Report for 'MultiPixStream2AXIvideo'
================================================================
* Date:           Wed Nov  8 16:03:35 2023

* Version:        2023.2 (Build 4023990 on Oct 11 2023)
* Project:        prj
* Solution:       sol (Vivado IP Flow Target)
* Product family: zynq
* Target device:  xc7z020-clg400-1


================================================================
== Performance Estimates
================================================================
+ Timing: 
    * Summary: 
    +--------+---------+----------+------------+
    |  Clock |  Target | Estimated| Uncertainty|
    +--------+---------+----------+------------+
    |ap_clk  |  6.67 ns|  5.091 ns|     1.80 ns|
    +--------+---------+----------+------------+

+ Latency: 
    * Summary: 
    +---------+---------+-----------+----------+-----+--------+---------+
    |  Latency (cycles) |  Latency (absolute)  |   Interval   | Pipeline|
    |   min   |   max   |    min    |    max   | min |   max  |   Type  |
    +---------+---------+-----------+----------+-----+--------+---------+
    |        2|   133922|  13.334 ns|  0.893 ms|    2|  133922|       no|
    +---------+---------+-----------+----------+-----+--------+---------+

    + Detail: 
        * Instance: 
        +--------------------------------------------------------------+---------------------------------------------------+---------+---------+-----------+----------+-----+-----+---------+
        |                                                              |                                                   |  Latency (cycles) |  Latency (absolute)  |  Interval | Pipeline|
        |                           Instance                           |                       Module                      |   min   |   max   |    min    |    max   | min | max |   Type  |
        +--------------------------------------------------------------+---------------------------------------------------+---------+---------+-----------+----------+-----+-----+---------+
        |grp_MultiPixStream2AXIvideo_Pipeline_VITIS_LOOP_258_2_fu_104  |MultiPixStream2AXIvideo_Pipeline_VITIS_LOOP_258_2  |        3|      183|  20.001 ns|  1.220 us|    3|  183|       no|
        +--------------------------------------------------------------+---------------------------------------------------+---------+---------+-----------+----------+-----+-----+---------+

        * Loop: 
        +--------------------+---------+---------+----------+-----------+-----------+---------+----------+
        |                    |  Latency (cycles) | Iteration|  Initiation Interval  |   Trip  |          |
        |      Loop Name     |   min   |   max   |  Latency |  achieved |   target  |  Count  | Pipelined|
        +--------------------+---------+---------+----------+-----------+-----------+---------+----------+
        |- VITIS_LOOP_256_1  |        0|   133920|   6 ~ 186|          -|          -|  0 ~ 720|        no|
        +--------------------+---------+---------+----------+-----------+-----------+---------+----------+



================================================================
== Utilization Estimates
================================================================
* Summary: 
+-----------------+---------+-----+--------+-------+-----+
|       Name      | BRAM_18K| DSP |   FF   |  LUT  | URAM|
+-----------------+---------+-----+--------+-------+-----+
|DSP              |        -|    -|       -|      -|    -|
|Expression       |        -|    -|       0|     61|    -|
|FIFO             |        -|    -|       -|      -|    -|
|Instance         |        -|    -|      15|    119|    -|
|Memory           |        -|    -|       -|      -|    -|
|Multiplexer      |        -|    -|       -|     67|    -|
|Register         |        -|    -|      47|      -|    -|
+-----------------+---------+-----+--------+-------+-----+
|Total            |        0|    0|      62|    247|    0|
+-----------------+---------+-----+--------+-------+-----+
|Available        |      280|  220|  106400|  53200|    0|
+-----------------+---------+-----+--------+-------+-----+
|Utilization (%)  |        0|    0|      ~0|     ~0|    0|
+-----------------+---------+-----+--------+-------+-----+

+ Detail: 
    * Instance: 
    +--------------------------------------------------------------+---------------------------------------------------+---------+----+----+-----+-----+
    |                           Instance                           |                       Module                      | BRAM_18K| DSP| FF | LUT | URAM|
    +--------------------------------------------------------------+---------------------------------------------------+---------+----+----+-----+-----+
    |grp_MultiPixStream2AXIvideo_Pipeline_VITIS_LOOP_258_2_fu_104  |MultiPixStream2AXIvideo_Pipeline_VITIS_LOOP_258_2  |        0|   0|  15|  119|    0|
    +--------------------------------------------------------------+---------------------------------------------------+---------+----+----+-----+-----+
    |Total                                                         |                                                   |        0|   0|  15|  119|    0|
    +--------------------------------------------------------------+---------------------------------------------------+---------+----+----+-----+-----+

    * DSP: 
    N/A

    * Memory: 
    N/A

    * FIFO: 
    N/A

    * Expression: 
    +----------------------------------------------------------------------------------+----------+----+---+----+------------+------------+
    |                                   Variable Name                                  | Operation| DSP| FF| LUT| Bitwidth P0| Bitwidth P1|
    +----------------------------------------------------------------------------------+----------+----+---+----+------------+------------+
    |i_2_fu_171_p2                                                                     |         +|   0|  0|  13|          10|           1|
    |sub_i_i_fu_146_p2                                                                 |         +|   0|  0|  14|           9|           2|
    |and_ln256_fu_177_p2                                                               |       and|   0|  0|   2|           1|           1|
    |grp_MultiPixStream2AXIvideo_Pipeline_VITIS_LOOP_258_2_fu_104_m_axis_video_TREADY  |       and|   0|  0|   2|           1|           1|
    |icmp_ln256_1_fu_166_p2                                                            |      icmp|   0|  0|  13|          10|          10|
    |icmp_ln256_fu_152_p2                                                              |      icmp|   0|  0|  15|           8|           1|
    |ap_block_state1                                                                   |        or|   0|  0|   2|           1|           1|
    +----------------------------------------------------------------------------------+----------+----+---+----+------------+------------+
    |Total                                                                             |          |   0|  0|  61|          40|          17|
    +----------------------------------------------------------------------------------+----------+----+---+----+------------+------------+

    * Multiplexer: 
    +---------------+----+-----------+-----+-----------+
    |      Name     | LUT| Input Size| Bits| Total Bits|
    +---------------+----+-----------+-----+-----------+
    |ap_NS_fsm      |  31|          6|    1|          6|
    |ap_done        |   9|          2|    1|          2|
    |i_fu_76        |   9|          2|   10|         20|
    |imgGamma_read  |   9|          2|    1|          2|
    |sof_reg_92     |   9|          2|    1|          2|
    +---------------+----+-----------+-----+-----------+
    |Total          |  67|         14|   14|         32|
    +---------------+----+-----------+-----+-----------+

    * Register: 
    +---------------------------------------------------------------------------+----+----+-----+-----------+
    |                                    Name                                   | FF | LUT| Bits| Const Bits|
    +---------------------------------------------------------------------------+----+----+-----+-----------+
    |and_ln256_reg_217                                                          |   1|   0|    1|          0|
    |ap_CS_fsm                                                                  |   5|   0|    5|          0|
    |ap_done_reg                                                                |   1|   0|    1|          0|
    |div_i_i54_cast1_reg_199                                                    |   8|   0|    8|          0|
    |grp_MultiPixStream2AXIvideo_Pipeline_VITIS_LOOP_258_2_fu_104_ap_start_reg  |   1|   0|    1|          0|
    |i_fu_76                                                                    |  10|   0|   10|          0|
    |icmp_ln256_reg_209                                                         |   1|   0|    1|          0|
    |sof_reg_92                                                                 |   1|   0|    1|          0|
    |sub_i_i_reg_204                                                            |   9|   0|    9|          0|
    |trunc_ln249_reg_194                                                        |  10|   0|   10|          0|
    +---------------------------------------------------------------------------+----+----+-----+-----------+
    |Total                                                                      |  47|   0|   47|          0|
    +---------------------------------------------------------------------------+----+----+-----+-----------+



================================================================
== Interface
================================================================
* Summary: 
+-------------------------+-----+-----+------------+-------------------------+--------------+
|        RTL Ports        | Dir | Bits|  Protocol  |      Source Object      |    C Type    |
+-------------------------+-----+-----+------------+-------------------------+--------------+
|ap_clk                   |   in|    1|  ap_ctrl_hs|  MultiPixStream2AXIvideo|  return value|
|ap_rst                   |   in|    1|  ap_ctrl_hs|  MultiPixStream2AXIvideo|  return value|
|ap_start                 |   in|    1|  ap_ctrl_hs|  MultiPixStream2AXIvideo|  return value|
|ap_done                  |  out|    1|  ap_ctrl_hs|  MultiPixStream2AXIvideo|  return value|
|ap_continue              |   in|    1|  ap_ctrl_hs|  MultiPixStream2AXIvideo|  return value|
|ap_idle                  |  out|    1|  ap_ctrl_hs|  MultiPixStream2AXIvideo|  return value|
|ap_ready                 |  out|    1|  ap_ctrl_hs|  MultiPixStream2AXIvideo|  return value|
|imgGamma_dout            |   in|  120|     ap_fifo|                 imgGamma|       pointer|
|imgGamma_num_data_valid  |   in|    5|     ap_fifo|                 imgGamma|       pointer|
|imgGamma_fifo_cap        |   in|    5|     ap_fifo|                 imgGamma|       pointer|
|imgGamma_empty_n         |   in|    1|     ap_fifo|                 imgGamma|       pointer|
|imgGamma_read            |  out|    1|     ap_fifo|                 imgGamma|       pointer|
|m_axis_video_TDATA       |  out|  120|        axis|    m_axis_video_V_data_V|       pointer|
|m_axis_video_TVALID      |  out|    1|        axis|    m_axis_video_V_dest_V|       pointer|
|m_axis_video_TREADY      |   in|    1|        axis|    m_axis_video_V_dest_V|       pointer|
|m_axis_video_TDEST       |  out|    1|        axis|    m_axis_video_V_dest_V|       pointer|
|m_axis_video_TKEEP       |  out|   15|        axis|    m_axis_video_V_keep_V|       pointer|
|m_axis_video_TSTRB       |  out|   15|        axis|    m_axis_video_V_strb_V|       pointer|
|m_axis_video_TUSER       |  out|    1|        axis|    m_axis_video_V_user_V|       pointer|
|m_axis_video_TLAST       |  out|    1|        axis|    m_axis_video_V_last_V|       pointer|
|m_axis_video_TID         |  out|    1|        axis|      m_axis_video_V_id_V|       pointer|
|height                   |   in|   16|     ap_none|                   height|       pointer|
|width                    |   in|   16|     ap_none|                    width|       pointer|
+-------------------------+-----+-----+------------+-------------------------+--------------+

============================================================
+ Verbose Summary: Synthesis Manager
============================================================
InlineROM: 1
ExposeGlobal: 0
============================================================
+ Verbose Summary: CDFG Model
============================================================
IsTopModel: 0
ResetActiveHigh: 1
IsCombinational: 2
IsDatapathOnly: 0
HasWiredReturn: 1
HasMFsm: 0
HasVarLatency: 1
IsPipeline: 0
IsRtlPipelined: 0
IsInstanceOverlapped: 0
IsDontTouch: 0
HasImplIP: 0
IsGatedGlobalClock: 0


============================================================
+ Verbose Summary: Schedule
============================================================
* Number of FSM states : 5
* Pipeline : 0
* Dataflow Pipeline: 0

* FSM state transitions: 
1 --> 2 
2 --> 3 5 
3 --> 4 
4 --> 2 
5 --> 

* FSM state operations: 

State 1 <SV = 0> <Delay = 1.91>
ST_1 : Operation 6 [1/1] (0.00ns)   --->   "%i = alloca i32 1" [D:/Project2023/SG-Extended/ZyboOrg/hw/hw.runs/system_v_gamma_lut_0_0_synth_1/prj/sol/.autopilot/db/v_gamma_lut.cpp:256]   --->   Operation 6 'alloca' 'i' <Predicate = true> <Delay = 0.00>
ST_1 : Operation 7 [1/1] (0.00ns)   --->   "%specaxissidechannel_ln0 = specaxissidechannel void @_ssdm_op_SpecAXISSideChannel, i120 %m_axis_video_V_data_V, i15 %m_axis_video_V_keep_V, i15 %m_axis_video_V_strb_V, i1 %m_axis_video_V_user_V, i1 %m_axis_video_V_last_V, i1 %m_axis_video_V_id_V, i1 %m_axis_video_V_dest_V, void @empty_13"   --->   Operation 7 'specaxissidechannel' 'specaxissidechannel_ln0' <Predicate = true> <Delay = 0.00>
ST_1 : Operation 8 [1/1] (0.00ns)   --->   "%specstablecontent_ln0 = specstablecontent void @_ssdm_op_SpecStableContent, i16 %height, void "   --->   Operation 8 'specstablecontent' 'specstablecontent_ln0' <Predicate = true> <Delay = 0.00>
ST_1 : Operation 9 [1/1] (0.00ns)   --->   "%specstablecontent_ln0 = specstablecontent void @_ssdm_op_SpecStableContent, i16 %width, void "   --->   Operation 9 'specstablecontent' 'specstablecontent_ln0' <Predicate = true> <Delay = 0.00>
ST_1 : Operation 10 [1/1] (0.00ns)   --->   "%specinterface_ln0 = specinterface void @_ssdm_op_SpecInterface, i120 %imgGamma, void @empty_12, i32 0, i32 0, void @empty_0, i32 0, i32 0, void @empty_0, void @empty_0, void @empty_0, i32 0, i32 0, i32 0, i32 0, void @empty_0, void @empty_0, i32 4294967295, i32 0"   --->   Operation 10 'specinterface' 'specinterface_ln0' <Predicate = true> <Delay = 0.00>
ST_1 : Operation 11 [1/1] (0.00ns)   --->   "%specinterface_ln0 = specinterface void @_ssdm_op_SpecInterface, i1 %m_axis_video_V_dest_V, i1 %m_axis_video_V_id_V, i1 %m_axis_video_V_last_V, i1 %m_axis_video_V_user_V, i15 %m_axis_video_V_strb_V, i15 %m_axis_video_V_keep_V, i120 %m_axis_video_V_data_V, void @empty_10, i32 1, i32 1, void @empty_11, i32 0, i32 0, void @empty_0, void @empty_0, void @empty_0, i32 0, i32 0, i32 0, i32 0, void @empty_0, void @empty_0, i32 4294967295, i32 0"   --->   Operation 11 'specinterface' 'specinterface_ln0' <Predicate = true> <Delay = 0.00>
ST_1 : Operation 12 [1/1] (0.00ns)   --->   "%rows = read i16 @_ssdm_op_Read.ap_auto.i16P0A, i16 %height" [D:/Project2023/SG-Extended/ZyboOrg/hw/hw.runs/system_v_gamma_lut_0_0_synth_1/prj/sol/.autopilot/db/v_gamma_lut.cpp:249]   --->   Operation 12 'read' 'rows' <Predicate = true> <Delay = 0.00>
ST_1 : Operation 13 [1/1] (0.00ns)   --->   "%trunc_ln249 = trunc i16 %rows" [D:/Project2023/SG-Extended/ZyboOrg/hw/hw.runs/system_v_gamma_lut_0_0_synth_1/prj/sol/.autopilot/db/v_gamma_lut.cpp:249]   --->   Operation 13 'trunc' 'trunc_ln249' <Predicate = true> <Delay = 0.00>
ST_1 : Operation 14 [1/1] (0.00ns)   --->   "%cols = read i16 @_ssdm_op_Read.ap_auto.i16P0A, i16 %width" [D:/Project2023/SG-Extended/ZyboOrg/hw/hw.runs/system_v_gamma_lut_0_0_synth_1/prj/sol/.autopilot/db/v_gamma_lut.cpp:250]   --->   Operation 14 'read' 'cols' <Predicate = true> <Delay = 0.00>
ST_1 : Operation 15 [1/1] (0.00ns)   --->   "%div_i_i54_cast1 = partselect i8 @_ssdm_op_PartSelect.i8.i16.i32.i32, i16 %cols, i32 2, i32 9" [D:/Project2023/SG-Extended/ZyboOrg/hw/hw.runs/system_v_gamma_lut_0_0_synth_1/prj/sol/.autopilot/db/v_gamma_lut.cpp:250]   --->   Operation 15 'partselect' 'div_i_i54_cast1' <Predicate = true> <Delay = 0.00>
ST_1 : Operation 16 [1/1] (0.00ns)   --->   "%div_i_i54_cast = zext i8 %div_i_i54_cast1" [D:/Project2023/SG-Extended/ZyboOrg/hw/hw.runs/system_v_gamma_lut_0_0_synth_1/prj/sol/.autopilot/db/v_gamma_lut.cpp:250]   --->   Operation 16 'zext' 'div_i_i54_cast' <Predicate = true> <Delay = 0.00>
ST_1 : Operation 17 [1/1] (1.91ns)   --->   "%sub_i_i = add i9 %div_i_i54_cast, i9 511" [D:/Project2023/SG-Extended/ZyboOrg/hw/hw.runs/system_v_gamma_lut_0_0_synth_1/prj/sol/.autopilot/db/v_gamma_lut.cpp:250]   --->   Operation 17 'add' 'sub_i_i' <Predicate = true> <Delay = 1.91> <CoreInst = "Adder">   --->   Core 1 'Adder' <Latency = 0> <II = 1> <Delay = 1.82> <FuncUnit> <Opcode : 'add' 'sub'> <InPorts = 2> <OutPorts = 1>
ST_1 : Operation 18 [1/1] (1.91ns)   --->   "%icmp_ln256 = icmp_eq  i8 %div_i_i54_cast1, i8 0" [D:/Project2023/SG-Extended/ZyboOrg/hw/hw.runs/system_v_gamma_lut_0_0_synth_1/prj/sol/.autopilot/db/v_gamma_lut.cpp:256]   --->   Operation 18 'icmp' 'icmp_ln256' <Predicate = true> <Delay = 1.91> <CoreInst = "Cmp">   --->   Core 9 'Cmp' <Latency = 0> <II = 1> <Delay = 1.91> <FuncUnit> <Opcode : 'icmp'> <InPorts = 2> <OutPorts = 1>
ST_1 : Operation 19 [1/1] (1.58ns)   --->   "%store_ln256 = store i10 0, i10 %i" [D:/Project2023/SG-Extended/ZyboOrg/hw/hw.runs/system_v_gamma_lut_0_0_synth_1/prj/sol/.autopilot/db/v_gamma_lut.cpp:256]   --->   Operation 19 'store' 'store_ln256' <Predicate = true> <Delay = 1.58>
ST_1 : Operation 20 [1/1] (1.58ns)   --->   "%br_ln256 = br void %VITIS_LOOP_258_2" [D:/Project2023/SG-Extended/ZyboOrg/hw/hw.runs/system_v_gamma_lut_0_0_synth_1/prj/sol/.autopilot/db/v_gamma_lut.cpp:256]   --->   Operation 20 'br' 'br_ln256' <Predicate = true> <Delay = 1.58>

State 2 <SV = 1> <Delay = 3.31>
ST_2 : Operation 21 [1/1] (0.00ns)   --->   "%sof = phi i1 1, void %entry, i1 %and_ln256, void %VITIS_LOOP_258_2.split" [D:/Project2023/SG-Extended/ZyboOrg/hw/hw.runs/system_v_gamma_lut_0_0_synth_1/prj/sol/.autopilot/db/v_gamma_lut.cpp:256]   --->   Operation 21 'phi' 'sof' <Predicate = true> <Delay = 0.00>
ST_2 : Operation 22 [1/1] (0.00ns)   --->   "%i_1 = load i10 %i" [D:/Project2023/SG-Extended/ZyboOrg/hw/hw.runs/system_v_gamma_lut_0_0_synth_1/prj/sol/.autopilot/db/v_gamma_lut.cpp:256]   --->   Operation 22 'load' 'i_1' <Predicate = true> <Delay = 0.00>
ST_2 : Operation 23 [1/1] (1.73ns)   --->   "%icmp_ln256_1 = icmp_eq  i10 %i_1, i10 %trunc_ln249" [D:/Project2023/SG-Extended/ZyboOrg/hw/hw.runs/system_v_gamma_lut_0_0_synth_1/prj/sol/.autopilot/db/v_gamma_lut.cpp:256]   --->   Operation 23 'icmp' 'icmp_ln256_1' <Predicate = true> <Delay = 1.73> <CoreInst = "Cmp">   --->   Core 9 'Cmp' <Latency = 0> <II = 1> <Delay = 1.73> <FuncUnit> <Opcode : 'icmp'> <InPorts = 2> <OutPorts = 1>
ST_2 : Operation 24 [1/1] (0.00ns)   --->   "%speclooptripcount_ln0 = speclooptripcount void @_ssdm_op_SpecLoopTripCount, i64 0, i64 720, i64 0"   --->   Operation 24 'speclooptripcount' 'speclooptripcount_ln0' <Predicate = true> <Delay = 0.00>
ST_2 : Operation 25 [1/1] (1.73ns)   --->   "%i_2 = add i10 %i_1, i10 1" [D:/Project2023/SG-Extended/ZyboOrg/hw/hw.runs/system_v_gamma_lut_0_0_synth_1/prj/sol/.autopilot/db/v_gamma_lut.cpp:256]   --->   Operation 25 'add' 'i_2' <Predicate = true> <Delay = 1.73> <CoreInst = "Adder">   --->   Core 1 'Adder' <Latency = 0> <II = 1> <Delay = 1.73> <FuncUnit> <Opcode : 'add' 'sub'> <InPorts = 2> <OutPorts = 1>
ST_2 : Operation 26 [1/1] (0.00ns)   --->   "%br_ln256 = br i1 %icmp_ln256_1, void %VITIS_LOOP_258_2.split, void %for.end47.loopexit" [D:/Project2023/SG-Extended/ZyboOrg/hw/hw.runs/system_v_gamma_lut_0_0_synth_1/prj/sol/.autopilot/db/v_gamma_lut.cpp:256]   --->   Operation 26 'br' 'br_ln256' <Predicate = true> <Delay = 0.00>
ST_2 : Operation 27 [1/1] (0.00ns)   --->   "%empty = wait i32 @_ssdm_op_Wait"   --->   Operation 27 'wait' 'empty' <Predicate = (!icmp_ln256_1)> <Delay = 0.00>
ST_2 : Operation 28 [1/1] (0.97ns)   --->   "%and_ln256 = and i1 %icmp_ln256, i1 %sof" [D:/Project2023/SG-Extended/ZyboOrg/hw/hw.runs/system_v_gamma_lut_0_0_synth_1/prj/sol/.autopilot/db/v_gamma_lut.cpp:256]   --->   Operation 28 'and' 'and_ln256' <Predicate = (!icmp_ln256_1)> <Delay = 0.97> <CoreInst = "LogicGate">   --->   Core 74 'LogicGate' <Latency = 0> <II = 1> <Delay = 0.97> <FuncUnit> <Opcode : 'and' 'or' 'xor'> <InPorts = 2> <OutPorts = 1>
ST_2 : Operation 29 [1/1] (1.58ns)   --->   "%store_ln256 = store i10 %i_2, i10 %i" [D:/Project2023/SG-Extended/ZyboOrg/hw/hw.runs/system_v_gamma_lut_0_0_synth_1/prj/sol/.autopilot/db/v_gamma_lut.cpp:256]   --->   Operation 29 'store' 'store_ln256' <Predicate = (!icmp_ln256_1)> <Delay = 1.58>

State 3 <SV = 2> <Delay = 3.50>
ST_3 : Operation 30 [2/2] (3.50ns)   --->   "%call_ln256 = call void @MultiPixStream2AXIvideo_Pipeline_VITIS_LOOP_258_2, i1 %sof, i8 %div_i_i54_cast1, i9 %sub_i_i, i120 %imgGamma, i120 %m_axis_video_V_data_V, i15 %m_axis_video_V_keep_V, i15 %m_axis_video_V_strb_V, i1 %m_axis_video_V_user_V, i1 %m_axis_video_V_last_V, i1 %m_axis_video_V_id_V, i1 %m_axis_video_V_dest_V" [D:/Project2023/SG-Extended/ZyboOrg/hw/hw.runs/system_v_gamma_lut_0_0_synth_1/prj/sol/.autopilot/db/v_gamma_lut.cpp:256]   --->   Operation 30 'call' 'call_ln256' <Predicate = true> <Delay = 3.50> <CoreType = "Generic">   --->   Core 0 '' <Latency = 0> <II = 1> <Delay = 1.00> <Generic> <Opcode : >

State 4 <SV = 3> <Delay = 3.43>
ST_4 : Operation 31 [1/1] (0.00ns)   --->   "%specloopname_ln256 = specloopname void @_ssdm_op_SpecLoopName, void @empty_20" [D:/Project2023/SG-Extended/ZyboOrg/hw/hw.runs/system_v_gamma_lut_0_0_synth_1/prj/sol/.autopilot/db/v_gamma_lut.cpp:256]   --->   Operation 31 'specloopname' 'specloopname_ln256' <Predicate = true> <Delay = 0.00>
ST_4 : Operation 32 [1/2] (3.43ns)   --->   "%call_ln256 = call void @MultiPixStream2AXIvideo_Pipeline_VITIS_LOOP_258_2, i1 %sof, i8 %div_i_i54_cast1, i9 %sub_i_i, i120 %imgGamma, i120 %m_axis_video_V_data_V, i15 %m_axis_video_V_keep_V, i15 %m_axis_video_V_strb_V, i1 %m_axis_video_V_user_V, i1 %m_axis_video_V_last_V, i1 %m_axis_video_V_id_V, i1 %m_axis_video_V_dest_V" [D:/Project2023/SG-Extended/ZyboOrg/hw/hw.runs/system_v_gamma_lut_0_0_synth_1/prj/sol/.autopilot/db/v_gamma_lut.cpp:256]   --->   Operation 32 'call' 'call_ln256' <Predicate = true> <Delay = 3.43> <CoreType = "Generic">   --->   Core 0 '' <Latency = 0> <II = 1> <Delay = 1.00> <Generic> <Opcode : >
ST_4 : Operation 33 [1/1] (0.00ns)   --->   "%br_ln256 = br void %VITIS_LOOP_258_2" [D:/Project2023/SG-Extended/ZyboOrg/hw/hw.runs/system_v_gamma_lut_0_0_synth_1/prj/sol/.autopilot/db/v_gamma_lut.cpp:256]   --->   Operation 33 'br' 'br_ln256' <Predicate = true> <Delay = 0.00>

State 5 <SV = 4> <Delay = 0.00>
ST_5 : Operation 34 [1/1] (0.00ns)   --->   "%ret_ln0 = ret"   --->   Operation 34 'ret' 'ret_ln0' <Predicate = true> <Delay = 0.00>


============================================================
+ Verbose Summary: Binding
============================================================
STG Binding: 
---------------- STG Properties BEGIN ----------------
- Is combinational: 0
- Is one-state seq: 0
- Is datapath-only: 0
- Is pipelined: 0
- Is top level: 0
Port [ Return ] is wired: 1; IO mode=ap_ctrl_hs:ce=0
Port [ imgGamma]:  wired=1; compound=1; hidden=0; nouse=0; global=0; static=0; extern=0; dir=0; type=3; pingpong=0; private_global=0; IO mode=ap_fifo:ce=0
Port [ m_axis_video_V_data_V]:  wired=1; compound=1; hidden=0; nouse=0; global=0; static=0; extern=0; dir=1; type=0; pingpong=0; private_global=0; IO mode=axis:ce=0
Port [ m_axis_video_V_keep_V]:  wired=1; compound=1; hidden=0; nouse=0; global=0; static=0; extern=0; dir=1; type=0; pingpong=0; private_global=0; IO mode=axis:ce=0
Port [ m_axis_video_V_strb_V]:  wired=1; compound=1; hidden=0; nouse=0; global=0; static=0; extern=0; dir=1; type=0; pingpong=0; private_global=0; IO mode=axis:ce=0
Port [ m_axis_video_V_user_V]:  wired=1; compound=1; hidden=0; nouse=0; global=0; static=0; extern=0; dir=1; type=0; pingpong=0; private_global=0; IO mode=axis:ce=0
Port [ m_axis_video_V_last_V]:  wired=1; compound=1; hidden=0; nouse=0; global=0; static=0; extern=0; dir=1; type=0; pingpong=0; private_global=0; IO mode=axis:ce=0
Port [ m_axis_video_V_id_V]:  wired=1; compound=1; hidden=0; nouse=0; global=0; static=0; extern=0; dir=1; type=0; pingpong=0; private_global=0; IO mode=axis:ce=0
Port [ m_axis_video_V_dest_V]:  wired=1; compound=1; hidden=0; nouse=0; global=0; static=0; extern=0; dir=1; type=0; pingpong=0; private_global=0; IO mode=axis:ce=0
Port [ height]:  wired=1; compound=0; hidden=0; nouse=0; global=0; static=0; extern=0; dir=0; type=0; pingpong=0; private_global=0; IO mode=ap_none:ce=0
Port [ width]:  wired=1; compound=0; hidden=0; nouse=0; global=0; static=0; extern=0; dir=0; type=0; pingpong=0; private_global=0; IO mode=ap_none:ce=0
---------------- STG Properties END ------------------

---------------- Datapath Model BEGIN ----------------

<LifeTime>
<method=bitvector/>
i                       (alloca             ) [ 011110]
specaxissidechannel_ln0 (specaxissidechannel) [ 000000]
specstablecontent_ln0   (specstablecontent  ) [ 000000]
specstablecontent_ln0   (specstablecontent  ) [ 000000]
specinterface_ln0       (specinterface      ) [ 000000]
specinterface_ln0       (specinterface      ) [ 000000]
rows                    (read               ) [ 000000]
trunc_ln249             (trunc              ) [ 001110]
cols                    (read               ) [ 000000]
div_i_i54_cast1         (partselect         ) [ 001110]
div_i_i54_cast          (zext               ) [ 000000]
sub_i_i                 (add                ) [ 001110]
icmp_ln256              (icmp               ) [ 001110]
store_ln256             (store              ) [ 000000]
br_ln256                (br                 ) [ 011110]
sof                     (phi                ) [ 001110]
i_1                     (load               ) [ 000000]
icmp_ln256_1            (icmp               ) [ 001110]
speclooptripcount_ln0   (speclooptripcount  ) [ 000000]
i_2                     (add                ) [ 000000]
br_ln256                (br                 ) [ 000000]
empty                   (wait               ) [ 000000]
and_ln256               (and                ) [ 011110]
store_ln256             (store              ) [ 000000]
specloopname_ln256      (specloopname       ) [ 000000]
call_ln256              (call               ) [ 000000]
br_ln256                (br                 ) [ 011110]
ret_ln0                 (ret                ) [ 000000]
</LifeTime>

<model>

<comp_list>
<comp id="0" class="1000" name="imgGamma">
<pin_list>
<pin id="1" dir="1" index="0" bw="1" slack="0"/>
</pin_list>
<bind>
<StgValue><ssdm name="imgGamma"/></StgValue>
</bind>
</comp>

<comp id="2" class="1000" name="m_axis_video_V_data_V">
<pin_list>
<pin id="3" dir="1" index="0" bw="1" slack="0"/>
</pin_list>
<bind>
<StgValue><ssdm name="m_axis_video_V_data_V"/></StgValue>
</bind>
</comp>

<comp id="4" class="1000" name="m_axis_video_V_keep_V">
<pin_list>
<pin id="5" dir="1" index="0" bw="1" slack="0"/>
</pin_list>
<bind>
<StgValue><ssdm name="m_axis_video_V_keep_V"/></StgValue>
</bind>
</comp>

<comp id="6" class="1000" name="m_axis_video_V_strb_V">
<pin_list>
<pin id="7" dir="1" index="0" bw="1" slack="0"/>
</pin_list>
<bind>
<StgValue><ssdm name="m_axis_video_V_strb_V"/></StgValue>
</bind>
</comp>

<comp id="8" class="1000" name="m_axis_video_V_user_V">
<pin_list>
<pin id="9" dir="1" index="0" bw="1" slack="0"/>
</pin_list>
<bind>
<StgValue><ssdm name="m_axis_video_V_user_V"/></StgValue>
</bind>
</comp>

<comp id="10" class="1000" name="m_axis_video_V_last_V">
<pin_list>
<pin id="11" dir="1" index="0" bw="1" slack="0"/>
</pin_list>
<bind>
<StgValue><ssdm name="m_axis_video_V_last_V"/></StgValue>
</bind>
</comp>

<comp id="12" class="1000" name="m_axis_video_V_id_V">
<pin_list>
<pin id="13" dir="1" index="0" bw="1" slack="0"/>
</pin_list>
<bind>
<StgValue><ssdm name="m_axis_video_V_id_V"/></StgValue>
</bind>
</comp>

<comp id="14" class="1000" name="m_axis_video_V_dest_V">
<pin_list>
<pin id="15" dir="1" index="0" bw="1" slack="0"/>
</pin_list>
<bind>
<StgValue><ssdm name="m_axis_video_V_dest_V"/></StgValue>
</bind>
</comp>

<comp id="16" class="1000" name="height">
<pin_list>
<pin id="17" dir="1" index="0" bw="1" slack="0"/>
</pin_list>
<bind>
<StgValue><ssdm name="height"/></StgValue>
</bind>
</comp>

<comp id="18" class="1000" name="width">
<pin_list>
<pin id="19" dir="1" index="0" bw="1" slack="0"/>
</pin_list>
<bind>
<StgValue><ssdm name="width"/></StgValue>
</bind>
</comp>

<comp id="20" class="1001" name="const_20">
<pin_list>
<pin id="21" dir="1" index="0" bw="1" slack="0"/>
</pin_list>
<bind>
<StgValue><ssdm name=""/></StgValue>
</bind>
</comp>

<comp id="22" class="1001" name="const_22">
<pin_list>
<pin id="23" dir="1" index="0" bw="1" slack="2147483647"/>
</pin_list>
<bind>
<StgValue><ssdm name="_ssdm_op_SpecAXISSideChannel"/></StgValue>
</bind>
</comp>

<comp id="24" class="1001" name="const_24">
<pin_list>
<pin id="25" dir="1" index="0" bw="1" slack="2147483647"/>
</pin_list>
<bind>
<StgValue><ssdm name="empty_13"/></StgValue>
</bind>
</comp>

<comp id="26" class="1001" name="const_26">
<pin_list>
<pin id="27" dir="1" index="0" bw="1" slack="2147483647"/>
</pin_list>
<bind>
<StgValue><ssdm name="_ssdm_op_SpecStableContent"/></StgValue>
</bind>
</comp>

<comp id="28" class="1001" name="const_28">
<pin_list>
<pin id="29" dir="1" index="0" bw="1" slack="2147483647"/>
</pin_list>
<bind>
<StgValue><ssdm name=""/></StgValue>
</bind>
</comp>

<comp id="30" class="1001" name="const_30">
<pin_list>
<pin id="31" dir="1" index="0" bw="1" slack="2147483647"/>
</pin_list>
<bind>
<StgValue><ssdm name="_ssdm_op_SpecInterface"/></StgValue>
</bind>
</comp>

<comp id="32" class="1001" name="const_32">
<pin_list>
<pin id="33" dir="1" index="0" bw="1" slack="2147483647"/>
</pin_list>
<bind>
<StgValue><ssdm name="empty_12"/></StgValue>
</bind>
</comp>

<comp id="34" class="1001" name="const_34">
<pin_list>
<pin id="35" dir="1" index="0" bw="1" slack="2147483647"/>
</pin_list>
<bind>
<StgValue><ssdm name=""/></StgValue>
</bind>
</comp>

<comp id="36" class="1001" name="const_36">
<pin_list>
<pin id="37" dir="1" index="0" bw="1" slack="2147483647"/>
</pin_list>
<bind>
<StgValue><ssdm name="empty_0"/></StgValue>
</bind>
</comp>

<comp id="38" class="1001" name="const_38">
<pin_list>
<pin id="39" dir="1" index="0" bw="1" slack="2147483647"/>
</pin_list>
<bind>
<StgValue><ssdm name=""/></StgValue>
</bind>
</comp>

<comp id="40" class="1001" name="const_40">
<pin_list>
<pin id="41" dir="1" index="0" bw="1" slack="2147483647"/>
</pin_list>
<bind>
<StgValue><ssdm name="empty_10"/></StgValue>
</bind>
</comp>

<comp id="42" class="1001" name="const_42">
<pin_list>
<pin id="43" dir="1" index="0" bw="1" slack="2147483647"/>
</pin_list>
<bind>
<StgValue><ssdm name="empty_11"/></StgValue>
</bind>
</comp>

<comp id="44" class="1001" name="const_44">
<pin_list>
<pin id="45" dir="1" index="0" bw="1" slack="0"/>
</pin_list>
<bind>
<StgValue><ssdm name="_ssdm_op_Read.ap_auto.i16P0A"/></StgValue>
</bind>
</comp>

<comp id="46" class="1001" name="const_46">
<pin_list>
<pin id="47" dir="1" index="0" bw="1" slack="0"/>
</pin_list>
<bind>
<StgValue><ssdm name="_ssdm_op_PartSelect.i8.i16.i32.i32"/></StgValue>
</bind>
</comp>

<comp id="48" class="1001" name="const_48">
<pin_list>
<pin id="49" dir="1" index="0" bw="1" slack="0"/>
</pin_list>
<bind>
<StgValue><ssdm name=""/></StgValue>
</bind>
</comp>

<comp id="50" class="1001" name="const_50">
<pin_list>
<pin id="51" dir="1" index="0" bw="1" slack="0"/>
</pin_list>
<bind>
<StgValue><ssdm name=""/></StgValue>
</bind>
</comp>

<comp id="52" class="1001" name="const_52">
<pin_list>
<pin id="53" dir="1" index="0" bw="1" slack="0"/>
</pin_list>
<bind>
<StgValue><ssdm name=""/></StgValue>
</bind>
</comp>

<comp id="54" class="1001" name="const_54">
<pin_list>
<pin id="55" dir="1" index="0" bw="1" slack="0"/>
</pin_list>
<bind>
<StgValue><ssdm name=""/></StgValue>
</bind>
</comp>

<comp id="56" class="1001" name="const_56">
<pin_list>
<pin id="57" dir="1" index="0" bw="1" slack="0"/>
</pin_list>
<bind>
<StgValue><ssdm name=""/></StgValue>
</bind>
</comp>

<comp id="58" class="1001" name="const_58">
<pin_list>
<pin id="59" dir="1" index="0" bw="1" slack="1"/>
</pin_list>
<bind>
<StgValue><ssdm name=""/></StgValue>
</bind>
</comp>

<comp id="60" class="1001" name="const_60">
<pin_list>
<pin id="61" dir="1" index="0" bw="1" slack="2147483647"/>
</pin_list>
<bind>
<StgValue><ssdm name="_ssdm_op_SpecLoopTripCount"/></StgValue>
</bind>
</comp>

<comp id="62" class="1001" name="const_62">
<pin_list>
<pin id="63" dir="1" index="0" bw="1" slack="2147483647"/>
</pin_list>
<bind>
<StgValue><ssdm name=""/></StgValue>
</bind>
</comp>

<comp id="64" class="1001" name="const_64">
<pin_list>
<pin id="65" dir="1" index="0" bw="1" slack="2147483647"/>
</pin_list>
<bind>
<StgValue><ssdm name=""/></StgValue>
</bind>
</comp>

<comp id="66" class="1001" name="const_66">
<pin_list>
<pin id="67" dir="1" index="0" bw="1" slack="0"/>
</pin_list>
<bind>
<StgValue><ssdm name=""/></StgValue>
</bind>
</comp>

<comp id="68" class="1001" name="const_68">
<pin_list>
<pin id="69" dir="1" index="0" bw="1" slack="2147483647"/>
</pin_list>
<bind>
<StgValue><ssdm name="_ssdm_op_Wait"/></StgValue>
</bind>
</comp>

<comp id="70" class="1001" name="const_70">
<pin_list>
<pin id="71" dir="1" index="0" bw="1" slack="0"/>
</pin_list>
<bind>
<StgValue><ssdm name="MultiPixStream2AXIvideo_Pipeline_VITIS_LOOP_258_2"/></StgValue>
</bind>
</comp>

<comp id="72" class="1001" name="const_72">
<pin_list>
<pin id="73" dir="1" index="0" bw="1" slack="2147483647"/>
</pin_list>
<bind>
<StgValue><ssdm name="_ssdm_op_SpecLoopName"/></StgValue>
</bind>
</comp>

<comp id="74" class="1001" name="const_74">
<pin_list>
<pin id="75" dir="1" index="0" bw="1" slack="2147483647"/>
</pin_list>
<bind>
<StgValue><ssdm name="empty_20"/></StgValue>
</bind>
</comp>

<comp id="76" class="1004" name="i_fu_76">
<pin_list>
<pin id="77" dir="0" index="0" bw="1" slack="0"/>
<pin id="78" dir="1" index="1" bw="10" slack="0"/>
</pin_list>
<bind>
<opcode="alloca(26) " fcode="alloca"/>
<opset="i/1 "/>
</bind>
</comp>

<comp id="80" class="1004" name="rows_read_fu_80">
<pin_list>
<pin id="81" dir="0" index="0" bw="16" slack="0"/>
<pin id="82" dir="0" index="1" bw="16" slack="0"/>
<pin id="83" dir="1" index="2" bw="16" slack="0"/>
</pin_list>
<bind>
<opcode="read(1150) " fcode="read"/>
<opset="rows/1 "/>
</bind>
</comp>

<comp id="86" class="1004" name="cols_read_fu_86">
<pin_list>
<pin id="87" dir="0" index="0" bw="16" slack="0"/>
<pin id="88" dir="0" index="1" bw="16" slack="0"/>
<pin id="89" dir="1" index="2" bw="16" slack="0"/>
</pin_list>
<bind>
<opcode="read(1150) " fcode="read"/>
<opset="cols/1 "/>
</bind>
</comp>

<comp id="92" class="1005" name="sof_reg_92">
<pin_list>
<pin id="93" dir="0" index="0" bw="1" slack="1"/>
<pin id="94" dir="1" index="1" bw="1" slack="1"/>
</pin_list>
<bind>
<opset="sof (phireg) "/>
</bind>
</comp>

<comp id="96" class="1004" name="sof_phi_fu_96">
<pin_list>
<pin id="97" dir="0" index="0" bw="1" slack="1"/>
<pin id="98" dir="0" index="1" bw="0" slack="2147483647"/>
<pin id="99" dir="0" index="2" bw="1" slack="0"/>
<pin id="100" dir="0" index="3" bw="0" slack="2147483647"/>
<pin id="101" dir="1" index="4" bw="1" slack="0"/>
</pin_list>
<bind>
<opcode="phi(47) " fcode="phi"/>
<opset="sof/2 "/>
</bind>
</comp>

<comp id="104" class="1004" name="grp_MultiPixStream2AXIvideo_Pipeline_VITIS_LOOP_258_2_fu_104">
<pin_list>
<pin id="105" dir="0" index="0" bw="0" slack="0"/>
<pin id="106" dir="0" index="1" bw="1" slack="1"/>
<pin id="107" dir="0" index="2" bw="8" slack="2"/>
<pin id="108" dir="0" index="3" bw="9" slack="2"/>
<pin id="109" dir="0" index="4" bw="120" slack="0"/>
<pin id="110" dir="0" index="5" bw="120" slack="0"/>
<pin id="111" dir="0" index="6" bw="15" slack="0"/>
<pin id="112" dir="0" index="7" bw="15" slack="0"/>
<pin id="113" dir="0" index="8" bw="1" slack="0"/>
<pin id="114" dir="0" index="9" bw="1" slack="0"/>
<pin id="115" dir="0" index="10" bw="1" slack="0"/>
<pin id="116" dir="0" index="11" bw="1" slack="0"/>
<pin id="117" dir="1" index="12" bw="0" slack="2147483647"/>
</pin_list>
<bind>
<opcode="call(48) " fcode="call"/>
<opset="call_ln256/3 "/>
</bind>
</comp>

<comp id="128" class="1004" name="trunc_ln249_fu_128">
<pin_list>
<pin id="129" dir="0" index="0" bw="16" slack="0"/>
<pin id="130" dir="1" index="1" bw="10" slack="1"/>
</pin_list>
<bind>
<opcode="trunc(33) " fcode="trunc"/>
<opset="trunc_ln249/1 "/>
</bind>
</comp>

<comp id="132" class="1004" name="div_i_i54_cast1_fu_132">
<pin_list>
<pin id="133" dir="0" index="0" bw="8" slack="0"/>
<pin id="134" dir="0" index="1" bw="16" slack="0"/>
<pin id="135" dir="0" index="2" bw="3" slack="0"/>
<pin id="136" dir="0" index="3" bw="5" slack="0"/>
<pin id="137" dir="1" index="4" bw="8" slack="0"/>
</pin_list>
<bind>
<opcode="partselect(1002) " fcode="partselect"/>
<opset="div_i_i54_cast1/1 "/>
</bind>
</comp>

<comp id="142" class="1004" name="div_i_i54_cast_fu_142">
<pin_list>
<pin id="143" dir="0" index="0" bw="8" slack="0"/>
<pin id="144" dir="1" index="1" bw="9" slack="0"/>
</pin_list>
<bind>
<opcode="zext(34) " fcode="zext"/>
<opset="div_i_i54_cast/1 "/>
</bind>
</comp>

<comp id="146" class="1004" name="sub_i_i_fu_146">
<pin_list>
<pin id="147" dir="0" index="0" bw="8" slack="0"/>
<pin id="148" dir="0" index="1" bw="1" slack="0"/>
<pin id="149" dir="1" index="2" bw="9" slack="2"/>
</pin_list>
<bind>
<opcode="add(8) " fcode="add"/>
<opset="sub_i_i/1 "/>
</bind>
</comp>

<comp id="152" class="1004" name="icmp_ln256_fu_152">
<pin_list>
<pin id="153" dir="0" index="0" bw="8" slack="0"/>
<pin id="154" dir="0" index="1" bw="8" slack="0"/>
<pin id="155" dir="1" index="2" bw="1" slack="1"/>
</pin_list>
<bind>
<opcode="icmp(45) " fcode="icmp"/>
<opset="icmp_ln256/1 "/>
</bind>
</comp>

<comp id="158" class="1004" name="store_ln256_store_fu_158">
<pin_list>
<pin id="159" dir="0" index="0" bw="1" slack="0"/>
<pin id="160" dir="0" index="1" bw="10" slack="0"/>
<pin id="161" dir="1" index="2" bw="0" slack="2147483647"/>
</pin_list>
<bind>
<opcode="store(28) " fcode="store"/>
<opset="store_ln256/1 "/>
</bind>
</comp>

<comp id="163" class="1004" name="i_1_load_fu_163">
<pin_list>
<pin id="164" dir="0" index="0" bw="10" slack="1"/>
<pin id="165" dir="1" index="1" bw="10" slack="0"/>
</pin_list>
<bind>
<opcode="load(27) " fcode="load"/>
<opset="i_1/2 "/>
</bind>
</comp>

<comp id="166" class="1004" name="icmp_ln256_1_fu_166">
<pin_list>
<pin id="167" dir="0" index="0" bw="10" slack="0"/>
<pin id="168" dir="0" index="1" bw="10" slack="1"/>
<pin id="169" dir="1" index="2" bw="1" slack="2147483647"/>
</pin_list>
<bind>
<opcode="icmp(45) " fcode="icmp"/>
<opset="icmp_ln256_1/2 "/>
</bind>
</comp>

<comp id="171" class="1004" name="i_2_fu_171">
<pin_list>
<pin id="172" dir="0" index="0" bw="10" slack="0"/>
<pin id="173" dir="0" index="1" bw="1" slack="0"/>
<pin id="174" dir="1" index="2" bw="10" slack="0"/>
</pin_list>
<bind>
<opcode="add(8) " fcode="add"/>
<opset="i_2/2 "/>
</bind>
</comp>

<comp id="177" class="1004" name="and_ln256_fu_177">
<pin_list>
<pin id="178" dir="0" index="0" bw="1" slack="1"/>
<pin id="179" dir="0" index="1" bw="1" slack="0"/>
<pin id="180" dir="1" index="2" bw="1" slack="0"/>
</pin_list>
<bind>
<opcode="and(23) " fcode="and"/>
<opset="and_ln256/2 "/>
</bind>
</comp>

<comp id="182" class="1004" name="store_ln256_store_fu_182">
<pin_list>
<pin id="183" dir="0" index="0" bw="10" slack="0"/>
<pin id="184" dir="0" index="1" bw="10" slack="1"/>
<pin id="185" dir="1" index="2" bw="0" slack="2147483647"/>
</pin_list>
<bind>
<opcode="store(28) " fcode="store"/>
<opset="store_ln256/2 "/>
</bind>
</comp>

<comp id="187" class="1005" name="i_reg_187">
<pin_list>
<pin id="188" dir="0" index="0" bw="10" slack="0"/>
<pin id="189" dir="1" index="1" bw="10" slack="0"/>
</pin_list>
<bind>
<opset="i "/>
</bind>
</comp>

<comp id="194" class="1005" name="trunc_ln249_reg_194">
<pin_list>
<pin id="195" dir="0" index="0" bw="10" slack="1"/>
<pin id="196" dir="1" index="1" bw="10" slack="1"/>
</pin_list>
<bind>
<opset="trunc_ln249 "/>
</bind>
</comp>

<comp id="199" class="1005" name="div_i_i54_cast1_reg_199">
<pin_list>
<pin id="200" dir="0" index="0" bw="8" slack="2"/>
<pin id="201" dir="1" index="1" bw="8" slack="2"/>
</pin_list>
<bind>
<opset="div_i_i54_cast1 "/>
</bind>
</comp>

<comp id="204" class="1005" name="sub_i_i_reg_204">
<pin_list>
<pin id="205" dir="0" index="0" bw="9" slack="2"/>
<pin id="206" dir="1" index="1" bw="9" slack="2"/>
</pin_list>
<bind>
<opset="sub_i_i "/>
</bind>
</comp>

<comp id="209" class="1005" name="icmp_ln256_reg_209">
<pin_list>
<pin id="210" dir="0" index="0" bw="1" slack="1"/>
<pin id="211" dir="1" index="1" bw="1" slack="1"/>
</pin_list>
<bind>
<opset="icmp_ln256 "/>
</bind>
</comp>

<comp id="217" class="1005" name="and_ln256_reg_217">
<pin_list>
<pin id="218" dir="0" index="0" bw="1" slack="0"/>
<pin id="219" dir="1" index="1" bw="1" slack="0"/>
</pin_list>
<bind>
<opset="and_ln256 "/>
</bind>
</comp>

</comp_list>

<net_list>
<net id="79"><net_src comp="20" pin="0"/><net_sink comp="76" pin=0"/></net>

<net id="84"><net_src comp="44" pin="0"/><net_sink comp="80" pin=0"/></net>

<net id="85"><net_src comp="16" pin="0"/><net_sink comp="80" pin=1"/></net>

<net id="90"><net_src comp="44" pin="0"/><net_sink comp="86" pin=0"/></net>

<net id="91"><net_src comp="18" pin="0"/><net_sink comp="86" pin=1"/></net>

<net id="95"><net_src comp="58" pin="0"/><net_sink comp="92" pin=0"/></net>

<net id="102"><net_src comp="92" pin="1"/><net_sink comp="96" pin=0"/></net>

<net id="103"><net_src comp="96" pin="4"/><net_sink comp="92" pin=0"/></net>

<net id="118"><net_src comp="70" pin="0"/><net_sink comp="104" pin=0"/></net>

<net id="119"><net_src comp="92" pin="1"/><net_sink comp="104" pin=1"/></net>

<net id="120"><net_src comp="0" pin="0"/><net_sink comp="104" pin=4"/></net>

<net id="121"><net_src comp="2" pin="0"/><net_sink comp="104" pin=5"/></net>

<net id="122"><net_src comp="4" pin="0"/><net_sink comp="104" pin=6"/></net>

<net id="123"><net_src comp="6" pin="0"/><net_sink comp="104" pin=7"/></net>

<net id="124"><net_src comp="8" pin="0"/><net_sink comp="104" pin=8"/></net>

<net id="125"><net_src comp="10" pin="0"/><net_sink comp="104" pin=9"/></net>

<net id="126"><net_src comp="12" pin="0"/><net_sink comp="104" pin=10"/></net>

<net id="127"><net_src comp="14" pin="0"/><net_sink comp="104" pin=11"/></net>

<net id="131"><net_src comp="80" pin="2"/><net_sink comp="128" pin=0"/></net>

<net id="138"><net_src comp="46" pin="0"/><net_sink comp="132" pin=0"/></net>

<net id="139"><net_src comp="86" pin="2"/><net_sink comp="132" pin=1"/></net>

<net id="140"><net_src comp="48" pin="0"/><net_sink comp="132" pin=2"/></net>

<net id="141"><net_src comp="50" pin="0"/><net_sink comp="132" pin=3"/></net>

<net id="145"><net_src comp="132" pin="4"/><net_sink comp="142" pin=0"/></net>

<net id="150"><net_src comp="142" pin="1"/><net_sink comp="146" pin=0"/></net>

<net id="151"><net_src comp="52" pin="0"/><net_sink comp="146" pin=1"/></net>

<net id="156"><net_src comp="132" pin="4"/><net_sink comp="152" pin=0"/></net>

<net id="157"><net_src comp="54" pin="0"/><net_sink comp="152" pin=1"/></net>

<net id="162"><net_src comp="56" pin="0"/><net_sink comp="158" pin=0"/></net>

<net id="170"><net_src comp="163" pin="1"/><net_sink comp="166" pin=0"/></net>

<net id="175"><net_src comp="163" pin="1"/><net_sink comp="171" pin=0"/></net>

<net id="176"><net_src comp="66" pin="0"/><net_sink comp="171" pin=1"/></net>

<net id="181"><net_src comp="96" pin="4"/><net_sink comp="177" pin=1"/></net>

<net id="186"><net_src comp="171" pin="2"/><net_sink comp="182" pin=0"/></net>

<net id="190"><net_src comp="76" pin="1"/><net_sink comp="187" pin=0"/></net>

<net id="191"><net_src comp="187" pin="1"/><net_sink comp="158" pin=1"/></net>

<net id="192"><net_src comp="187" pin="1"/><net_sink comp="163" pin=0"/></net>

<net id="193"><net_src comp="187" pin="1"/><net_sink comp="182" pin=1"/></net>

<net id="197"><net_src comp="128" pin="1"/><net_sink comp="194" pin=0"/></net>

<net id="198"><net_src comp="194" pin="1"/><net_sink comp="166" pin=1"/></net>

<net id="202"><net_src comp="132" pin="4"/><net_sink comp="199" pin=0"/></net>

<net id="203"><net_src comp="199" pin="1"/><net_sink comp="104" pin=2"/></net>

<net id="207"><net_src comp="146" pin="2"/><net_sink comp="204" pin=0"/></net>

<net id="208"><net_src comp="204" pin="1"/><net_sink comp="104" pin=3"/></net>

<net id="212"><net_src comp="152" pin="2"/><net_sink comp="209" pin=0"/></net>

<net id="213"><net_src comp="209" pin="1"/><net_sink comp="177" pin=0"/></net>

<net id="220"><net_src comp="177" pin="2"/><net_sink comp="217" pin=0"/></net>

<net id="221"><net_src comp="217" pin="1"/><net_sink comp="96" pin=2"/></net>

</net_list>

</model> 
---------------- Datapath Model END ------------------

* FSMD analyzer results:
  - Output states:
	Port: m_axis_video_V_data_V | {3 4 }
	Port: m_axis_video_V_keep_V | {3 4 }
	Port: m_axis_video_V_strb_V | {3 4 }
	Port: m_axis_video_V_user_V | {3 4 }
	Port: m_axis_video_V_last_V | {3 4 }
	Port: m_axis_video_V_id_V | {3 4 }
	Port: m_axis_video_V_dest_V | {3 4 }
	Port: height | {}
	Port: width | {}
 - Input state : 
	Port: MultiPixStream2AXIvideo : imgGamma | {3 4 }
	Port: MultiPixStream2AXIvideo : m_axis_video_V_data_V | {}
	Port: MultiPixStream2AXIvideo : m_axis_video_V_keep_V | {}
	Port: MultiPixStream2AXIvideo : m_axis_video_V_strb_V | {}
	Port: MultiPixStream2AXIvideo : m_axis_video_V_user_V | {}
	Port: MultiPixStream2AXIvideo : m_axis_video_V_last_V | {}
	Port: MultiPixStream2AXIvideo : m_axis_video_V_id_V | {}
	Port: MultiPixStream2AXIvideo : m_axis_video_V_dest_V | {}
	Port: MultiPixStream2AXIvideo : height | {1 }
	Port: MultiPixStream2AXIvideo : width | {1 }
  - Chain level:
	State 1
		div_i_i54_cast : 1
		sub_i_i : 2
		icmp_ln256 : 1
		store_ln256 : 1
	State 2
		icmp_ln256_1 : 1
		i_2 : 1
		br_ln256 : 2
		and_ln256 : 1
		store_ln256 : 2
	State 3
	State 4
	State 5


============================================================
+ Verbose Summary: Datapath Resource usage 
============================================================

* Functional unit list:
|----------|--------------------------------------------------------------|---------|---------|
| Operation|                        Functional Unit                       |    FF   |   LUT   |
|----------|--------------------------------------------------------------|---------|---------|
|   call   | grp_MultiPixStream2AXIvideo_Pipeline_VITIS_LOOP_258_2_fu_104 |    12   |    44   |
|----------|--------------------------------------------------------------|---------|---------|
|    add   |                        sub_i_i_fu_146                        |    0    |    15   |
|          |                          i_2_fu_171                          |    0    |    13   |
|----------|--------------------------------------------------------------|---------|---------|
|   icmp   |                       icmp_ln256_fu_152                      |    0    |    15   |
|          |                      icmp_ln256_1_fu_166                     |    0    |    13   |
|----------|--------------------------------------------------------------|---------|---------|
|    and   |                       and_ln256_fu_177                       |    0    |    2    |
|----------|--------------------------------------------------------------|---------|---------|
|   read   |                        rows_read_fu_80                       |    0    |    0    |
|          |                        cols_read_fu_86                       |    0    |    0    |
|----------|--------------------------------------------------------------|---------|---------|
|   trunc  |                      trunc_ln249_fu_128                      |    0    |    0    |
|----------|--------------------------------------------------------------|---------|---------|
|partselect|                    div_i_i54_cast1_fu_132                    |    0    |    0    |
|----------|--------------------------------------------------------------|---------|---------|
|   zext   |                     div_i_i54_cast_fu_142                    |    0    |    0    |
|----------|--------------------------------------------------------------|---------|---------|
|   Total  |                                                              |    12   |   102   |
|----------|--------------------------------------------------------------|---------|---------|

Memories:
N/A

* Register list:
+-----------------------+--------+
|                       |   FF   |
+-----------------------+--------+
|   and_ln256_reg_217   |    1   |
|div_i_i54_cast1_reg_199|    8   |
|       i_reg_187       |   10   |
|   icmp_ln256_reg_209  |    1   |
|       sof_reg_92      |    1   |
|    sub_i_i_reg_204    |    9   |
|  trunc_ln249_reg_194  |   10   |
+-----------------------+--------+
|         Total         |   40   |
+-----------------------+--------+

* Multiplexer (MUX) list: 
|------------|------|------|------|--------||---------||---------|
|    Comp    |  Pin | Size |  BW  | S x BW ||  Delay  ||   LUT   |
|------------|------|------|------|--------||---------||---------|
| sof_reg_92 |  p0  |   2  |   1  |    2   ||    9    |
|------------|------|------|------|--------||---------||---------|
|    Total   |      |      |      |    2   ||  1.588  ||    9    |
|------------|------|------|------|--------||---------||---------|



* Summary:
+-----------+--------+--------+--------+
|           |  Delay |   FF   |   LUT  |
+-----------+--------+--------+--------+
|  Function |    -   |   12   |   102  |
|   Memory  |    -   |    -   |    -   |
|Multiplexer|    1   |    -   |    9   |
|  Register |    -   |   40   |    -   |
+-----------+--------+--------+--------+
|   Total   |    1   |   52   |   111  |
+-----------+--------+--------+--------+
