#-----------------------------------------------------------
# Vivado v2023.2 (64-bit)
# SW Build 4029153 on Fri Oct 13 20:14:34 MDT 2023
# IP Build 4028589 on Sat Oct 14 00:45:43 MDT 2023
# SharedData Build 4025554 on Tue Oct 10 17:18:54 MDT 2023
# Start of session at: Wed Nov  8 15:16:08 2023
# Process ID: 5152
# Current directory: D:/Project2023/SG-Extended/ZyboOrg/hw
# Command line: vivado.exe -gui_launcher_event rodinguilauncherevent20916 D:\Project2023\SG-Extended\ZyboOrg\hw\hw.xpr
# Log file: D:/Project2023/SG-Extended/ZyboOrg/hw/vivado.log
# Journal file: D:/Project2023/SG-Extended/ZyboOrg/hw\vivado.jou
# Running On: RATNA, OS: Windows, CPU Frequency: 1997 MHz, CPU Physical cores: 14, Host memory: 34010 MB
#-----------------------------------------------------------
start_gui
open_project D:/Project2023/SG-Extended/ZyboOrg/hw/hw.xpr
WARNING: [Board 49-26] cannot add Board Part xilinx.com:vek280_es:part0:1.0 available at C:/Xilinx/Vivado/2023.2/data/xhub/boards/XilinxBoardStore/boards/Xilinx/vek280/es/rev_a/1.0/board.xml as part xcve2802-vsvh1760-2lp-e-s-es1 specified in board_part file is either invalid or not available
WARNING: [Board 49-26] cannot add Board Part xilinx.com:vek280_es:part0:1.1 available at C:/Xilinx/Vivado/2023.2/data/xhub/boards/XilinxBoardStore/boards/Xilinx/vek280/es/rev_a/1.1/board.xml as part xcve2802-vsvh1760-2lp-e-s-es1 specified in board_part file is either invalid or not available
WARNING: [Board 49-26] cannot add Board Part xilinx.com:vek280_es_revb:part0:1.0 available at C:/Xilinx/Vivado/2023.2/data/xhub/boards/XilinxBoardStore/boards/Xilinx/vek280/es/rev_b/1.0/board.xml as part xcve2802-vsvh1760-2mp-e-s-es1 specified in board_part file is either invalid or not available
WARNING: [Board 49-26] cannot add Board Part xilinx.com:vek280_es_revb:part0:1.1 available at C:/Xilinx/Vivado/2023.2/data/xhub/boards/XilinxBoardStore/boards/Xilinx/vek280/es/rev_b/1.1/board.xml as part xcve2802-vsvh1760-2mp-e-s-es1 specified in board_part file is either invalid or not available
WARNING: [Board 49-26] cannot add Board Part xilinx.com:vhk158_es:part0:1.0 available at C:/Xilinx/Vivado/2023.2/data/xhub/boards/XilinxBoardStore/boards/Xilinx/vhk158/es/1.0/board.xml as part xcvh1582-vsva3697-2mp-e-s-es1 specified in board_part file is either invalid or not available
WARNING: [Board 49-26] cannot add Board Part xilinx.com:vhk158_es:part0:1.1 available at C:/Xilinx/Vivado/2023.2/data/xhub/boards/XilinxBoardStore/boards/Xilinx/vhk158/es/1.1/board.xml as part xcvh1582-vsva3697-2mp-e-s-es1 specified in board_part file is either invalid or not available
WARNING: [Board 49-26] cannot add Board Part xilinx.com:zcu208ld:part0:2.0 available at C:/Xilinx/Vivado/2023.2/data/xhub/boards/XilinxBoardStore/boards/Xilinx/zcu208ld/production/2.0/board.xml as part xczu58dr-fsvg1517-2-i specified in board_part file is either invalid or not available
WARNING: [Board 49-26] cannot add Board Part xilinx.com:zcu216ld:part0:2.0 available at C:/Xilinx/Vivado/2023.2/data/xhub/boards/XilinxBoardStore/boards/Xilinx/zcu216ld/production/2.0/board.xml as part xczu59dr-ffvf1760-2-i specified in board_part file is either invalid or not available
WARNING: [Board 49-26] cannot add Board Part xilinx.com:zcu670:part0:2.0 available at C:/Xilinx/Vivado/2023.2/data/xhub/boards/XilinxBoardStore/boards/Xilinx/zcu670/2.0/board.xml as part xczu67dr-fsve1156-2-i specified in board_part file is either invalid or not available
WARNING: [Board 49-26] cannot add Board Part xilinx.com:zcu670ld:part0:1.0 available at C:/Xilinx/Vivado/2023.2/data/xhub/boards/XilinxBoardStore/boards/Xilinx/zcu670ld/1.0/board.xml as part xczu57dr-fsve1156-2-i specified in board_part file is either invalid or not available
Scanning sources...
Finished scanning sources
INFO: [IP_Flow 19-234] Refreshing IP repositories
INFO: [IP_Flow 19-1700] Loaded user IP repository 'd:/Project2023/SG-Extended/ZyboOrg/hw/hw.ipdefs/repo'.
INFO: [IP_Flow 19-2313] Loaded Vivado IP repository 'C:/Xilinx/Vivado/2023.2/data/ip'.
open_project: Time (s): cpu = 00:00:18 ; elapsed = 00:00:19 . Memory (MB): peak = 1738.633 ; gain = 508.035
update_compile_order -fileset sources_1
open_bd_design {D:/Project2023/SG-Extended/ZyboOrg/hw/hw.srcs/sources_1/bd/system/system.bd}
Reading block design file <D:/Project2023/SG-Extended/ZyboOrg/hw/hw.srcs/sources_1/bd/system/system.bd>...
Adding component instance block -- digilentinc.com:user:AXI_BayerToRGB:1.0 - AXI_BayerToRGB_1
Adding component instance block -- digilentinc.com:user:AXI_GammaCorrection:1.0 - AXI_GammaCorrection_0
Adding component instance block -- xilinx.com:module_ref:DVIClocking:1.0 - DVIClocking_0
Adding component instance block -- digilentinc.com:ip:MIPI_CSI_2_RX:1.2 - MIPI_CSI_2_RX_0
Adding component instance block -- digilentinc.com:ip:MIPI_D_PHY_RX:1.3 - MIPI_D_PHY_RX_0
Adding component instance block -- xilinx.com:ip:processing_system7:5.5 - processing_system7_0
Adding component instance block -- digilentinc.com:ip:rgb2dvi:1.4 - rgb2dvi_0
Adding component instance block -- xilinx.com:ip:proc_sys_reset:5.0 - rst_clk_wiz_0_50M
Adding component instance block -- xilinx.com:ip:proc_sys_reset:5.0 - rst_vid_clk_dyn
Adding component instance block -- xilinx.com:ip:xlconcat:2.1 - xlconcat_0
Adding component instance block -- xilinx.com:ip:axi_interconnect:2.1 - axi_mem_intercon
Adding component instance block -- xilinx.com:ip:axi_protocol_converter:2.1 - auto_pc
Adding component instance block -- xilinx.com:ip:axi_interconnect:2.1 - axi_mem_intercon_1
Adding component instance block -- xilinx.com:ip:axi_protocol_converter:2.1 - auto_pc
Adding component instance block -- xilinx.com:ip:axi_vdma:6.3 - axi_vdma_0
Adding component instance block -- xilinx.com:ip:clk_wiz:6.0 - clk_wiz_0
Adding component instance block -- xilinx.com:ip:axi_interconnect:2.1 - ps7_0_axi_periph
Adding component instance block -- xilinx.com:ip:axi_crossbar:2.1 - xbar
Adding component instance block -- xilinx.com:ip:axi_protocol_converter:2.1 - auto_pc
Adding component instance block -- xilinx.com:ip:v_axi4s_vid_out:4.0 - v_axi4s_vid_out_0
Adding component instance block -- xilinx.com:ip:clk_wiz:6.0 - video_dynclk
Adding component instance block -- xilinx.com:ip:v_tc:6.2 - vtg
Successfully read diagram <system> from block design file <D:/Project2023/SG-Extended/ZyboOrg/hw/hw.srcs/sources_1/bd/system/system.bd>
open_bd_design: Time (s): cpu = 00:00:04 ; elapsed = 00:00:05 . Memory (MB): peak = 1888.418 ; gain = 99.652
delete_bd_objs [get_bd_intf_nets MIPI_CSI_2_RX_0_m_axis_video] [get_bd_intf_nets AXI_BayerToRGB_1_AXI_Stream_Master] [get_bd_cells AXI_BayerToRGB_1]
startgroup
create_bd_cell -type ip -vlnv xilinx.com:ip:v_demosaic:1.1 v_demosaic_0
endgroup
set_property location {6 1775 935} [get_bd_cells v_demosaic_0]
connect_bd_intf_net [get_bd_intf_pins MIPI_CSI_2_RX_0/m_axis_video] [get_bd_intf_pins v_demosaic_0/s_axis_video]
delete_bd_objs [get_bd_intf_nets AXI_GammaCorrection_0_m_axis_video] [get_bd_intf_nets ps7_0_axi_periph_M05_AXI] [get_bd_cells AXI_GammaCorrection_0]
connect_bd_intf_net [get_bd_intf_pins v_demosaic_0/m_axis_video] [get_bd_intf_pins axi_vdma_0/S_AXIS_S2MM]
connect_bd_intf_net -boundary_type upper [get_bd_intf_pins ps7_0_axi_periph/M05_AXI] [get_bd_intf_pins v_demosaic_0/s_axi_CTRL]
connect_bd_net [get_bd_pins v_demosaic_0/ap_clk] [get_bd_pins clk_wiz_0/clk_out2]
connect_bd_net [get_bd_pins v_demosaic_0/ap_rst_n] [get_bd_pins rst_clk_wiz_0_50M/peripheral_aresetn]
assign_bd_address
Slave segment '/v_demosaic_0/s_axi_CTRL/Reg' is being assigned into address space '/processing_system7_0/Data' at <0x43C4_0000 [ 64K ]>.
validate_bd_design
CRITICAL WARNING: [BD 41-1363] The clock pins '/ps7_0_axi_periph/M05_ACLK' (interface '/ps7_0_axi_periph/M05_AXI') and '/v_demosaic_0/ap_clk' (interface '/v_demosaic_0/s_axi_CTRL') must be connected to the same source 
INFO: [digilentinc.com:ip:MIPI_CSI_2_RX:1.2-17] /MIPI_CSI_2_RX_0Verified that video_aclk frequency can handle RxByteClkHS frequency. AXI-Stream bandwidth 600000000 Pix/s >= PPI bandwidth 134400000.0 Pix/s
INFO: [digilentinc.com:ip:MIPI_D_PHY_RX:1.3-17] /MIPI_D_PHY_RX_0FREQ_HZ of 50000000 propagated into CONFIG.C_S_AXI_LITE_FREQ_HZ
INFO: [digilentinc.com:ip:MIPI_D_PHY_RX:1.3-17] /MIPI_D_PHY_RX_0FREQ_HZ of 200000000 propagated into CONFIG.kRefClkFreqHz
INFO: [digilentinc.com:ip:MIPI_D_PHY_RX:1.3-17] /MIPI_D_PHY_RX_0FREQ_HZ of 84000000 propagated onto RxByteClkHS
INFO: [xilinx.com:ip:clk_wiz:6.0-1] /video_dynclk clk_wiz propagate
INFO: [xilinx.com:ip:clk_wiz:6.0-1] /clk_wiz_0 clk_wiz propagate
CRITICAL WARNING: [BD 41-237] Bus Interface property TDATA_NUM_BYTES does not match between /v_demosaic_0/s_axis_video(1) and /MIPI_CSI_2_RX_0/m_axis_video(5)
ERROR: [BD 41-237] Bus Interface property FREQ_HZ does not match between /v_demosaic_0/s_axi_CTRL(150000000) and /ps7_0_axi_periph/xbar/M05_AXI(50000000)
ERROR: [Common 17-39] 'validate_bd_design' failed due to earlier errors.
disconnect_bd_net /s_axil_clk_50 [get_bd_pins ps7_0_axi_periph/M05_ACLK]
connect_bd_net [get_bd_pins ps7_0_axi_periph/M05_ACLK] [get_bd_pins clk_wiz_0/clk_out1]
validate_bd_design
CRITICAL WARNING: [BD 41-1363] The clock pins '/ps7_0_axi_periph/M05_ACLK' (interface '/ps7_0_axi_periph/M05_AXI') and '/v_demosaic_0/ap_clk' (interface '/v_demosaic_0/s_axi_CTRL') must be connected to the same source 
INFO: [digilentinc.com:ip:MIPI_CSI_2_RX:1.2-17] /MIPI_CSI_2_RX_0Verified that video_aclk frequency can handle RxByteClkHS frequency. AXI-Stream bandwidth 600000000 Pix/s >= PPI bandwidth 134400000.0 Pix/s
INFO: [digilentinc.com:ip:MIPI_D_PHY_RX:1.3-17] /MIPI_D_PHY_RX_0FREQ_HZ of 50000000 propagated into CONFIG.C_S_AXI_LITE_FREQ_HZ
INFO: [digilentinc.com:ip:MIPI_D_PHY_RX:1.3-17] /MIPI_D_PHY_RX_0FREQ_HZ of 200000000 propagated into CONFIG.kRefClkFreqHz
INFO: [digilentinc.com:ip:MIPI_D_PHY_RX:1.3-17] /MIPI_D_PHY_RX_0FREQ_HZ of 84000000 propagated onto RxByteClkHS
INFO: [xilinx.com:ip:clk_wiz:6.0-1] /video_dynclk clk_wiz propagate
INFO: [xilinx.com:ip:clk_wiz:6.0-1] /clk_wiz_0 clk_wiz propagate
CRITICAL WARNING: [BD 41-237] Bus Interface property TDATA_NUM_BYTES does not match between /v_demosaic_0/s_axis_video(1) and /MIPI_CSI_2_RX_0/m_axis_video(5)
ERROR: [BD 41-237] Bus Interface property FREQ_HZ does not match between /v_demosaic_0/s_axi_CTRL(150000000) and /ps7_0_axi_periph/xbar/M05_AXI(50000000)
ERROR: [Common 17-39] 'validate_bd_design' failed due to earlier errors.
disconnect_bd_net /s_axil_clk_50 [get_bd_pins ps7_0_axi_periph/M05_ACLK]
connect_bd_net [get_bd_pins ps7_0_axi_periph/M05_ACLK] [get_bd_pins clk_wiz_0/clk_out2]
validate_bd_design
INFO: [digilentinc.com:ip:MIPI_CSI_2_RX:1.2-17] /MIPI_CSI_2_RX_0Verified that video_aclk frequency can handle RxByteClkHS frequency. AXI-Stream bandwidth 600000000 Pix/s >= PPI bandwidth 134400000.0 Pix/s
INFO: [digilentinc.com:ip:MIPI_D_PHY_RX:1.3-17] /MIPI_D_PHY_RX_0FREQ_HZ of 50000000 propagated into CONFIG.C_S_AXI_LITE_FREQ_HZ
INFO: [digilentinc.com:ip:MIPI_D_PHY_RX:1.3-17] /MIPI_D_PHY_RX_0FREQ_HZ of 200000000 propagated into CONFIG.kRefClkFreqHz
INFO: [digilentinc.com:ip:MIPI_D_PHY_RX:1.3-17] /MIPI_D_PHY_RX_0FREQ_HZ of 84000000 propagated onto RxByteClkHS
INFO: [xilinx.com:ip:clk_wiz:6.0-1] /video_dynclk clk_wiz propagate
INFO: [xilinx.com:ip:clk_wiz:6.0-1] /clk_wiz_0 clk_wiz propagate
CRITICAL WARNING: [BD 41-237] Bus Interface property TDATA_NUM_BYTES does not match between /v_demosaic_0/s_axis_video(1) and /MIPI_CSI_2_RX_0/m_axis_video(5)
startgroup
set_property -dict [list \
  CONFIG.MAX_COLS {720} \
  CONFIG.MAX_DATA_WIDTH {10} \
  CONFIG.MAX_ROWS {720} \
  CONFIG.SAMPLES_PER_CLOCK {4} \
] [get_bd_cells v_demosaic_0]
endgroup
validate_bd_design
INFO: [digilentinc.com:ip:MIPI_CSI_2_RX:1.2-17] /MIPI_CSI_2_RX_0Verified that video_aclk frequency can handle RxByteClkHS frequency. AXI-Stream bandwidth 600000000 Pix/s >= PPI bandwidth 134400000.0 Pix/s
INFO: [digilentinc.com:ip:MIPI_D_PHY_RX:1.3-17] /MIPI_D_PHY_RX_0FREQ_HZ of 50000000 propagated into CONFIG.C_S_AXI_LITE_FREQ_HZ
INFO: [digilentinc.com:ip:MIPI_D_PHY_RX:1.3-17] /MIPI_D_PHY_RX_0FREQ_HZ of 200000000 propagated into CONFIG.kRefClkFreqHz
INFO: [digilentinc.com:ip:MIPI_D_PHY_RX:1.3-17] /MIPI_D_PHY_RX_0FREQ_HZ of 84000000 propagated onto RxByteClkHS
INFO: [xilinx.com:ip:clk_wiz:6.0-1] /video_dynclk clk_wiz propagate
INFO: [xilinx.com:ip:clk_wiz:6.0-1] /clk_wiz_0 clk_wiz propagate
save_bd_design
Wrote  : <D:\Project2023\SG-Extended\ZyboOrg\hw\hw.srcs\sources_1\bd\system\system.bd> 
Wrote  : <D:/Project2023/SG-Extended/ZyboOrg/hw/hw.srcs/sources_1/bd/system/ui/bd_c954508f.ui> 
reset_run synth_1
INFO: [Project 1-1161] Replacing file C:/Users/ratna/Downloads/proj/hw.srcs/utils_1/imports/synth_1/system_wrapper.dcp with file D:/Project2023/SG-Extended/ZyboOrg/hw/hw.runs/synth_1/system_wrapper.dcp
reset_run system_axi_vdma_0_0_synth_1
launch_runs impl_1 -to_step write_bitstream -jobs 10
INFO: [BD 41-1662] The design 'system.bd' is already validated. Therefore parameter propagation will not be re-run.
VHDL Output written to : d:/Project2023/SG-Extended/ZyboOrg/hw/hw.gen/sources_1/bd/system/synth/system.vhd
VHDL Output written to : d:/Project2023/SG-Extended/ZyboOrg/hw/hw.gen/sources_1/bd/system/sim/system.vhd
VHDL Output written to : d:/Project2023/SG-Extended/ZyboOrg/hw/hw.gen/sources_1/bd/system/hdl/system_wrapper.vhd
WARNING: [IP_Flow 19-4994] Overwriting existing constraint file 'd:/Project2023/SG-Extended/ZyboOrg/hw/hw.gen/sources_1/bd/system/ip/system_axi_vdma_0_0/system_axi_vdma_0_0_ooc.xdc'
INFO: [BD 41-1029] Generation completed for the IP Integrator block axi_vdma_0 .
WARNING: [IP_Flow 19-4994] Overwriting existing constraint file 'd:/Project2023/SG-Extended/ZyboOrg/hw/hw.gen/sources_1/bd/system/ip/system_auto_pc_0/system_auto_pc_0_ooc.xdc'
INFO: [BD 41-1029] Generation completed for the IP Integrator block axi_mem_intercon/s00_couplers/auto_pc .
WARNING: [IP_Flow 19-4994] Overwriting existing constraint file 'd:/Project2023/SG-Extended/ZyboOrg/hw/hw.gen/sources_1/bd/system/ip/system_auto_ds_0/system_auto_ds_0_ooc.xdc'
INFO: [IP_Flow 19-5611] Unable to find an associated reset port for the interface 'S_AXI'. A default connection has been created.
INFO: [IP_Flow 19-5611] Unable to find an associated reset port for the interface 'M_AXI'. A default connection has been created.
INFO: [BD 41-1029] Generation completed for the IP Integrator block axi_mem_intercon_1/s00_couplers/auto_ds .
WARNING: [IP_Flow 19-4994] Overwriting existing constraint file 'd:/Project2023/SG-Extended/ZyboOrg/hw/hw.gen/sources_1/bd/system/ip/system_auto_pc_1/system_auto_pc_1_ooc.xdc'
INFO: [BD 41-1029] Generation completed for the IP Integrator block axi_mem_intercon_1/s00_couplers/auto_pc .
WARNING: [IP_Flow 19-4994] Overwriting existing constraint file 'd:/Project2023/SG-Extended/ZyboOrg/hw/hw.gen/sources_1/bd/system/ip/system_auto_pc_2/system_auto_pc_2_ooc.xdc'
INFO: [BD 41-1029] Generation completed for the IP Integrator block ps7_0_axi_periph/s00_couplers/auto_pc .
WARNING: [IP_Flow 19-4994] Overwriting existing constraint file 'd:/Project2023/SG-Extended/ZyboOrg/hw/hw.gen/sources_1/bd/system/ip/system_auto_cc_0/system_auto_cc_0_ooc.xdc'
INFO: [IP_Flow 19-5611] Unable to find an associated reset port for the interface 'S_AXI'. A default connection has been created.
INFO: [IP_Flow 19-5611] Unable to find an associated reset port for the interface 'M_AXI'. A default connection has been created.
INFO: [BD 41-1029] Generation completed for the IP Integrator block ps7_0_axi_periph/m05_couplers/auto_cc .
WARNING: [IP_Flow 19-1971] File named "sim/system_v_demosaic_0_0.v" already exists in file group "xilinx_verilogsimulationwrapper", cannot add it again.
INFO: [BD 41-1029] Generation completed for the IP Integrator block v_demosaic_0 .
Exporting to file d:/Project2023/SG-Extended/ZyboOrg/hw/hw.gen/sources_1/bd/system/hw_handoff/system.hwh
Generated Hardware Definition File d:/Project2023/SG-Extended/ZyboOrg/hw/hw.gen/sources_1/bd/system/synth/system.hwdef
INFO: [IP_Flow 19-6930] IPCACHE: runCacheChecks() number of threads = 8
INFO: [IP_Flow 19-6921] IPCACHE: Adding cache check func to thread queue for IP system_auto_cc_0
INFO: [IP_Flow 19-6921] IPCACHE: Adding cache check func to thread queue for IP system_auto_ds_0
INFO: [IP_Flow 19-6921] IPCACHE: Adding cache check func to thread queue for IP system_auto_pc_0
INFO: [IP_Flow 19-6921] IPCACHE: Adding cache check func to thread queue for IP system_auto_pc_1
INFO: [IP_Flow 19-6921] IPCACHE: Adding cache check func to thread queue for IP system_auto_pc_2
INFO: [IP_Flow 19-6921] IPCACHE: Adding cache check func to thread queue for IP system_axi_vdma_0_0
INFO: [IP_Flow 19-6921] IPCACHE: Adding cache check func to thread queue for IP system_v_demosaic_0_0
INFO: [IP_Flow 19-8020] IPCACHE: runCacheChecks() calling threadPool finishWork()
INFO: [IP_Flow 19-6924] IPCACHE: Running cache check for IP inst: system_auto_cc_0
INFO: [IP_Flow 19-6924] IPCACHE: Running cache check for IP inst: system_auto_ds_0
INFO: [IP_Flow 19-6924] IPCACHE: Running cache check for IP inst: system_auto_pc_0
INFO: [IP_Flow 19-6922] IPCACHE: Exporting cached entry 93b604177eebc095 to dir: d:/Project2023/SG-Extended/ZyboOrg/hw/hw.gen/sources_1/bd/system/ip/system_auto_pc_0
INFO: [IP_Flow 19-6928] IPCACHE: copied cached file d:/Project2023/SG-Extended/ZyboOrg/hw/hw.cache/ip/2023.2/9/3/93b604177eebc095/system_auto_pc_0.dcp to d:/Project2023/SG-Extended/ZyboOrg/hw/hw.gen/sources_1/bd/system/ip/system_auto_pc_0/system_auto_pc_0.dcp.
INFO: [IP_Flow 19-6926] IPCACHE: added file to list for BOM: d:/Project2023/SG-Extended/ZyboOrg/hw/hw.gen/sources_1/bd/system/ip/system_auto_pc_0/system_auto_pc_0.dcp
INFO: [IP_Flow 19-6928] IPCACHE: copied cached file d:/Project2023/SG-Extended/ZyboOrg/hw/hw.cache/ip/2023.2/9/3/93b604177eebc095/system_auto_pc_0_sim_netlist.v to d:/Project2023/SG-Extended/ZyboOrg/hw/hw.gen/sources_1/bd/system/ip/system_auto_pc_0/system_auto_pc_0_sim_netlist.v.
INFO: [IP_Flow 19-6926] IPCACHE: added file to list for BOM: d:/Project2023/SG-Extended/ZyboOrg/hw/hw.gen/sources_1/bd/system/ip/system_auto_pc_0/system_auto_pc_0_sim_netlist.v
INFO: [IP_Flow 19-6928] IPCACHE: copied cached file d:/Project2023/SG-Extended/ZyboOrg/hw/hw.cache/ip/2023.2/9/3/93b604177eebc095/system_auto_pc_0_sim_netlist.vhdl to d:/Project2023/SG-Extended/ZyboOrg/hw/hw.gen/sources_1/bd/system/ip/system_auto_pc_0/system_auto_pc_0_sim_netlist.vhdl.
INFO: [IP_Flow 19-6926] IPCACHE: added file to list for BOM: d:/Project2023/SG-Extended/ZyboOrg/hw/hw.gen/sources_1/bd/system/ip/system_auto_pc_0/system_auto_pc_0_sim_netlist.vhdl
INFO: [IP_Flow 19-6928] IPCACHE: copied cached file d:/Project2023/SG-Extended/ZyboOrg/hw/hw.cache/ip/2023.2/9/3/93b604177eebc095/system_auto_pc_0_stub.v to d:/Project2023/SG-Extended/ZyboOrg/hw/hw.gen/sources_1/bd/system/ip/system_auto_pc_0/system_auto_pc_0_stub.v.
INFO: [IP_Flow 19-6926] IPCACHE: added file to list for BOM: d:/Project2023/SG-Extended/ZyboOrg/hw/hw.gen/sources_1/bd/system/ip/system_auto_pc_0/system_auto_pc_0_stub.v
INFO: [IP_Flow 19-6928] IPCACHE: copied cached file d:/Project2023/SG-Extended/ZyboOrg/hw/hw.cache/ip/2023.2/9/3/93b604177eebc095/system_auto_pc_0_stub.vhdl to d:/Project2023/SG-Extended/ZyboOrg/hw/hw.gen/sources_1/bd/system/ip/system_auto_pc_0/system_auto_pc_0_stub.vhdl.
INFO: [IP_Flow 19-6926] IPCACHE: added file to list for BOM: d:/Project2023/SG-Extended/ZyboOrg/hw/hw.gen/sources_1/bd/system/ip/system_auto_pc_0/system_auto_pc_0_stub.vhdl
INFO: [IP_Flow 19-4993] Using cached IP synthesis design for IP system_auto_pc_0, cache-ID = 93b604177eebc095; cache size = 24.179 MB.
INFO: [IP_Flow 19-6924] IPCACHE: Running cache check for IP inst: system_auto_pc_1
INFO: [IP_Flow 19-6924] IPCACHE: Running cache check for IP inst: system_auto_pc_2
INFO: [IP_Flow 19-6922] IPCACHE: Exporting cached entry 21d0f84fc480ceff to dir: d:/Project2023/SG-Extended/ZyboOrg/hw/hw.gen/sources_1/bd/system/ip/system_auto_pc_2
INFO: [IP_Flow 19-6928] IPCACHE: copied cached file d:/Project2023/SG-Extended/ZyboOrg/hw/hw.cache/ip/2023.2/2/1/21d0f84fc480ceff/system_auto_pc_2.dcp to d:/Project2023/SG-Extended/ZyboOrg/hw/hw.gen/sources_1/bd/system/ip/system_auto_pc_2/system_auto_pc_2.dcp.
INFO: [IP_Flow 19-6926] IPCACHE: added file to list for BOM: d:/Project2023/SG-Extended/ZyboOrg/hw/hw.gen/sources_1/bd/system/ip/system_auto_pc_2/system_auto_pc_2.dcp
INFO: [IP_Flow 19-6928] IPCACHE: copied cached file d:/Project2023/SG-Extended/ZyboOrg/hw/hw.cache/ip/2023.2/2/1/21d0f84fc480ceff/system_auto_pc_2_sim_netlist.v to d:/Project2023/SG-Extended/ZyboOrg/hw/hw.gen/sources_1/bd/system/ip/system_auto_pc_2/system_auto_pc_2_sim_netlist.v.
INFO: [IP_Flow 19-6926] IPCACHE: added file to list for BOM: d:/Project2023/SG-Extended/ZyboOrg/hw/hw.gen/sources_1/bd/system/ip/system_auto_pc_2/system_auto_pc_2_sim_netlist.v
INFO: [IP_Flow 19-6928] IPCACHE: copied cached file d:/Project2023/SG-Extended/ZyboOrg/hw/hw.cache/ip/2023.2/2/1/21d0f84fc480ceff/system_auto_pc_2_sim_netlist.vhdl to d:/Project2023/SG-Extended/ZyboOrg/hw/hw.gen/sources_1/bd/system/ip/system_auto_pc_2/system_auto_pc_2_sim_netlist.vhdl.
INFO: [IP_Flow 19-6926] IPCACHE: added file to list for BOM: d:/Project2023/SG-Extended/ZyboOrg/hw/hw.gen/sources_1/bd/system/ip/system_auto_pc_2/system_auto_pc_2_sim_netlist.vhdl
INFO: [IP_Flow 19-6928] IPCACHE: copied cached file d:/Project2023/SG-Extended/ZyboOrg/hw/hw.cache/ip/2023.2/2/1/21d0f84fc480ceff/system_auto_pc_2_stub.v to d:/Project2023/SG-Extended/ZyboOrg/hw/hw.gen/sources_1/bd/system/ip/system_auto_pc_2/system_auto_pc_2_stub.v.
INFO: [IP_Flow 19-6926] IPCACHE: added file to list for BOM: d:/Project2023/SG-Extended/ZyboOrg/hw/hw.gen/sources_1/bd/system/ip/system_auto_pc_2/system_auto_pc_2_stub.v
INFO: [IP_Flow 19-6928] IPCACHE: copied cached file d:/Project2023/SG-Extended/ZyboOrg/hw/hw.cache/ip/2023.2/2/1/21d0f84fc480ceff/system_auto_pc_2_stub.vhdl to d:/Project2023/SG-Extended/ZyboOrg/hw/hw.gen/sources_1/bd/system/ip/system_auto_pc_2/system_auto_pc_2_stub.vhdl.
INFO: [IP_Flow 19-6926] IPCACHE: added file to list for BOM: d:/Project2023/SG-Extended/ZyboOrg/hw/hw.gen/sources_1/bd/system/ip/system_auto_pc_2/system_auto_pc_2_stub.vhdl
INFO: [IP_Flow 19-4993] Using cached IP synthesis design for IP system_auto_pc_2, cache-ID = 21d0f84fc480ceff; cache size = 24.179 MB.
INFO: [IP_Flow 19-6924] IPCACHE: Running cache check for IP inst: system_axi_vdma_0_0
INFO: [IP_Flow 19-6924] IPCACHE: Running cache check for IP inst: system_v_demosaic_0_0
[Wed Nov  8 15:28:31 2023] Launched system_axi_vdma_0_0_synth_1, system_auto_ds_0_synth_1, system_auto_pc_1_synth_1, system_v_demosaic_0_0_synth_1, system_auto_cc_0_synth_1, synth_1...
Run output will be captured here:
system_axi_vdma_0_0_synth_1: D:/Project2023/SG-Extended/ZyboOrg/hw/hw.runs/system_axi_vdma_0_0_synth_1/runme.log
system_auto_ds_0_synth_1: D:/Project2023/SG-Extended/ZyboOrg/hw/hw.runs/system_auto_ds_0_synth_1/runme.log
system_auto_pc_1_synth_1: D:/Project2023/SG-Extended/ZyboOrg/hw/hw.runs/system_auto_pc_1_synth_1/runme.log
system_v_demosaic_0_0_synth_1: D:/Project2023/SG-Extended/ZyboOrg/hw/hw.runs/system_v_demosaic_0_0_synth_1/runme.log
system_auto_cc_0_synth_1: D:/Project2023/SG-Extended/ZyboOrg/hw/hw.runs/system_auto_cc_0_synth_1/runme.log
synth_1: D:/Project2023/SG-Extended/ZyboOrg/hw/hw.runs/synth_1/runme.log
[Wed Nov  8 15:28:31 2023] Launched impl_1...
Run output will be captured here: D:/Project2023/SG-Extended/ZyboOrg/hw/hw.runs/impl_1/runme.log
launch_runs: Time (s): cpu = 00:00:06 ; elapsed = 00:00:08 . Memory (MB): peak = 2323.699 ; gain = 266.070
write_hw_platform -fixed -include_bit -force -file D:/Project2023/SG-Extended/ZyboOrg/hw/system_wrapper.xsa
INFO: [Project 1-1918] Creating Hardware Platform: D:/Project2023/SG-Extended/ZyboOrg/hw/system_wrapper.xsa ...
WARNING: [Project 1-645] Board images not set in Hardware Platform.
INFO: [Project 1-1943] The Hardware Platform can be used for Hardware
INFO: [Project 1-1941] Successfully created Hardware Platform: D:/Project2023/SG-Extended/ZyboOrg/hw/system_wrapper.xsa
INFO: [Hsi 55-2053] elapsed time for repository (C:/Xilinx/Vivado/2023.2/data/embeddedsw) loading 0 seconds
open_bd_design {D:/Project2023/SG-Extended/ZyboOrg/hw/hw.srcs/sources_1/bd/system/system.bd}
startgroup
create_bd_cell -type ip -vlnv xilinx.com:ip:v_gamma_lut:1.1 v_gamma_lut_0
endgroup
set_property location {8 2461 959} [get_bd_cells v_gamma_lut_0]
connect_bd_net [get_bd_pins v_gamma_lut_0/ap_clk] [get_bd_pins clk_wiz_0/clk_out2]
connect_bd_net [get_bd_pins v_gamma_lut_0/ap_rst_n] [get_bd_pins rst_clk_wiz_0_50M/peripheral_aresetn]
delete_bd_objs [get_bd_intf_nets v_demosaic_0_m_axis_video]
connect_bd_intf_net [get_bd_intf_pins v_demosaic_0/m_axis_video] [get_bd_intf_pins v_gamma_lut_0/s_axis_video]
startgroup
set_property CONFIG.NUM_MI {7} [get_bd_cells ps7_0_axi_periph]
endgroup
connect_bd_net [get_bd_pins ps7_0_axi_periph/M06_ACLK] [get_bd_pins clk_wiz_0/clk_out2]
connect_bd_net [get_bd_pins ps7_0_axi_periph/M06_ARESETN] [get_bd_pins rst_clk_wiz_0_50M/peripheral_aresetn]
connect_bd_intf_net -boundary_type upper [get_bd_intf_pins ps7_0_axi_periph/M06_AXI] [get_bd_intf_pins v_gamma_lut_0/s_axi_CTRL]
connect_bd_intf_net [get_bd_intf_pins v_gamma_lut_0/m_axis_video] [get_bd_intf_pins axi_vdma_0/S_AXIS_S2MM]
assign_bd_address
Slave segment '/v_gamma_lut_0/s_axi_CTRL/Reg' is being assigned into address space '/processing_system7_0/Data' at <0x43C5_0000 [ 64K ]>.
validate_bd_design
WARNING: [BD 41-702] Propagation TCL tries to overwrite USER strength parameter C_M_AXI_S2MM_DATA_WIDTH(128) on '/axi_vdma_0' with propagated value(64). Command ignored
INFO: [digilentinc.com:ip:MIPI_CSI_2_RX:1.2-17] /MIPI_CSI_2_RX_0Verified that video_aclk frequency can handle RxByteClkHS frequency. AXI-Stream bandwidth 600000000 Pix/s >= PPI bandwidth 134400000.0 Pix/s
INFO: [digilentinc.com:ip:MIPI_D_PHY_RX:1.3-17] /MIPI_D_PHY_RX_0FREQ_HZ of 50000000 propagated into CONFIG.C_S_AXI_LITE_FREQ_HZ
INFO: [digilentinc.com:ip:MIPI_D_PHY_RX:1.3-17] /MIPI_D_PHY_RX_0FREQ_HZ of 200000000 propagated into CONFIG.kRefClkFreqHz
INFO: [digilentinc.com:ip:MIPI_D_PHY_RX:1.3-17] /MIPI_D_PHY_RX_0FREQ_HZ of 84000000 propagated onto RxByteClkHS
INFO: [xilinx.com:ip:clk_wiz:6.0-1] /video_dynclk clk_wiz propagate
INFO: [xilinx.com:ip:clk_wiz:6.0-1] /clk_wiz_0 clk_wiz propagate
CRITICAL WARNING: [BD 41-237] Bus Interface property TDATA_NUM_BYTES does not match between /v_gamma_lut_0/s_axis_video(3) and /v_demosaic_0/m_axis_video(15)
startgroup
set_property -dict [list \
  CONFIG.MAX_COLS {720} \
  CONFIG.MAX_DATA_WIDTH {10} \
  CONFIG.MAX_ROWS {720} \
  CONFIG.SAMPLES_PER_CLOCK {4} \
] [get_bd_cells v_gamma_lut_0]
endgroup
validate_bd_design
INFO: [digilentinc.com:ip:MIPI_CSI_2_RX:1.2-17] /MIPI_CSI_2_RX_0Verified that video_aclk frequency can handle RxByteClkHS frequency. AXI-Stream bandwidth 600000000 Pix/s >= PPI bandwidth 134400000.0 Pix/s
INFO: [digilentinc.com:ip:MIPI_D_PHY_RX:1.3-17] /MIPI_D_PHY_RX_0FREQ_HZ of 50000000 propagated into CONFIG.C_S_AXI_LITE_FREQ_HZ
INFO: [digilentinc.com:ip:MIPI_D_PHY_RX:1.3-17] /MIPI_D_PHY_RX_0FREQ_HZ of 200000000 propagated into CONFIG.kRefClkFreqHz
INFO: [digilentinc.com:ip:MIPI_D_PHY_RX:1.3-17] /MIPI_D_PHY_RX_0FREQ_HZ of 84000000 propagated onto RxByteClkHS
INFO: [xilinx.com:ip:clk_wiz:6.0-1] /video_dynclk clk_wiz propagate
INFO: [xilinx.com:ip:clk_wiz:6.0-1] /clk_wiz_0 clk_wiz propagate
save_bd_design
Wrote  : <D:\Project2023\SG-Extended\ZyboOrg\hw\hw.srcs\sources_1\bd\system\system.bd> 
Wrote  : <D:/Project2023/SG-Extended/ZyboOrg/hw/hw.srcs/sources_1/bd/system/ui/bd_c954508f.ui> 
reset_run synth_1
INFO: [Project 1-1161] Replacing file C:/Users/ratna/Downloads/proj/hw.srcs/utils_1/imports/synth_1/system_wrapper.dcp with file D:/Project2023/SG-Extended/ZyboOrg/hw/hw.runs/synth_1/system_wrapper.dcp
reset_run system_xbar_0_synth_1
launch_runs impl_1 -to_step write_bitstream -jobs 10
INFO: [BD 41-1662] The design 'system.bd' is already validated. Therefore parameter propagation will not be re-run.
VHDL Output written to : d:/Project2023/SG-Extended/ZyboOrg/hw/hw.gen/sources_1/bd/system/synth/system.vhd
VHDL Output written to : d:/Project2023/SG-Extended/ZyboOrg/hw/hw.gen/sources_1/bd/system/sim/system.vhd
VHDL Output written to : d:/Project2023/SG-Extended/ZyboOrg/hw/hw.gen/sources_1/bd/system/hdl/system_wrapper.vhd
INFO: [BD 41-1029] Generation completed for the IP Integrator block ps7_0_axi_periph/xbar .
WARNING: [IP_Flow 19-4994] Overwriting existing constraint file 'd:/Project2023/SG-Extended/ZyboOrg/hw/hw.gen/sources_1/bd/system/ip/system_auto_pc_0/system_auto_pc_0_ooc.xdc'
INFO: [BD 41-1029] Generation completed for the IP Integrator block axi_mem_intercon/s00_couplers/auto_pc .
WARNING: [IP_Flow 19-4994] Overwriting existing constraint file 'd:/Project2023/SG-Extended/ZyboOrg/hw/hw.gen/sources_1/bd/system/ip/system_auto_ds_0/system_auto_ds_0_ooc.xdc'
INFO: [IP_Flow 19-5611] Unable to find an associated reset port for the interface 'S_AXI'. A default connection has been created.
INFO: [IP_Flow 19-5611] Unable to find an associated reset port for the interface 'M_AXI'. A default connection has been created.
INFO: [BD 41-1029] Generation completed for the IP Integrator block axi_mem_intercon_1/s00_couplers/auto_ds .
WARNING: [IP_Flow 19-4994] Overwriting existing constraint file 'd:/Project2023/SG-Extended/ZyboOrg/hw/hw.gen/sources_1/bd/system/ip/system_auto_pc_1/system_auto_pc_1_ooc.xdc'
INFO: [BD 41-1029] Generation completed for the IP Integrator block axi_mem_intercon_1/s00_couplers/auto_pc .
WARNING: [IP_Flow 19-4994] Overwriting existing constraint file 'd:/Project2023/SG-Extended/ZyboOrg/hw/hw.gen/sources_1/bd/system/ip/system_auto_pc_2/system_auto_pc_2_ooc.xdc'
INFO: [BD 41-1029] Generation completed for the IP Integrator block ps7_0_axi_periph/s00_couplers/auto_pc .
WARNING: [IP_Flow 19-4994] Overwriting existing constraint file 'd:/Project2023/SG-Extended/ZyboOrg/hw/hw.gen/sources_1/bd/system/ip/system_auto_cc_0/system_auto_cc_0_ooc.xdc'
INFO: [IP_Flow 19-5611] Unable to find an associated reset port for the interface 'S_AXI'. A default connection has been created.
INFO: [IP_Flow 19-5611] Unable to find an associated reset port for the interface 'M_AXI'. A default connection has been created.
INFO: [BD 41-1029] Generation completed for the IP Integrator block ps7_0_axi_periph/m05_couplers/auto_cc .
WARNING: [IP_Flow 19-4994] Overwriting existing constraint file 'd:/Project2023/SG-Extended/ZyboOrg/hw/hw.gen/sources_1/bd/system/ip/system_auto_cc_1/system_auto_cc_1_ooc.xdc'
INFO: [IP_Flow 19-5611] Unable to find an associated reset port for the interface 'S_AXI'. A default connection has been created.
INFO: [IP_Flow 19-5611] Unable to find an associated reset port for the interface 'M_AXI'. A default connection has been created.
INFO: [BD 41-1029] Generation completed for the IP Integrator block ps7_0_axi_periph/m06_couplers/auto_cc .
WARNING: [IP_Flow 19-1971] File named "sim/system_v_gamma_lut_0_0.v" already exists in file group "xilinx_verilogsimulationwrapper", cannot add it again.
INFO: [BD 41-1029] Generation completed for the IP Integrator block v_gamma_lut_0 .
Exporting to file d:/Project2023/SG-Extended/ZyboOrg/hw/hw.gen/sources_1/bd/system/hw_handoff/system.hwh
Generated Hardware Definition File d:/Project2023/SG-Extended/ZyboOrg/hw/hw.gen/sources_1/bd/system/synth/system.hwdef
INFO: [IP_Flow 19-6930] IPCACHE: runCacheChecks() number of threads = 8
INFO: [IP_Flow 19-6921] IPCACHE: Adding cache check func to thread queue for IP system_auto_cc_0
INFO: [IP_Flow 19-6921] IPCACHE: Adding cache check func to thread queue for IP system_auto_cc_1
INFO: [IP_Flow 19-6921] IPCACHE: Adding cache check func to thread queue for IP system_auto_ds_0
INFO: [IP_Flow 19-6921] IPCACHE: Adding cache check func to thread queue for IP system_auto_pc_0
INFO: [IP_Flow 19-6921] IPCACHE: Adding cache check func to thread queue for IP system_auto_pc_1
INFO: [IP_Flow 19-6921] IPCACHE: Adding cache check func to thread queue for IP system_auto_pc_2
INFO: [IP_Flow 19-6921] IPCACHE: Adding cache check func to thread queue for IP system_v_gamma_lut_0_0
INFO: [IP_Flow 19-6921] IPCACHE: Adding cache check func to thread queue for IP system_xbar_0
INFO: [IP_Flow 19-8020] IPCACHE: runCacheChecks() calling threadPool finishWork()
INFO: [IP_Flow 19-6924] IPCACHE: Running cache check for IP inst: system_auto_cc_0
INFO: [IP_Flow 19-6922] IPCACHE: Exporting cached entry 74593c4df981c03c to dir: d:/Project2023/SG-Extended/ZyboOrg/hw/hw.gen/sources_1/bd/system/ip/system_auto_cc_0
INFO: [IP_Flow 19-6928] IPCACHE: copied cached file d:/Project2023/SG-Extended/ZyboOrg/hw/hw.cache/ip/2023.2/7/4/74593c4df981c03c/system_auto_cc_0.dcp to d:/Project2023/SG-Extended/ZyboOrg/hw/hw.gen/sources_1/bd/system/ip/system_auto_cc_0/system_auto_cc_0.dcp.
INFO: [IP_Flow 19-6926] IPCACHE: added file to list for BOM: d:/Project2023/SG-Extended/ZyboOrg/hw/hw.gen/sources_1/bd/system/ip/system_auto_cc_0/system_auto_cc_0.dcp
INFO: [IP_Flow 19-6928] IPCACHE: copied cached file d:/Project2023/SG-Extended/ZyboOrg/hw/hw.cache/ip/2023.2/7/4/74593c4df981c03c/system_auto_cc_0_sim_netlist.v to d:/Project2023/SG-Extended/ZyboOrg/hw/hw.gen/sources_1/bd/system/ip/system_auto_cc_0/system_auto_cc_0_sim_netlist.v.
INFO: [IP_Flow 19-6926] IPCACHE: added file to list for BOM: d:/Project2023/SG-Extended/ZyboOrg/hw/hw.gen/sources_1/bd/system/ip/system_auto_cc_0/system_auto_cc_0_sim_netlist.v
INFO: [IP_Flow 19-6928] IPCACHE: copied cached file d:/Project2023/SG-Extended/ZyboOrg/hw/hw.cache/ip/2023.2/7/4/74593c4df981c03c/system_auto_cc_0_sim_netlist.vhdl to d:/Project2023/SG-Extended/ZyboOrg/hw/hw.gen/sources_1/bd/system/ip/system_auto_cc_0/system_auto_cc_0_sim_netlist.vhdl.
INFO: [IP_Flow 19-6926] IPCACHE: added file to list for BOM: d:/Project2023/SG-Extended/ZyboOrg/hw/hw.gen/sources_1/bd/system/ip/system_auto_cc_0/system_auto_cc_0_sim_netlist.vhdl
INFO: [IP_Flow 19-6928] IPCACHE: copied cached file d:/Project2023/SG-Extended/ZyboOrg/hw/hw.cache/ip/2023.2/7/4/74593c4df981c03c/system_auto_cc_0_stub.v to d:/Project2023/SG-Extended/ZyboOrg/hw/hw.gen/sources_1/bd/system/ip/system_auto_cc_0/system_auto_cc_0_stub.v.
INFO: [IP_Flow 19-6926] IPCACHE: added file to list for BOM: d:/Project2023/SG-Extended/ZyboOrg/hw/hw.gen/sources_1/bd/system/ip/system_auto_cc_0/system_auto_cc_0_stub.v
INFO: [IP_Flow 19-6928] IPCACHE: copied cached file d:/Project2023/SG-Extended/ZyboOrg/hw/hw.cache/ip/2023.2/7/4/74593c4df981c03c/system_auto_cc_0_stub.vhdl to d:/Project2023/SG-Extended/ZyboOrg/hw/hw.gen/sources_1/bd/system/ip/system_auto_cc_0/system_auto_cc_0_stub.vhdl.
INFO: [IP_Flow 19-6926] IPCACHE: added file to list for BOM: d:/Project2023/SG-Extended/ZyboOrg/hw/hw.gen/sources_1/bd/system/ip/system_auto_cc_0/system_auto_cc_0_stub.vhdl
INFO: [IP_Flow 19-4993] Using cached IP synthesis design for IP system_auto_cc_0, cache-ID = 74593c4df981c03c; cache size = 70.483 MB.
INFO: [IP_Flow 19-6924] IPCACHE: Running cache check for IP inst: system_auto_cc_1
INFO: [IP_Flow 19-6924] IPCACHE: Running cache check for IP inst: system_auto_ds_0
INFO: [IP_Flow 19-6922] IPCACHE: Exporting cached entry 045d49f2ca4dced3 to dir: d:/Project2023/SG-Extended/ZyboOrg/hw/hw.gen/sources_1/bd/system/ip/system_auto_ds_0
INFO: [IP_Flow 19-6928] IPCACHE: copied cached file d:/Project2023/SG-Extended/ZyboOrg/hw/hw.cache/ip/2023.2/0/4/045d49f2ca4dced3/system_auto_ds_0.dcp to d:/Project2023/SG-Extended/ZyboOrg/hw/hw.gen/sources_1/bd/system/ip/system_auto_ds_0/system_auto_ds_0.dcp.
INFO: [IP_Flow 19-6926] IPCACHE: added file to list for BOM: d:/Project2023/SG-Extended/ZyboOrg/hw/hw.gen/sources_1/bd/system/ip/system_auto_ds_0/system_auto_ds_0.dcp
INFO: [IP_Flow 19-6928] IPCACHE: copied cached file d:/Project2023/SG-Extended/ZyboOrg/hw/hw.cache/ip/2023.2/0/4/045d49f2ca4dced3/system_auto_ds_0_sim_netlist.v to d:/Project2023/SG-Extended/ZyboOrg/hw/hw.gen/sources_1/bd/system/ip/system_auto_ds_0/system_auto_ds_0_sim_netlist.v.
INFO: [IP_Flow 19-6926] IPCACHE: added file to list for BOM: d:/Project2023/SG-Extended/ZyboOrg/hw/hw.gen/sources_1/bd/system/ip/system_auto_ds_0/system_auto_ds_0_sim_netlist.v
INFO: [IP_Flow 19-6928] IPCACHE: copied cached file d:/Project2023/SG-Extended/ZyboOrg/hw/hw.cache/ip/2023.2/0/4/045d49f2ca4dced3/system_auto_ds_0_sim_netlist.vhdl to d:/Project2023/SG-Extended/ZyboOrg/hw/hw.gen/sources_1/bd/system/ip/system_auto_ds_0/system_auto_ds_0_sim_netlist.vhdl.
INFO: [IP_Flow 19-6926] IPCACHE: added file to list for BOM: d:/Project2023/SG-Extended/ZyboOrg/hw/hw.gen/sources_1/bd/system/ip/system_auto_ds_0/system_auto_ds_0_sim_netlist.vhdl
INFO: [IP_Flow 19-6928] IPCACHE: copied cached file d:/Project2023/SG-Extended/ZyboOrg/hw/hw.cache/ip/2023.2/0/4/045d49f2ca4dced3/system_auto_ds_0_stub.v to d:/Project2023/SG-Extended/ZyboOrg/hw/hw.gen/sources_1/bd/system/ip/system_auto_ds_0/system_auto_ds_0_stub.v.
INFO: [IP_Flow 19-6926] IPCACHE: added file to list for BOM: d:/Project2023/SG-Extended/ZyboOrg/hw/hw.gen/sources_1/bd/system/ip/system_auto_ds_0/system_auto_ds_0_stub.v
INFO: [IP_Flow 19-6928] IPCACHE: copied cached file d:/Project2023/SG-Extended/ZyboOrg/hw/hw.cache/ip/2023.2/0/4/045d49f2ca4dced3/system_auto_ds_0_stub.vhdl to d:/Project2023/SG-Extended/ZyboOrg/hw/hw.gen/sources_1/bd/system/ip/system_auto_ds_0/system_auto_ds_0_stub.vhdl.
INFO: [IP_Flow 19-6926] IPCACHE: added file to list for BOM: d:/Project2023/SG-Extended/ZyboOrg/hw/hw.gen/sources_1/bd/system/ip/system_auto_ds_0/system_auto_ds_0_stub.vhdl
INFO: [IP_Flow 19-4993] Using cached IP synthesis design for IP system_auto_ds_0, cache-ID = 045d49f2ca4dced3; cache size = 70.483 MB.
INFO: [IP_Flow 19-6924] IPCACHE: Running cache check for IP inst: system_auto_pc_0
INFO: [IP_Flow 19-6922] IPCACHE: Exporting cached entry 93b604177eebc095 to dir: d:/Project2023/SG-Extended/ZyboOrg/hw/hw.gen/sources_1/bd/system/ip/system_auto_pc_0
INFO: [IP_Flow 19-6928] IPCACHE: copied cached file d:/Project2023/SG-Extended/ZyboOrg/hw/hw.cache/ip/2023.2/9/3/93b604177eebc095/system_auto_pc_0.dcp to d:/Project2023/SG-Extended/ZyboOrg/hw/hw.gen/sources_1/bd/system/ip/system_auto_pc_0/system_auto_pc_0.dcp.
INFO: [IP_Flow 19-6926] IPCACHE: added file to list for BOM: d:/Project2023/SG-Extended/ZyboOrg/hw/hw.gen/sources_1/bd/system/ip/system_auto_pc_0/system_auto_pc_0.dcp
INFO: [IP_Flow 19-6928] IPCACHE: copied cached file d:/Project2023/SG-Extended/ZyboOrg/hw/hw.cache/ip/2023.2/9/3/93b604177eebc095/system_auto_pc_0_sim_netlist.v to d:/Project2023/SG-Extended/ZyboOrg/hw/hw.gen/sources_1/bd/system/ip/system_auto_pc_0/system_auto_pc_0_sim_netlist.v.
INFO: [IP_Flow 19-6926] IPCACHE: added file to list for BOM: d:/Project2023/SG-Extended/ZyboOrg/hw/hw.gen/sources_1/bd/system/ip/system_auto_pc_0/system_auto_pc_0_sim_netlist.v
INFO: [IP_Flow 19-6928] IPCACHE: copied cached file d:/Project2023/SG-Extended/ZyboOrg/hw/hw.cache/ip/2023.2/9/3/93b604177eebc095/system_auto_pc_0_sim_netlist.vhdl to d:/Project2023/SG-Extended/ZyboOrg/hw/hw.gen/sources_1/bd/system/ip/system_auto_pc_0/system_auto_pc_0_sim_netlist.vhdl.
INFO: [IP_Flow 19-6926] IPCACHE: added file to list for BOM: d:/Project2023/SG-Extended/ZyboOrg/hw/hw.gen/sources_1/bd/system/ip/system_auto_pc_0/system_auto_pc_0_sim_netlist.vhdl
INFO: [IP_Flow 19-6928] IPCACHE: copied cached file d:/Project2023/SG-Extended/ZyboOrg/hw/hw.cache/ip/2023.2/9/3/93b604177eebc095/system_auto_pc_0_stub.v to d:/Project2023/SG-Extended/ZyboOrg/hw/hw.gen/sources_1/bd/system/ip/system_auto_pc_0/system_auto_pc_0_stub.v.
INFO: [IP_Flow 19-6926] IPCACHE: added file to list for BOM: d:/Project2023/SG-Extended/ZyboOrg/hw/hw.gen/sources_1/bd/system/ip/system_auto_pc_0/system_auto_pc_0_stub.v
INFO: [IP_Flow 19-6928] IPCACHE: copied cached file d:/Project2023/SG-Extended/ZyboOrg/hw/hw.cache/ip/2023.2/9/3/93b604177eebc095/system_auto_pc_0_stub.vhdl to d:/Project2023/SG-Extended/ZyboOrg/hw/hw.gen/sources_1/bd/system/ip/system_auto_pc_0/system_auto_pc_0_stub.vhdl.
INFO: [IP_Flow 19-6926] IPCACHE: added file to list for BOM: d:/Project2023/SG-Extended/ZyboOrg/hw/hw.gen/sources_1/bd/system/ip/system_auto_pc_0/system_auto_pc_0_stub.vhdl
INFO: [IP_Flow 19-4993] Using cached IP synthesis design for IP system_auto_pc_0, cache-ID = 93b604177eebc095; cache size = 70.483 MB.
INFO: [IP_Flow 19-6924] IPCACHE: Running cache check for IP inst: system_auto_pc_1
INFO: [IP_Flow 19-6922] IPCACHE: Exporting cached entry 41f20482a30bb072 to dir: d:/Project2023/SG-Extended/ZyboOrg/hw/hw.gen/sources_1/bd/system/ip/system_auto_pc_1
INFO: [IP_Flow 19-6928] IPCACHE: copied cached file d:/Project2023/SG-Extended/ZyboOrg/hw/hw.cache/ip/2023.2/4/1/41f20482a30bb072/system_auto_pc_1.dcp to d:/Project2023/SG-Extended/ZyboOrg/hw/hw.gen/sources_1/bd/system/ip/system_auto_pc_1/system_auto_pc_1.dcp.
INFO: [IP_Flow 19-6926] IPCACHE: added file to list for BOM: d:/Project2023/SG-Extended/ZyboOrg/hw/hw.gen/sources_1/bd/system/ip/system_auto_pc_1/system_auto_pc_1.dcp
INFO: [IP_Flow 19-6928] IPCACHE: copied cached file d:/Project2023/SG-Extended/ZyboOrg/hw/hw.cache/ip/2023.2/4/1/41f20482a30bb072/system_auto_pc_1_sim_netlist.v to d:/Project2023/SG-Extended/ZyboOrg/hw/hw.gen/sources_1/bd/system/ip/system_auto_pc_1/system_auto_pc_1_sim_netlist.v.
INFO: [IP_Flow 19-6926] IPCACHE: added file to list for BOM: d:/Project2023/SG-Extended/ZyboOrg/hw/hw.gen/sources_1/bd/system/ip/system_auto_pc_1/system_auto_pc_1_sim_netlist.v
INFO: [IP_Flow 19-6928] IPCACHE: copied cached file d:/Project2023/SG-Extended/ZyboOrg/hw/hw.cache/ip/2023.2/4/1/41f20482a30bb072/system_auto_pc_1_sim_netlist.vhdl to d:/Project2023/SG-Extended/ZyboOrg/hw/hw.gen/sources_1/bd/system/ip/system_auto_pc_1/system_auto_pc_1_sim_netlist.vhdl.
INFO: [IP_Flow 19-6926] IPCACHE: added file to list for BOM: d:/Project2023/SG-Extended/ZyboOrg/hw/hw.gen/sources_1/bd/system/ip/system_auto_pc_1/system_auto_pc_1_sim_netlist.vhdl
INFO: [IP_Flow 19-6928] IPCACHE: copied cached file d:/Project2023/SG-Extended/ZyboOrg/hw/hw.cache/ip/2023.2/4/1/41f20482a30bb072/system_auto_pc_1_stub.v to d:/Project2023/SG-Extended/ZyboOrg/hw/hw.gen/sources_1/bd/system/ip/system_auto_pc_1/system_auto_pc_1_stub.v.
INFO: [IP_Flow 19-6926] IPCACHE: added file to list for BOM: d:/Project2023/SG-Extended/ZyboOrg/hw/hw.gen/sources_1/bd/system/ip/system_auto_pc_1/system_auto_pc_1_stub.v
INFO: [IP_Flow 19-6928] IPCACHE: copied cached file d:/Project2023/SG-Extended/ZyboOrg/hw/hw.cache/ip/2023.2/4/1/41f20482a30bb072/system_auto_pc_1_stub.vhdl to d:/Project2023/SG-Extended/ZyboOrg/hw/hw.gen/sources_1/bd/system/ip/system_auto_pc_1/system_auto_pc_1_stub.vhdl.
INFO: [IP_Flow 19-6926] IPCACHE: added file to list for BOM: d:/Project2023/SG-Extended/ZyboOrg/hw/hw.gen/sources_1/bd/system/ip/system_auto_pc_1/system_auto_pc_1_stub.vhdl
INFO: [IP_Flow 19-4993] Using cached IP synthesis design for IP system_auto_pc_1, cache-ID = 41f20482a30bb072; cache size = 70.483 MB.
INFO: [IP_Flow 19-6924] IPCACHE: Running cache check for IP inst: system_auto_pc_2
INFO: [IP_Flow 19-6922] IPCACHE: Exporting cached entry 21d0f84fc480ceff to dir: d:/Project2023/SG-Extended/ZyboOrg/hw/hw.gen/sources_1/bd/system/ip/system_auto_pc_2
INFO: [IP_Flow 19-6928] IPCACHE: copied cached file d:/Project2023/SG-Extended/ZyboOrg/hw/hw.cache/ip/2023.2/2/1/21d0f84fc480ceff/system_auto_pc_2.dcp to d:/Project2023/SG-Extended/ZyboOrg/hw/hw.gen/sources_1/bd/system/ip/system_auto_pc_2/system_auto_pc_2.dcp.
INFO: [IP_Flow 19-6926] IPCACHE: added file to list for BOM: d:/Project2023/SG-Extended/ZyboOrg/hw/hw.gen/sources_1/bd/system/ip/system_auto_pc_2/system_auto_pc_2.dcp
INFO: [IP_Flow 19-6928] IPCACHE: copied cached file d:/Project2023/SG-Extended/ZyboOrg/hw/hw.cache/ip/2023.2/2/1/21d0f84fc480ceff/system_auto_pc_2_sim_netlist.v to d:/Project2023/SG-Extended/ZyboOrg/hw/hw.gen/sources_1/bd/system/ip/system_auto_pc_2/system_auto_pc_2_sim_netlist.v.
INFO: [IP_Flow 19-6926] IPCACHE: added file to list for BOM: d:/Project2023/SG-Extended/ZyboOrg/hw/hw.gen/sources_1/bd/system/ip/system_auto_pc_2/system_auto_pc_2_sim_netlist.v
INFO: [IP_Flow 19-6928] IPCACHE: copied cached file d:/Project2023/SG-Extended/ZyboOrg/hw/hw.cache/ip/2023.2/2/1/21d0f84fc480ceff/system_auto_pc_2_sim_netlist.vhdl to d:/Project2023/SG-Extended/ZyboOrg/hw/hw.gen/sources_1/bd/system/ip/system_auto_pc_2/system_auto_pc_2_sim_netlist.vhdl.
INFO: [IP_Flow 19-6926] IPCACHE: added file to list for BOM: d:/Project2023/SG-Extended/ZyboOrg/hw/hw.gen/sources_1/bd/system/ip/system_auto_pc_2/system_auto_pc_2_sim_netlist.vhdl
INFO: [IP_Flow 19-6928] IPCACHE: copied cached file d:/Project2023/SG-Extended/ZyboOrg/hw/hw.cache/ip/2023.2/2/1/21d0f84fc480ceff/system_auto_pc_2_stub.v to d:/Project2023/SG-Extended/ZyboOrg/hw/hw.gen/sources_1/bd/system/ip/system_auto_pc_2/system_auto_pc_2_stub.v.
INFO: [IP_Flow 19-6926] IPCACHE: added file to list for BOM: d:/Project2023/SG-Extended/ZyboOrg/hw/hw.gen/sources_1/bd/system/ip/system_auto_pc_2/system_auto_pc_2_stub.v
INFO: [IP_Flow 19-6928] IPCACHE: copied cached file d:/Project2023/SG-Extended/ZyboOrg/hw/hw.cache/ip/2023.2/2/1/21d0f84fc480ceff/system_auto_pc_2_stub.vhdl to d:/Project2023/SG-Extended/ZyboOrg/hw/hw.gen/sources_1/bd/system/ip/system_auto_pc_2/system_auto_pc_2_stub.vhdl.
INFO: [IP_Flow 19-6926] IPCACHE: added file to list for BOM: d:/Project2023/SG-Extended/ZyboOrg/hw/hw.gen/sources_1/bd/system/ip/system_auto_pc_2/system_auto_pc_2_stub.vhdl
INFO: [IP_Flow 19-4993] Using cached IP synthesis design for IP system_auto_pc_2, cache-ID = 21d0f84fc480ceff; cache size = 70.483 MB.
INFO: [IP_Flow 19-6924] IPCACHE: Running cache check for IP inst: system_v_gamma_lut_0_0
INFO: [IP_Flow 19-6924] IPCACHE: Running cache check for IP inst: system_xbar_0
[Wed Nov  8 16:02:14 2023] Launched system_xbar_0_synth_1, system_auto_cc_1_synth_1, system_v_gamma_lut_0_0_synth_1, synth_1...
Run output will be captured here:
system_xbar_0_synth_1: D:/Project2023/SG-Extended/ZyboOrg/hw/hw.runs/system_xbar_0_synth_1/runme.log
system_auto_cc_1_synth_1: D:/Project2023/SG-Extended/ZyboOrg/hw/hw.runs/system_auto_cc_1_synth_1/runme.log
system_v_gamma_lut_0_0_synth_1: D:/Project2023/SG-Extended/ZyboOrg/hw/hw.runs/system_v_gamma_lut_0_0_synth_1/runme.log
synth_1: D:/Project2023/SG-Extended/ZyboOrg/hw/hw.runs/synth_1/runme.log
[Wed Nov  8 16:02:15 2023] Launched impl_1...
Run output will be captured here: D:/Project2023/SG-Extended/ZyboOrg/hw/hw.runs/impl_1/runme.log
launch_runs: Time (s): cpu = 00:00:04 ; elapsed = 00:00:07 . Memory (MB): peak = 2533.809 ; gain = 0.000
write_hw_platform -fixed -include_bit -force -file D:/Project2023/SG-Extended/ZyboOrg/hw/system_wrapper.xsa
INFO: [Project 1-1918] Creating Hardware Platform: D:/Project2023/SG-Extended/ZyboOrg/hw/system_wrapper.xsa ...
WARNING: [Project 1-645] Board images not set in Hardware Platform.
INFO: [Project 1-1943] The Hardware Platform can be used for Hardware
INFO: [Project 1-1941] Successfully created Hardware Platform: D:/Project2023/SG-Extended/ZyboOrg/hw/system_wrapper.xsa
open_bd_design {D:/Project2023/SG-Extended/ZyboOrg/hw/hw.srcs/sources_1/bd/system/system.bd}
validate_bd_design -force
INFO: [digilentinc.com:ip:MIPI_CSI_2_RX:1.2-17] /MIPI_CSI_2_RX_0Verified that video_aclk frequency can handle RxByteClkHS frequency. AXI-Stream bandwidth 600000000 Pix/s >= PPI bandwidth 134400000.0 Pix/s
INFO: [digilentinc.com:ip:MIPI_D_PHY_RX:1.3-17] /MIPI_D_PHY_RX_0FREQ_HZ of 50000000 propagated into CONFIG.C_S_AXI_LITE_FREQ_HZ
INFO: [digilentinc.com:ip:MIPI_D_PHY_RX:1.3-17] /MIPI_D_PHY_RX_0FREQ_HZ of 200000000 propagated into CONFIG.kRefClkFreqHz
INFO: [digilentinc.com:ip:MIPI_D_PHY_RX:1.3-17] /MIPI_D_PHY_RX_0FREQ_HZ of 84000000 propagated onto RxByteClkHS
INFO: [xilinx.com:ip:clk_wiz:6.0-1] /video_dynclk clk_wiz propagate
INFO: [xilinx.com:ip:clk_wiz:6.0-1] /clk_wiz_0 clk_wiz propagate
startgroup
endgroup
startgroup
endgroup
startgroup
endgroup
startgroup
endgroup
startgroup
set_property -dict [list \
  CONFIG.c_m_axis_mm2s_tdata_width {120} \
  CONFIG.c_mm2s_linebuffer_depth {1024} \
] [get_bd_cells axi_vdma_0]
endgroup
startgroup
set_property CONFIG.C_PIXELS_PER_CLOCK {4} [get_bd_cells v_axi4s_vid_out_0]
endgroup
validate_bd_design
INFO: [digilentinc.com:ip:MIPI_CSI_2_RX:1.2-17] /MIPI_CSI_2_RX_0Verified that video_aclk frequency can handle RxByteClkHS frequency. AXI-Stream bandwidth 600000000 Pix/s >= PPI bandwidth 134400000.0 Pix/s
INFO: [digilentinc.com:ip:MIPI_D_PHY_RX:1.3-17] /MIPI_D_PHY_RX_0FREQ_HZ of 50000000 propagated into CONFIG.C_S_AXI_LITE_FREQ_HZ
INFO: [digilentinc.com:ip:MIPI_D_PHY_RX:1.3-17] /MIPI_D_PHY_RX_0FREQ_HZ of 200000000 propagated into CONFIG.kRefClkFreqHz
INFO: [digilentinc.com:ip:MIPI_D_PHY_RX:1.3-17] /MIPI_D_PHY_RX_0FREQ_HZ of 84000000 propagated onto RxByteClkHS
INFO: [xilinx.com:ip:clk_wiz:6.0-1] /video_dynclk clk_wiz propagate
INFO: [xilinx.com:ip:clk_wiz:6.0-1] /clk_wiz_0 clk_wiz propagate
CRITICAL WARNING: [BD 41-237] Bus Interface property TDATA_NUM_BYTES does not match between /v_axi4s_vid_out_0/video_in(12) and /axi_vdma_0/M_AXIS_MM2S(15)
startgroup
set_property -dict [list CONFIG.C_S_AXIS_VIDEO_DATA_WIDTH.VALUE_SRC USER] [get_bd_cells v_axi4s_vid_out_0]
set_property CONFIG.C_S_AXIS_VIDEO_DATA_WIDTH {10} [get_bd_cells v_axi4s_vid_out_0]
endgroup
validate_bd_design
INFO: [digilentinc.com:ip:MIPI_CSI_2_RX:1.2-17] /MIPI_CSI_2_RX_0Verified that video_aclk frequency can handle RxByteClkHS frequency. AXI-Stream bandwidth 600000000 Pix/s >= PPI bandwidth 134400000.0 Pix/s
INFO: [digilentinc.com:ip:MIPI_D_PHY_RX:1.3-17] /MIPI_D_PHY_RX_0FREQ_HZ of 50000000 propagated into CONFIG.C_S_AXI_LITE_FREQ_HZ
INFO: [digilentinc.com:ip:MIPI_D_PHY_RX:1.3-17] /MIPI_D_PHY_RX_0FREQ_HZ of 200000000 propagated into CONFIG.kRefClkFreqHz
INFO: [digilentinc.com:ip:MIPI_D_PHY_RX:1.3-17] /MIPI_D_PHY_RX_0FREQ_HZ of 84000000 propagated onto RxByteClkHS
INFO: [xilinx.com:ip:clk_wiz:6.0-1] /video_dynclk clk_wiz propagate
INFO: [xilinx.com:ip:clk_wiz:6.0-1] /clk_wiz_0 clk_wiz propagate
validate_bd_design -force
INFO: [digilentinc.com:ip:MIPI_CSI_2_RX:1.2-17] /MIPI_CSI_2_RX_0Verified that video_aclk frequency can handle RxByteClkHS frequency. AXI-Stream bandwidth 600000000 Pix/s >= PPI bandwidth 134400000.0 Pix/s
INFO: [digilentinc.com:ip:MIPI_D_PHY_RX:1.3-17] /MIPI_D_PHY_RX_0FREQ_HZ of 50000000 propagated into CONFIG.C_S_AXI_LITE_FREQ_HZ
INFO: [digilentinc.com:ip:MIPI_D_PHY_RX:1.3-17] /MIPI_D_PHY_RX_0FREQ_HZ of 200000000 propagated into CONFIG.kRefClkFreqHz
INFO: [digilentinc.com:ip:MIPI_D_PHY_RX:1.3-17] /MIPI_D_PHY_RX_0FREQ_HZ of 84000000 propagated onto RxByteClkHS
INFO: [xilinx.com:ip:clk_wiz:6.0-1] /video_dynclk clk_wiz propagate
INFO: [xilinx.com:ip:clk_wiz:6.0-1] /clk_wiz_0 clk_wiz propagate
save_bd_design
Wrote  : <D:\Project2023\SG-Extended\ZyboOrg\hw\hw.srcs\sources_1\bd\system\system.bd> 
Wrote  : <D:/Project2023/SG-Extended/ZyboOrg/hw/hw.srcs/sources_1/bd/system/ui/bd_c954508f.ui> 
reset_run synth_1
INFO: [Project 1-1161] Replacing file C:/Users/ratna/Downloads/proj/hw.srcs/utils_1/imports/synth_1/system_wrapper.dcp with file D:/Project2023/SG-Extended/ZyboOrg/hw/hw.runs/synth_1/system_wrapper.dcp
reset_run system_axi_vdma_0_0_synth_1
reset_run system_v_axi4s_vid_out_0_0_synth_1
launch_runs impl_1 -to_step write_bitstream -jobs 10
INFO: [BD 41-1662] The design 'system.bd' is already validated. Therefore parameter propagation will not be re-run.
WARNING: [BD 41-2384] Width mismatch when connecting pin: '/rgb2dvi_0/vid_pData'(24) to pin: '/v_axi4s_vid_out_0/vid_data'(96) - Only lower order bits will be connected.
VHDL Output written to : d:/Project2023/SG-Extended/ZyboOrg/hw/hw.gen/sources_1/bd/system/synth/system.vhd
WARNING: [BD 41-2384] Width mismatch when connecting pin: '/rgb2dvi_0/vid_pData'(24) to pin: '/v_axi4s_vid_out_0/vid_data'(96) - Only lower order bits will be connected.
VHDL Output written to : d:/Project2023/SG-Extended/ZyboOrg/hw/hw.gen/sources_1/bd/system/sim/system.vhd
VHDL Output written to : d:/Project2023/SG-Extended/ZyboOrg/hw/hw.gen/sources_1/bd/system/hdl/system_wrapper.vhd
WARNING: [IP_Flow 19-4994] Overwriting existing constraint file 'd:/Project2023/SG-Extended/ZyboOrg/hw/hw.gen/sources_1/bd/system/ip/system_axi_vdma_0_0/system_axi_vdma_0_0_ooc.xdc'
INFO: [BD 41-1029] Generation completed for the IP Integrator block axi_vdma_0 .
INFO: [BD 41-1029] Generation completed for the IP Integrator block v_axi4s_vid_out_0 .
WARNING: [IP_Flow 19-4994] Overwriting existing constraint file 'd:/Project2023/SG-Extended/ZyboOrg/hw/hw.gen/sources_1/bd/system/ip/system_auto_ds_0/system_auto_ds_0_ooc.xdc'
INFO: [IP_Flow 19-5611] Unable to find an associated reset port for the interface 'S_AXI'. A default connection has been created.
INFO: [IP_Flow 19-5611] Unable to find an associated reset port for the interface 'M_AXI'. A default connection has been created.
INFO: [BD 41-1029] Generation completed for the IP Integrator block axi_mem_intercon/s00_couplers/auto_ds .
WARNING: [IP_Flow 19-4994] Overwriting existing constraint file 'd:/Project2023/SG-Extended/ZyboOrg/hw/hw.gen/sources_1/bd/system/ip/system_auto_pc_0/system_auto_pc_0_ooc.xdc'
INFO: [BD 41-1029] Generation completed for the IP Integrator block axi_mem_intercon/s00_couplers/auto_pc .
WARNING: [IP_Flow 19-4994] Overwriting existing constraint file 'd:/Project2023/SG-Extended/ZyboOrg/hw/hw.gen/sources_1/bd/system/ip/system_auto_ds_1/system_auto_ds_1_ooc.xdc'
INFO: [IP_Flow 19-5611] Unable to find an associated reset port for the interface 'S_AXI'. A default connection has been created.
INFO: [IP_Flow 19-5611] Unable to find an associated reset port for the interface 'M_AXI'. A default connection has been created.
INFO: [BD 41-1029] Generation completed for the IP Integrator block axi_mem_intercon_1/s00_couplers/auto_ds .
WARNING: [IP_Flow 19-4994] Overwriting existing constraint file 'd:/Project2023/SG-Extended/ZyboOrg/hw/hw.gen/sources_1/bd/system/ip/system_auto_pc_1/system_auto_pc_1_ooc.xdc'
INFO: [BD 41-1029] Generation completed for the IP Integrator block axi_mem_intercon_1/s00_couplers/auto_pc .
WARNING: [IP_Flow 19-4994] Overwriting existing constraint file 'd:/Project2023/SG-Extended/ZyboOrg/hw/hw.gen/sources_1/bd/system/ip/system_auto_pc_2/system_auto_pc_2_ooc.xdc'
INFO: [BD 41-1029] Generation completed for the IP Integrator block ps7_0_axi_periph/s00_couplers/auto_pc .
WARNING: [IP_Flow 19-4994] Overwriting existing constraint file 'd:/Project2023/SG-Extended/ZyboOrg/hw/hw.gen/sources_1/bd/system/ip/system_auto_cc_0/system_auto_cc_0_ooc.xdc'
INFO: [IP_Flow 19-5611] Unable to find an associated reset port for the interface 'S_AXI'. A default connection has been created.
INFO: [IP_Flow 19-5611] Unable to find an associated reset port for the interface 'M_AXI'. A default connection has been created.
INFO: [BD 41-1029] Generation completed for the IP Integrator block ps7_0_axi_periph/m05_couplers/auto_cc .
WARNING: [IP_Flow 19-4994] Overwriting existing constraint file 'd:/Project2023/SG-Extended/ZyboOrg/hw/hw.gen/sources_1/bd/system/ip/system_auto_cc_1/system_auto_cc_1_ooc.xdc'
INFO: [IP_Flow 19-5611] Unable to find an associated reset port for the interface 'S_AXI'. A default connection has been created.
INFO: [IP_Flow 19-5611] Unable to find an associated reset port for the interface 'M_AXI'. A default connection has been created.
INFO: [BD 41-1029] Generation completed for the IP Integrator block ps7_0_axi_periph/m06_couplers/auto_cc .
Exporting to file d:/Project2023/SG-Extended/ZyboOrg/hw/hw.gen/sources_1/bd/system/hw_handoff/system.hwh
Generated Hardware Definition File d:/Project2023/SG-Extended/ZyboOrg/hw/hw.gen/sources_1/bd/system/synth/system.hwdef
INFO: [IP_Flow 19-6930] IPCACHE: runCacheChecks() number of threads = 8
INFO: [IP_Flow 19-6921] IPCACHE: Adding cache check func to thread queue for IP system_auto_cc_0
INFO: [IP_Flow 19-6921] IPCACHE: Adding cache check func to thread queue for IP system_auto_cc_1
INFO: [IP_Flow 19-6921] IPCACHE: Adding cache check func to thread queue for IP system_auto_ds_0
INFO: [IP_Flow 19-6921] IPCACHE: Adding cache check func to thread queue for IP system_auto_ds_1
INFO: [IP_Flow 19-6921] IPCACHE: Adding cache check func to thread queue for IP system_auto_pc_0
INFO: [IP_Flow 19-6921] IPCACHE: Adding cache check func to thread queue for IP system_auto_pc_1
INFO: [IP_Flow 19-6921] IPCACHE: Adding cache check func to thread queue for IP system_auto_pc_2
INFO: [IP_Flow 19-6921] IPCACHE: Adding cache check func to thread queue for IP system_axi_vdma_0_0
INFO: [IP_Flow 19-6921] IPCACHE: Adding cache check func to thread queue for IP system_v_axi4s_vid_out_0_0
INFO: [IP_Flow 19-8020] IPCACHE: runCacheChecks() calling threadPool finishWork()
INFO: [IP_Flow 19-6924] IPCACHE: Running cache check for IP inst: system_auto_cc_0
INFO: [IP_Flow 19-6922] IPCACHE: Exporting cached entry 74593c4df981c03c to dir: d:/Project2023/SG-Extended/ZyboOrg/hw/hw.gen/sources_1/bd/system/ip/system_auto_cc_0
INFO: [IP_Flow 19-6928] IPCACHE: copied cached file d:/Project2023/SG-Extended/ZyboOrg/hw/hw.cache/ip/2023.2/7/4/74593c4df981c03c/system_auto_cc_0.dcp to d:/Project2023/SG-Extended/ZyboOrg/hw/hw.gen/sources_1/bd/system/ip/system_auto_cc_0/system_auto_cc_0.dcp.
INFO: [IP_Flow 19-6926] IPCACHE: added file to list for BOM: d:/Project2023/SG-Extended/ZyboOrg/hw/hw.gen/sources_1/bd/system/ip/system_auto_cc_0/system_auto_cc_0.dcp
INFO: [IP_Flow 19-6928] IPCACHE: copied cached file d:/Project2023/SG-Extended/ZyboOrg/hw/hw.cache/ip/2023.2/7/4/74593c4df981c03c/system_auto_cc_0_sim_netlist.v to d:/Project2023/SG-Extended/ZyboOrg/hw/hw.gen/sources_1/bd/system/ip/system_auto_cc_0/system_auto_cc_0_sim_netlist.v.
INFO: [IP_Flow 19-6926] IPCACHE: added file to list for BOM: d:/Project2023/SG-Extended/ZyboOrg/hw/hw.gen/sources_1/bd/system/ip/system_auto_cc_0/system_auto_cc_0_sim_netlist.v
INFO: [IP_Flow 19-6928] IPCACHE: copied cached file d:/Project2023/SG-Extended/ZyboOrg/hw/hw.cache/ip/2023.2/7/4/74593c4df981c03c/system_auto_cc_0_sim_netlist.vhdl to d:/Project2023/SG-Extended/ZyboOrg/hw/hw.gen/sources_1/bd/system/ip/system_auto_cc_0/system_auto_cc_0_sim_netlist.vhdl.
INFO: [IP_Flow 19-6926] IPCACHE: added file to list for BOM: d:/Project2023/SG-Extended/ZyboOrg/hw/hw.gen/sources_1/bd/system/ip/system_auto_cc_0/system_auto_cc_0_sim_netlist.vhdl
INFO: [IP_Flow 19-6928] IPCACHE: copied cached file d:/Project2023/SG-Extended/ZyboOrg/hw/hw.cache/ip/2023.2/7/4/74593c4df981c03c/system_auto_cc_0_stub.v to d:/Project2023/SG-Extended/ZyboOrg/hw/hw.gen/sources_1/bd/system/ip/system_auto_cc_0/system_auto_cc_0_stub.v.
INFO: [IP_Flow 19-6926] IPCACHE: added file to list for BOM: d:/Project2023/SG-Extended/ZyboOrg/hw/hw.gen/sources_1/bd/system/ip/system_auto_cc_0/system_auto_cc_0_stub.v
INFO: [IP_Flow 19-6928] IPCACHE: copied cached file d:/Project2023/SG-Extended/ZyboOrg/hw/hw.cache/ip/2023.2/7/4/74593c4df981c03c/system_auto_cc_0_stub.vhdl to d:/Project2023/SG-Extended/ZyboOrg/hw/hw.gen/sources_1/bd/system/ip/system_auto_cc_0/system_auto_cc_0_stub.vhdl.
INFO: [IP_Flow 19-6926] IPCACHE: added file to list for BOM: d:/Project2023/SG-Extended/ZyboOrg/hw/hw.gen/sources_1/bd/system/ip/system_auto_cc_0/system_auto_cc_0_stub.vhdl
INFO: [IP_Flow 19-4993] Using cached IP synthesis design for IP system_auto_cc_0, cache-ID = 74593c4df981c03c; cache size = 73.659 MB.
INFO: [IP_Flow 19-6924] IPCACHE: Running cache check for IP inst: system_auto_cc_1
INFO: [IP_Flow 19-6922] IPCACHE: Exporting cached entry d0b86da486fe7d6f to dir: d:/Project2023/SG-Extended/ZyboOrg/hw/hw.gen/sources_1/bd/system/ip/system_auto_cc_1
INFO: [IP_Flow 19-6928] IPCACHE: copied cached file d:/Project2023/SG-Extended/ZyboOrg/hw/hw.cache/ip/2023.2/d/0/d0b86da486fe7d6f/system_auto_cc_1.dcp to d:/Project2023/SG-Extended/ZyboOrg/hw/hw.gen/sources_1/bd/system/ip/system_auto_cc_1/system_auto_cc_1.dcp.
INFO: [IP_Flow 19-6926] IPCACHE: added file to list for BOM: d:/Project2023/SG-Extended/ZyboOrg/hw/hw.gen/sources_1/bd/system/ip/system_auto_cc_1/system_auto_cc_1.dcp
INFO: [IP_Flow 19-6928] IPCACHE: copied cached file d:/Project2023/SG-Extended/ZyboOrg/hw/hw.cache/ip/2023.2/d/0/d0b86da486fe7d6f/system_auto_cc_1_sim_netlist.v to d:/Project2023/SG-Extended/ZyboOrg/hw/hw.gen/sources_1/bd/system/ip/system_auto_cc_1/system_auto_cc_1_sim_netlist.v.
INFO: [IP_Flow 19-6926] IPCACHE: added file to list for BOM: d:/Project2023/SG-Extended/ZyboOrg/hw/hw.gen/sources_1/bd/system/ip/system_auto_cc_1/system_auto_cc_1_sim_netlist.v
INFO: [IP_Flow 19-6928] IPCACHE: copied cached file d:/Project2023/SG-Extended/ZyboOrg/hw/hw.cache/ip/2023.2/d/0/d0b86da486fe7d6f/system_auto_cc_1_sim_netlist.vhdl to d:/Project2023/SG-Extended/ZyboOrg/hw/hw.gen/sources_1/bd/system/ip/system_auto_cc_1/system_auto_cc_1_sim_netlist.vhdl.
INFO: [IP_Flow 19-6926] IPCACHE: added file to list for BOM: d:/Project2023/SG-Extended/ZyboOrg/hw/hw.gen/sources_1/bd/system/ip/system_auto_cc_1/system_auto_cc_1_sim_netlist.vhdl
INFO: [IP_Flow 19-6928] IPCACHE: copied cached file d:/Project2023/SG-Extended/ZyboOrg/hw/hw.cache/ip/2023.2/d/0/d0b86da486fe7d6f/system_auto_cc_1_stub.v to d:/Project2023/SG-Extended/ZyboOrg/hw/hw.gen/sources_1/bd/system/ip/system_auto_cc_1/system_auto_cc_1_stub.v.
INFO: [IP_Flow 19-6926] IPCACHE: added file to list for BOM: d:/Project2023/SG-Extended/ZyboOrg/hw/hw.gen/sources_1/bd/system/ip/system_auto_cc_1/system_auto_cc_1_stub.v
INFO: [IP_Flow 19-6928] IPCACHE: copied cached file d:/Project2023/SG-Extended/ZyboOrg/hw/hw.cache/ip/2023.2/d/0/d0b86da486fe7d6f/system_auto_cc_1_stub.vhdl to d:/Project2023/SG-Extended/ZyboOrg/hw/hw.gen/sources_1/bd/system/ip/system_auto_cc_1/system_auto_cc_1_stub.vhdl.
INFO: [IP_Flow 19-6926] IPCACHE: added file to list for BOM: d:/Project2023/SG-Extended/ZyboOrg/hw/hw.gen/sources_1/bd/system/ip/system_auto_cc_1/system_auto_cc_1_stub.vhdl
INFO: [IP_Flow 19-4993] Using cached IP synthesis design for IP system_auto_cc_1, cache-ID = d0b86da486fe7d6f; cache size = 73.659 MB.
INFO: [IP_Flow 19-6924] IPCACHE: Running cache check for IP inst: system_auto_ds_0
INFO: [IP_Flow 19-6924] IPCACHE: Running cache check for IP inst: system_auto_ds_1
INFO: [IP_Flow 19-6922] IPCACHE: Exporting cached entry 045d49f2ca4dced3 to dir: d:/Project2023/SG-Extended/ZyboOrg/hw/hw.gen/sources_1/bd/system/ip/system_auto_ds_1
INFO: [IP_Flow 19-6928] IPCACHE: copied cached file d:/Project2023/SG-Extended/ZyboOrg/hw/hw.cache/ip/2023.2/0/4/045d49f2ca4dced3/system_auto_ds_0.dcp to d:/Project2023/SG-Extended/ZyboOrg/hw/hw.gen/sources_1/bd/system/ip/system_auto_ds_1/system_auto_ds_1.dcp.
INFO: [IP_Flow 19-6926] IPCACHE: added file to list for BOM: d:/Project2023/SG-Extended/ZyboOrg/hw/hw.gen/sources_1/bd/system/ip/system_auto_ds_1/system_auto_ds_1.dcp
INFO: [IP_Flow 19-6928] IPCACHE: copied cached file d:/Project2023/SG-Extended/ZyboOrg/hw/hw.cache/ip/2023.2/0/4/045d49f2ca4dced3/system_auto_ds_0_sim_netlist.v to d:/Project2023/SG-Extended/ZyboOrg/hw/hw.gen/sources_1/bd/system/ip/system_auto_ds_1/system_auto_ds_1_sim_netlist.v.
INFO: [IP_Flow 19-6926] IPCACHE: added file to list for BOM: d:/Project2023/SG-Extended/ZyboOrg/hw/hw.gen/sources_1/bd/system/ip/system_auto_ds_1/system_auto_ds_1_sim_netlist.v
INFO: [IP_Flow 19-6928] IPCACHE: copied cached file d:/Project2023/SG-Extended/ZyboOrg/hw/hw.cache/ip/2023.2/0/4/045d49f2ca4dced3/system_auto_ds_0_sim_netlist.vhdl to d:/Project2023/SG-Extended/ZyboOrg/hw/hw.gen/sources_1/bd/system/ip/system_auto_ds_1/system_auto_ds_1_sim_netlist.vhdl.
INFO: [IP_Flow 19-6926] IPCACHE: added file to list for BOM: d:/Project2023/SG-Extended/ZyboOrg/hw/hw.gen/sources_1/bd/system/ip/system_auto_ds_1/system_auto_ds_1_sim_netlist.vhdl
INFO: [IP_Flow 19-6928] IPCACHE: copied cached file d:/Project2023/SG-Extended/ZyboOrg/hw/hw.cache/ip/2023.2/0/4/045d49f2ca4dced3/system_auto_ds_0_stub.v to d:/Project2023/SG-Extended/ZyboOrg/hw/hw.gen/sources_1/bd/system/ip/system_auto_ds_1/system_auto_ds_1_stub.v.
INFO: [IP_Flow 19-6926] IPCACHE: added file to list for BOM: d:/Project2023/SG-Extended/ZyboOrg/hw/hw.gen/sources_1/bd/system/ip/system_auto_ds_1/system_auto_ds_1_stub.v
INFO: [IP_Flow 19-6928] IPCACHE: copied cached file d:/Project2023/SG-Extended/ZyboOrg/hw/hw.cache/ip/2023.2/0/4/045d49f2ca4dced3/system_auto_ds_0_stub.vhdl to d:/Project2023/SG-Extended/ZyboOrg/hw/hw.gen/sources_1/bd/system/ip/system_auto_ds_1/system_auto_ds_1_stub.vhdl.
INFO: [IP_Flow 19-6926] IPCACHE: added file to list for BOM: d:/Project2023/SG-Extended/ZyboOrg/hw/hw.gen/sources_1/bd/system/ip/system_auto_ds_1/system_auto_ds_1_stub.vhdl
INFO: [IP_Flow 19-4993] Using cached IP synthesis design for IP system_auto_ds_1, cache-ID = 045d49f2ca4dced3; cache size = 73.659 MB.
INFO: [IP_Flow 19-6924] IPCACHE: Running cache check for IP inst: system_auto_pc_0
INFO: [IP_Flow 19-6924] IPCACHE: Running cache check for IP inst: system_auto_pc_1
INFO: [IP_Flow 19-6922] IPCACHE: Exporting cached entry 41f20482a30bb072 to dir: d:/Project2023/SG-Extended/ZyboOrg/hw/hw.gen/sources_1/bd/system/ip/system_auto_pc_1
INFO: [IP_Flow 19-6928] IPCACHE: copied cached file d:/Project2023/SG-Extended/ZyboOrg/hw/hw.cache/ip/2023.2/4/1/41f20482a30bb072/system_auto_pc_1.dcp to d:/Project2023/SG-Extended/ZyboOrg/hw/hw.gen/sources_1/bd/system/ip/system_auto_pc_1/system_auto_pc_1.dcp.
INFO: [IP_Flow 19-6926] IPCACHE: added file to list for BOM: d:/Project2023/SG-Extended/ZyboOrg/hw/hw.gen/sources_1/bd/system/ip/system_auto_pc_1/system_auto_pc_1.dcp
INFO: [IP_Flow 19-6928] IPCACHE: copied cached file d:/Project2023/SG-Extended/ZyboOrg/hw/hw.cache/ip/2023.2/4/1/41f20482a30bb072/system_auto_pc_1_sim_netlist.v to d:/Project2023/SG-Extended/ZyboOrg/hw/hw.gen/sources_1/bd/system/ip/system_auto_pc_1/system_auto_pc_1_sim_netlist.v.
INFO: [IP_Flow 19-6926] IPCACHE: added file to list for BOM: d:/Project2023/SG-Extended/ZyboOrg/hw/hw.gen/sources_1/bd/system/ip/system_auto_pc_1/system_auto_pc_1_sim_netlist.v
INFO: [IP_Flow 19-6928] IPCACHE: copied cached file d:/Project2023/SG-Extended/ZyboOrg/hw/hw.cache/ip/2023.2/4/1/41f20482a30bb072/system_auto_pc_1_sim_netlist.vhdl to d:/Project2023/SG-Extended/ZyboOrg/hw/hw.gen/sources_1/bd/system/ip/system_auto_pc_1/system_auto_pc_1_sim_netlist.vhdl.
INFO: [IP_Flow 19-6926] IPCACHE: added file to list for BOM: d:/Project2023/SG-Extended/ZyboOrg/hw/hw.gen/sources_1/bd/system/ip/system_auto_pc_1/system_auto_pc_1_sim_netlist.vhdl
INFO: [IP_Flow 19-6928] IPCACHE: copied cached file d:/Project2023/SG-Extended/ZyboOrg/hw/hw.cache/ip/2023.2/4/1/41f20482a30bb072/system_auto_pc_1_stub.v to d:/Project2023/SG-Extended/ZyboOrg/hw/hw.gen/sources_1/bd/system/ip/system_auto_pc_1/system_auto_pc_1_stub.v.
INFO: [IP_Flow 19-6926] IPCACHE: added file to list for BOM: d:/Project2023/SG-Extended/ZyboOrg/hw/hw.gen/sources_1/bd/system/ip/system_auto_pc_1/system_auto_pc_1_stub.v
INFO: [IP_Flow 19-6928] IPCACHE: copied cached file d:/Project2023/SG-Extended/ZyboOrg/hw/hw.cache/ip/2023.2/4/1/41f20482a30bb072/system_auto_pc_1_stub.vhdl to d:/Project2023/SG-Extended/ZyboOrg/hw/hw.gen/sources_1/bd/system/ip/system_auto_pc_1/system_auto_pc_1_stub.vhdl.
INFO: [IP_Flow 19-6926] IPCACHE: added file to list for BOM: d:/Project2023/SG-Extended/ZyboOrg/hw/hw.gen/sources_1/bd/system/ip/system_auto_pc_1/system_auto_pc_1_stub.vhdl
INFO: [IP_Flow 19-4993] Using cached IP synthesis design for IP system_auto_pc_1, cache-ID = 41f20482a30bb072; cache size = 73.659 MB.
INFO: [IP_Flow 19-6924] IPCACHE: Running cache check for IP inst: system_auto_pc_2
INFO: [IP_Flow 19-6922] IPCACHE: Exporting cached entry 21d0f84fc480ceff to dir: d:/Project2023/SG-Extended/ZyboOrg/hw/hw.gen/sources_1/bd/system/ip/system_auto_pc_2
INFO: [IP_Flow 19-6928] IPCACHE: copied cached file d:/Project2023/SG-Extended/ZyboOrg/hw/hw.cache/ip/2023.2/2/1/21d0f84fc480ceff/system_auto_pc_2.dcp to d:/Project2023/SG-Extended/ZyboOrg/hw/hw.gen/sources_1/bd/system/ip/system_auto_pc_2/system_auto_pc_2.dcp.
INFO: [IP_Flow 19-6926] IPCACHE: added file to list for BOM: d:/Project2023/SG-Extended/ZyboOrg/hw/hw.gen/sources_1/bd/system/ip/system_auto_pc_2/system_auto_pc_2.dcp
INFO: [IP_Flow 19-6928] IPCACHE: copied cached file d:/Project2023/SG-Extended/ZyboOrg/hw/hw.cache/ip/2023.2/2/1/21d0f84fc480ceff/system_auto_pc_2_sim_netlist.v to d:/Project2023/SG-Extended/ZyboOrg/hw/hw.gen/sources_1/bd/system/ip/system_auto_pc_2/system_auto_pc_2_sim_netlist.v.
INFO: [IP_Flow 19-6926] IPCACHE: added file to list for BOM: d:/Project2023/SG-Extended/ZyboOrg/hw/hw.gen/sources_1/bd/system/ip/system_auto_pc_2/system_auto_pc_2_sim_netlist.v
INFO: [IP_Flow 19-6928] IPCACHE: copied cached file d:/Project2023/SG-Extended/ZyboOrg/hw/hw.cache/ip/2023.2/2/1/21d0f84fc480ceff/system_auto_pc_2_sim_netlist.vhdl to d:/Project2023/SG-Extended/ZyboOrg/hw/hw.gen/sources_1/bd/system/ip/system_auto_pc_2/system_auto_pc_2_sim_netlist.vhdl.
INFO: [IP_Flow 19-6926] IPCACHE: added file to list for BOM: d:/Project2023/SG-Extended/ZyboOrg/hw/hw.gen/sources_1/bd/system/ip/system_auto_pc_2/system_auto_pc_2_sim_netlist.vhdl
INFO: [IP_Flow 19-6928] IPCACHE: copied cached file d:/Project2023/SG-Extended/ZyboOrg/hw/hw.cache/ip/2023.2/2/1/21d0f84fc480ceff/system_auto_pc_2_stub.v to d:/Project2023/SG-Extended/ZyboOrg/hw/hw.gen/sources_1/bd/system/ip/system_auto_pc_2/system_auto_pc_2_stub.v.
INFO: [IP_Flow 19-6926] IPCACHE: added file to list for BOM: d:/Project2023/SG-Extended/ZyboOrg/hw/hw.gen/sources_1/bd/system/ip/system_auto_pc_2/system_auto_pc_2_stub.v
INFO: [IP_Flow 19-6928] IPCACHE: copied cached file d:/Project2023/SG-Extended/ZyboOrg/hw/hw.cache/ip/2023.2/2/1/21d0f84fc480ceff/system_auto_pc_2_stub.vhdl to d:/Project2023/SG-Extended/ZyboOrg/hw/hw.gen/sources_1/bd/system/ip/system_auto_pc_2/system_auto_pc_2_stub.vhdl.
INFO: [IP_Flow 19-6926] IPCACHE: added file to list for BOM: d:/Project2023/SG-Extended/ZyboOrg/hw/hw.gen/sources_1/bd/system/ip/system_auto_pc_2/system_auto_pc_2_stub.vhdl
INFO: [IP_Flow 19-4993] Using cached IP synthesis design for IP system_auto_pc_2, cache-ID = 21d0f84fc480ceff; cache size = 73.659 MB.
INFO: [IP_Flow 19-6924] IPCACHE: Running cache check for IP inst: system_axi_vdma_0_0
INFO: [IP_Flow 19-6924] IPCACHE: Running cache check for IP inst: system_v_axi4s_vid_out_0_0
[Wed Nov  8 16:24:05 2023] Launched system_axi_vdma_0_0_synth_1, system_v_axi4s_vid_out_0_0_synth_1, system_auto_pc_0_synth_1, system_auto_ds_0_synth_1, synth_1...
Run output will be captured here:
system_axi_vdma_0_0_synth_1: D:/Project2023/SG-Extended/ZyboOrg/hw/hw.runs/system_axi_vdma_0_0_synth_1/runme.log
system_v_axi4s_vid_out_0_0_synth_1: D:/Project2023/SG-Extended/ZyboOrg/hw/hw.runs/system_v_axi4s_vid_out_0_0_synth_1/runme.log
system_auto_pc_0_synth_1: D:/Project2023/SG-Extended/ZyboOrg/hw/hw.runs/system_auto_pc_0_synth_1/runme.log
system_auto_ds_0_synth_1: D:/Project2023/SG-Extended/ZyboOrg/hw/hw.runs/system_auto_ds_0_synth_1/runme.log
synth_1: D:/Project2023/SG-Extended/ZyboOrg/hw/hw.runs/synth_1/runme.log
[Wed Nov  8 16:24:05 2023] Launched impl_1...
Run output will be captured here: D:/Project2023/SG-Extended/ZyboOrg/hw/hw.runs/impl_1/runme.log
launch_runs: Time (s): cpu = 00:00:05 ; elapsed = 00:00:07 . Memory (MB): peak = 2616.512 ; gain = 0.000
write_hw_platform -fixed -include_bit -force -file D:/Project2023/SG-Extended/ZyboOrg/hw/system_wrapper.xsa
INFO: [Project 1-1918] Creating Hardware Platform: D:/Project2023/SG-Extended/ZyboOrg/hw/system_wrapper.xsa ...
WARNING: [Project 1-645] Board images not set in Hardware Platform.
INFO: [Project 1-1943] The Hardware Platform can be used for Hardware
INFO: [Project 1-1941] Successfully created Hardware Platform: D:/Project2023/SG-Extended/ZyboOrg/hw/system_wrapper.xsa
open_bd_design {D:/Project2023/SG-Extended/ZyboOrg/hw/hw.srcs/sources_1/bd/system/system.bd}
startgroup
set_property CONFIG.c_mm2s_max_burst_length {8} [get_bd_cells axi_vdma_0]
endgroup
validate_bd_design
INFO: [digilentinc.com:ip:MIPI_CSI_2_RX:1.2-17] /MIPI_CSI_2_RX_0Verified that video_aclk frequency can handle RxByteClkHS frequency. AXI-Stream bandwidth 600000000 Pix/s >= PPI bandwidth 134400000.0 Pix/s
INFO: [digilentinc.com:ip:MIPI_D_PHY_RX:1.3-17] /MIPI_D_PHY_RX_0FREQ_HZ of 50000000 propagated into CONFIG.C_S_AXI_LITE_FREQ_HZ
INFO: [digilentinc.com:ip:MIPI_D_PHY_RX:1.3-17] /MIPI_D_PHY_RX_0FREQ_HZ of 200000000 propagated into CONFIG.kRefClkFreqHz
INFO: [digilentinc.com:ip:MIPI_D_PHY_RX:1.3-17] /MIPI_D_PHY_RX_0FREQ_HZ of 84000000 propagated onto RxByteClkHS
INFO: [xilinx.com:ip:clk_wiz:6.0-1] /video_dynclk clk_wiz propagate
INFO: [xilinx.com:ip:clk_wiz:6.0-1] /clk_wiz_0 clk_wiz propagate
startgroup
endgroup
validate_bd_design -force
INFO: [digilentinc.com:ip:MIPI_CSI_2_RX:1.2-17] /MIPI_CSI_2_RX_0Verified that video_aclk frequency can handle RxByteClkHS frequency. AXI-Stream bandwidth 600000000 Pix/s >= PPI bandwidth 134400000.0 Pix/s
INFO: [digilentinc.com:ip:MIPI_D_PHY_RX:1.3-17] /MIPI_D_PHY_RX_0FREQ_HZ of 50000000 propagated into CONFIG.C_S_AXI_LITE_FREQ_HZ
INFO: [digilentinc.com:ip:MIPI_D_PHY_RX:1.3-17] /MIPI_D_PHY_RX_0FREQ_HZ of 200000000 propagated into CONFIG.kRefClkFreqHz
INFO: [digilentinc.com:ip:MIPI_D_PHY_RX:1.3-17] /MIPI_D_PHY_RX_0FREQ_HZ of 84000000 propagated onto RxByteClkHS
INFO: [xilinx.com:ip:clk_wiz:6.0-1] /video_dynclk clk_wiz propagate
INFO: [xilinx.com:ip:clk_wiz:6.0-1] /clk_wiz_0 clk_wiz propagate
save_bd_design
Wrote  : <D:\Project2023\SG-Extended\ZyboOrg\hw\hw.srcs\sources_1\bd\system\system.bd> 
Wrote  : <D:/Project2023/SG-Extended/ZyboOrg/hw/hw.srcs/sources_1/bd/system/ui/bd_c954508f.ui> 
reset_run synth_1
INFO: [Project 1-1161] Replacing file C:/Users/ratna/Downloads/proj/hw.srcs/utils_1/imports/synth_1/system_wrapper.dcp with file D:/Project2023/SG-Extended/ZyboOrg/hw/hw.runs/synth_1/system_wrapper.dcp
reset_run system_axi_vdma_0_0_synth_1
launch_runs impl_1 -to_step write_bitstream -jobs 10
INFO: [BD 41-1662] The design 'system.bd' is already validated. Therefore parameter propagation will not be re-run.
WARNING: [BD 41-2384] Width mismatch when connecting pin: '/rgb2dvi_0/vid_pData'(24) to pin: '/v_axi4s_vid_out_0/vid_data'(96) - Only lower order bits will be connected.
VHDL Output written to : d:/Project2023/SG-Extended/ZyboOrg/hw/hw.gen/sources_1/bd/system/synth/system.vhd
WARNING: [BD 41-2384] Width mismatch when connecting pin: '/rgb2dvi_0/vid_pData'(24) to pin: '/v_axi4s_vid_out_0/vid_data'(96) - Only lower order bits will be connected.
VHDL Output written to : d:/Project2023/SG-Extended/ZyboOrg/hw/hw.gen/sources_1/bd/system/sim/system.vhd
VHDL Output written to : d:/Project2023/SG-Extended/ZyboOrg/hw/hw.gen/sources_1/bd/system/hdl/system_wrapper.vhd
WARNING: [IP_Flow 19-4994] Overwriting existing constraint file 'd:/Project2023/SG-Extended/ZyboOrg/hw/hw.gen/sources_1/bd/system/ip/system_axi_vdma_0_0/system_axi_vdma_0_0_ooc.xdc'
INFO: [BD 41-1029] Generation completed for the IP Integrator block axi_vdma_0 .
WARNING: [IP_Flow 19-4994] Overwriting existing constraint file 'd:/Project2023/SG-Extended/ZyboOrg/hw/hw.gen/sources_1/bd/system/ip/system_auto_ds_0/system_auto_ds_0_ooc.xdc'
INFO: [IP_Flow 19-5611] Unable to find an associated reset port for the interface 'S_AXI'. A default connection has been created.
INFO: [IP_Flow 19-5611] Unable to find an associated reset port for the interface 'M_AXI'. A default connection has been created.
INFO: [BD 41-1029] Generation completed for the IP Integrator block axi_mem_intercon/s00_couplers/auto_ds .
WARNING: [IP_Flow 19-4994] Overwriting existing constraint file 'd:/Project2023/SG-Extended/ZyboOrg/hw/hw.gen/sources_1/bd/system/ip/system_auto_pc_0/system_auto_pc_0_ooc.xdc'
INFO: [BD 41-1029] Generation completed for the IP Integrator block axi_mem_intercon/s00_couplers/auto_pc .
WARNING: [IP_Flow 19-4994] Overwriting existing constraint file 'd:/Project2023/SG-Extended/ZyboOrg/hw/hw.gen/sources_1/bd/system/ip/system_auto_ds_1/system_auto_ds_1_ooc.xdc'
INFO: [IP_Flow 19-5611] Unable to find an associated reset port for the interface 'S_AXI'. A default connection has been created.
INFO: [IP_Flow 19-5611] Unable to find an associated reset port for the interface 'M_AXI'. A default connection has been created.
INFO: [BD 41-1029] Generation completed for the IP Integrator block axi_mem_intercon_1/s00_couplers/auto_ds .
WARNING: [IP_Flow 19-4994] Overwriting existing constraint file 'd:/Project2023/SG-Extended/ZyboOrg/hw/hw.gen/sources_1/bd/system/ip/system_auto_pc_1/system_auto_pc_1_ooc.xdc'
INFO: [BD 41-1029] Generation completed for the IP Integrator block axi_mem_intercon_1/s00_couplers/auto_pc .
WARNING: [IP_Flow 19-4994] Overwriting existing constraint file 'd:/Project2023/SG-Extended/ZyboOrg/hw/hw.gen/sources_1/bd/system/ip/system_auto_pc_2/system_auto_pc_2_ooc.xdc'
INFO: [BD 41-1029] Generation completed for the IP Integrator block ps7_0_axi_periph/s00_couplers/auto_pc .
WARNING: [IP_Flow 19-4994] Overwriting existing constraint file 'd:/Project2023/SG-Extended/ZyboOrg/hw/hw.gen/sources_1/bd/system/ip/system_auto_cc_0/system_auto_cc_0_ooc.xdc'
INFO: [IP_Flow 19-5611] Unable to find an associated reset port for the interface 'S_AXI'. A default connection has been created.
INFO: [IP_Flow 19-5611] Unable to find an associated reset port for the interface 'M_AXI'. A default connection has been created.
INFO: [BD 41-1029] Generation completed for the IP Integrator block ps7_0_axi_periph/m05_couplers/auto_cc .
WARNING: [IP_Flow 19-4994] Overwriting existing constraint file 'd:/Project2023/SG-Extended/ZyboOrg/hw/hw.gen/sources_1/bd/system/ip/system_auto_cc_1/system_auto_cc_1_ooc.xdc'
INFO: [IP_Flow 19-5611] Unable to find an associated reset port for the interface 'S_AXI'. A default connection has been created.
INFO: [IP_Flow 19-5611] Unable to find an associated reset port for the interface 'M_AXI'. A default connection has been created.
INFO: [BD 41-1029] Generation completed for the IP Integrator block ps7_0_axi_periph/m06_couplers/auto_cc .
Exporting to file d:/Project2023/SG-Extended/ZyboOrg/hw/hw.gen/sources_1/bd/system/hw_handoff/system.hwh
Generated Hardware Definition File d:/Project2023/SG-Extended/ZyboOrg/hw/hw.gen/sources_1/bd/system/synth/system.hwdef
INFO: [IP_Flow 19-6930] IPCACHE: runCacheChecks() number of threads = 8
INFO: [IP_Flow 19-6921] IPCACHE: Adding cache check func to thread queue for IP system_auto_cc_0
INFO: [IP_Flow 19-6921] IPCACHE: Adding cache check func to thread queue for IP system_auto_cc_1
INFO: [IP_Flow 19-6921] IPCACHE: Adding cache check func to thread queue for IP system_auto_ds_0
INFO: [IP_Flow 19-6921] IPCACHE: Adding cache check func to thread queue for IP system_auto_ds_1
INFO: [IP_Flow 19-6921] IPCACHE: Adding cache check func to thread queue for IP system_auto_pc_0
INFO: [IP_Flow 19-6921] IPCACHE: Adding cache check func to thread queue for IP system_auto_pc_1
INFO: [IP_Flow 19-6921] IPCACHE: Adding cache check func to thread queue for IP system_auto_pc_2
INFO: [IP_Flow 19-6921] IPCACHE: Adding cache check func to thread queue for IP system_axi_vdma_0_0
INFO: [IP_Flow 19-8020] IPCACHE: runCacheChecks() calling threadPool finishWork()
INFO: [IP_Flow 19-6924] IPCACHE: Running cache check for IP inst: system_auto_cc_0
INFO: [IP_Flow 19-6922] IPCACHE: Exporting cached entry 74593c4df981c03c to dir: d:/Project2023/SG-Extended/ZyboOrg/hw/hw.gen/sources_1/bd/system/ip/system_auto_cc_0
INFO: [IP_Flow 19-6928] IPCACHE: copied cached file d:/Project2023/SG-Extended/ZyboOrg/hw/hw.cache/ip/2023.2/7/4/74593c4df981c03c/system_auto_cc_0.dcp to d:/Project2023/SG-Extended/ZyboOrg/hw/hw.gen/sources_1/bd/system/ip/system_auto_cc_0/system_auto_cc_0.dcp.
INFO: [IP_Flow 19-6926] IPCACHE: added file to list for BOM: d:/Project2023/SG-Extended/ZyboOrg/hw/hw.gen/sources_1/bd/system/ip/system_auto_cc_0/system_auto_cc_0.dcp
INFO: [IP_Flow 19-6928] IPCACHE: copied cached file d:/Project2023/SG-Extended/ZyboOrg/hw/hw.cache/ip/2023.2/7/4/74593c4df981c03c/system_auto_cc_0_sim_netlist.v to d:/Project2023/SG-Extended/ZyboOrg/hw/hw.gen/sources_1/bd/system/ip/system_auto_cc_0/system_auto_cc_0_sim_netlist.v.
INFO: [IP_Flow 19-6926] IPCACHE: added file to list for BOM: d:/Project2023/SG-Extended/ZyboOrg/hw/hw.gen/sources_1/bd/system/ip/system_auto_cc_0/system_auto_cc_0_sim_netlist.v
INFO: [IP_Flow 19-6928] IPCACHE: copied cached file d:/Project2023/SG-Extended/ZyboOrg/hw/hw.cache/ip/2023.2/7/4/74593c4df981c03c/system_auto_cc_0_sim_netlist.vhdl to d:/Project2023/SG-Extended/ZyboOrg/hw/hw.gen/sources_1/bd/system/ip/system_auto_cc_0/system_auto_cc_0_sim_netlist.vhdl.
INFO: [IP_Flow 19-6926] IPCACHE: added file to list for BOM: d:/Project2023/SG-Extended/ZyboOrg/hw/hw.gen/sources_1/bd/system/ip/system_auto_cc_0/system_auto_cc_0_sim_netlist.vhdl
INFO: [IP_Flow 19-6928] IPCACHE: copied cached file d:/Project2023/SG-Extended/ZyboOrg/hw/hw.cache/ip/2023.2/7/4/74593c4df981c03c/system_auto_cc_0_stub.v to d:/Project2023/SG-Extended/ZyboOrg/hw/hw.gen/sources_1/bd/system/ip/system_auto_cc_0/system_auto_cc_0_stub.v.
INFO: [IP_Flow 19-6926] IPCACHE: added file to list for BOM: d:/Project2023/SG-Extended/ZyboOrg/hw/hw.gen/sources_1/bd/system/ip/system_auto_cc_0/system_auto_cc_0_stub.v
INFO: [IP_Flow 19-6928] IPCACHE: copied cached file d:/Project2023/SG-Extended/ZyboOrg/hw/hw.cache/ip/2023.2/7/4/74593c4df981c03c/system_auto_cc_0_stub.vhdl to d:/Project2023/SG-Extended/ZyboOrg/hw/hw.gen/sources_1/bd/system/ip/system_auto_cc_0/system_auto_cc_0_stub.vhdl.
INFO: [IP_Flow 19-6926] IPCACHE: added file to list for BOM: d:/Project2023/SG-Extended/ZyboOrg/hw/hw.gen/sources_1/bd/system/ip/system_auto_cc_0/system_auto_cc_0_stub.vhdl
INFO: [IP_Flow 19-4993] Using cached IP synthesis design for IP system_auto_cc_0, cache-ID = 74593c4df981c03c; cache size = 94.305 MB.
INFO: [IP_Flow 19-6924] IPCACHE: Running cache check for IP inst: system_auto_cc_1
INFO: [IP_Flow 19-6922] IPCACHE: Exporting cached entry d0b86da486fe7d6f to dir: d:/Project2023/SG-Extended/ZyboOrg/hw/hw.gen/sources_1/bd/system/ip/system_auto_cc_1
INFO: [IP_Flow 19-6928] IPCACHE: copied cached file d:/Project2023/SG-Extended/ZyboOrg/hw/hw.cache/ip/2023.2/d/0/d0b86da486fe7d6f/system_auto_cc_1.dcp to d:/Project2023/SG-Extended/ZyboOrg/hw/hw.gen/sources_1/bd/system/ip/system_auto_cc_1/system_auto_cc_1.dcp.
INFO: [IP_Flow 19-6926] IPCACHE: added file to list for BOM: d:/Project2023/SG-Extended/ZyboOrg/hw/hw.gen/sources_1/bd/system/ip/system_auto_cc_1/system_auto_cc_1.dcp
INFO: [IP_Flow 19-6928] IPCACHE: copied cached file d:/Project2023/SG-Extended/ZyboOrg/hw/hw.cache/ip/2023.2/d/0/d0b86da486fe7d6f/system_auto_cc_1_sim_netlist.v to d:/Project2023/SG-Extended/ZyboOrg/hw/hw.gen/sources_1/bd/system/ip/system_auto_cc_1/system_auto_cc_1_sim_netlist.v.
INFO: [IP_Flow 19-6926] IPCACHE: added file to list for BOM: d:/Project2023/SG-Extended/ZyboOrg/hw/hw.gen/sources_1/bd/system/ip/system_auto_cc_1/system_auto_cc_1_sim_netlist.v
INFO: [IP_Flow 19-6928] IPCACHE: copied cached file d:/Project2023/SG-Extended/ZyboOrg/hw/hw.cache/ip/2023.2/d/0/d0b86da486fe7d6f/system_auto_cc_1_sim_netlist.vhdl to d:/Project2023/SG-Extended/ZyboOrg/hw/hw.gen/sources_1/bd/system/ip/system_auto_cc_1/system_auto_cc_1_sim_netlist.vhdl.
INFO: [IP_Flow 19-6926] IPCACHE: added file to list for BOM: d:/Project2023/SG-Extended/ZyboOrg/hw/hw.gen/sources_1/bd/system/ip/system_auto_cc_1/system_auto_cc_1_sim_netlist.vhdl
INFO: [IP_Flow 19-6928] IPCACHE: copied cached file d:/Project2023/SG-Extended/ZyboOrg/hw/hw.cache/ip/2023.2/d/0/d0b86da486fe7d6f/system_auto_cc_1_stub.v to d:/Project2023/SG-Extended/ZyboOrg/hw/hw.gen/sources_1/bd/system/ip/system_auto_cc_1/system_auto_cc_1_stub.v.
INFO: [IP_Flow 19-6926] IPCACHE: added file to list for BOM: d:/Project2023/SG-Extended/ZyboOrg/hw/hw.gen/sources_1/bd/system/ip/system_auto_cc_1/system_auto_cc_1_stub.v
INFO: [IP_Flow 19-6928] IPCACHE: copied cached file d:/Project2023/SG-Extended/ZyboOrg/hw/hw.cache/ip/2023.2/d/0/d0b86da486fe7d6f/system_auto_cc_1_stub.vhdl to d:/Project2023/SG-Extended/ZyboOrg/hw/hw.gen/sources_1/bd/system/ip/system_auto_cc_1/system_auto_cc_1_stub.vhdl.
INFO: [IP_Flow 19-6926] IPCACHE: added file to list for BOM: d:/Project2023/SG-Extended/ZyboOrg/hw/hw.gen/sources_1/bd/system/ip/system_auto_cc_1/system_auto_cc_1_stub.vhdl
INFO: [IP_Flow 19-4993] Using cached IP synthesis design for IP system_auto_cc_1, cache-ID = d0b86da486fe7d6f; cache size = 94.305 MB.
INFO: [IP_Flow 19-6924] IPCACHE: Running cache check for IP inst: system_auto_ds_0
INFO: [IP_Flow 19-6922] IPCACHE: Exporting cached entry a3f9f00ce94aff4a to dir: d:/Project2023/SG-Extended/ZyboOrg/hw/hw.gen/sources_1/bd/system/ip/system_auto_ds_0
INFO: [IP_Flow 19-6928] IPCACHE: copied cached file d:/Project2023/SG-Extended/ZyboOrg/hw/hw.cache/ip/2023.2/a/3/a3f9f00ce94aff4a/system_auto_ds_0.dcp to d:/Project2023/SG-Extended/ZyboOrg/hw/hw.gen/sources_1/bd/system/ip/system_auto_ds_0/system_auto_ds_0.dcp.
INFO: [IP_Flow 19-6926] IPCACHE: added file to list for BOM: d:/Project2023/SG-Extended/ZyboOrg/hw/hw.gen/sources_1/bd/system/ip/system_auto_ds_0/system_auto_ds_0.dcp
INFO: [IP_Flow 19-6928] IPCACHE: copied cached file d:/Project2023/SG-Extended/ZyboOrg/hw/hw.cache/ip/2023.2/a/3/a3f9f00ce94aff4a/system_auto_ds_0_sim_netlist.v to d:/Project2023/SG-Extended/ZyboOrg/hw/hw.gen/sources_1/bd/system/ip/system_auto_ds_0/system_auto_ds_0_sim_netlist.v.
INFO: [IP_Flow 19-6926] IPCACHE: added file to list for BOM: d:/Project2023/SG-Extended/ZyboOrg/hw/hw.gen/sources_1/bd/system/ip/system_auto_ds_0/system_auto_ds_0_sim_netlist.v
INFO: [IP_Flow 19-6928] IPCACHE: copied cached file d:/Project2023/SG-Extended/ZyboOrg/hw/hw.cache/ip/2023.2/a/3/a3f9f00ce94aff4a/system_auto_ds_0_sim_netlist.vhdl to d:/Project2023/SG-Extended/ZyboOrg/hw/hw.gen/sources_1/bd/system/ip/system_auto_ds_0/system_auto_ds_0_sim_netlist.vhdl.
INFO: [IP_Flow 19-6926] IPCACHE: added file to list for BOM: d:/Project2023/SG-Extended/ZyboOrg/hw/hw.gen/sources_1/bd/system/ip/system_auto_ds_0/system_auto_ds_0_sim_netlist.vhdl
INFO: [IP_Flow 19-6928] IPCACHE: copied cached file d:/Project2023/SG-Extended/ZyboOrg/hw/hw.cache/ip/2023.2/a/3/a3f9f00ce94aff4a/system_auto_ds_0_stub.v to d:/Project2023/SG-Extended/ZyboOrg/hw/hw.gen/sources_1/bd/system/ip/system_auto_ds_0/system_auto_ds_0_stub.v.
INFO: [IP_Flow 19-6926] IPCACHE: added file to list for BOM: d:/Project2023/SG-Extended/ZyboOrg/hw/hw.gen/sources_1/bd/system/ip/system_auto_ds_0/system_auto_ds_0_stub.v
INFO: [IP_Flow 19-6928] IPCACHE: copied cached file d:/Project2023/SG-Extended/ZyboOrg/hw/hw.cache/ip/2023.2/a/3/a3f9f00ce94aff4a/system_auto_ds_0_stub.vhdl to d:/Project2023/SG-Extended/ZyboOrg/hw/hw.gen/sources_1/bd/system/ip/system_auto_ds_0/system_auto_ds_0_stub.vhdl.
INFO: [IP_Flow 19-6926] IPCACHE: added file to list for BOM: d:/Project2023/SG-Extended/ZyboOrg/hw/hw.gen/sources_1/bd/system/ip/system_auto_ds_0/system_auto_ds_0_stub.vhdl
INFO: [IP_Flow 19-4993] Using cached IP synthesis design for IP system_auto_ds_0, cache-ID = a3f9f00ce94aff4a; cache size = 94.305 MB.
INFO: [IP_Flow 19-6924] IPCACHE: Running cache check for IP inst: system_auto_ds_1
INFO: [IP_Flow 19-6922] IPCACHE: Exporting cached entry 045d49f2ca4dced3 to dir: d:/Project2023/SG-Extended/ZyboOrg/hw/hw.gen/sources_1/bd/system/ip/system_auto_ds_1
INFO: [IP_Flow 19-6928] IPCACHE: copied cached file d:/Project2023/SG-Extended/ZyboOrg/hw/hw.cache/ip/2023.2/0/4/045d49f2ca4dced3/system_auto_ds_0.dcp to d:/Project2023/SG-Extended/ZyboOrg/hw/hw.gen/sources_1/bd/system/ip/system_auto_ds_1/system_auto_ds_1.dcp.
INFO: [IP_Flow 19-6926] IPCACHE: added file to list for BOM: d:/Project2023/SG-Extended/ZyboOrg/hw/hw.gen/sources_1/bd/system/ip/system_auto_ds_1/system_auto_ds_1.dcp
INFO: [IP_Flow 19-6928] IPCACHE: copied cached file d:/Project2023/SG-Extended/ZyboOrg/hw/hw.cache/ip/2023.2/0/4/045d49f2ca4dced3/system_auto_ds_0_sim_netlist.v to d:/Project2023/SG-Extended/ZyboOrg/hw/hw.gen/sources_1/bd/system/ip/system_auto_ds_1/system_auto_ds_1_sim_netlist.v.
INFO: [IP_Flow 19-6926] IPCACHE: added file to list for BOM: d:/Project2023/SG-Extended/ZyboOrg/hw/hw.gen/sources_1/bd/system/ip/system_auto_ds_1/system_auto_ds_1_sim_netlist.v
INFO: [IP_Flow 19-6928] IPCACHE: copied cached file d:/Project2023/SG-Extended/ZyboOrg/hw/hw.cache/ip/2023.2/0/4/045d49f2ca4dced3/system_auto_ds_0_sim_netlist.vhdl to d:/Project2023/SG-Extended/ZyboOrg/hw/hw.gen/sources_1/bd/system/ip/system_auto_ds_1/system_auto_ds_1_sim_netlist.vhdl.
INFO: [IP_Flow 19-6926] IPCACHE: added file to list for BOM: d:/Project2023/SG-Extended/ZyboOrg/hw/hw.gen/sources_1/bd/system/ip/system_auto_ds_1/system_auto_ds_1_sim_netlist.vhdl
INFO: [IP_Flow 19-6928] IPCACHE: copied cached file d:/Project2023/SG-Extended/ZyboOrg/hw/hw.cache/ip/2023.2/0/4/045d49f2ca4dced3/system_auto_ds_0_stub.v to d:/Project2023/SG-Extended/ZyboOrg/hw/hw.gen/sources_1/bd/system/ip/system_auto_ds_1/system_auto_ds_1_stub.v.
INFO: [IP_Flow 19-6926] IPCACHE: added file to list for BOM: d:/Project2023/SG-Extended/ZyboOrg/hw/hw.gen/sources_1/bd/system/ip/system_auto_ds_1/system_auto_ds_1_stub.v
INFO: [IP_Flow 19-6928] IPCACHE: copied cached file d:/Project2023/SG-Extended/ZyboOrg/hw/hw.cache/ip/2023.2/0/4/045d49f2ca4dced3/system_auto_ds_0_stub.vhdl to d:/Project2023/SG-Extended/ZyboOrg/hw/hw.gen/sources_1/bd/system/ip/system_auto_ds_1/system_auto_ds_1_stub.vhdl.
INFO: [IP_Flow 19-6926] IPCACHE: added file to list for BOM: d:/Project2023/SG-Extended/ZyboOrg/hw/hw.gen/sources_1/bd/system/ip/system_auto_ds_1/system_auto_ds_1_stub.vhdl
INFO: [IP_Flow 19-4993] Using cached IP synthesis design for IP system_auto_ds_1, cache-ID = 045d49f2ca4dced3; cache size = 94.305 MB.
INFO: [IP_Flow 19-6924] IPCACHE: Running cache check for IP inst: system_auto_pc_0
INFO: [IP_Flow 19-6922] IPCACHE: Exporting cached entry 49da13d6cca60d1d to dir: d:/Project2023/SG-Extended/ZyboOrg/hw/hw.gen/sources_1/bd/system/ip/system_auto_pc_0
INFO: [IP_Flow 19-6928] IPCACHE: copied cached file d:/Project2023/SG-Extended/ZyboOrg/hw/hw.cache/ip/2023.2/4/9/49da13d6cca60d1d/system_auto_pc_0.dcp to d:/Project2023/SG-Extended/ZyboOrg/hw/hw.gen/sources_1/bd/system/ip/system_auto_pc_0/system_auto_pc_0.dcp.
INFO: [IP_Flow 19-6926] IPCACHE: added file to list for BOM: d:/Project2023/SG-Extended/ZyboOrg/hw/hw.gen/sources_1/bd/system/ip/system_auto_pc_0/system_auto_pc_0.dcp
INFO: [IP_Flow 19-6928] IPCACHE: copied cached file d:/Project2023/SG-Extended/ZyboOrg/hw/hw.cache/ip/2023.2/4/9/49da13d6cca60d1d/system_auto_pc_0_sim_netlist.v to d:/Project2023/SG-Extended/ZyboOrg/hw/hw.gen/sources_1/bd/system/ip/system_auto_pc_0/system_auto_pc_0_sim_netlist.v.
INFO: [IP_Flow 19-6926] IPCACHE: added file to list for BOM: d:/Project2023/SG-Extended/ZyboOrg/hw/hw.gen/sources_1/bd/system/ip/system_auto_pc_0/system_auto_pc_0_sim_netlist.v
INFO: [IP_Flow 19-6928] IPCACHE: copied cached file d:/Project2023/SG-Extended/ZyboOrg/hw/hw.cache/ip/2023.2/4/9/49da13d6cca60d1d/system_auto_pc_0_sim_netlist.vhdl to d:/Project2023/SG-Extended/ZyboOrg/hw/hw.gen/sources_1/bd/system/ip/system_auto_pc_0/system_auto_pc_0_sim_netlist.vhdl.
INFO: [IP_Flow 19-6926] IPCACHE: added file to list for BOM: d:/Project2023/SG-Extended/ZyboOrg/hw/hw.gen/sources_1/bd/system/ip/system_auto_pc_0/system_auto_pc_0_sim_netlist.vhdl
INFO: [IP_Flow 19-6928] IPCACHE: copied cached file d:/Project2023/SG-Extended/ZyboOrg/hw/hw.cache/ip/2023.2/4/9/49da13d6cca60d1d/system_auto_pc_0_stub.v to d:/Project2023/SG-Extended/ZyboOrg/hw/hw.gen/sources_1/bd/system/ip/system_auto_pc_0/system_auto_pc_0_stub.v.
INFO: [IP_Flow 19-6926] IPCACHE: added file to list for BOM: d:/Project2023/SG-Extended/ZyboOrg/hw/hw.gen/sources_1/bd/system/ip/system_auto_pc_0/system_auto_pc_0_stub.v
INFO: [IP_Flow 19-6928] IPCACHE: copied cached file d:/Project2023/SG-Extended/ZyboOrg/hw/hw.cache/ip/2023.2/4/9/49da13d6cca60d1d/system_auto_pc_0_stub.vhdl to d:/Project2023/SG-Extended/ZyboOrg/hw/hw.gen/sources_1/bd/system/ip/system_auto_pc_0/system_auto_pc_0_stub.vhdl.
INFO: [IP_Flow 19-6926] IPCACHE: added file to list for BOM: d:/Project2023/SG-Extended/ZyboOrg/hw/hw.gen/sources_1/bd/system/ip/system_auto_pc_0/system_auto_pc_0_stub.vhdl
INFO: [IP_Flow 19-4993] Using cached IP synthesis design for IP system_auto_pc_0, cache-ID = 49da13d6cca60d1d; cache size = 94.306 MB.
INFO: [IP_Flow 19-6924] IPCACHE: Running cache check for IP inst: system_auto_pc_1
INFO: [IP_Flow 19-6922] IPCACHE: Exporting cached entry 41f20482a30bb072 to dir: d:/Project2023/SG-Extended/ZyboOrg/hw/hw.gen/sources_1/bd/system/ip/system_auto_pc_1
INFO: [IP_Flow 19-6928] IPCACHE: copied cached file d:/Project2023/SG-Extended/ZyboOrg/hw/hw.cache/ip/2023.2/4/1/41f20482a30bb072/system_auto_pc_1.dcp to d:/Project2023/SG-Extended/ZyboOrg/hw/hw.gen/sources_1/bd/system/ip/system_auto_pc_1/system_auto_pc_1.dcp.
INFO: [IP_Flow 19-6926] IPCACHE: added file to list for BOM: d:/Project2023/SG-Extended/ZyboOrg/hw/hw.gen/sources_1/bd/system/ip/system_auto_pc_1/system_auto_pc_1.dcp
INFO: [IP_Flow 19-6928] IPCACHE: copied cached file d:/Project2023/SG-Extended/ZyboOrg/hw/hw.cache/ip/2023.2/4/1/41f20482a30bb072/system_auto_pc_1_sim_netlist.v to d:/Project2023/SG-Extended/ZyboOrg/hw/hw.gen/sources_1/bd/system/ip/system_auto_pc_1/system_auto_pc_1_sim_netlist.v.
INFO: [IP_Flow 19-6926] IPCACHE: added file to list for BOM: d:/Project2023/SG-Extended/ZyboOrg/hw/hw.gen/sources_1/bd/system/ip/system_auto_pc_1/system_auto_pc_1_sim_netlist.v
INFO: [IP_Flow 19-6928] IPCACHE: copied cached file d:/Project2023/SG-Extended/ZyboOrg/hw/hw.cache/ip/2023.2/4/1/41f20482a30bb072/system_auto_pc_1_sim_netlist.vhdl to d:/Project2023/SG-Extended/ZyboOrg/hw/hw.gen/sources_1/bd/system/ip/system_auto_pc_1/system_auto_pc_1_sim_netlist.vhdl.
INFO: [IP_Flow 19-6926] IPCACHE: added file to list for BOM: d:/Project2023/SG-Extended/ZyboOrg/hw/hw.gen/sources_1/bd/system/ip/system_auto_pc_1/system_auto_pc_1_sim_netlist.vhdl
INFO: [IP_Flow 19-6928] IPCACHE: copied cached file d:/Project2023/SG-Extended/ZyboOrg/hw/hw.cache/ip/2023.2/4/1/41f20482a30bb072/system_auto_pc_1_stub.v to d:/Project2023/SG-Extended/ZyboOrg/hw/hw.gen/sources_1/bd/system/ip/system_auto_pc_1/system_auto_pc_1_stub.v.
INFO: [IP_Flow 19-6926] IPCACHE: added file to list for BOM: d:/Project2023/SG-Extended/ZyboOrg/hw/hw.gen/sources_1/bd/system/ip/system_auto_pc_1/system_auto_pc_1_stub.v
INFO: [IP_Flow 19-6928] IPCACHE: copied cached file d:/Project2023/SG-Extended/ZyboOrg/hw/hw.cache/ip/2023.2/4/1/41f20482a30bb072/system_auto_pc_1_stub.vhdl to d:/Project2023/SG-Extended/ZyboOrg/hw/hw.gen/sources_1/bd/system/ip/system_auto_pc_1/system_auto_pc_1_stub.vhdl.
INFO: [IP_Flow 19-6926] IPCACHE: added file to list for BOM: d:/Project2023/SG-Extended/ZyboOrg/hw/hw.gen/sources_1/bd/system/ip/system_auto_pc_1/system_auto_pc_1_stub.vhdl
INFO: [IP_Flow 19-4993] Using cached IP synthesis design for IP system_auto_pc_1, cache-ID = 41f20482a30bb072; cache size = 94.305 MB.
INFO: [IP_Flow 19-6924] IPCACHE: Running cache check for IP inst: system_auto_pc_2
INFO: [IP_Flow 19-6922] IPCACHE: Exporting cached entry 21d0f84fc480ceff to dir: d:/Project2023/SG-Extended/ZyboOrg/hw/hw.gen/sources_1/bd/system/ip/system_auto_pc_2
INFO: [IP_Flow 19-6928] IPCACHE: copied cached file d:/Project2023/SG-Extended/ZyboOrg/hw/hw.cache/ip/2023.2/2/1/21d0f84fc480ceff/system_auto_pc_2.dcp to d:/Project2023/SG-Extended/ZyboOrg/hw/hw.gen/sources_1/bd/system/ip/system_auto_pc_2/system_auto_pc_2.dcp.
INFO: [IP_Flow 19-6926] IPCACHE: added file to list for BOM: d:/Project2023/SG-Extended/ZyboOrg/hw/hw.gen/sources_1/bd/system/ip/system_auto_pc_2/system_auto_pc_2.dcp
INFO: [IP_Flow 19-6928] IPCACHE: copied cached file d:/Project2023/SG-Extended/ZyboOrg/hw/hw.cache/ip/2023.2/2/1/21d0f84fc480ceff/system_auto_pc_2_sim_netlist.v to d:/Project2023/SG-Extended/ZyboOrg/hw/hw.gen/sources_1/bd/system/ip/system_auto_pc_2/system_auto_pc_2_sim_netlist.v.
INFO: [IP_Flow 19-6926] IPCACHE: added file to list for BOM: d:/Project2023/SG-Extended/ZyboOrg/hw/hw.gen/sources_1/bd/system/ip/system_auto_pc_2/system_auto_pc_2_sim_netlist.v
INFO: [IP_Flow 19-6928] IPCACHE: copied cached file d:/Project2023/SG-Extended/ZyboOrg/hw/hw.cache/ip/2023.2/2/1/21d0f84fc480ceff/system_auto_pc_2_sim_netlist.vhdl to d:/Project2023/SG-Extended/ZyboOrg/hw/hw.gen/sources_1/bd/system/ip/system_auto_pc_2/system_auto_pc_2_sim_netlist.vhdl.
INFO: [IP_Flow 19-6926] IPCACHE: added file to list for BOM: d:/Project2023/SG-Extended/ZyboOrg/hw/hw.gen/sources_1/bd/system/ip/system_auto_pc_2/system_auto_pc_2_sim_netlist.vhdl
INFO: [IP_Flow 19-6928] IPCACHE: copied cached file d:/Project2023/SG-Extended/ZyboOrg/hw/hw.cache/ip/2023.2/2/1/21d0f84fc480ceff/system_auto_pc_2_stub.v to d:/Project2023/SG-Extended/ZyboOrg/hw/hw.gen/sources_1/bd/system/ip/system_auto_pc_2/system_auto_pc_2_stub.v.
INFO: [IP_Flow 19-6926] IPCACHE: added file to list for BOM: d:/Project2023/SG-Extended/ZyboOrg/hw/hw.gen/sources_1/bd/system/ip/system_auto_pc_2/system_auto_pc_2_stub.v
INFO: [IP_Flow 19-6928] IPCACHE: copied cached file d:/Project2023/SG-Extended/ZyboOrg/hw/hw.cache/ip/2023.2/2/1/21d0f84fc480ceff/system_auto_pc_2_stub.vhdl to d:/Project2023/SG-Extended/ZyboOrg/hw/hw.gen/sources_1/bd/system/ip/system_auto_pc_2/system_auto_pc_2_stub.vhdl.
INFO: [IP_Flow 19-6926] IPCACHE: added file to list for BOM: d:/Project2023/SG-Extended/ZyboOrg/hw/hw.gen/sources_1/bd/system/ip/system_auto_pc_2/system_auto_pc_2_stub.vhdl
INFO: [IP_Flow 19-4993] Using cached IP synthesis design for IP system_auto_pc_2, cache-ID = 21d0f84fc480ceff; cache size = 94.305 MB.
INFO: [IP_Flow 19-6924] IPCACHE: Running cache check for IP inst: system_axi_vdma_0_0
[Wed Nov  8 16:49:54 2023] Launched system_axi_vdma_0_0_synth_1, synth_1...
Run output will be captured here:
system_axi_vdma_0_0_synth_1: D:/Project2023/SG-Extended/ZyboOrg/hw/hw.runs/system_axi_vdma_0_0_synth_1/runme.log
synth_1: D:/Project2023/SG-Extended/ZyboOrg/hw/hw.runs/synth_1/runme.log
[Wed Nov  8 16:49:54 2023] Launched impl_1...
Run output will be captured here: D:/Project2023/SG-Extended/ZyboOrg/hw/hw.runs/impl_1/runme.log
launch_runs: Time (s): cpu = 00:00:04 ; elapsed = 00:00:07 . Memory (MB): peak = 2710.203 ; gain = 0.000
write_hw_platform -fixed -include_bit -force -file D:/Project2023/SG-Extended/ZyboOrg/hw/system_wrapper.xsa
INFO: [Project 1-1918] Creating Hardware Platform: D:/Project2023/SG-Extended/ZyboOrg/hw/system_wrapper.xsa ...
WARNING: [Project 1-645] Board images not set in Hardware Platform.
INFO: [Project 1-1943] The Hardware Platform can be used for Hardware
INFO: [Project 1-1941] Successfully created Hardware Platform: D:/Project2023/SG-Extended/ZyboOrg/hw/system_wrapper.xsa
write_hw_platform -fixed -include_bit -force -file D:/Project2023/SG-Extended/ZyboOrg/hw/system_wrapper.xsa
INFO: [Project 1-1918] Creating Hardware Platform: D:/Project2023/SG-Extended/ZyboOrg/hw/system_wrapper.xsa ...
WARNING: [Project 1-645] Board images not set in Hardware Platform.
INFO: [Project 1-1943] The Hardware Platform can be used for Hardware
INFO: [Project 1-1941] Successfully created Hardware Platform: D:/Project2023/SG-Extended/ZyboOrg/hw/system_wrapper.xsa
open_bd_design {D:/Project2023/SG-Extended/ZyboOrg/hw/hw.srcs/sources_1/bd/system/system.bd}
exit
INFO: [Common 17-206] Exiting Vivado at Wed Nov  8 17:33:39 2023...
