

================================================================
== Vitis HLS Report for 'v_demosaic'
================================================================
* Date:           Wed Nov  8 15:31:23 2023

* Version:        2023.2 (Build 4023990 on Oct 11 2023)
* Project:        prj
* Solution:       sol (Vivado IP Flow Target)
* Product family: zynq
* Target device:  xc7z020-clg400-1


================================================================
== Performance Estimates
================================================================
+ Timing: 
    * Summary: 
    +--------+---------+----------+------------+
    |  Clock |  Target | Estimated| Uncertainty|
    +--------+---------+----------+------------+
    |ap_clk  |  6.67 ns|  6.091 ns|     1.80 ns|
    +--------+---------+----------+------------+

+ Latency: 
    * Summary: 
    +---------+---------+----------+----------+-----+-----+----------+
    |  Latency (cycles) |  Latency (absolute) |  Interval | Pipeline |
    |   min   |   max   |    min   |    max   | min | max |   Type   |
    +---------+---------+----------+----------+-----+-----+----------+
    |        ?|        ?|         ?|         ?|    ?|    ?|  dataflow|
    +---------+---------+----------+----------+-----+-----+----------+

    + Detail: 
        * Instance: 
        +----------------------------+-------------------------+---------+------------+-----------+-----------+-----+------------+----------+
        |                            |                         |   Latency (cycles)   |   Latency (absolute)  |     Interval     | Pipeline |
        |          Instance          |          Module         |   min   |     max    |    min    |    max    | min |     max    |   Type   |
        +----------------------------+-------------------------+---------+------------+-----------+-----------+-----+------------+----------+
        |AXIvideo2MultiBayer_U0      |AXIvideo2MultiBayer      |        ?|           ?|          ?|          ?|    ?|           ?|        no|
        |Block_entry1_proc_U0        |Block_entry1_proc        |        0|           0|       0 ns|       0 ns|    0|           0|        no|
        |Debayer_U0                  |Debayer                  |    16466|  1075855393|   0.110 ms|  7.173 sec|   66|  1075855394|  dataflow|
        |ZipperRemoval_U0            |ZipperRemoval            |        1|  1074315256|   6.667 ns|  7.162 sec|    1|  1074315256|        no|
        |MultiPixStream2AXIvideo_U0  |MultiPixStream2AXIvideo  |        2|      133922|  13.334 ns|   0.893 ms|    2|      133922|        no|
        +----------------------------+-------------------------+---------+------------+-----------+-----------+-----+------------+----------+

        * Loop: 
        N/A



================================================================
== Utilization Estimates
================================================================
* Summary: 
+-----------------+---------+-----+--------+-------+-----+
|       Name      | BRAM_18K| DSP |   FF   |  LUT  | URAM|
+-----------------+---------+-----+--------+-------+-----+
|DSP              |        -|    -|       -|      -|    -|
|Expression       |        -|    -|       0|     12|    -|
|FIFO             |        -|    -|     396|    272|    -|
|Instance         |       40|   32|   39141|  29895|    0|
|Memory           |        -|    -|       -|      -|    -|
|Multiplexer      |        -|    -|       -|     18|    -|
|Register         |        -|    -|       2|      -|    -|
+-----------------+---------+-----+--------+-------+-----+
|Total            |       40|   32|   39539|  30197|    0|
+-----------------+---------+-----+--------+-------+-----+
|Available        |      280|  220|  106400|  53200|    0|
+-----------------+---------+-----+--------+-------+-----+
|Utilization (%)  |       14|   14|      37|     56|    0|
+-----------------+---------+-----+--------+-------+-----+

+ Detail: 
    * Instance: 
    +----------------------------+-------------------------+---------+----+-------+-------+-----+
    |          Instance          |          Module         | BRAM_18K| DSP|   FF  |  LUT  | URAM|
    +----------------------------+-------------------------+---------+----+-------+-------+-----+
    |AXIvideo2MultiBayer_U0      |AXIvideo2MultiBayer      |        0|   0|    204|    458|    0|
    |Block_entry1_proc_U0        |Block_entry1_proc        |        0|   0|     18|     20|    0|
    |CTRL_s_axi_U                |CTRL_s_axi               |        0|   0|    102|    136|    0|
    |Debayer_U0                  |Debayer                  |       40|  32|  37276|  27434|    0|
    |MultiPixStream2AXIvideo_U0  |MultiPixStream2AXIvideo  |        0|   0|     62|    247|    0|
    |ZipperRemoval_U0            |ZipperRemoval            |        0|   0|   1479|   1600|    0|
    +----------------------------+-------------------------+---------+----+-------+-------+-----+
    |Total                       |                         |       40|  32|  39141|  29895|    0|
    +----------------------------+-------------------------+---------+----+-------+-------+-----+

    * DSP: 
    N/A

    * Memory: 
    N/A

    * FIFO: 
    +------------------------------+---------+----+----+-----+------+-----+---------+
    |             Name             | BRAM_18K| FF | LUT| URAM| Depth| Bits| Size:D*B|
    +------------------------------+---------+----+----+-----+------+-----+---------+
    |bayer_phase_assign_channel_U  |        0|  99|   0|    -|     2|   16|       32|
    |imgBayer_U                    |        0|  99|   0|    -|     2|   40|       80|
    |imgRgb_U                      |        0|  99|   0|    -|     2|  120|      240|
    |imgUnzip_U                    |        0|  99|   0|    -|     2|  120|      240|
    +------------------------------+---------+----+----+-----+------+-----+---------+
    |Total                         |        0| 396|   0|    0|     8|  296|      592|
    +------------------------------+---------+----+----+-----+------+-----+---------+

    * Expression: 
    +-----------------------------------------+----------+----+---+----+------------+------------+
    |              Variable Name              | Operation| DSP| FF| LUT| Bitwidth P0| Bitwidth P1|
    +-----------------------------------------+----------+----+---+----+------------+------------+
    |AXIvideo2MultiBayer_U0_ap_start          |       and|   0|  0|   2|           1|           1|
    |Block_entry1_proc_U0_ap_start            |       and|   0|  0|   2|           1|           1|
    |ap_idle                                  |       and|   0|  0|   2|           1|           1|
    |ap_sync_ready                            |       and|   0|  0|   2|           1|           1|
    |ap_sync_AXIvideo2MultiBayer_U0_ap_ready  |        or|   0|  0|   2|           1|           1|
    |ap_sync_Block_entry1_proc_U0_ap_ready    |        or|   0|  0|   2|           1|           1|
    +-----------------------------------------+----------+----+---+----+------------+------------+
    |Total                                    |          |   0|  0|  12|           6|           6|
    +-----------------------------------------+----------+----+---+----+------------+------------+

    * Multiplexer: 
    +---------------------------------------------+----+-----------+-----+-----------+
    |                     Name                    | LUT| Input Size| Bits| Total Bits|
    +---------------------------------------------+----+-----------+-----+-----------+
    |ap_sync_reg_AXIvideo2MultiBayer_U0_ap_ready  |   9|          2|    1|          2|
    |ap_sync_reg_Block_entry1_proc_U0_ap_ready    |   9|          2|    1|          2|
    +---------------------------------------------+----+-----------+-----+-----------+
    |Total                                        |  18|          4|    2|          4|
    +---------------------------------------------+----+-----------+-----+-----------+

    * Register: 
    +---------------------------------------------+---+----+-----+-----------+
    |                     Name                    | FF| LUT| Bits| Const Bits|
    +---------------------------------------------+---+----+-----+-----------+
    |ap_sync_reg_AXIvideo2MultiBayer_U0_ap_ready  |  1|   0|    1|          0|
    |ap_sync_reg_Block_entry1_proc_U0_ap_ready    |  1|   0|    1|          0|
    +---------------------------------------------+---+----+-----+-----------+
    |Total                                        |  2|   0|    2|          0|
    +---------------------------------------------+---+----+-----+-----------+



================================================================
== Interface
================================================================
* Summary: 
+---------------------+-----+-----+------------+-----------------------+--------------+
|      RTL Ports      | Dir | Bits|  Protocol  |     Source Object     |    C Type    |
+---------------------+-----+-----+------------+-----------------------+--------------+
|s_axi_CTRL_AWVALID   |   in|    1|       s_axi|                   CTRL|        scalar|
|s_axi_CTRL_AWREADY   |  out|    1|       s_axi|                   CTRL|        scalar|
|s_axi_CTRL_AWADDR    |   in|    6|       s_axi|                   CTRL|        scalar|
|s_axi_CTRL_WVALID    |   in|    1|       s_axi|                   CTRL|        scalar|
|s_axi_CTRL_WREADY    |  out|    1|       s_axi|                   CTRL|        scalar|
|s_axi_CTRL_WDATA     |   in|   32|       s_axi|                   CTRL|        scalar|
|s_axi_CTRL_WSTRB     |   in|    4|       s_axi|                   CTRL|        scalar|
|s_axi_CTRL_ARVALID   |   in|    1|       s_axi|                   CTRL|        scalar|
|s_axi_CTRL_ARREADY   |  out|    1|       s_axi|                   CTRL|        scalar|
|s_axi_CTRL_ARADDR    |   in|    6|       s_axi|                   CTRL|        scalar|
|s_axi_CTRL_RVALID    |  out|    1|       s_axi|                   CTRL|        scalar|
|s_axi_CTRL_RREADY    |   in|    1|       s_axi|                   CTRL|        scalar|
|s_axi_CTRL_RDATA     |  out|   32|       s_axi|                   CTRL|        scalar|
|s_axi_CTRL_RRESP     |  out|    2|       s_axi|                   CTRL|        scalar|
|s_axi_CTRL_BVALID    |  out|    1|       s_axi|                   CTRL|        scalar|
|s_axi_CTRL_BREADY    |   in|    1|       s_axi|                   CTRL|        scalar|
|s_axi_CTRL_BRESP     |  out|    2|       s_axi|                   CTRL|        scalar|
|ap_clk               |   in|    1|  ap_ctrl_hs|             v_demosaic|  return value|
|ap_rst_n             |   in|    1|  ap_ctrl_hs|             v_demosaic|  return value|
|interrupt            |  out|    1|  ap_ctrl_hs|             v_demosaic|  return value|
|s_axis_video_TDATA   |   in|   40|        axis|  s_axis_video_V_data_V|       pointer|
|s_axis_video_TKEEP   |   in|    5|        axis|  s_axis_video_V_keep_V|       pointer|
|s_axis_video_TSTRB   |   in|    5|        axis|  s_axis_video_V_strb_V|       pointer|
|s_axis_video_TUSER   |   in|    1|        axis|  s_axis_video_V_user_V|       pointer|
|s_axis_video_TLAST   |   in|    1|        axis|  s_axis_video_V_last_V|       pointer|
|s_axis_video_TID     |   in|    1|        axis|    s_axis_video_V_id_V|       pointer|
|s_axis_video_TDEST   |   in|    1|        axis|  s_axis_video_V_dest_V|       pointer|
|s_axis_video_TVALID  |   in|    1|        axis|  s_axis_video_V_dest_V|       pointer|
|s_axis_video_TREADY  |  out|    1|        axis|  s_axis_video_V_dest_V|       pointer|
|m_axis_video_TDATA   |  out|  120|        axis|  m_axis_video_V_data_V|       pointer|
|m_axis_video_TKEEP   |  out|   15|        axis|  m_axis_video_V_keep_V|       pointer|
|m_axis_video_TSTRB   |  out|   15|        axis|  m_axis_video_V_strb_V|       pointer|
|m_axis_video_TUSER   |  out|    1|        axis|  m_axis_video_V_user_V|       pointer|
|m_axis_video_TLAST   |  out|    1|        axis|  m_axis_video_V_last_V|       pointer|
|m_axis_video_TID     |  out|    1|        axis|    m_axis_video_V_id_V|       pointer|
|m_axis_video_TDEST   |  out|    1|        axis|  m_axis_video_V_dest_V|       pointer|
|m_axis_video_TVALID  |  out|    1|        axis|  m_axis_video_V_dest_V|       pointer|
|m_axis_video_TREADY  |   in|    1|        axis|  m_axis_video_V_dest_V|       pointer|
+---------------------+-----+-----+------------+-----------------------+--------------+

