

================================================================
== Vitis HLS Report for 'ZipperRemoval'
================================================================
* Date:           Wed Nov  8 15:31:21 2023

* Version:        2023.2 (Build 4023990 on Oct 11 2023)
* Project:        prj
* Solution:       sol (Vivado IP Flow Target)
* Product family: zynq
* Target device:  xc7z020-clg400-1


================================================================
== Performance Estimates
================================================================
+ Timing: 
    * Summary: 
    +--------+---------+----------+------------+
    |  Clock |  Target | Estimated| Uncertainty|
    +--------+---------+----------+------------+
    |ap_clk  |  6.67 ns|  5.283 ns|     1.80 ns|
    +--------+---------+----------+------------+

+ Latency: 
    * Summary: 
    +---------+------------+----------+-----------+-----+------------+---------+
    |   Latency (cycles)   |  Latency (absolute)  |     Interval     | Pipeline|
    |   min   |     max    |    min   |    max    | min |     max    |   Type  |
    +---------+------------+----------+-----------+-----+------------+---------+
    |        1|  1074315256|  6.667 ns|  7.162 sec|    1|  1074315256|       no|
    +---------+------------+----------+-----------+-----+------------+---------+

    + Detail: 
        * Instance: 
        +-----------------------------------------------------+------------------------------------------+---------+---------+-----------+----------+-----+-------+---------+
        |                                                     |                                          |  Latency (cycles) |  Latency (absolute)  |   Interval  | Pipeline|
        |                       Instance                      |                  Module                  |   min   |   max   |    min    |    max   | min |  max  |   Type  |
        +-----------------------------------------------------+------------------------------------------+---------+---------+-----------+----------+-----+-------+---------+
        |grp_ZipperRemoval_Pipeline_VITIS_LOOP_1101_2_fu_150  |ZipperRemoval_Pipeline_VITIS_LOOP_1101_2  |        7|    16390|  46.669 ns|  0.109 ms|    7|  16390|       no|
        +-----------------------------------------------------+------------------------------------------+---------+---------+-----------+----------+-----+-------+---------+

        * Loop: 
        +---------------------+---------+------------+------------+-----------+-----------+-----------+----------+
        |                     |   Latency (cycles)   |  Iteration |  Initiation Interval  |    Trip   |          |
        |      Loop Name      |   min   |     max    |   Latency  |  achieved |   target  |   Count   | Pipelined|
        +---------------------+---------+------------+------------+-----------+-----------+-----------+----------+
        |- VITIS_LOOP_1099_1  |        0|  1074315255|  10 ~ 16393|          -|          -|  0 ~ 65535|        no|
        +---------------------+---------+------------+------------+-----------+-----------+-----------+----------+



================================================================
== Utilization Estimates
================================================================
* Summary: 
+-----------------+---------+-----+--------+-------+-----+
|       Name      | BRAM_18K| DSP |   FF   |  LUT  | URAM|
+-----------------+---------+-----+--------+-------+-----+
|DSP              |        -|    -|       -|      -|    -|
|Expression       |        -|    -|       0|     72|    -|
|FIFO             |        -|    -|       -|      -|    -|
|Instance         |        -|    -|    1109|   1278|    -|
|Memory           |        -|    -|       -|      -|    -|
|Multiplexer      |        -|    -|       -|    250|    -|
|Register         |        -|    -|     370|      -|    -|
+-----------------+---------+-----+--------+-------+-----+
|Total            |        0|    0|    1479|   1600|    0|
+-----------------+---------+-----+--------+-------+-----+
|Available        |      280|  220|  106400|  53200|    0|
+-----------------+---------+-----+--------+-------+-----+
|Utilization (%)  |        0|    0|       1|      3|    0|
+-----------------+---------+-----+--------+-------+-----+

+ Detail: 
    * Instance: 
    +-----------------------------------------------------+------------------------------------------+---------+----+------+------+-----+
    |                       Instance                      |                  Module                  | BRAM_18K| DSP|  FF  |  LUT | URAM|
    +-----------------------------------------------------+------------------------------------------+---------+----+------+------+-----+
    |grp_ZipperRemoval_Pipeline_VITIS_LOOP_1101_2_fu_150  |ZipperRemoval_Pipeline_VITIS_LOOP_1101_2  |        0|   0|  1109|  1278|    0|
    +-----------------------------------------------------+------------------------------------------+---------+----+------+------+-----+
    |Total                                                |                                          |        0|   0|  1109|  1278|    0|
    +-----------------------------------------------------+------------------------------------------+---------+----+------+------+-----+

    * DSP: 
    N/A

    * Memory: 
    N/A

    * FIFO: 
    N/A

    * Expression: 
    +-----------------------+----------+----+---+----+------------+------------+
    |     Variable Name     | Operation| DSP| FF| LUT| Bitwidth P0| Bitwidth P1|
    +-----------------------+----------+----+---+----+------------+------------+
    |loopWidth_fu_197_p2    |         +|   0|  0|  24|          17|           1|
    |y_2_fu_316_p2          |         +|   0|  0|  23|          16|           1|
    |icmp_ln1099_fu_311_p2  |      icmp|   0|  0|  23|          16|          16|
    |ap_block_state1        |        or|   0|  0|   2|           1|           1|
    +-----------------------+----------+----+---+----+------------+------------+
    |Total                  |          |   0|  0|  72|          50|          19|
    +-----------------------+----------+----+---+----+------------+------------+

    * Multiplexer: 
    +------------------------------------+----+-----------+-----+-----------+
    |                Name                | LUT| Input Size| Bits| Total Bits|
    +------------------------------------+----+-----------+-----+-----------+
    |ap_NS_fsm                           |  25|          5|    1|          5|
    |ap_done                             |   9|          2|    1|          2|
    |conv2_i_i_1_lcssa803_fu_90          |   9|          2|   10|         20|
    |conv2_i_i_2_lcssa811_fu_106         |   9|          2|   10|         20|
    |conv2_i_i_3_lcssa819_fu_122         |   9|          2|   10|         20|
    |conv2_i_i_lcssa795_fu_74            |   9|          2|   10|         20|
    |imgRgb_read                         |   9|          2|    1|          2|
    |imgUnzip_write                      |   9|          2|    1|          2|
    |p_0_0_0477697_lcssa728801_fu_86     |   9|          2|   10|         20|
    |p_0_0_0477_1703_lcssa735809_fu_102  |   9|          2|   10|         20|
    |p_0_0_0477_2709_lcssa742817_fu_118  |   9|          2|   10|         20|
    |p_0_0_0477_3715_lcssa749825_fu_134  |   9|          2|   10|         20|
    |p_0_0_0478695_lcssa726799_fu_82     |   9|          2|   10|         20|
    |p_0_0_0478_1701_lcssa733807_fu_98   |   9|          2|   10|         20|
    |p_0_0_0478_2707_lcssa740815_fu_114  |   9|          2|   10|         20|
    |p_0_0_0478_3713_lcssa747823_fu_130  |   9|          2|   10|         20|
    |p_0_0_0479699_lcssa724797_fu_78     |   9|          2|   10|         20|
    |p_0_0_0479_1705_lcssa731805_fu_94   |   9|          2|   10|         20|
    |p_0_0_0479_2711_lcssa738813_fu_110  |   9|          2|   10|         20|
    |p_0_0_0479_3717_lcssa745821_fu_126  |   9|          2|   10|         20|
    |p_0_0_0480_7_lcssa793_fu_70         |   9|          2|   10|         20|
    |p_0_0_0481_7_lcssa791_fu_66         |   9|          2|   10|         20|
    |p_0_0_0482_7_lcssa789_fu_62         |   9|          2|   10|         20|
    |p_0_0_0483_7_lcssa787_fu_58         |   9|          2|   10|         20|
    |real_start                          |   9|          2|    1|          2|
    |y_fu_54                             |   9|          2|   16|         32|
    +------------------------------------+----+-----------+-----+-----------+
    |Total                               | 250|         55|  221|        445|
    +------------------------------------+----+-----------+-----+-----------+

    * Register: 
    +------------------------------------------------------------------+----+----+-----+-----------+
    |                               Name                               | FF | LUT| Bits| Const Bits|
    +------------------------------------------------------------------+----+----+-----+-----------+
    |ap_CS_fsm                                                         |   4|   0|    4|          0|
    |ap_done_reg                                                       |   1|   0|    1|          0|
    |conv2_i_i_1_lcssa803_fu_90                                        |  10|   0|   10|          0|
    |conv2_i_i_2_lcssa811_fu_106                                       |  10|   0|   10|          0|
    |conv2_i_i_3_lcssa819_fu_122                                       |  10|   0|   10|          0|
    |conv2_i_i_3_lcssa819_load_reg_569                                 |  10|   0|   10|          0|
    |conv2_i_i_lcssa795_fu_74                                          |  10|   0|   10|          0|
    |grp_ZipperRemoval_Pipeline_VITIS_LOOP_1101_2_fu_150_ap_start_reg  |   1|   0|    1|          0|
    |loopWidth_reg_516                                                 |  17|   0|   17|          0|
    |p_0_0_0477697_lcssa728801_fu_86                                   |  10|   0|   10|          0|
    |p_0_0_0477697_lcssa728801_load_reg_534                            |  10|   0|   10|          0|
    |p_0_0_0477_1703_lcssa735809_fu_102                                |  10|   0|   10|          0|
    |p_0_0_0477_1703_lcssa735809_load_reg_549                          |  10|   0|   10|          0|
    |p_0_0_0477_2709_lcssa742817_fu_118                                |  10|   0|   10|          0|
    |p_0_0_0477_2709_lcssa742817_load_reg_564                          |  10|   0|   10|          0|
    |p_0_0_0477_3715_lcssa749825_fu_134                                |  10|   0|   10|          0|
    |p_0_0_0477_3715_lcssa749825_load_reg_584                          |  10|   0|   10|          0|
    |p_0_0_0478695_lcssa726799_fu_82                                   |  10|   0|   10|          0|
    |p_0_0_0478695_lcssa726799_load_reg_529                            |  10|   0|   10|          0|
    |p_0_0_0478_1701_lcssa733807_fu_98                                 |  10|   0|   10|          0|
    |p_0_0_0478_1701_lcssa733807_load_reg_544                          |  10|   0|   10|          0|
    |p_0_0_0478_2707_lcssa740815_fu_114                                |  10|   0|   10|          0|
    |p_0_0_0478_2707_lcssa740815_load_reg_559                          |  10|   0|   10|          0|
    |p_0_0_0478_3713_lcssa747823_fu_130                                |  10|   0|   10|          0|
    |p_0_0_0478_3713_lcssa747823_load_reg_579                          |  10|   0|   10|          0|
    |p_0_0_0479699_lcssa724797_fu_78                                   |  10|   0|   10|          0|
    |p_0_0_0479699_lcssa724797_load_reg_524                            |  10|   0|   10|          0|
    |p_0_0_0479_1705_lcssa731805_fu_94                                 |  10|   0|   10|          0|
    |p_0_0_0479_1705_lcssa731805_load_reg_539                          |  10|   0|   10|          0|
    |p_0_0_0479_2711_lcssa738813_fu_110                                |  10|   0|   10|          0|
    |p_0_0_0479_2711_lcssa738813_load_reg_554                          |  10|   0|   10|          0|
    |p_0_0_0479_3717_lcssa745821_fu_126                                |  10|   0|   10|          0|
    |p_0_0_0479_3717_lcssa745821_load_reg_574                          |  10|   0|   10|          0|
    |p_0_0_0480_7_lcssa793_fu_70                                       |  10|   0|   10|          0|
    |p_0_0_0481_7_lcssa791_fu_66                                       |  10|   0|   10|          0|
    |p_0_0_0482_7_lcssa789_fu_62                                       |  10|   0|   10|          0|
    |p_0_0_0483_7_lcssa787_fu_58                                       |  10|   0|   10|          0|
    |start_once_reg                                                    |   1|   0|    1|          0|
    |y_fu_54                                                           |  16|   0|   16|          0|
    +------------------------------------------------------------------+----+----+-----+-----------+
    |Total                                                             | 370|   0|  370|          0|
    +------------------------------------------------------------------+----+----+-----+-----------+



================================================================
== Interface
================================================================
* Summary: 
+-------------------------+-----+-----+------------+---------------+--------------+
|        RTL Ports        | Dir | Bits|  Protocol  | Source Object |    C Type    |
+-------------------------+-----+-----+------------+---------------+--------------+
|ap_clk                   |   in|    1|  ap_ctrl_hs|  ZipperRemoval|  return value|
|ap_rst                   |   in|    1|  ap_ctrl_hs|  ZipperRemoval|  return value|
|ap_start                 |   in|    1|  ap_ctrl_hs|  ZipperRemoval|  return value|
|start_full_n             |   in|    1|  ap_ctrl_hs|  ZipperRemoval|  return value|
|ap_done                  |  out|    1|  ap_ctrl_hs|  ZipperRemoval|  return value|
|ap_continue              |   in|    1|  ap_ctrl_hs|  ZipperRemoval|  return value|
|ap_idle                  |  out|    1|  ap_ctrl_hs|  ZipperRemoval|  return value|
|ap_ready                 |  out|    1|  ap_ctrl_hs|  ZipperRemoval|  return value|
|start_out                |  out|    1|  ap_ctrl_hs|  ZipperRemoval|  return value|
|start_write              |  out|    1|  ap_ctrl_hs|  ZipperRemoval|  return value|
|imgRgb_dout              |   in|  120|     ap_fifo|         imgRgb|       pointer|
|imgRgb_num_data_valid    |   in|    3|     ap_fifo|         imgRgb|       pointer|
|imgRgb_fifo_cap          |   in|    3|     ap_fifo|         imgRgb|       pointer|
|imgRgb_empty_n           |   in|    1|     ap_fifo|         imgRgb|       pointer|
|imgRgb_read              |  out|    1|     ap_fifo|         imgRgb|       pointer|
|imgUnzip_din             |  out|  120|     ap_fifo|       imgUnzip|       pointer|
|imgUnzip_num_data_valid  |   in|    3|     ap_fifo|       imgUnzip|       pointer|
|imgUnzip_fifo_cap        |   in|    3|     ap_fifo|       imgUnzip|       pointer|
|imgUnzip_full_n          |   in|    1|     ap_fifo|       imgUnzip|       pointer|
|imgUnzip_write           |  out|    1|     ap_fifo|       imgUnzip|       pointer|
|height                   |   in|   16|   ap_stable|         height|        scalar|
|width                    |   in|   16|   ap_stable|          width|        scalar|
+-------------------------+-----+-----+------------+---------------+--------------+

