Copyright 1986-2022 Xilinx, Inc. All Rights Reserved. Copyright 2022-2023 Advanced Micro Devices, Inc. All Rights Reserved.
----------------------------------------------------------------------------------------------------------------------------------------------------------------
| Tool Version     : Vivado v.2023.2 (win64) Build 4029153 Fri Oct 13 20:14:34 MDT 2023
| Date             : Thu Nov  9 12:56:48 2023
| Host             : RATNA running 64-bit major release  (build 9200)
| Command          : report_power -file system_wrapper_power_routed.rpt -pb system_wrapper_power_summary_routed.pb -rpx system_wrapper_power_routed.rpx
| Design           : system_wrapper
| Device           : xc7z020clg400-1
| Design State     : routed
| Grade            : commercial
| Process          : typical
| Characterization : Production
----------------------------------------------------------------------------------------------------------------------------------------------------------------

Power Report

Table of Contents
-----------------
1. Summary
1.1 On-Chip Components
1.2 Power Supply Summary
1.3 Confidence Level
2. Settings
2.1 Environment
2.2 Clock Constraints
3. Detailed Reports
3.1 By Hierarchy

1. Summary
----------

+--------------------------+--------------+
| Total On-Chip Power (W)  | 2.484        |
| Design Power Budget (W)  | Unspecified* |
| Power Budget Margin (W)  | NA           |
| Dynamic (W)              | 2.308        |
| Device Static (W)        | 0.175        |
| Effective TJA (C/W)      | 11.5         |
| Max Ambient (C)          | 56.4         |
| Junction Temperature (C) | 53.6         |
| Confidence Level         | Low          |
| Setting File             | ---          |
| Simulation Activity File | ---          |
| Design Nets Matched      | NA           |
+--------------------------+--------------+
* Specify Design Power Budget using, set_operating_conditions -design_power_budget <value in Watts>


1.1 On-Chip Components
----------------------

+--------------------------+-----------+----------+-----------+-----------------+
| On-Chip                  | Power (W) | Used     | Available | Utilization (%) |
+--------------------------+-----------+----------+-----------+-----------------+
| Clocks                   |     0.161 |       12 |       --- |             --- |
| Slice Logic              |     0.133 |    74962 |       --- |             --- |
|   LUT as Logic           |     0.103 |    23457 |     53200 |           44.09 |
|   CARRY4                 |     0.015 |     2185 |     13300 |           16.43 |
|   Register               |     0.011 |    40033 |    106400 |           37.63 |
|   LUT as Shift Register  |     0.004 |     1370 |     17400 |            7.87 |
|   LUT as Distributed RAM |    <0.001 |      124 |     17400 |            0.71 |
|   F7/F8 Muxes            |    <0.001 |     1488 |     53200 |            2.80 |
|   Others                 |     0.000 |     1121 |       --- |             --- |
| Signals                  |     0.185 |    57647 |       --- |             --- |
| Block RAM                |     0.088 |       49 |       140 |           35.00 |
| MMCM                     |     0.191 |        2 |         4 |           50.00 |
| DSPs                     |     0.054 |       32 |       220 |           14.55 |
| I/O                      |     0.084 |       23 |       125 |           18.40 |
| PS7                      |     1.412 |        1 |       --- |             --- |
| Static Power             |     0.175 |          |           |                 |
| Total                    |     2.484 |          |           |                 |
+--------------------------+-----------+----------+-----------+-----------------+


1.2 Power Supply Summary
------------------------

+-----------+-------------+-----------+-------------+------------+-------------+-------------+------------+
| Source    | Voltage (V) | Total (A) | Dynamic (A) | Static (A) | Powerup (A) | Budget (A)  | Margin (A) |
+-----------+-------------+-----------+-------------+------------+-------------+-------------+------------+
| Vccint    |       1.000 |     0.649 |       0.625 |      0.024 |       NA    | Unspecified | NA         |
| Vccaux    |       1.800 |     0.148 |       0.129 |      0.019 |       NA    | Unspecified | NA         |
| Vcco33    |       3.300 |     0.011 |       0.010 |      0.001 |       NA    | Unspecified | NA         |
| Vcco25    |       2.500 |     0.000 |       0.000 |      0.000 |       NA    | Unspecified | NA         |
| Vcco18    |       1.800 |     0.000 |       0.000 |      0.000 |       NA    | Unspecified | NA         |
| Vcco15    |       1.500 |     0.000 |       0.000 |      0.000 |       NA    | Unspecified | NA         |
| Vcco135   |       1.350 |     0.000 |       0.000 |      0.000 |       NA    | Unspecified | NA         |
| Vcco12    |       1.200 |     0.000 |       0.000 |      0.000 |       NA    | Unspecified | NA         |
| Vccaux_io |       1.800 |     0.000 |       0.000 |      0.000 |       NA    | Unspecified | NA         |
| Vccbram   |       1.000 |     0.011 |       0.006 |      0.006 |       NA    | Unspecified | NA         |
| MGTAVcc   |       1.000 |     0.000 |       0.000 |      0.000 |       NA    | Unspecified | NA         |
| MGTAVtt   |       1.200 |     0.000 |       0.000 |      0.000 |       NA    | Unspecified | NA         |
| MGTVccaux |       1.800 |     0.000 |       0.000 |      0.000 |       NA    | Unspecified | NA         |
| Vccpint   |       1.000 |     0.771 |       0.730 |      0.041 |       NA    | Unspecified | NA         |
| Vccpaux   |       1.800 |     0.062 |       0.051 |      0.010 |       NA    | Unspecified | NA         |
| Vccpll    |       1.800 |     0.017 |       0.014 |      0.003 |       NA    | Unspecified | NA         |
| Vcco_ddr  |       1.350 |     0.413 |       0.411 |      0.002 |       NA    | Unspecified | NA         |
| Vcco_mio0 |       3.300 |     0.003 |       0.002 |      0.001 |       NA    | Unspecified | NA         |
| Vcco_mio1 |       1.800 |     0.003 |       0.002 |      0.001 |       NA    | Unspecified | NA         |
| Vccadc    |       1.800 |     0.020 |       0.000 |      0.020 |       NA    | Unspecified | NA         |
+-----------+-------------+-----------+-------------+------------+-------------+-------------+------------+


1.3 Confidence Level
--------------------

+-----------------------------+------------+--------------------------------------------------------+------------------------------------------------------------------------------------------------------------+
| User Input Data             | Confidence | Details                                                | Action                                                                                                     |
+-----------------------------+------------+--------------------------------------------------------+------------------------------------------------------------------------------------------------------------+
| Design implementation state | High       | Design is routed                                       |                                                                                                            |
| Clock nodes activity        | High       | User specified more than 95% of clocks                 |                                                                                                            |
| I/O nodes activity          | Low        | More than 75% of inputs are missing user specification | Provide missing input activity with simulation results or by editing the "By Resource Type -> I/Os" view   |
| Internal nodes activity     | Medium     | User specified less than 25% of internal nodes         | Provide missing internal nodes activity with simulation results or by editing the "By Resource Type" views |
| Device models               | High       | Device models are Production                           |                                                                                                            |
|                             |            |                                                        |                                                                                                            |
| Overall confidence level    | Low        |                                                        |                                                                                                            |
+-----------------------------+------------+--------------------------------------------------------+------------------------------------------------------------------------------------------------------------+


2. Settings
-----------

2.1 Environment
---------------

+-----------------------+------------------------+
| Ambient Temp (C)      | 25.0                   |
| ThetaJA (C/W)         | 11.5                   |
| Airflow (LFM)         | 250                    |
| Heat Sink             | none                   |
| ThetaSA (C/W)         | 0.0                    |
| Board Selection       | medium (10"x10")       |
| # of Board Layers     | 8to11 (8 to 11 Layers) |
| Board Temperature (C) | 25.0                   |
+-----------------------+------------------------+


2.2 Clock Constraints
---------------------

+--------------------------------+-----------------------------------------------------------------------------------+-----------------+
| Clock                          | Domain                                                                            | Constraint (ns) |
+--------------------------------+-----------------------------------------------------------------------------------+-----------------+
| MIPI_D_PHY_RX_0_RxByteClkHS    | system_i/MIPI_D_PHY_RX_0/U0/ClockLane/HSClockingX/CLK                             |            19.0 |
| clk_fpga_0                     | system_i/processing_system7_0/inst/FCLK_CLK_unbuffered[0]                         |            10.0 |
| clk_out1_system_clk_wiz_0_0    | system_i/clk_wiz_0/inst/clk_out1_system_clk_wiz_0_0                               |            20.0 |
| clk_out2_system_clk_wiz_0_0    | system_i/clk_wiz_0/inst/clk_out2_system_clk_wiz_0_0                               |             6.7 |
| clk_out3_system_clk_wiz_0_0    | system_i/clk_wiz_0/inst/clk_out3_system_clk_wiz_0_0                               |             5.0 |
| clkfbout_system_clk_wiz_0_0    | system_i/clk_wiz_0/inst/clkfbout_system_clk_wiz_0_0                               |            10.0 |
| clkfbout_system_video_dynclk_0 | system_i/video_dynclk/inst/CLK_CORE_DRP_I/clk_inst/clkfbout_system_video_dynclk_0 |            50.0 |
| dphy_hs_clock_p                | dphy_hs_clock_clk_p                                                               |             4.8 |
| pixel_dynclk                   | system_i/DVIClocking_0/U0/PixelClk                                                |             6.7 |
| video_dynclk                   | system_i/video_dynclk/inst/CLK_CORE_DRP_I/clk_inst/pxl_clk_5x                     |             1.7 |
+--------------------------------+-----------------------------------------------------------------------------------+-----------------+


3. Detailed Reports
-------------------

3.1 By Hierarchy
----------------

+--------------------------+-----------+
| Name                     | Power (W) |
+--------------------------+-----------+
| system_wrapper           |     2.308 |
|   cam_gpio_tri_iobuf_0   |     0.004 |
|   cam_iic_scl_iobuf      |     0.004 |
|   cam_iic_sda_iobuf      |     0.004 |
|   system_i               |     2.295 |
|     MIPI_CSI_2_RX_0      |     0.007 |
|       U0                 |     0.007 |
|     MIPI_D_PHY_RX_0      |     0.054 |
|       U0                 |     0.054 |
|     axi_mem_intercon     |     0.003 |
|       s00_couplers       |     0.003 |
|     axi_mem_intercon_1   |     0.003 |
|       s00_couplers       |     0.003 |
|     axi_vdma_0           |     0.060 |
|       U0                 |     0.060 |
|     clk_wiz_0            |     0.087 |
|       inst               |     0.087 |
|     processing_system7_0 |     1.414 |
|       inst               |     1.414 |
|     ps7_0_axi_periph     |     0.004 |
|       s00_couplers       |     0.002 |
|     rgb2dvi_0            |     0.026 |
|       U0                 |     0.026 |
|     v_axi4s_vid_out_0    |     0.007 |
|       inst               |     0.007 |
|     v_demosaic_0         |     0.479 |
|       inst               |     0.479 |
|     v_gamma_lut_0        |     0.026 |
|       inst               |     0.026 |
|     video_dynclk         |     0.109 |
|       inst               |     0.109 |
|     vtg                  |     0.016 |
|       U0                 |     0.016 |
+--------------------------+-----------+


