

================================================================
== Vitis HLS Report for 'AXIvideo2MultiPixStream'
================================================================
* Date:           Wed Nov  8 16:03:34 2023

* Version:        2023.2 (Build 4023990 on Oct 11 2023)
* Project:        prj
* Solution:       sol (Vivado IP Flow Target)
* Product family: zynq
* Target device:  xc7z020-clg400-1


================================================================
== Performance Estimates
================================================================
+ Timing: 
    * Summary: 
    +--------+---------+----------+------------+
    |  Clock |  Target | Estimated| Uncertainty|
    +--------+---------+----------+------------+
    |ap_clk  |  6.67 ns|  6.091 ns|     1.80 ns|
    +--------+---------+----------+------------+

+ Latency: 
    * Summary: 
    +---------+---------+-----------+----------+-----+--------+---------+
    |  Latency (cycles) |  Latency (absolute)  |   Interval   | Pipeline|
    |   min   |   max   |    min    |    max   | min |   max  |   Type  |
    +---------+---------+-----------+----------+-----+--------+---------+
    |        6|   137526|  40.002 ns|  0.917 ms|    6|  137526|       no|
    +---------+---------+-----------+----------+-----+--------+---------+

    + Detail: 
        * Instance: 
        +-----------------------------------------------------------------+------------------------------------------------------+---------+---------+-----------+-----------+-----+-----+---------+
        |                                                                 |                                                      |  Latency (cycles) |   Latency (absolute)  |  Interval | Pipeline|
        |                             Instance                            |                        Module                        |   min   |   max   |    min    |    max    | min | max |   Type  |
        +-----------------------------------------------------------------+------------------------------------------------------+---------+---------+-----------+-----------+-----+-----+---------+
        |grp_AXIvideo2MultiPixStream_Pipeline_loop_wait_for_start_fu_140  |AXIvideo2MultiPixStream_Pipeline_loop_wait_for_start  |        2|        2|  13.334 ns|  13.334 ns|    2|    2|       no|
        |grp_AXIvideo2MultiPixStream_Pipeline_loop_width_fu_160           |AXIvideo2MultiPixStream_Pipeline_loop_width           |        2|      182|  13.334 ns|   1.213 us|    2|  182|       no|
        |grp_AXIvideo2MultiPixStream_Pipeline_loop_wait_for_eol_fu_188    |AXIvideo2MultiPixStream_Pipeline_loop_wait_for_eol    |        2|        2|  13.334 ns|  13.334 ns|    2|    2|       no|
        |grp_reg_unsigned_short_s_fu_219                                  |reg_unsigned_short_s                                  |        1|        1|   6.667 ns|   6.667 ns|    1|    1|      yes|
        |grp_reg_unsigned_short_s_fu_240                                  |reg_unsigned_short_s                                  |        1|        1|   6.667 ns|   6.667 ns|    1|    1|      yes|
        +-----------------------------------------------------------------+------------------------------------------------------+---------+---------+-----------+-----------+-----+-----+---------+

        * Loop: 
        +---------------+---------+---------+----------+-----------+-----------+---------+----------+
        |               |  Latency (cycles) | Iteration|  Initiation Interval  |   Trip  |          |
        |   Loop Name   |   min   |   max   |  Latency |  achieved |   target  |  Count  | Pipelined|
        +---------------+---------+---------+----------+-----------+-----------+---------+----------+
        |- loop_height  |        0|   137520|  11 ~ 191|          -|          -|  0 ~ 720|        no|
        +---------------+---------+---------+----------+-----------+-----------+---------+----------+



================================================================
== Utilization Estimates
================================================================
* Summary: 
+-----------------+---------+-----+--------+-------+-----+
|       Name      | BRAM_18K| DSP |   FF   |  LUT  | URAM|
+-----------------+---------+-----+--------+-------+-----+
|DSP              |        -|    -|       -|      -|    -|
|Expression       |        -|    -|       0|     49|    -|
|FIFO             |        -|    -|       -|      -|    -|
|Instance         |        -|    -|     184|    270|    -|
|Memory           |        -|    -|       -|      -|    -|
|Multiplexer      |        -|    -|       -|    139|    -|
|Register         |        -|    -|     180|      -|    -|
+-----------------+---------+-----+--------+-------+-----+
|Total            |        0|    0|     364|    458|    0|
+-----------------+---------+-----+--------+-------+-----+
|Available        |      280|  220|  106400|  53200|    0|
+-----------------+---------+-----+--------+-------+-----+
|Utilization (%)  |        0|    0|      ~0|     ~0|    0|
+-----------------+---------+-----+--------+-------+-----+

+ Detail: 
    * Instance: 
    +-----------------------------------------------------------------+------------------------------------------------------+---------+----+-----+-----+-----+
    |                             Instance                            |                        Module                        | BRAM_18K| DSP|  FF | LUT | URAM|
    +-----------------------------------------------------------------+------------------------------------------------------+---------+----+-----+-----+-----+
    |grp_AXIvideo2MultiPixStream_Pipeline_loop_wait_for_eol_fu_188    |AXIvideo2MultiPixStream_Pipeline_loop_wait_for_eol    |        0|   0|    4|   52|    0|
    |grp_AXIvideo2MultiPixStream_Pipeline_loop_wait_for_start_fu_140  |AXIvideo2MultiPixStream_Pipeline_loop_wait_for_start  |        0|   0|    4|   38|    0|
    |grp_AXIvideo2MultiPixStream_Pipeline_loop_width_fu_160           |AXIvideo2MultiPixStream_Pipeline_loop_width           |        0|   0|  134|  152|    0|
    |grp_reg_unsigned_short_s_fu_219                                  |reg_unsigned_short_s                                  |        0|   0|   21|   14|    0|
    |grp_reg_unsigned_short_s_fu_240                                  |reg_unsigned_short_s                                  |        0|   0|   21|   14|    0|
    +-----------------------------------------------------------------+------------------------------------------------------+---------+----+-----+-----+-----+
    |Total                                                            |                                                      |        0|   0|  184|  270|    0|
    +-----------------------------------------------------------------+------------------------------------------------------+---------+----+-----+-----+-----+

    * DSP: 
    N/A

    * Memory: 
    N/A

    * FIFO: 
    N/A

    * Expression: 
    +------------------------+----------+----+---+----+------------+------------+
    |      Variable Name     | Operation| DSP| FF| LUT| Bitwidth P0| Bitwidth P1|
    +------------------------+----------+----+---+----+------------+------------+
    |i_5_fu_267_p2           |         +|   0|  0|  13|          10|           1|
    |and_ln216_fu_273_p2     |       and|   0|  0|   2|           1|           1|
    |cmp10253_fu_248_p2      |      icmp|   0|  0|  15|           8|           1|
    |icmp_ln188_fu_262_p2    |      icmp|   0|  0|  13|          10|          10|
    |ap_block_state1         |        or|   0|  0|   2|           1|           1|
    |select_ln216_fu_290_p3  |    select|   0|  0|   2|           1|           1|
    |xor_ln216_fu_253_p2     |       xor|   0|  0|   2|           1|           2|
    +------------------------+----------+----+---+----+------------+------------+
    |Total                   |          |   0|  0|  49|          32|          17|
    +------------------------+----------+----+---+----+------------+------------+

    * Multiplexer: 
    +----------------------------------+----+-----------+-----+-----------+
    |               Name               | LUT| Input Size| Bits| Total Bits|
    +----------------------------------+----+-----------+-----+-----------+
    |ap_NS_fsm                         |  65|         12|    1|         12|
    |ap_done                           |   9|          2|    1|          2|
    |axi_data_2_fu_82                  |   9|          2|  120|        240|
    |axi_last_2_reg_130                |   9|          2|    1|          2|
    |i_fu_86                           |   9|          2|   10|         20|
    |imgRgb_write                      |   9|          2|    1|          2|
    |s_axis_video_TREADY_int_regslice  |  20|          4|    1|          4|
    |sof_reg_118                       |   9|          2|    1|          2|
    +----------------------------------+----+-----------+-----+-----------+
    |Total                             | 139|         28|  136|        284|
    +----------------------------------+----+-----------+-----+-----------+

    * Register: 
    +------------------------------------------------------------------------------+-----+----+-----+-----------+
    |                                     Name                                     |  FF | LUT| Bits| Const Bits|
    +------------------------------------------------------------------------------+-----+----+-----+-----------+
    |and_ln216_reg_374                                                             |    1|   0|    1|          0|
    |ap_CS_fsm                                                                     |   11|   0|   11|          0|
    |ap_done_reg                                                                   |    1|   0|    1|          0|
    |axi_data_2_fu_82                                                              |  120|   0|  120|          0|
    |axi_last_2_reg_130                                                            |    1|   0|    1|          0|
    |axi_last_4_loc_fu_90                                                          |    1|   0|    1|          0|
    |cmp10253_reg_361                                                              |    1|   0|    1|          0|
    |grp_AXIvideo2MultiPixStream_Pipeline_loop_wait_for_eol_fu_188_ap_start_reg    |    1|   0|    1|          0|
    |grp_AXIvideo2MultiPixStream_Pipeline_loop_wait_for_start_fu_140_ap_start_reg  |    1|   0|    1|          0|
    |grp_AXIvideo2MultiPixStream_Pipeline_loop_width_fu_160_ap_start_reg           |    1|   0|    1|          0|
    |i_fu_86                                                                       |   10|   0|   10|          0|
    |rows_reg_353                                                                  |   10|   0|   10|          0|
    |select_ln216_reg_385                                                          |    1|   0|    1|          0|
    |sof_reg_118                                                                   |    1|   0|    1|          0|
    |trunc_ln166_1_reg_347                                                         |    8|   0|    8|          0|
    |trunc_ln170_reg_342                                                           |   10|   0|   10|          0|
    |xor_ln216_reg_366                                                             |    1|   0|    1|          0|
    +------------------------------------------------------------------------------+-----+----+-----+-----------+
    |Total                                                                         |  180|   0|  180|          0|
    +------------------------------------------------------------------------------+-----+----+-----+-----------+



================================================================
== Interface
================================================================
* Summary: 
+-----------------------+-----+-----+------------+-------------------------+--------------+
|       RTL Ports       | Dir | Bits|  Protocol  |      Source Object      |    C Type    |
+-----------------------+-----+-----+------------+-------------------------+--------------+
|ap_clk                 |   in|    1|  ap_ctrl_hs|  AXIvideo2MultiPixStream|  return value|
|ap_rst                 |   in|    1|  ap_ctrl_hs|  AXIvideo2MultiPixStream|  return value|
|ap_start               |   in|    1|  ap_ctrl_hs|  AXIvideo2MultiPixStream|  return value|
|ap_done                |  out|    1|  ap_ctrl_hs|  AXIvideo2MultiPixStream|  return value|
|ap_continue            |   in|    1|  ap_ctrl_hs|  AXIvideo2MultiPixStream|  return value|
|ap_idle                |  out|    1|  ap_ctrl_hs|  AXIvideo2MultiPixStream|  return value|
|ap_ready               |  out|    1|  ap_ctrl_hs|  AXIvideo2MultiPixStream|  return value|
|s_axis_video_TDATA     |   in|  120|        axis|    s_axis_video_V_data_V|       pointer|
|s_axis_video_TVALID    |   in|    1|        axis|    s_axis_video_V_dest_V|       pointer|
|s_axis_video_TREADY    |  out|    1|        axis|    s_axis_video_V_dest_V|       pointer|
|s_axis_video_TDEST     |   in|    1|        axis|    s_axis_video_V_dest_V|       pointer|
|s_axis_video_TKEEP     |   in|   15|        axis|    s_axis_video_V_keep_V|       pointer|
|s_axis_video_TSTRB     |   in|   15|        axis|    s_axis_video_V_strb_V|       pointer|
|s_axis_video_TUSER     |   in|    1|        axis|    s_axis_video_V_user_V|       pointer|
|s_axis_video_TLAST     |   in|    1|        axis|    s_axis_video_V_last_V|       pointer|
|s_axis_video_TID       |   in|    1|        axis|      s_axis_video_V_id_V|       pointer|
|imgRgb_din             |  out|  120|     ap_fifo|                   imgRgb|       pointer|
|imgRgb_num_data_valid  |   in|    5|     ap_fifo|                   imgRgb|       pointer|
|imgRgb_fifo_cap        |   in|    5|     ap_fifo|                   imgRgb|       pointer|
|imgRgb_full_n          |   in|    1|     ap_fifo|                   imgRgb|       pointer|
|imgRgb_write           |  out|    1|     ap_fifo|                   imgRgb|       pointer|
|height                 |   in|   16|     ap_none|                   height|       pointer|
|width                  |   in|   16|     ap_none|                    width|       pointer|
+-----------------------+-----+-----+------------+-------------------------+--------------+

