

================================================================
== Vitis HLS Report for 'AXIvideo2MultiBayer_Pipeline_loop_width'
================================================================
* Date:           Wed Nov  8 15:30:55 2023

* Version:        2023.2 (Build 4023990 on Oct 11 2023)
* Project:        prj
* Solution:       sol (Vivado IP Flow Target)
* Product family: zynq
* Target device:  xc7z020-clg400-1


================================================================
== Performance Estimates
================================================================
+ Timing: 
    * Summary: 
    +--------+---------+----------+------------+
    |  Clock |  Target | Estimated| Uncertainty|
    +--------+---------+----------+------------+
    |ap_clk  |  6.67 ns|  6.091 ns|     1.80 ns|
    +--------+---------+----------+------------+

+ Latency: 
    * Summary: 
    +---------+---------+-----------+----------+-----+-----+---------+
    |  Latency (cycles) |  Latency (absolute)  |  Interval | Pipeline|
    |   min   |   max   |    min    |    max   | min | max |   Type  |
    +---------+---------+-----------+----------+-----+-----+---------+
    |        2|      182|  13.334 ns|  1.213 us|    2|  182|       no|
    +---------+---------+-----------+----------+-----+-----+---------+

    + Detail: 
        * Instance: 
        N/A

        * Loop: 
        +--------------+---------+---------+----------+-----------+-----------+---------+----------+
        |              |  Latency (cycles) | Iteration|  Initiation Interval  |   Trip  |          |
        |   Loop Name  |   min   |   max   |  Latency |  achieved |   target  |  Count  | Pipelined|
        +--------------+---------+---------+----------+-----------+-----------+---------+----------+
        |- loop_width  |        0|      180|         2|          1|          1|  0 ~ 180|       yes|
        +--------------+---------+---------+----------+-----------+-----------+---------+----------+

============================================================
+ Verbose Summary: Synthesis Manager
============================================================
InlineROM: 1
ExposeGlobal: 0
============================================================
+ Verbose Summary: CDFG Model
============================================================
IsTopModel: 0
ResetActiveHigh: 1
IsCombinational: 0
IsDatapathOnly: 0
HasWiredReturn: 1
HasMFsm: 2
HasVarLatency: 1
IsPipeline: 0
IsRtlPipelined: 0
IsInstanceOverlapped: 0
IsDontTouch: 0
HasImplIP: 0
IsGatedGlobalClock: 0

+ Individual pipeline summary: 
  * Pipeline-0: initiation interval (II) = 1, depth = 2


============================================================
+ Verbose Summary: Schedule
============================================================
* Number of FSM states : 2
* Pipeline : 1
  Pipeline-0 : II = 1, D = 2, States = { 1 2 }
* Dataflow Pipeline: 0

* FSM state transitions: 
1 --> 2 
2 --> 

* FSM state operations: 

State 1 <SV = 0> <Delay = 6.09>
ST_1 : Operation 5 [1/1] (0.00ns)   --->   "%j = alloca i32 1" [D:/Project2023/SG-Extended/ZyboOrg/hw/hw.runs/system_v_demosaic_0_0_synth_1/prj/sol/.autopilot/db/v_demosaic.cpp:166]   --->   Operation 5 'alloca' 'j' <Predicate = true> <Delay = 0.00>
ST_1 : Operation 6 [1/1] (0.00ns)   --->   "%axi_data = alloca i32 1" [D:/Project2023/SG-Extended/ZyboOrg/hw/hw.runs/system_v_demosaic_0_0_synth_1/prj/sol/.autopilot/db/v_demosaic.cpp:141]   --->   Operation 6 'alloca' 'axi_data' <Predicate = true> <Delay = 0.00>
ST_1 : Operation 7 [1/1] (0.00ns)   --->   "%axi_last = alloca i32 1" [D:/Project2023/SG-Extended/ZyboOrg/hw/hw.runs/system_v_demosaic_0_0_synth_1/prj/sol/.autopilot/db/v_demosaic.cpp:141]   --->   Operation 7 'alloca' 'axi_last' <Predicate = true> <Delay = 0.00>
ST_1 : Operation 8 [1/1] (0.00ns)   --->   "%specaxissidechannel_ln0 = specaxissidechannel void @_ssdm_op_SpecAXISSideChannel, i40 %s_axis_video_V_data_V, i5 %s_axis_video_V_keep_V, i5 %s_axis_video_V_strb_V, i1 %s_axis_video_V_user_V, i1 %s_axis_video_V_last_V, i1 %s_axis_video_V_id_V, i1 %s_axis_video_V_dest_V, void @empty_26"   --->   Operation 8 'specaxissidechannel' 'specaxissidechannel_ln0' <Predicate = true> <Delay = 0.00>
ST_1 : Operation 9 [1/1] (0.00ns)   --->   "%specinterface_ln0 = specinterface void @_ssdm_op_SpecInterface, i40 %s_axis_video_V_data_V, void @empty_5, i32 0, i32 0, void @empty_23, i32 0, i32 0, void @empty_15, void @empty_15, void @empty_15, i32 0, i32 0, i32 0, i32 0, void @empty_15, void @empty_15, i32 4294967295, i32 0"   --->   Operation 9 'specinterface' 'specinterface_ln0' <Predicate = true> <Delay = 0.00>
ST_1 : Operation 10 [1/1] (0.00ns)   --->   "%specinterface_ln0 = specinterface void @_ssdm_op_SpecInterface, i5 %s_axis_video_V_keep_V, void @empty_5, i32 0, i32 0, void @empty_23, i32 0, i32 0, void @empty_15, void @empty_15, void @empty_15, i32 0, i32 0, i32 0, i32 0, void @empty_15, void @empty_15, i32 4294967295, i32 0"   --->   Operation 10 'specinterface' 'specinterface_ln0' <Predicate = true> <Delay = 0.00>
ST_1 : Operation 11 [1/1] (0.00ns)   --->   "%specinterface_ln0 = specinterface void @_ssdm_op_SpecInterface, i5 %s_axis_video_V_strb_V, void @empty_5, i32 0, i32 0, void @empty_23, i32 0, i32 0, void @empty_15, void @empty_15, void @empty_15, i32 0, i32 0, i32 0, i32 0, void @empty_15, void @empty_15, i32 4294967295, i32 0"   --->   Operation 11 'specinterface' 'specinterface_ln0' <Predicate = true> <Delay = 0.00>
ST_1 : Operation 12 [1/1] (0.00ns)   --->   "%specinterface_ln0 = specinterface void @_ssdm_op_SpecInterface, i1 %s_axis_video_V_user_V, void @empty_5, i32 0, i32 0, void @empty_23, i32 0, i32 0, void @empty_15, void @empty_15, void @empty_15, i32 0, i32 0, i32 0, i32 0, void @empty_15, void @empty_15, i32 4294967295, i32 0"   --->   Operation 12 'specinterface' 'specinterface_ln0' <Predicate = true> <Delay = 0.00>
ST_1 : Operation 13 [1/1] (0.00ns)   --->   "%specinterface_ln0 = specinterface void @_ssdm_op_SpecInterface, i1 %s_axis_video_V_last_V, void @empty_5, i32 0, i32 0, void @empty_23, i32 0, i32 0, void @empty_15, void @empty_15, void @empty_15, i32 0, i32 0, i32 0, i32 0, void @empty_15, void @empty_15, i32 4294967295, i32 0"   --->   Operation 13 'specinterface' 'specinterface_ln0' <Predicate = true> <Delay = 0.00>
ST_1 : Operation 14 [1/1] (0.00ns)   --->   "%specinterface_ln0 = specinterface void @_ssdm_op_SpecInterface, i1 %s_axis_video_V_id_V, void @empty_5, i32 0, i32 0, void @empty_23, i32 0, i32 0, void @empty_15, void @empty_15, void @empty_15, i32 0, i32 0, i32 0, i32 0, void @empty_15, void @empty_15, i32 4294967295, i32 0"   --->   Operation 14 'specinterface' 'specinterface_ln0' <Predicate = true> <Delay = 0.00>
ST_1 : Operation 15 [1/1] (0.00ns)   --->   "%specinterface_ln0 = specinterface void @_ssdm_op_SpecInterface, i1 %s_axis_video_V_dest_V, void @empty_5, i32 0, i32 0, void @empty_23, i32 0, i32 0, void @empty_15, void @empty_15, void @empty_15, i32 0, i32 0, i32 0, i32 0, void @empty_15, void @empty_15, i32 4294967295, i32 0"   --->   Operation 15 'specinterface' 'specinterface_ln0' <Predicate = true> <Delay = 0.00>
ST_1 : Operation 16 [1/1] (0.00ns)   --->   "%specinterface_ln0 = specinterface void @_ssdm_op_SpecInterface, i40 %imgBayer, void @empty_24, i32 0, i32 0, void @empty_15, i32 0, i32 0, void @empty_15, void @empty_15, void @empty_15, i32 0, i32 0, i32 0, i32 0, void @empty_15, void @empty_15, i32 4294967295, i32 0"   --->   Operation 16 'specinterface' 'specinterface_ln0' <Predicate = true> <Delay = 0.00>
ST_1 : Operation 17 [1/1] (0.00ns)   --->   "%trunc_ln141_1_read = read i8 @_ssdm_op_Read.ap_auto.i8, i8 %trunc_ln141_1"   --->   Operation 17 'read' 'trunc_ln141_1_read' <Predicate = true> <Delay = 0.00>
ST_1 : Operation 18 [1/1] (0.00ns)   --->   "%axi_data_2_read = read i40 @_ssdm_op_Read.ap_auto.i40, i40 %axi_data_2"   --->   Operation 18 'read' 'axi_data_2_read' <Predicate = true> <Delay = 0.00>
ST_1 : Operation 19 [1/1] (0.00ns)   --->   "%axi_last_2_read = read i1 @_ssdm_op_Read.ap_auto.i1, i1 %axi_last_2"   --->   Operation 19 'read' 'axi_last_2_read' <Predicate = true> <Delay = 0.00>
ST_1 : Operation 20 [1/1] (0.00ns)   --->   "%sof_4_read = read i1 @_ssdm_op_Read.ap_auto.i1, i1 %sof_4"   --->   Operation 20 'read' 'sof_4_read' <Predicate = true> <Delay = 0.00>
ST_1 : Operation 21 [1/1] (1.58ns)   --->   "%store_ln141 = store i1 %axi_last_2_read, i1 %axi_last" [D:/Project2023/SG-Extended/ZyboOrg/hw/hw.runs/system_v_demosaic_0_0_synth_1/prj/sol/.autopilot/db/v_demosaic.cpp:141]   --->   Operation 21 'store' 'store_ln141' <Predicate = true> <Delay = 1.58>
ST_1 : Operation 22 [1/1] (1.58ns)   --->   "%store_ln141 = store i40 %axi_data_2_read, i40 %axi_data" [D:/Project2023/SG-Extended/ZyboOrg/hw/hw.runs/system_v_demosaic_0_0_synth_1/prj/sol/.autopilot/db/v_demosaic.cpp:141]   --->   Operation 22 'store' 'store_ln141' <Predicate = true> <Delay = 1.58>
ST_1 : Operation 23 [1/1] (1.58ns)   --->   "%store_ln166 = store i8 0, i8 %j" [D:/Project2023/SG-Extended/ZyboOrg/hw/hw.runs/system_v_demosaic_0_0_synth_1/prj/sol/.autopilot/db/v_demosaic.cpp:166]   --->   Operation 23 'store' 'store_ln166' <Predicate = true> <Delay = 1.58>
ST_1 : Operation 24 [1/1] (1.58ns)   --->   "%br_ln0 = br void %for.body12"   --->   Operation 24 'br' 'br_ln0' <Predicate = true> <Delay = 1.58>
ST_1 : Operation 25 [1/1] (0.00ns)   --->   "%eol = phi i1 0, void %newFuncRoot, i1 %axi_last_4, void %if.end"   --->   Operation 25 'phi' 'eol' <Predicate = true> <Delay = 0.00>
ST_1 : Operation 26 [1/1] (0.00ns)   --->   "%sof = phi i1 %sof_4_read, void %newFuncRoot, i1 0, void %if.end"   --->   Operation 26 'phi' 'sof' <Predicate = true> <Delay = 0.00>
ST_1 : Operation 27 [1/1] (0.00ns)   --->   "%j_3 = load i8 %j" [D:/Project2023/SG-Extended/ZyboOrg/hw/hw.runs/system_v_demosaic_0_0_synth_1/prj/sol/.autopilot/db/v_demosaic.cpp:166]   --->   Operation 27 'load' 'j_3' <Predicate = true> <Delay = 0.00>
ST_1 : Operation 28 [1/1] (0.00ns)   --->   "%speclooptripcount_ln0 = speclooptripcount void @_ssdm_op_SpecLoopTripCount, i64 0, i64 180, i64 0"   --->   Operation 28 'speclooptripcount' 'speclooptripcount_ln0' <Predicate = true> <Delay = 0.00>
ST_1 : Operation 29 [1/1] (1.91ns)   --->   "%icmp_ln166 = icmp_eq  i8 %j_3, i8 %trunc_ln141_1_read" [D:/Project2023/SG-Extended/ZyboOrg/hw/hw.runs/system_v_demosaic_0_0_synth_1/prj/sol/.autopilot/db/v_demosaic.cpp:166]   --->   Operation 29 'icmp' 'icmp_ln166' <Predicate = true> <Delay = 1.91> <CoreInst = "Cmp">   --->   Core 9 'Cmp' <Latency = 0> <II = 1> <Delay = 1.91> <FuncUnit> <Opcode : 'icmp'> <InPorts = 2> <OutPorts = 1>
ST_1 : Operation 30 [1/1] (1.91ns)   --->   "%j_4 = add i8 %j_3, i8 1" [D:/Project2023/SG-Extended/ZyboOrg/hw/hw.runs/system_v_demosaic_0_0_synth_1/prj/sol/.autopilot/db/v_demosaic.cpp:166]   --->   Operation 30 'add' 'j_4' <Predicate = true> <Delay = 1.91> <CoreInst = "Adder">   --->   Core 1 'Adder' <Latency = 0> <II = 1> <Delay = 1.91> <FuncUnit> <Opcode : 'add' 'sub'> <InPorts = 2> <OutPorts = 1>
ST_1 : Operation 31 [1/1] (0.00ns)   --->   "%br_ln166 = br i1 %icmp_ln166, void %for.body12.split, void %loop_wait_for_eol.loopexit.exitStub" [D:/Project2023/SG-Extended/ZyboOrg/hw/hw.runs/system_v_demosaic_0_0_synth_1/prj/sol/.autopilot/db/v_demosaic.cpp:166]   --->   Operation 31 'br' 'br_ln166' <Predicate = true> <Delay = 0.00>
ST_1 : Operation 32 [1/1] (0.00ns)   --->   "%specpipeline_ln169 = specpipeline void @_ssdm_op_SpecPipeline, i32 1, i32 0, i32 0, i32 0, void @empty_15" [D:/Project2023/SG-Extended/ZyboOrg/hw/hw.runs/system_v_demosaic_0_0_synth_1/prj/sol/.autopilot/db/v_demosaic.cpp:169]   --->   Operation 32 'specpipeline' 'specpipeline_ln169' <Predicate = (!icmp_ln166)> <Delay = 0.00>
ST_1 : Operation 33 [1/1] (0.00ns)   --->   "%specloopname_ln166 = specloopname void @_ssdm_op_SpecLoopName, void @empty_0" [D:/Project2023/SG-Extended/ZyboOrg/hw/hw.runs/system_v_demosaic_0_0_synth_1/prj/sol/.autopilot/db/v_demosaic.cpp:166]   --->   Operation 33 'specloopname' 'specloopname_ln166' <Predicate = (!icmp_ln166)> <Delay = 0.00>
ST_1 : Operation 34 [1/1] (0.97ns)   --->   "%or_ln170 = or i1 %sof, i1 %eol" [D:/Project2023/SG-Extended/ZyboOrg/hw/hw.runs/system_v_demosaic_0_0_synth_1/prj/sol/.autopilot/db/v_demosaic.cpp:170]   --->   Operation 34 'or' 'or_ln170' <Predicate = (!icmp_ln166)> <Delay = 0.97> <CoreInst = "LogicGate">   --->   Core 74 'LogicGate' <Latency = 0> <II = 1> <Delay = 0.97> <FuncUnit> <Opcode : 'and' 'or' 'xor'> <InPorts = 2> <OutPorts = 1>
ST_1 : Operation 35 [1/1] (0.00ns)   --->   "%br_ln170 = br i1 %or_ln170, void %if.else, void %if.end" [D:/Project2023/SG-Extended/ZyboOrg/hw/hw.runs/system_v_demosaic_0_0_synth_1/prj/sol/.autopilot/db/v_demosaic.cpp:170]   --->   Operation 35 'br' 'br_ln170' <Predicate = (!icmp_ln166)> <Delay = 0.00>
ST_1 : Operation 36 [1/1] (1.00ns)   --->   "%empty = read i54 @_ssdm_op_Read.axis.volatile.i40P0A.i5P0A.i5P0A.i1P0A.i1P0A.i1P0A.i1P0A, i40 %s_axis_video_V_data_V, i5 %s_axis_video_V_keep_V, i5 %s_axis_video_V_strb_V, i1 %s_axis_video_V_user_V, i1 %s_axis_video_V_last_V, i1 %s_axis_video_V_id_V, i1 %s_axis_video_V_dest_V" [D:/Project2023/SG-Extended/ZyboOrg/hw/hw.runs/system_v_demosaic_0_0_synth_1/prj/sol/.autopilot/db/v_demosaic.cpp:174]   --->   Operation 36 'read' 'empty' <Predicate = (!icmp_ln166 & !or_ln170)> <Delay = 1.00> <CoreInst = "axis">   --->   Core 115 'axis' <Latency = 0> <II = 1> <Delay = 1.00> <Adapter> <Opcode : >
ST_1 : Operation 37 [1/1] (0.00ns)   --->   "%axi_data_1 = extractvalue i54 %empty" [D:/Project2023/SG-Extended/ZyboOrg/hw/hw.runs/system_v_demosaic_0_0_synth_1/prj/sol/.autopilot/db/v_demosaic.cpp:174]   --->   Operation 37 'extractvalue' 'axi_data_1' <Predicate = (!icmp_ln166 & !or_ln170)> <Delay = 0.00>
ST_1 : Operation 38 [1/1] (0.00ns)   --->   "%axi_last_5 = extractvalue i54 %empty" [D:/Project2023/SG-Extended/ZyboOrg/hw/hw.runs/system_v_demosaic_0_0_synth_1/prj/sol/.autopilot/db/v_demosaic.cpp:174]   --->   Operation 38 'extractvalue' 'axi_last_5' <Predicate = (!icmp_ln166 & !or_ln170)> <Delay = 0.00>
ST_1 : Operation 39 [1/1] (1.58ns)   --->   "%store_ln141 = store i1 %axi_last_5, i1 %axi_last" [D:/Project2023/SG-Extended/ZyboOrg/hw/hw.runs/system_v_demosaic_0_0_synth_1/prj/sol/.autopilot/db/v_demosaic.cpp:141]   --->   Operation 39 'store' 'store_ln141' <Predicate = (!icmp_ln166 & !or_ln170)> <Delay = 1.58>
ST_1 : Operation 40 [1/1] (1.58ns)   --->   "%store_ln141 = store i40 %axi_data_1, i40 %axi_data" [D:/Project2023/SG-Extended/ZyboOrg/hw/hw.runs/system_v_demosaic_0_0_synth_1/prj/sol/.autopilot/db/v_demosaic.cpp:141]   --->   Operation 40 'store' 'store_ln141' <Predicate = (!icmp_ln166 & !or_ln170)> <Delay = 1.58>
ST_1 : Operation 41 [1/1] (0.00ns)   --->   "%br_ln0 = br void %if.end"   --->   Operation 41 'br' 'br_ln0' <Predicate = (!icmp_ln166 & !or_ln170)> <Delay = 0.00>
ST_1 : Operation 42 [1/1] (1.58ns)   --->   "%store_ln166 = store i8 %j_4, i8 %j" [D:/Project2023/SG-Extended/ZyboOrg/hw/hw.runs/system_v_demosaic_0_0_synth_1/prj/sol/.autopilot/db/v_demosaic.cpp:166]   --->   Operation 42 'store' 'store_ln166' <Predicate = (!icmp_ln166)> <Delay = 1.58>
ST_1 : Operation 43 [1/1] (0.00ns)   --->   "%br_ln166 = br void %for.body12" [D:/Project2023/SG-Extended/ZyboOrg/hw/hw.runs/system_v_demosaic_0_0_synth_1/prj/sol/.autopilot/db/v_demosaic.cpp:166]   --->   Operation 43 'br' 'br_ln166' <Predicate = (!icmp_ln166)> <Delay = 0.00>
ST_1 : Operation 47 [1/1] (0.00ns)   --->   "%axi_data_load = load i40 %axi_data"   --->   Operation 47 'load' 'axi_data_load' <Predicate = (icmp_ln166)> <Delay = 0.00>
ST_1 : Operation 48 [1/1] (0.00ns)   --->   "%write_ln0 = write void @_ssdm_op_Write.ap_auto.i1P0A, i1 %eol_out, i1 %eol"   --->   Operation 48 'write' 'write_ln0' <Predicate = (icmp_ln166)> <Delay = 0.00>
ST_1 : Operation 49 [1/1] (0.00ns)   --->   "%write_ln0 = write void @_ssdm_op_Write.ap_auto.i40P0A, i40 %axi_data_3_out, i40 %axi_data_load"   --->   Operation 49 'write' 'write_ln0' <Predicate = (icmp_ln166)> <Delay = 0.00>
ST_1 : Operation 50 [1/1] (0.00ns)   --->   "%ret_ln0 = ret"   --->   Operation 50 'ret' 'ret_ln0' <Predicate = (icmp_ln166)> <Delay = 0.00>

State 2 <SV = 1> <Delay = 3.56>
ST_2 : Operation 44 [1/1] (0.00ns)   --->   "%axi_data_4 = load i40 %axi_data" [D:/Project2023/SG-Extended/ZyboOrg/hw/hw.runs/system_v_demosaic_0_0_synth_1/prj/sol/.autopilot/db/v_demosaic.cpp:185]   --->   Operation 44 'load' 'axi_data_4' <Predicate = (!icmp_ln166)> <Delay = 0.00>
ST_2 : Operation 45 [1/1] (0.00ns)   --->   "%axi_last_4 = load i1 %axi_last"   --->   Operation 45 'load' 'axi_last_4' <Predicate = (!icmp_ln166)> <Delay = 0.00>
ST_2 : Operation 46 [1/1] (2.43ns)   --->   "%write_ln185 = write void @_ssdm_op_Write.ap_fifo.volatile.i40P0A, i40 %imgBayer, i40 %axi_data_4" [D:/Project2023/SG-Extended/ZyboOrg/hw/hw.runs/system_v_demosaic_0_0_synth_1/prj/sol/.autopilot/db/v_demosaic.cpp:185]   --->   Operation 46 'write' 'write_ln185' <Predicate = (!icmp_ln166)> <Delay = 2.43> <CoreInst = "FIFO_SRL">   --->   Core 81 'FIFO_SRL' <Latency = 0> <II = 1> <Delay = 3.63> <Storage> <Opcode : 'read' 'write' 'nbread' 'nbwrite'> <Ports = 0> <Width = 40> <Depth = 2> <FIFO>


============================================================
+ Verbose Summary: Binding
============================================================
STG Binding: 
---------------- STG Properties BEGIN ----------------
- Is combinational: 0
- Is one-state seq: 0
- Is datapath-only: 0
- Is pipelined: 0
- Is top level: 0
Port [ Return ] is wired: 1; IO mode=ap_ctrl_hs:ce=0
Port [ sof_4]:  wired=1; compound=0; hidden=0; nouse=0; global=0; static=0; extern=0; dir=0; type=0; pingpong=0; private_global=0; IO mode=ap_none:ce=0
Port [ axi_last_2]:  wired=1; compound=0; hidden=0; nouse=0; global=0; static=0; extern=0; dir=0; type=0; pingpong=0; private_global=0; IO mode=ap_none:ce=0
Port [ axi_data_2]:  wired=1; compound=0; hidden=0; nouse=0; global=0; static=0; extern=0; dir=0; type=0; pingpong=0; private_global=0; IO mode=ap_none:ce=0
Port [ trunc_ln141_1]:  wired=1; compound=0; hidden=0; nouse=0; global=0; static=0; extern=0; dir=0; type=0; pingpong=0; private_global=0; IO mode=ap_none:ce=0
Port [ imgBayer]:  wired=1; compound=1; hidden=0; nouse=0; global=0; static=0; extern=0; dir=1; type=3; pingpong=0; private_global=0; IO mode=ap_fifo:ce=0
Port [ s_axis_video_V_data_V]:  wired=1; compound=1; hidden=0; nouse=0; global=0; static=0; extern=0; dir=0; type=0; pingpong=0; private_global=0; IO mode=axis:ce=0
Port [ s_axis_video_V_keep_V]:  wired=1; compound=1; hidden=0; nouse=0; global=0; static=0; extern=0; dir=0; type=0; pingpong=0; private_global=0; IO mode=axis:ce=0
Port [ s_axis_video_V_strb_V]:  wired=1; compound=1; hidden=0; nouse=0; global=0; static=0; extern=0; dir=0; type=0; pingpong=0; private_global=0; IO mode=axis:ce=0
Port [ s_axis_video_V_user_V]:  wired=1; compound=1; hidden=0; nouse=0; global=0; static=0; extern=0; dir=0; type=0; pingpong=0; private_global=0; IO mode=axis:ce=0
Port [ s_axis_video_V_last_V]:  wired=1; compound=1; hidden=0; nouse=0; global=0; static=0; extern=0; dir=0; type=0; pingpong=0; private_global=0; IO mode=axis:ce=0
Port [ s_axis_video_V_id_V]:  wired=1; compound=1; hidden=0; nouse=0; global=0; static=0; extern=0; dir=0; type=0; pingpong=0; private_global=0; IO mode=axis:ce=0
Port [ s_axis_video_V_dest_V]:  wired=1; compound=1; hidden=0; nouse=0; global=0; static=0; extern=0; dir=0; type=0; pingpong=0; private_global=0; IO mode=axis:ce=0
Port [ eol_out]:  wired=1; compound=0; hidden=0; nouse=0; global=0; static=0; extern=0; dir=1; type=0; pingpong=0; private_global=0; IO mode=ap_vld:ce=0
Port [ axi_data_3_out]:  wired=1; compound=0; hidden=0; nouse=0; global=0; static=0; extern=0; dir=1; type=0; pingpong=0; private_global=0; IO mode=ap_vld:ce=0
---------------- STG Properties END ------------------

---------------- Datapath Model BEGIN ----------------

<LifeTime>
<method=bitvector/>
j                       (alloca             ) [ 010]
axi_data                (alloca             ) [ 011]
axi_last                (alloca             ) [ 011]
specaxissidechannel_ln0 (specaxissidechannel) [ 000]
specinterface_ln0       (specinterface      ) [ 000]
specinterface_ln0       (specinterface      ) [ 000]
specinterface_ln0       (specinterface      ) [ 000]
specinterface_ln0       (specinterface      ) [ 000]
specinterface_ln0       (specinterface      ) [ 000]
specinterface_ln0       (specinterface      ) [ 000]
specinterface_ln0       (specinterface      ) [ 000]
specinterface_ln0       (specinterface      ) [ 000]
trunc_ln141_1_read      (read               ) [ 000]
axi_data_2_read         (read               ) [ 000]
axi_last_2_read         (read               ) [ 000]
sof_4_read              (read               ) [ 000]
store_ln141             (store              ) [ 000]
store_ln141             (store              ) [ 000]
store_ln166             (store              ) [ 000]
br_ln0                  (br                 ) [ 000]
eol                     (phi                ) [ 010]
sof                     (phi                ) [ 010]
j_3                     (load               ) [ 000]
speclooptripcount_ln0   (speclooptripcount  ) [ 000]
icmp_ln166              (icmp               ) [ 011]
j_4                     (add                ) [ 000]
br_ln166                (br                 ) [ 000]
specpipeline_ln169      (specpipeline       ) [ 000]
specloopname_ln166      (specloopname       ) [ 000]
or_ln170                (or                 ) [ 010]
br_ln170                (br                 ) [ 000]
empty                   (read               ) [ 000]
axi_data_1              (extractvalue       ) [ 000]
axi_last_5              (extractvalue       ) [ 000]
store_ln141             (store              ) [ 000]
store_ln141             (store              ) [ 000]
br_ln0                  (br                 ) [ 000]
store_ln166             (store              ) [ 000]
br_ln166                (br                 ) [ 010]
axi_data_4              (load               ) [ 000]
axi_last_4              (load               ) [ 010]
write_ln185             (write              ) [ 000]
axi_data_load           (load               ) [ 000]
write_ln0               (write              ) [ 000]
write_ln0               (write              ) [ 000]
ret_ln0                 (ret                ) [ 000]
</LifeTime>

<model>

<comp_list>
<comp id="0" class="1000" name="sof_4">
<pin_list>
<pin id="1" dir="1" index="0" bw="1" slack="0"/>
</pin_list>
<bind>
<StgValue><ssdm name="sof_4"/></StgValue>
</bind>
</comp>

<comp id="2" class="1000" name="axi_last_2">
<pin_list>
<pin id="3" dir="1" index="0" bw="1" slack="0"/>
</pin_list>
<bind>
<StgValue><ssdm name="axi_last_2"/></StgValue>
</bind>
</comp>

<comp id="4" class="1000" name="axi_data_2">
<pin_list>
<pin id="5" dir="1" index="0" bw="1" slack="0"/>
</pin_list>
<bind>
<StgValue><ssdm name="axi_data_2"/></StgValue>
</bind>
</comp>

<comp id="6" class="1000" name="trunc_ln141_1">
<pin_list>
<pin id="7" dir="1" index="0" bw="1" slack="0"/>
</pin_list>
<bind>
<StgValue><ssdm name="trunc_ln141_1"/></StgValue>
</bind>
</comp>

<comp id="8" class="1000" name="imgBayer">
<pin_list>
<pin id="9" dir="1" index="0" bw="1" slack="0"/>
</pin_list>
<bind>
<StgValue><ssdm name="imgBayer"/></StgValue>
</bind>
</comp>

<comp id="10" class="1000" name="s_axis_video_V_data_V">
<pin_list>
<pin id="11" dir="1" index="0" bw="1" slack="0"/>
</pin_list>
<bind>
<StgValue><ssdm name="s_axis_video_V_data_V"/></StgValue>
</bind>
</comp>

<comp id="12" class="1000" name="s_axis_video_V_keep_V">
<pin_list>
<pin id="13" dir="1" index="0" bw="1" slack="0"/>
</pin_list>
<bind>
<StgValue><ssdm name="s_axis_video_V_keep_V"/></StgValue>
</bind>
</comp>

<comp id="14" class="1000" name="s_axis_video_V_strb_V">
<pin_list>
<pin id="15" dir="1" index="0" bw="1" slack="0"/>
</pin_list>
<bind>
<StgValue><ssdm name="s_axis_video_V_strb_V"/></StgValue>
</bind>
</comp>

<comp id="16" class="1000" name="s_axis_video_V_user_V">
<pin_list>
<pin id="17" dir="1" index="0" bw="1" slack="0"/>
</pin_list>
<bind>
<StgValue><ssdm name="s_axis_video_V_user_V"/></StgValue>
</bind>
</comp>

<comp id="18" class="1000" name="s_axis_video_V_last_V">
<pin_list>
<pin id="19" dir="1" index="0" bw="1" slack="0"/>
</pin_list>
<bind>
<StgValue><ssdm name="s_axis_video_V_last_V"/></StgValue>
</bind>
</comp>

<comp id="20" class="1000" name="s_axis_video_V_id_V">
<pin_list>
<pin id="21" dir="1" index="0" bw="1" slack="0"/>
</pin_list>
<bind>
<StgValue><ssdm name="s_axis_video_V_id_V"/></StgValue>
</bind>
</comp>

<comp id="22" class="1000" name="s_axis_video_V_dest_V">
<pin_list>
<pin id="23" dir="1" index="0" bw="1" slack="0"/>
</pin_list>
<bind>
<StgValue><ssdm name="s_axis_video_V_dest_V"/></StgValue>
</bind>
</comp>

<comp id="24" class="1000" name="eol_out">
<pin_list>
<pin id="25" dir="1" index="0" bw="1" slack="0"/>
</pin_list>
<bind>
<StgValue><ssdm name="eol_out"/></StgValue>
</bind>
</comp>

<comp id="26" class="1000" name="axi_data_3_out">
<pin_list>
<pin id="27" dir="1" index="0" bw="1" slack="0"/>
</pin_list>
<bind>
<StgValue><ssdm name="axi_data_3_out"/></StgValue>
</bind>
</comp>

<comp id="28" class="1001" name="const_28">
<pin_list>
<pin id="29" dir="1" index="0" bw="1" slack="0"/>
</pin_list>
<bind>
<StgValue><ssdm name=""/></StgValue>
</bind>
</comp>

<comp id="30" class="1001" name="const_30">
<pin_list>
<pin id="31" dir="1" index="0" bw="1" slack="2147483647"/>
</pin_list>
<bind>
<StgValue><ssdm name="_ssdm_op_SpecAXISSideChannel"/></StgValue>
</bind>
</comp>

<comp id="32" class="1001" name="const_32">
<pin_list>
<pin id="33" dir="1" index="0" bw="1" slack="2147483647"/>
</pin_list>
<bind>
<StgValue><ssdm name="empty_26"/></StgValue>
</bind>
</comp>

<comp id="34" class="1001" name="const_34">
<pin_list>
<pin id="35" dir="1" index="0" bw="1" slack="2147483647"/>
</pin_list>
<bind>
<StgValue><ssdm name="_ssdm_op_SpecInterface"/></StgValue>
</bind>
</comp>

<comp id="36" class="1001" name="const_36">
<pin_list>
<pin id="37" dir="1" index="0" bw="1" slack="2147483647"/>
</pin_list>
<bind>
<StgValue><ssdm name="empty_5"/></StgValue>
</bind>
</comp>

<comp id="38" class="1001" name="const_38">
<pin_list>
<pin id="39" dir="1" index="0" bw="1" slack="2147483647"/>
</pin_list>
<bind>
<StgValue><ssdm name=""/></StgValue>
</bind>
</comp>

<comp id="40" class="1001" name="const_40">
<pin_list>
<pin id="41" dir="1" index="0" bw="1" slack="2147483647"/>
</pin_list>
<bind>
<StgValue><ssdm name="empty_23"/></StgValue>
</bind>
</comp>

<comp id="42" class="1001" name="const_42">
<pin_list>
<pin id="43" dir="1" index="0" bw="1" slack="2147483647"/>
</pin_list>
<bind>
<StgValue><ssdm name="empty_15"/></StgValue>
</bind>
</comp>

<comp id="44" class="1001" name="const_44">
<pin_list>
<pin id="45" dir="1" index="0" bw="1" slack="2147483647"/>
</pin_list>
<bind>
<StgValue><ssdm name=""/></StgValue>
</bind>
</comp>

<comp id="46" class="1001" name="const_46">
<pin_list>
<pin id="47" dir="1" index="0" bw="1" slack="2147483647"/>
</pin_list>
<bind>
<StgValue><ssdm name="empty_24"/></StgValue>
</bind>
</comp>

<comp id="48" class="1001" name="const_48">
<pin_list>
<pin id="49" dir="1" index="0" bw="1" slack="0"/>
</pin_list>
<bind>
<StgValue><ssdm name="_ssdm_op_Read.ap_auto.i8"/></StgValue>
</bind>
</comp>

<comp id="50" class="1001" name="const_50">
<pin_list>
<pin id="51" dir="1" index="0" bw="1" slack="0"/>
</pin_list>
<bind>
<StgValue><ssdm name="_ssdm_op_Read.ap_auto.i40"/></StgValue>
</bind>
</comp>

<comp id="52" class="1001" name="const_52">
<pin_list>
<pin id="53" dir="1" index="0" bw="1" slack="0"/>
</pin_list>
<bind>
<StgValue><ssdm name="_ssdm_op_Read.ap_auto.i1"/></StgValue>
</bind>
</comp>

<comp id="54" class="1001" name="const_54">
<pin_list>
<pin id="55" dir="1" index="0" bw="1" slack="0"/>
</pin_list>
<bind>
<StgValue><ssdm name=""/></StgValue>
</bind>
</comp>

<comp id="56" class="1001" name="const_56">
<pin_list>
<pin id="57" dir="1" index="0" bw="1" slack="0"/>
</pin_list>
<bind>
<StgValue><ssdm name=""/></StgValue>
</bind>
</comp>

<comp id="58" class="1001" name="const_58">
<pin_list>
<pin id="59" dir="1" index="0" bw="1" slack="2147483647"/>
</pin_list>
<bind>
<StgValue><ssdm name="_ssdm_op_SpecLoopTripCount"/></StgValue>
</bind>
</comp>

<comp id="60" class="1001" name="const_60">
<pin_list>
<pin id="61" dir="1" index="0" bw="1" slack="2147483647"/>
</pin_list>
<bind>
<StgValue><ssdm name=""/></StgValue>
</bind>
</comp>

<comp id="62" class="1001" name="const_62">
<pin_list>
<pin id="63" dir="1" index="0" bw="1" slack="2147483647"/>
</pin_list>
<bind>
<StgValue><ssdm name=""/></StgValue>
</bind>
</comp>

<comp id="64" class="1001" name="const_64">
<pin_list>
<pin id="65" dir="1" index="0" bw="1" slack="0"/>
</pin_list>
<bind>
<StgValue><ssdm name=""/></StgValue>
</bind>
</comp>

<comp id="66" class="1001" name="const_66">
<pin_list>
<pin id="67" dir="1" index="0" bw="1" slack="2147483647"/>
</pin_list>
<bind>
<StgValue><ssdm name="_ssdm_op_SpecPipeline"/></StgValue>
</bind>
</comp>

<comp id="68" class="1001" name="const_68">
<pin_list>
<pin id="69" dir="1" index="0" bw="1" slack="2147483647"/>
</pin_list>
<bind>
<StgValue><ssdm name="_ssdm_op_SpecLoopName"/></StgValue>
</bind>
</comp>

<comp id="70" class="1001" name="const_70">
<pin_list>
<pin id="71" dir="1" index="0" bw="1" slack="2147483647"/>
</pin_list>
<bind>
<StgValue><ssdm name="empty_0"/></StgValue>
</bind>
</comp>

<comp id="72" class="1001" name="const_72">
<pin_list>
<pin id="73" dir="1" index="0" bw="1" slack="0"/>
</pin_list>
<bind>
<StgValue><ssdm name="_ssdm_op_Read.axis.volatile.i40P0A.i5P0A.i5P0A.i1P0A.i1P0A.i1P0A.i1P0A"/></StgValue>
</bind>
</comp>

<comp id="74" class="1001" name="const_74">
<pin_list>
<pin id="75" dir="1" index="0" bw="1" slack="0"/>
</pin_list>
<bind>
<StgValue><ssdm name="_ssdm_op_Write.ap_fifo.volatile.i40P0A"/></StgValue>
</bind>
</comp>

<comp id="76" class="1001" name="const_76">
<pin_list>
<pin id="77" dir="1" index="0" bw="1" slack="0"/>
</pin_list>
<bind>
<StgValue><ssdm name="_ssdm_op_Write.ap_auto.i1P0A"/></StgValue>
</bind>
</comp>

<comp id="78" class="1001" name="const_78">
<pin_list>
<pin id="79" dir="1" index="0" bw="1" slack="0"/>
</pin_list>
<bind>
<StgValue><ssdm name="_ssdm_op_Write.ap_auto.i40P0A"/></StgValue>
</bind>
</comp>

<comp id="80" class="1004" name="j_fu_80">
<pin_list>
<pin id="81" dir="0" index="0" bw="1" slack="0"/>
<pin id="82" dir="1" index="1" bw="8" slack="0"/>
</pin_list>
<bind>
<opcode="alloca(26) " fcode="alloca"/>
<opset="j/1 "/>
</bind>
</comp>

<comp id="84" class="1004" name="axi_data_fu_84">
<pin_list>
<pin id="85" dir="0" index="0" bw="1" slack="0"/>
<pin id="86" dir="1" index="1" bw="40" slack="0"/>
</pin_list>
<bind>
<opcode="alloca(26) " fcode="alloca"/>
<opset="axi_data/1 "/>
</bind>
</comp>

<comp id="88" class="1004" name="axi_last_fu_88">
<pin_list>
<pin id="89" dir="0" index="0" bw="1" slack="0"/>
<pin id="90" dir="1" index="1" bw="1" slack="0"/>
</pin_list>
<bind>
<opcode="alloca(26) " fcode="alloca"/>
<opset="axi_last/1 "/>
</bind>
</comp>

<comp id="92" class="1004" name="trunc_ln141_1_read_read_fu_92">
<pin_list>
<pin id="93" dir="0" index="0" bw="8" slack="0"/>
<pin id="94" dir="0" index="1" bw="8" slack="0"/>
<pin id="95" dir="1" index="2" bw="8" slack="0"/>
</pin_list>
<bind>
<opcode="read(1150) " fcode="read"/>
<opset="trunc_ln141_1_read/1 "/>
</bind>
</comp>

<comp id="98" class="1004" name="axi_data_2_read_read_fu_98">
<pin_list>
<pin id="99" dir="0" index="0" bw="40" slack="0"/>
<pin id="100" dir="0" index="1" bw="40" slack="0"/>
<pin id="101" dir="1" index="2" bw="40" slack="0"/>
</pin_list>
<bind>
<opcode="read(1150) " fcode="read"/>
<opset="axi_data_2_read/1 "/>
</bind>
</comp>

<comp id="104" class="1004" name="axi_last_2_read_read_fu_104">
<pin_list>
<pin id="105" dir="0" index="0" bw="1" slack="0"/>
<pin id="106" dir="0" index="1" bw="1" slack="0"/>
<pin id="107" dir="1" index="2" bw="1" slack="0"/>
</pin_list>
<bind>
<opcode="read(1150) " fcode="read"/>
<opset="axi_last_2_read/1 "/>
</bind>
</comp>

<comp id="110" class="1004" name="sof_4_read_read_fu_110">
<pin_list>
<pin id="111" dir="0" index="0" bw="1" slack="0"/>
<pin id="112" dir="0" index="1" bw="1" slack="0"/>
<pin id="113" dir="1" index="2" bw="1" slack="0"/>
</pin_list>
<bind>
<opcode="read(1150) " fcode="read"/>
<opset="sof_4_read/1 "/>
</bind>
</comp>

<comp id="116" class="1004" name="empty_read_fu_116">
<pin_list>
<pin id="117" dir="0" index="0" bw="54" slack="0"/>
<pin id="118" dir="0" index="1" bw="40" slack="0"/>
<pin id="119" dir="0" index="2" bw="5" slack="0"/>
<pin id="120" dir="0" index="3" bw="5" slack="0"/>
<pin id="121" dir="0" index="4" bw="1" slack="0"/>
<pin id="122" dir="0" index="5" bw="1" slack="0"/>
<pin id="123" dir="0" index="6" bw="1" slack="0"/>
<pin id="124" dir="0" index="7" bw="1" slack="0"/>
<pin id="125" dir="1" index="8" bw="54" slack="0"/>
</pin_list>
<bind>
<opcode="read(1150) " fcode="read"/>
<opset="empty/1 "/>
</bind>
</comp>

<comp id="134" class="1004" name="write_ln185_write_fu_134">
<pin_list>
<pin id="135" dir="0" index="0" bw="0" slack="0"/>
<pin id="136" dir="0" index="1" bw="40" slack="0"/>
<pin id="137" dir="0" index="2" bw="40" slack="0"/>
<pin id="138" dir="1" index="3" bw="0" slack="2147483647"/>
</pin_list>
<bind>
<opcode="write(1151) " fcode="write"/>
<opset="write_ln185/2 "/>
</bind>
</comp>

<comp id="141" class="1004" name="write_ln0_write_fu_141">
<pin_list>
<pin id="142" dir="0" index="0" bw="0" slack="0"/>
<pin id="143" dir="0" index="1" bw="1" slack="0"/>
<pin id="144" dir="0" index="2" bw="1" slack="0"/>
<pin id="145" dir="1" index="3" bw="0" slack="2147483647"/>
</pin_list>
<bind>
<opcode="write(1151) " fcode="write"/>
<opset="write_ln0/1 "/>
</bind>
</comp>

<comp id="148" class="1004" name="write_ln0_write_fu_148">
<pin_list>
<pin id="149" dir="0" index="0" bw="0" slack="0"/>
<pin id="150" dir="0" index="1" bw="40" slack="0"/>
<pin id="151" dir="0" index="2" bw="40" slack="0"/>
<pin id="152" dir="1" index="3" bw="0" slack="2147483647"/>
</pin_list>
<bind>
<opcode="write(1151) " fcode="write"/>
<opset="write_ln0/1 "/>
</bind>
</comp>

<comp id="155" class="1005" name="eol_reg_155">
<pin_list>
<pin id="156" dir="0" index="0" bw="1" slack="2147483647"/>
<pin id="157" dir="1" index="1" bw="1" slack="2147483647"/>
</pin_list>
<bind>
<opset="eol (phireg) "/>
</bind>
</comp>

<comp id="158" class="1004" name="eol_phi_fu_158">
<pin_list>
<pin id="159" dir="0" index="0" bw="1" slack="0"/>
<pin id="160" dir="0" index="1" bw="0" slack="2147483647"/>
<pin id="161" dir="0" index="2" bw="1" slack="1"/>
<pin id="162" dir="0" index="3" bw="0" slack="2147483647"/>
<pin id="163" dir="1" index="4" bw="1" slack="0"/>
</pin_list>
<bind>
<opcode="phi(47) " fcode="phi"/>
<opset="eol/1 "/>
</bind>
</comp>

<comp id="166" class="1005" name="sof_reg_166">
<pin_list>
<pin id="167" dir="0" index="0" bw="1" slack="2147483647"/>
<pin id="168" dir="1" index="1" bw="1" slack="2147483647"/>
</pin_list>
<bind>
<opset="sof (phireg) "/>
</bind>
</comp>

<comp id="169" class="1004" name="sof_phi_fu_169">
<pin_list>
<pin id="170" dir="0" index="0" bw="1" slack="0"/>
<pin id="171" dir="0" index="1" bw="0" slack="2147483647"/>
<pin id="172" dir="0" index="2" bw="1" slack="0"/>
<pin id="173" dir="0" index="3" bw="0" slack="2147483647"/>
<pin id="174" dir="1" index="4" bw="1" slack="0"/>
</pin_list>
<bind>
<opcode="phi(47) " fcode="phi"/>
<opset="sof/1 "/>
</bind>
</comp>

<comp id="177" class="1004" name="store_ln141_store_fu_177">
<pin_list>
<pin id="178" dir="0" index="0" bw="1" slack="0"/>
<pin id="179" dir="0" index="1" bw="1" slack="0"/>
<pin id="180" dir="1" index="2" bw="0" slack="2147483647"/>
</pin_list>
<bind>
<opcode="store(28) " fcode="store"/>
<opset="store_ln141/1 "/>
</bind>
</comp>

<comp id="182" class="1004" name="store_ln141_store_fu_182">
<pin_list>
<pin id="183" dir="0" index="0" bw="40" slack="0"/>
<pin id="184" dir="0" index="1" bw="40" slack="0"/>
<pin id="185" dir="1" index="2" bw="0" slack="2147483647"/>
</pin_list>
<bind>
<opcode="store(28) " fcode="store"/>
<opset="store_ln141/1 "/>
</bind>
</comp>

<comp id="187" class="1004" name="store_ln166_store_fu_187">
<pin_list>
<pin id="188" dir="0" index="0" bw="1" slack="0"/>
<pin id="189" dir="0" index="1" bw="8" slack="0"/>
<pin id="190" dir="1" index="2" bw="0" slack="2147483647"/>
</pin_list>
<bind>
<opcode="store(28) " fcode="store"/>
<opset="store_ln166/1 "/>
</bind>
</comp>

<comp id="192" class="1004" name="j_3_load_fu_192">
<pin_list>
<pin id="193" dir="0" index="0" bw="8" slack="0"/>
<pin id="194" dir="1" index="1" bw="8" slack="0"/>
</pin_list>
<bind>
<opcode="load(27) " fcode="load"/>
<opset="j_3/1 "/>
</bind>
</comp>

<comp id="195" class="1004" name="icmp_ln166_fu_195">
<pin_list>
<pin id="196" dir="0" index="0" bw="8" slack="0"/>
<pin id="197" dir="0" index="1" bw="8" slack="0"/>
<pin id="198" dir="1" index="2" bw="1" slack="1"/>
</pin_list>
<bind>
<opcode="icmp(45) " fcode="icmp"/>
<opset="icmp_ln166/1 "/>
</bind>
</comp>

<comp id="201" class="1004" name="j_4_fu_201">
<pin_list>
<pin id="202" dir="0" index="0" bw="8" slack="0"/>
<pin id="203" dir="0" index="1" bw="1" slack="0"/>
<pin id="204" dir="1" index="2" bw="8" slack="0"/>
</pin_list>
<bind>
<opcode="add(8) " fcode="add"/>
<opset="j_4/1 "/>
</bind>
</comp>

<comp id="207" class="1004" name="or_ln170_fu_207">
<pin_list>
<pin id="208" dir="0" index="0" bw="1" slack="0"/>
<pin id="209" dir="0" index="1" bw="1" slack="0"/>
<pin id="210" dir="1" index="2" bw="1" slack="2147483647"/>
</pin_list>
<bind>
<opcode="or(24) " fcode="or"/>
<opset="or_ln170/1 "/>
</bind>
</comp>

<comp id="213" class="1004" name="axi_data_1_fu_213">
<pin_list>
<pin id="214" dir="0" index="0" bw="54" slack="0"/>
<pin id="215" dir="1" index="1" bw="40" slack="0"/>
</pin_list>
<bind>
<opcode="extractvalue(56) " fcode="extractvalue"/>
<opset="axi_data_1/1 "/>
</bind>
</comp>

<comp id="217" class="1004" name="axi_last_5_fu_217">
<pin_list>
<pin id="218" dir="0" index="0" bw="54" slack="0"/>
<pin id="219" dir="1" index="1" bw="1" slack="0"/>
</pin_list>
<bind>
<opcode="extractvalue(56) " fcode="extractvalue"/>
<opset="axi_last_5/1 "/>
</bind>
</comp>

<comp id="221" class="1004" name="store_ln141_store_fu_221">
<pin_list>
<pin id="222" dir="0" index="0" bw="1" slack="0"/>
<pin id="223" dir="0" index="1" bw="1" slack="0"/>
<pin id="224" dir="1" index="2" bw="0" slack="2147483647"/>
</pin_list>
<bind>
<opcode="store(28) " fcode="store"/>
<opset="store_ln141/1 "/>
</bind>
</comp>

<comp id="226" class="1004" name="store_ln141_store_fu_226">
<pin_list>
<pin id="227" dir="0" index="0" bw="40" slack="0"/>
<pin id="228" dir="0" index="1" bw="40" slack="0"/>
<pin id="229" dir="1" index="2" bw="0" slack="2147483647"/>
</pin_list>
<bind>
<opcode="store(28) " fcode="store"/>
<opset="store_ln141/1 "/>
</bind>
</comp>

<comp id="231" class="1004" name="store_ln166_store_fu_231">
<pin_list>
<pin id="232" dir="0" index="0" bw="8" slack="0"/>
<pin id="233" dir="0" index="1" bw="8" slack="0"/>
<pin id="234" dir="1" index="2" bw="0" slack="2147483647"/>
</pin_list>
<bind>
<opcode="store(28) " fcode="store"/>
<opset="store_ln166/1 "/>
</bind>
</comp>

<comp id="236" class="1004" name="axi_data_4_load_fu_236">
<pin_list>
<pin id="237" dir="0" index="0" bw="40" slack="1"/>
<pin id="238" dir="1" index="1" bw="40" slack="0"/>
</pin_list>
<bind>
<opcode="load(27) " fcode="load"/>
<opset="axi_data_4/2 "/>
</bind>
</comp>

<comp id="240" class="1004" name="axi_last_4_load_fu_240">
<pin_list>
<pin id="241" dir="0" index="0" bw="1" slack="1"/>
<pin id="242" dir="1" index="1" bw="1" slack="1"/>
</pin_list>
<bind>
<opcode="load(27) " fcode="load"/>
<opset="axi_last_4/2 "/>
</bind>
</comp>

<comp id="243" class="1004" name="axi_data_load_load_fu_243">
<pin_list>
<pin id="244" dir="0" index="0" bw="40" slack="0"/>
<pin id="245" dir="1" index="1" bw="40" slack="0"/>
</pin_list>
<bind>
<opcode="load(27) " fcode="load"/>
<opset="axi_data_load/1 "/>
</bind>
</comp>

<comp id="247" class="1005" name="j_reg_247">
<pin_list>
<pin id="248" dir="0" index="0" bw="8" slack="0"/>
<pin id="249" dir="1" index="1" bw="8" slack="0"/>
</pin_list>
<bind>
<opset="j "/>
</bind>
</comp>

<comp id="254" class="1005" name="axi_data_reg_254">
<pin_list>
<pin id="255" dir="0" index="0" bw="40" slack="0"/>
<pin id="256" dir="1" index="1" bw="40" slack="0"/>
</pin_list>
<bind>
<opset="axi_data "/>
</bind>
</comp>

<comp id="262" class="1005" name="axi_last_reg_262">
<pin_list>
<pin id="263" dir="0" index="0" bw="1" slack="0"/>
<pin id="264" dir="1" index="1" bw="1" slack="0"/>
</pin_list>
<bind>
<opset="axi_last "/>
</bind>
</comp>

<comp id="269" class="1005" name="icmp_ln166_reg_269">
<pin_list>
<pin id="270" dir="0" index="0" bw="1" slack="1"/>
<pin id="271" dir="1" index="1" bw="1" slack="2147483647"/>
</pin_list>
<bind>
<opset="icmp_ln166 "/>
</bind>
</comp>

<comp id="276" class="1005" name="axi_last_4_reg_276">
<pin_list>
<pin id="277" dir="0" index="0" bw="1" slack="1"/>
<pin id="278" dir="1" index="1" bw="1" slack="1"/>
</pin_list>
<bind>
<opset="axi_last_4 "/>
</bind>
</comp>

</comp_list>

<net_list>
<net id="83"><net_src comp="28" pin="0"/><net_sink comp="80" pin=0"/></net>

<net id="87"><net_src comp="28" pin="0"/><net_sink comp="84" pin=0"/></net>

<net id="91"><net_src comp="28" pin="0"/><net_sink comp="88" pin=0"/></net>

<net id="96"><net_src comp="48" pin="0"/><net_sink comp="92" pin=0"/></net>

<net id="97"><net_src comp="6" pin="0"/><net_sink comp="92" pin=1"/></net>

<net id="102"><net_src comp="50" pin="0"/><net_sink comp="98" pin=0"/></net>

<net id="103"><net_src comp="4" pin="0"/><net_sink comp="98" pin=1"/></net>

<net id="108"><net_src comp="52" pin="0"/><net_sink comp="104" pin=0"/></net>

<net id="109"><net_src comp="2" pin="0"/><net_sink comp="104" pin=1"/></net>

<net id="114"><net_src comp="52" pin="0"/><net_sink comp="110" pin=0"/></net>

<net id="115"><net_src comp="0" pin="0"/><net_sink comp="110" pin=1"/></net>

<net id="126"><net_src comp="72" pin="0"/><net_sink comp="116" pin=0"/></net>

<net id="127"><net_src comp="10" pin="0"/><net_sink comp="116" pin=1"/></net>

<net id="128"><net_src comp="12" pin="0"/><net_sink comp="116" pin=2"/></net>

<net id="129"><net_src comp="14" pin="0"/><net_sink comp="116" pin=3"/></net>

<net id="130"><net_src comp="16" pin="0"/><net_sink comp="116" pin=4"/></net>

<net id="131"><net_src comp="18" pin="0"/><net_sink comp="116" pin=5"/></net>

<net id="132"><net_src comp="20" pin="0"/><net_sink comp="116" pin=6"/></net>

<net id="133"><net_src comp="22" pin="0"/><net_sink comp="116" pin=7"/></net>

<net id="139"><net_src comp="74" pin="0"/><net_sink comp="134" pin=0"/></net>

<net id="140"><net_src comp="8" pin="0"/><net_sink comp="134" pin=1"/></net>

<net id="146"><net_src comp="76" pin="0"/><net_sink comp="141" pin=0"/></net>

<net id="147"><net_src comp="24" pin="0"/><net_sink comp="141" pin=1"/></net>

<net id="153"><net_src comp="78" pin="0"/><net_sink comp="148" pin=0"/></net>

<net id="154"><net_src comp="26" pin="0"/><net_sink comp="148" pin=1"/></net>

<net id="164"><net_src comp="56" pin="0"/><net_sink comp="158" pin=0"/></net>

<net id="165"><net_src comp="158" pin="4"/><net_sink comp="141" pin=2"/></net>

<net id="175"><net_src comp="110" pin="2"/><net_sink comp="169" pin=0"/></net>

<net id="176"><net_src comp="56" pin="0"/><net_sink comp="169" pin=2"/></net>

<net id="181"><net_src comp="104" pin="2"/><net_sink comp="177" pin=0"/></net>

<net id="186"><net_src comp="98" pin="2"/><net_sink comp="182" pin=0"/></net>

<net id="191"><net_src comp="54" pin="0"/><net_sink comp="187" pin=0"/></net>

<net id="199"><net_src comp="192" pin="1"/><net_sink comp="195" pin=0"/></net>

<net id="200"><net_src comp="92" pin="2"/><net_sink comp="195" pin=1"/></net>

<net id="205"><net_src comp="192" pin="1"/><net_sink comp="201" pin=0"/></net>

<net id="206"><net_src comp="64" pin="0"/><net_sink comp="201" pin=1"/></net>

<net id="211"><net_src comp="169" pin="4"/><net_sink comp="207" pin=0"/></net>

<net id="212"><net_src comp="158" pin="4"/><net_sink comp="207" pin=1"/></net>

<net id="216"><net_src comp="116" pin="8"/><net_sink comp="213" pin=0"/></net>

<net id="220"><net_src comp="116" pin="8"/><net_sink comp="217" pin=0"/></net>

<net id="225"><net_src comp="217" pin="1"/><net_sink comp="221" pin=0"/></net>

<net id="230"><net_src comp="213" pin="1"/><net_sink comp="226" pin=0"/></net>

<net id="235"><net_src comp="201" pin="2"/><net_sink comp="231" pin=0"/></net>

<net id="239"><net_src comp="236" pin="1"/><net_sink comp="134" pin=2"/></net>

<net id="246"><net_src comp="243" pin="1"/><net_sink comp="148" pin=2"/></net>

<net id="250"><net_src comp="80" pin="1"/><net_sink comp="247" pin=0"/></net>

<net id="251"><net_src comp="247" pin="1"/><net_sink comp="187" pin=1"/></net>

<net id="252"><net_src comp="247" pin="1"/><net_sink comp="192" pin=0"/></net>

<net id="253"><net_src comp="247" pin="1"/><net_sink comp="231" pin=1"/></net>

<net id="257"><net_src comp="84" pin="1"/><net_sink comp="254" pin=0"/></net>

<net id="258"><net_src comp="254" pin="1"/><net_sink comp="182" pin=1"/></net>

<net id="259"><net_src comp="254" pin="1"/><net_sink comp="226" pin=1"/></net>

<net id="260"><net_src comp="254" pin="1"/><net_sink comp="236" pin=0"/></net>

<net id="261"><net_src comp="254" pin="1"/><net_sink comp="243" pin=0"/></net>

<net id="265"><net_src comp="88" pin="1"/><net_sink comp="262" pin=0"/></net>

<net id="266"><net_src comp="262" pin="1"/><net_sink comp="177" pin=1"/></net>

<net id="267"><net_src comp="262" pin="1"/><net_sink comp="221" pin=1"/></net>

<net id="268"><net_src comp="262" pin="1"/><net_sink comp="240" pin=0"/></net>

<net id="272"><net_src comp="195" pin="2"/><net_sink comp="269" pin=0"/></net>

<net id="279"><net_src comp="240" pin="1"/><net_sink comp="276" pin=0"/></net>

<net id="280"><net_src comp="276" pin="1"/><net_sink comp="158" pin=2"/></net>

</net_list>

</model> 
---------------- Datapath Model END ------------------

* FSMD analyzer results:
  - Output states:
	Port: imgBayer | {2 }
	Port: eol_out | {1 }
	Port: axi_data_3_out | {1 }
 - Input state : 
	Port: AXIvideo2MultiBayer_Pipeline_loop_width : sof_4 | {1 }
	Port: AXIvideo2MultiBayer_Pipeline_loop_width : axi_last_2 | {1 }
	Port: AXIvideo2MultiBayer_Pipeline_loop_width : axi_data_2 | {1 }
	Port: AXIvideo2MultiBayer_Pipeline_loop_width : trunc_ln141_1 | {1 }
	Port: AXIvideo2MultiBayer_Pipeline_loop_width : s_axis_video_V_data_V | {1 }
	Port: AXIvideo2MultiBayer_Pipeline_loop_width : s_axis_video_V_keep_V | {1 }
	Port: AXIvideo2MultiBayer_Pipeline_loop_width : s_axis_video_V_strb_V | {1 }
	Port: AXIvideo2MultiBayer_Pipeline_loop_width : s_axis_video_V_user_V | {1 }
	Port: AXIvideo2MultiBayer_Pipeline_loop_width : s_axis_video_V_last_V | {1 }
	Port: AXIvideo2MultiBayer_Pipeline_loop_width : s_axis_video_V_id_V | {1 }
	Port: AXIvideo2MultiBayer_Pipeline_loop_width : s_axis_video_V_dest_V | {1 }
  - Chain level:
	State 1
		store_ln166 : 1
		eol : 1
		sof : 1
		j_3 : 1
		icmp_ln166 : 2
		j_4 : 2
		br_ln166 : 3
		or_ln170 : 2
		br_ln170 : 2
		store_ln141 : 1
		store_ln141 : 1
		store_ln166 : 3
		axi_data_load : 1
		write_ln0 : 2
		write_ln0 : 2
	State 2
		write_ln185 : 1


============================================================
+ Verbose Summary: Datapath Resource usage 
============================================================

* Functional unit list:
|----------|-------------------------------|---------|---------|
| Operation|        Functional Unit        |    FF   |   LUT   |
|----------|-------------------------------|---------|---------|
|   icmp   |       icmp_ln166_fu_195       |    0    |    15   |
|----------|-------------------------------|---------|---------|
|    add   |           j_4_fu_201          |    0    |    15   |
|----------|-------------------------------|---------|---------|
|    or    |        or_ln170_fu_207        |    0    |    2    |
|----------|-------------------------------|---------|---------|
|          | trunc_ln141_1_read_read_fu_92 |    0    |    0    |
|          |   axi_data_2_read_read_fu_98  |    0    |    0    |
|   read   |  axi_last_2_read_read_fu_104  |    0    |    0    |
|          |     sof_4_read_read_fu_110    |    0    |    0    |
|          |       empty_read_fu_116       |    0    |    0    |
|----------|-------------------------------|---------|---------|
|          |    write_ln185_write_fu_134   |    0    |    0    |
|   write  |     write_ln0_write_fu_141    |    0    |    0    |
|          |     write_ln0_write_fu_148    |    0    |    0    |
|----------|-------------------------------|---------|---------|
|extractvalue|       axi_data_1_fu_213       |    0    |    0    |
|          |       axi_last_5_fu_217       |    0    |    0    |
|----------|-------------------------------|---------|---------|
|   Total  |                               |    0    |    32   |
|----------|-------------------------------|---------|---------|

Memories:
N/A

* Register list:
+------------------+--------+
|                  |   FF   |
+------------------+--------+
| axi_data_reg_254 |   40   |
|axi_last_4_reg_276|    1   |
| axi_last_reg_262 |    1   |
|    eol_reg_155   |    1   |
|icmp_ln166_reg_269|    1   |
|     j_reg_247    |    8   |
|    sof_reg_166   |    1   |
+------------------+--------+
|       Total      |   53   |
+------------------+--------+

* Multiplexer (MUX) list: 
|--------|------|------|------|--------|
|  Comp  |  Pin | Size |  BW  | S x BW |
|--------|------|------|------|--------|
|  Total |      |      |      |    0   |
|--------|------|------|------|--------|



* Summary:
+-----------+--------+--------+
|           |   FF   |   LUT  |
+-----------+--------+--------+
|  Function |    0   |   32   |
|   Memory  |    -   |    -   |
|Multiplexer|    -   |    -   |
|  Register |   53   |    -   |
+-----------+--------+--------+
|   Total   |   53   |   32   |
+-----------+--------+--------+
