

================================================================
== Vitis HLS Report for 'AXIvideo2MultiBayer_Pipeline_loop_wait_for_eol'
================================================================
* Date:           Wed Nov  8 15:31:10 2023

* Version:        2023.2 (Build 4023990 on Oct 11 2023)
* Project:        prj
* Solution:       sol (Vivado IP Flow Target)
* Product family: zynq
* Target device:  xc7z020-clg400-1


================================================================
== Performance Estimates
================================================================
+ Timing: 
    * Summary: 
    +--------+---------+----------+------------+
    |  Clock |  Target | Estimated| Uncertainty|
    +--------+---------+----------+------------+
    |ap_clk  |  6.67 ns|  4.176 ns|     1.80 ns|
    +--------+---------+----------+------------+

+ Latency: 
    * Summary: 
    +---------+---------+----------+----------+-----+-----+---------+
    |  Latency (cycles) |  Latency (absolute) |  Interval | Pipeline|
    |   min   |   max   |    min   |    max   | min | max |   Type  |
    +---------+---------+----------+----------+-----+-----+---------+
    |        ?|        ?|         ?|         ?|    ?|    ?|       no|
    +---------+---------+----------+----------+-----+-----+---------+

    + Detail: 
        * Instance: 
        N/A

        * Loop: 
        +---------------------+---------+---------+----------+-----------+-----------+------+----------+
        |                     |  Latency (cycles) | Iteration|  Initiation Interval  | Trip |          |
        |      Loop Name      |   min   |   max   |  Latency |  achieved |   target  | Count| Pipelined|
        +---------------------+---------+---------+----------+-----------+-----------+------+----------+
        |- loop_wait_for_eol  |        ?|        ?|         1|          1|          1|     ?|       yes|
        +---------------------+---------+---------+----------+-----------+-----------+------+----------+



================================================================
== Utilization Estimates
================================================================
* Summary: 
+-----------------+---------+-----+--------+-------+-----+
|       Name      | BRAM_18K| DSP |   FF   |  LUT  | URAM|
+-----------------+---------+-----+--------+-------+-----+
|DSP              |        -|    -|       -|      -|    -|
|Expression       |        -|    -|       0|      2|    -|
|FIFO             |        -|    -|       -|      -|    -|
|Instance         |        -|    -|       -|      -|    -|
|Memory           |        -|    -|       -|      -|    -|
|Multiplexer      |        -|    -|       -|     50|    -|
|Register         |        -|    -|       4|      -|    -|
+-----------------+---------+-----+--------+-------+-----+
|Total            |        0|    0|       4|     52|    0|
+-----------------+---------+-----+--------+-------+-----+
|Available        |      280|  220|  106400|  53200|    0|
+-----------------+---------+-----+--------+-------+-----+
|Utilization (%)  |        0|    0|      ~0|     ~0|    0|
+-----------------+---------+-----+--------+-------+-----+

+ Detail: 
    * Instance: 
    N/A

    * DSP: 
    N/A

    * Memory: 
    N/A

    * FIFO: 
    N/A

    * Expression: 
    +----------------------------------+----------+----+---+----+------------+------------+
    |           Variable Name          | Operation| DSP| FF| LUT| Bitwidth P0| Bitwidth P1|
    +----------------------------------+----------+----+---+----+------------+------------+
    |ap_block_state1_pp0_stage0_iter0  |        or|   0|  0|   2|           1|           1|
    +----------------------------------+----------+----+---+----+------------+------------+
    |Total                             |          |   0|  0|   2|           1|           1|
    +----------------------------------+----------+----+---+----+------------+------------+

    * Multiplexer: 
    +-------------------------------------+----+-----------+-----+-----------+
    |                 Name                | LUT| Input Size| Bits| Total Bits|
    +-------------------------------------+----+-----------+-----+-----------+
    |ap_done_int                          |   9|          2|    1|          2|
    |ap_phi_mux_axi_last_4_phi_fu_102_p4  |   9|          2|    1|          2|
    |ap_phi_mux_eol_2_phi_fu_113_p4       |   9|          2|    1|          2|
    |axi_data_4_out                       |  14|          3|   40|        120|
    |s_axis_video_TDATA_blk_n             |   9|          2|    1|          2|
    +-------------------------------------+----+-----------+-----+-----------+
    |Total                                |  50|         11|   44|        128|
    +-------------------------------------+----+-----------+-----+-----------+

    * Register: 
    +-------------------+---+----+-----+-----------+
    |        Name       | FF| LUT| Bits| Const Bits|
    +-------------------+---+----+-----+-----------+
    |ap_CS_fsm          |  1|   0|    1|          0|
    |ap_done_reg        |  1|   0|    1|          0|
    |axi_last_4_reg_99  |  1|   0|    1|          0|
    |eol_2_reg_110      |  1|   0|    1|          0|
    +-------------------+---+----+-----+-----------+
    |Total              |  4|   0|    4|          0|
    +-------------------+---+----+-----+-----------+



================================================================
== Interface
================================================================
* Summary: 
+-----------------------+-----+-----+------------+------------------------------------------------+--------------+
|       RTL Ports       | Dir | Bits|  Protocol  |                  Source Object                 |    C Type    |
+-----------------------+-----+-----+------------+------------------------------------------------+--------------+
|ap_clk                 |   in|    1|  ap_ctrl_hs|  AXIvideo2MultiBayer_Pipeline_loop_wait_for_eol|  return value|
|ap_rst                 |   in|    1|  ap_ctrl_hs|  AXIvideo2MultiBayer_Pipeline_loop_wait_for_eol|  return value|
|ap_start               |   in|    1|  ap_ctrl_hs|  AXIvideo2MultiBayer_Pipeline_loop_wait_for_eol|  return value|
|ap_done                |  out|    1|  ap_ctrl_hs|  AXIvideo2MultiBayer_Pipeline_loop_wait_for_eol|  return value|
|ap_idle                |  out|    1|  ap_ctrl_hs|  AXIvideo2MultiBayer_Pipeline_loop_wait_for_eol|  return value|
|ap_ready               |  out|    1|  ap_ctrl_hs|  AXIvideo2MultiBayer_Pipeline_loop_wait_for_eol|  return value|
|s_axis_video_TVALID    |   in|    1|        axis|                           s_axis_video_V_data_V|       pointer|
|s_axis_video_TDATA     |   in|   40|        axis|                           s_axis_video_V_data_V|       pointer|
|axi_data_3_reload      |   in|   40|     ap_none|                               axi_data_3_reload|        scalar|
|select_ln188           |   in|    1|     ap_none|                                    select_ln188|        scalar|
|eol_reload             |   in|    1|     ap_none|                                      eol_reload|        scalar|
|s_axis_video_TREADY    |  out|    1|        axis|                           s_axis_video_V_dest_V|       pointer|
|s_axis_video_TDEST     |   in|    1|        axis|                           s_axis_video_V_dest_V|       pointer|
|s_axis_video_TKEEP     |   in|    5|        axis|                           s_axis_video_V_keep_V|       pointer|
|s_axis_video_TSTRB     |   in|    5|        axis|                           s_axis_video_V_strb_V|       pointer|
|s_axis_video_TUSER     |   in|    1|        axis|                           s_axis_video_V_user_V|       pointer|
|s_axis_video_TLAST     |   in|    1|        axis|                           s_axis_video_V_last_V|       pointer|
|s_axis_video_TID       |   in|    1|        axis|                             s_axis_video_V_id_V|       pointer|
|axi_data_4_out         |  out|   40|      ap_vld|                                  axi_data_4_out|       pointer|
|axi_data_4_out_ap_vld  |  out|    1|      ap_vld|                                  axi_data_4_out|       pointer|
|axi_last_4_out         |  out|    1|      ap_vld|                                  axi_last_4_out|       pointer|
|axi_last_4_out_ap_vld  |  out|    1|      ap_vld|                                  axi_last_4_out|       pointer|
+-----------------------+-----+-----+------------+------------------------------------------------+--------------+

============================================================
+ Verbose Summary: Synthesis Manager
============================================================
InlineROM: 1
ExposeGlobal: 0
============================================================
+ Verbose Summary: CDFG Model
============================================================
IsTopModel: 0
ResetActiveHigh: 1
IsCombinational: 2
IsDatapathOnly: 2
HasWiredReturn: 1
HasMFsm: 2
HasVarLatency: 1
IsPipeline: 0
IsRtlPipelined: 0
IsInstanceOverlapped: 0
IsDontTouch: 0
HasImplIP: 0
IsGatedGlobalClock: 0

+ Individual pipeline summary: 
  * Pipeline-0: initiation interval (II) = 1, depth = 1


============================================================
+ Verbose Summary: Schedule
============================================================
* Number of FSM states : 1
* Pipeline : 1
  Pipeline-0 : II = 1, D = 1, States = { 1 }
* Dataflow Pipeline: 0

* FSM state transitions: 
1 --> 

* FSM state operations: 

State 1 <SV = 0> <Delay = 4.17>
ST_1 : Operation 4 [1/1] (0.00ns)   --->   "%specaxissidechannel_ln0 = specaxissidechannel void @_ssdm_op_SpecAXISSideChannel, i40 %s_axis_video_V_data_V, i5 %s_axis_video_V_keep_V, i5 %s_axis_video_V_strb_V, i1 %s_axis_video_V_user_V, i1 %s_axis_video_V_last_V, i1 %s_axis_video_V_id_V, i1 %s_axis_video_V_dest_V, void @empty_26"   --->   Operation 4 'specaxissidechannel' 'specaxissidechannel_ln0' <Predicate = true> <Delay = 0.00>
ST_1 : Operation 5 [1/1] (0.00ns)   --->   "%specinterface_ln0 = specinterface void @_ssdm_op_SpecInterface, i40 %s_axis_video_V_data_V, void @empty_5, i32 0, i32 0, void @empty_23, i32 0, i32 0, void @empty_15, void @empty_15, void @empty_15, i32 0, i32 0, i32 0, i32 0, void @empty_15, void @empty_15, i32 4294967295, i32 0"   --->   Operation 5 'specinterface' 'specinterface_ln0' <Predicate = true> <Delay = 0.00>
ST_1 : Operation 6 [1/1] (0.00ns)   --->   "%specinterface_ln0 = specinterface void @_ssdm_op_SpecInterface, i5 %s_axis_video_V_keep_V, void @empty_5, i32 0, i32 0, void @empty_23, i32 0, i32 0, void @empty_15, void @empty_15, void @empty_15, i32 0, i32 0, i32 0, i32 0, void @empty_15, void @empty_15, i32 4294967295, i32 0"   --->   Operation 6 'specinterface' 'specinterface_ln0' <Predicate = true> <Delay = 0.00>
ST_1 : Operation 7 [1/1] (0.00ns)   --->   "%specinterface_ln0 = specinterface void @_ssdm_op_SpecInterface, i5 %s_axis_video_V_strb_V, void @empty_5, i32 0, i32 0, void @empty_23, i32 0, i32 0, void @empty_15, void @empty_15, void @empty_15, i32 0, i32 0, i32 0, i32 0, void @empty_15, void @empty_15, i32 4294967295, i32 0"   --->   Operation 7 'specinterface' 'specinterface_ln0' <Predicate = true> <Delay = 0.00>
ST_1 : Operation 8 [1/1] (0.00ns)   --->   "%specinterface_ln0 = specinterface void @_ssdm_op_SpecInterface, i1 %s_axis_video_V_user_V, void @empty_5, i32 0, i32 0, void @empty_23, i32 0, i32 0, void @empty_15, void @empty_15, void @empty_15, i32 0, i32 0, i32 0, i32 0, void @empty_15, void @empty_15, i32 4294967295, i32 0"   --->   Operation 8 'specinterface' 'specinterface_ln0' <Predicate = true> <Delay = 0.00>
ST_1 : Operation 9 [1/1] (0.00ns)   --->   "%specinterface_ln0 = specinterface void @_ssdm_op_SpecInterface, i1 %s_axis_video_V_last_V, void @empty_5, i32 0, i32 0, void @empty_23, i32 0, i32 0, void @empty_15, void @empty_15, void @empty_15, i32 0, i32 0, i32 0, i32 0, void @empty_15, void @empty_15, i32 4294967295, i32 0"   --->   Operation 9 'specinterface' 'specinterface_ln0' <Predicate = true> <Delay = 0.00>
ST_1 : Operation 10 [1/1] (0.00ns)   --->   "%specinterface_ln0 = specinterface void @_ssdm_op_SpecInterface, i1 %s_axis_video_V_id_V, void @empty_5, i32 0, i32 0, void @empty_23, i32 0, i32 0, void @empty_15, void @empty_15, void @empty_15, i32 0, i32 0, i32 0, i32 0, void @empty_15, void @empty_15, i32 4294967295, i32 0"   --->   Operation 10 'specinterface' 'specinterface_ln0' <Predicate = true> <Delay = 0.00>
ST_1 : Operation 11 [1/1] (0.00ns)   --->   "%specinterface_ln0 = specinterface void @_ssdm_op_SpecInterface, i1 %s_axis_video_V_dest_V, void @empty_5, i32 0, i32 0, void @empty_23, i32 0, i32 0, void @empty_15, void @empty_15, void @empty_15, i32 0, i32 0, i32 0, i32 0, void @empty_15, void @empty_15, i32 4294967295, i32 0"   --->   Operation 11 'specinterface' 'specinterface_ln0' <Predicate = true> <Delay = 0.00>
ST_1 : Operation 12 [1/1] (0.00ns)   --->   "%eol_reload_read = read i1 @_ssdm_op_Read.ap_auto.i1, i1 %eol_reload"   --->   Operation 12 'read' 'eol_reload_read' <Predicate = true> <Delay = 0.00>
ST_1 : Operation 13 [1/1] (0.00ns)   --->   "%select_ln188_read = read i1 @_ssdm_op_Read.ap_auto.i1, i1 %select_ln188"   --->   Operation 13 'read' 'select_ln188_read' <Predicate = true> <Delay = 0.00>
ST_1 : Operation 14 [1/1] (0.00ns)   --->   "%axi_data_3_reload_read = read i40 @_ssdm_op_Read.ap_auto.i40, i40 %axi_data_3_reload"   --->   Operation 14 'read' 'axi_data_3_reload_read' <Predicate = true> <Delay = 0.00>
ST_1 : Operation 15 [1/1] (1.58ns)   --->   "%store_ln141 = store i40 %axi_data_3_reload_read, i40 %axi_data_4_out" [D:/Project2023/SG-Extended/ZyboOrg/hw/hw.runs/system_v_demosaic_0_0_synth_1/prj/sol/.autopilot/db/v_demosaic.cpp:141]   --->   Operation 15 'store' 'store_ln141' <Predicate = true> <Delay = 1.58>
ST_1 : Operation 16 [1/1] (1.58ns)   --->   "%br_ln0 = br void %while.cond29"   --->   Operation 16 'br' 'br_ln0' <Predicate = true> <Delay = 1.58>
ST_1 : Operation 17 [1/1] (0.00ns)   --->   "%axi_last_4 = phi i1 %select_ln188_read, void %newFuncRoot, i1 %axi_last, void %while.body31"   --->   Operation 17 'phi' 'axi_last_4' <Predicate = true> <Delay = 0.00>
ST_1 : Operation 18 [1/1] (0.00ns)   --->   "%eol_2 = phi i1 %eol_reload_read, void %newFuncRoot, i1 %axi_last, void %while.body31"   --->   Operation 18 'phi' 'eol_2' <Predicate = true> <Delay = 0.00>
ST_1 : Operation 19 [1/1] (0.00ns)   --->   "%br_ln188 = br i1 %eol_2, void %while.body31, void %for.inc37.exitStub" [D:/Project2023/SG-Extended/ZyboOrg/hw/hw.runs/system_v_demosaic_0_0_synth_1/prj/sol/.autopilot/db/v_demosaic.cpp:188]   --->   Operation 19 'br' 'br_ln188' <Predicate = true> <Delay = 0.00>
ST_1 : Operation 20 [1/1] (0.00ns)   --->   "%specpipeline_ln189 = specpipeline void @_ssdm_op_SpecPipeline, i32 1, i32 0, i32 0, i32 0, void @empty_15" [D:/Project2023/SG-Extended/ZyboOrg/hw/hw.runs/system_v_demosaic_0_0_synth_1/prj/sol/.autopilot/db/v_demosaic.cpp:189]   --->   Operation 20 'specpipeline' 'specpipeline_ln189' <Predicate = (!eol_2)> <Delay = 0.00>
ST_1 : Operation 21 [1/1] (0.00ns)   --->   "%specloopname_ln188 = specloopname void @_ssdm_op_SpecLoopName, void @empty_1" [D:/Project2023/SG-Extended/ZyboOrg/hw/hw.runs/system_v_demosaic_0_0_synth_1/prj/sol/.autopilot/db/v_demosaic.cpp:188]   --->   Operation 21 'specloopname' 'specloopname_ln188' <Predicate = (!eol_2)> <Delay = 0.00>
ST_1 : Operation 22 [1/1] (1.00ns)   --->   "%empty = read i54 @_ssdm_op_Read.axis.volatile.i40P0A.i5P0A.i5P0A.i1P0A.i1P0A.i1P0A.i1P0A, i40 %s_axis_video_V_data_V, i5 %s_axis_video_V_keep_V, i5 %s_axis_video_V_strb_V, i1 %s_axis_video_V_user_V, i1 %s_axis_video_V_last_V, i1 %s_axis_video_V_id_V, i1 %s_axis_video_V_dest_V" [D:/Project2023/SG-Extended/ZyboOrg/hw/hw.runs/system_v_demosaic_0_0_synth_1/prj/sol/.autopilot/db/v_demosaic.cpp:192]   --->   Operation 22 'read' 'empty' <Predicate = (!eol_2)> <Delay = 1.00> <CoreInst = "axis">   --->   Core 115 'axis' <Latency = 0> <II = 1> <Delay = 1.00> <Adapter> <Opcode : >
ST_1 : Operation 23 [1/1] (0.00ns)   --->   "%axi_data = extractvalue i54 %empty" [D:/Project2023/SG-Extended/ZyboOrg/hw/hw.runs/system_v_demosaic_0_0_synth_1/prj/sol/.autopilot/db/v_demosaic.cpp:192]   --->   Operation 23 'extractvalue' 'axi_data' <Predicate = (!eol_2)> <Delay = 0.00>
ST_1 : Operation 24 [1/1] (0.00ns)   --->   "%axi_last = extractvalue i54 %empty" [D:/Project2023/SG-Extended/ZyboOrg/hw/hw.runs/system_v_demosaic_0_0_synth_1/prj/sol/.autopilot/db/v_demosaic.cpp:192]   --->   Operation 24 'extractvalue' 'axi_last' <Predicate = (!eol_2)> <Delay = 0.00>
ST_1 : Operation 25 [1/1] (1.58ns)   --->   "%store_ln141 = store i40 %axi_data, i40 %axi_data_4_out" [D:/Project2023/SG-Extended/ZyboOrg/hw/hw.runs/system_v_demosaic_0_0_synth_1/prj/sol/.autopilot/db/v_demosaic.cpp:141]   --->   Operation 25 'store' 'store_ln141' <Predicate = (!eol_2)> <Delay = 1.58>
ST_1 : Operation 26 [1/1] (0.00ns)   --->   "%br_ln188 = br void %while.cond29" [D:/Project2023/SG-Extended/ZyboOrg/hw/hw.runs/system_v_demosaic_0_0_synth_1/prj/sol/.autopilot/db/v_demosaic.cpp:188]   --->   Operation 26 'br' 'br_ln188' <Predicate = (!eol_2)> <Delay = 0.00>
ST_1 : Operation 27 [1/1] (0.00ns)   --->   "%write_ln192 = write void @_ssdm_op_Write.ap_auto.i1P0A, i1 %axi_last_4_out, i1 %axi_last_4" [D:/Project2023/SG-Extended/ZyboOrg/hw/hw.runs/system_v_demosaic_0_0_synth_1/prj/sol/.autopilot/db/v_demosaic.cpp:192]   --->   Operation 27 'write' 'write_ln192' <Predicate = (eol_2)> <Delay = 0.00>
ST_1 : Operation 28 [1/1] (0.00ns)   --->   "%ret_ln0 = ret"   --->   Operation 28 'ret' 'ret_ln0' <Predicate = (eol_2)> <Delay = 0.00>


============================================================
+ Verbose Summary: Binding
============================================================
STG Binding: 
---------------- STG Properties BEGIN ----------------
- Is combinational: 0
- Is one-state seq: 0
- Is datapath-only: 0
- Is pipelined: 0
- Is top level: 0
Port [ Return ] is wired: 1; IO mode=ap_ctrl_hs:ce=0
Port [ axi_data_3_reload]:  wired=1; compound=0; hidden=0; nouse=0; global=0; static=0; extern=0; dir=0; type=0; pingpong=0; private_global=0; IO mode=ap_none:ce=0
Port [ select_ln188]:  wired=1; compound=0; hidden=0; nouse=0; global=0; static=0; extern=0; dir=0; type=0; pingpong=0; private_global=0; IO mode=ap_none:ce=0
Port [ eol_reload]:  wired=1; compound=0; hidden=0; nouse=0; global=0; static=0; extern=0; dir=0; type=0; pingpong=0; private_global=0; IO mode=ap_none:ce=0
Port [ s_axis_video_V_data_V]:  wired=1; compound=1; hidden=0; nouse=0; global=0; static=0; extern=0; dir=0; type=0; pingpong=0; private_global=0; IO mode=axis:ce=0
Port [ s_axis_video_V_keep_V]:  wired=1; compound=1; hidden=0; nouse=0; global=0; static=0; extern=0; dir=0; type=0; pingpong=0; private_global=0; IO mode=axis:ce=0
Port [ s_axis_video_V_strb_V]:  wired=1; compound=1; hidden=0; nouse=0; global=0; static=0; extern=0; dir=0; type=0; pingpong=0; private_global=0; IO mode=axis:ce=0
Port [ s_axis_video_V_user_V]:  wired=1; compound=1; hidden=0; nouse=0; global=0; static=0; extern=0; dir=0; type=0; pingpong=0; private_global=0; IO mode=axis:ce=0
Port [ s_axis_video_V_last_V]:  wired=1; compound=1; hidden=0; nouse=0; global=0; static=0; extern=0; dir=0; type=0; pingpong=0; private_global=0; IO mode=axis:ce=0
Port [ s_axis_video_V_id_V]:  wired=1; compound=1; hidden=0; nouse=0; global=0; static=0; extern=0; dir=0; type=0; pingpong=0; private_global=0; IO mode=axis:ce=0
Port [ s_axis_video_V_dest_V]:  wired=1; compound=1; hidden=0; nouse=0; global=0; static=0; extern=0; dir=0; type=0; pingpong=0; private_global=0; IO mode=axis:ce=0
Port [ axi_data_4_out]:  wired=1; compound=0; hidden=0; nouse=0; global=0; static=0; extern=0; dir=1; type=0; pingpong=0; private_global=0; IO mode=ap_vld:ce=0
Port [ axi_last_4_out]:  wired=1; compound=0; hidden=0; nouse=0; global=0; static=0; extern=0; dir=1; type=0; pingpong=0; private_global=0; IO mode=ap_vld:ce=0
---------------- STG Properties END ------------------

---------------- Datapath Model BEGIN ----------------

<LifeTime>
<method=bitvector/>
specaxissidechannel_ln0 (specaxissidechannel) [ 00]
specinterface_ln0       (specinterface      ) [ 00]
specinterface_ln0       (specinterface      ) [ 00]
specinterface_ln0       (specinterface      ) [ 00]
specinterface_ln0       (specinterface      ) [ 00]
specinterface_ln0       (specinterface      ) [ 00]
specinterface_ln0       (specinterface      ) [ 00]
specinterface_ln0       (specinterface      ) [ 00]
eol_reload_read         (read               ) [ 00]
select_ln188_read       (read               ) [ 00]
axi_data_3_reload_read  (read               ) [ 00]
store_ln141             (store              ) [ 00]
br_ln0                  (br                 ) [ 00]
axi_last_4              (phi                ) [ 01]
eol_2                   (phi                ) [ 01]
br_ln188                (br                 ) [ 00]
specpipeline_ln189      (specpipeline       ) [ 00]
specloopname_ln188      (specloopname       ) [ 00]
empty                   (read               ) [ 00]
axi_data                (extractvalue       ) [ 00]
axi_last                (extractvalue       ) [ 01]
store_ln141             (store              ) [ 00]
br_ln188                (br                 ) [ 01]
write_ln192             (write              ) [ 00]
ret_ln0                 (ret                ) [ 00]
</LifeTime>

<model>

<comp_list>
<comp id="0" class="1000" name="axi_data_3_reload">
<pin_list>
<pin id="1" dir="1" index="0" bw="1" slack="0"/>
</pin_list>
<bind>
<StgValue><ssdm name="axi_data_3_reload"/></StgValue>
</bind>
</comp>

<comp id="2" class="1000" name="select_ln188">
<pin_list>
<pin id="3" dir="1" index="0" bw="1" slack="0"/>
</pin_list>
<bind>
<StgValue><ssdm name="select_ln188"/></StgValue>
</bind>
</comp>

<comp id="4" class="1000" name="eol_reload">
<pin_list>
<pin id="5" dir="1" index="0" bw="1" slack="0"/>
</pin_list>
<bind>
<StgValue><ssdm name="eol_reload"/></StgValue>
</bind>
</comp>

<comp id="6" class="1000" name="s_axis_video_V_data_V">
<pin_list>
<pin id="7" dir="1" index="0" bw="1" slack="0"/>
</pin_list>
<bind>
<StgValue><ssdm name="s_axis_video_V_data_V"/></StgValue>
</bind>
</comp>

<comp id="8" class="1000" name="s_axis_video_V_keep_V">
<pin_list>
<pin id="9" dir="1" index="0" bw="1" slack="0"/>
</pin_list>
<bind>
<StgValue><ssdm name="s_axis_video_V_keep_V"/></StgValue>
</bind>
</comp>

<comp id="10" class="1000" name="s_axis_video_V_strb_V">
<pin_list>
<pin id="11" dir="1" index="0" bw="1" slack="0"/>
</pin_list>
<bind>
<StgValue><ssdm name="s_axis_video_V_strb_V"/></StgValue>
</bind>
</comp>

<comp id="12" class="1000" name="s_axis_video_V_user_V">
<pin_list>
<pin id="13" dir="1" index="0" bw="1" slack="0"/>
</pin_list>
<bind>
<StgValue><ssdm name="s_axis_video_V_user_V"/></StgValue>
</bind>
</comp>

<comp id="14" class="1000" name="s_axis_video_V_last_V">
<pin_list>
<pin id="15" dir="1" index="0" bw="1" slack="0"/>
</pin_list>
<bind>
<StgValue><ssdm name="s_axis_video_V_last_V"/></StgValue>
</bind>
</comp>

<comp id="16" class="1000" name="s_axis_video_V_id_V">
<pin_list>
<pin id="17" dir="1" index="0" bw="1" slack="0"/>
</pin_list>
<bind>
<StgValue><ssdm name="s_axis_video_V_id_V"/></StgValue>
</bind>
</comp>

<comp id="18" class="1000" name="s_axis_video_V_dest_V">
<pin_list>
<pin id="19" dir="1" index="0" bw="1" slack="0"/>
</pin_list>
<bind>
<StgValue><ssdm name="s_axis_video_V_dest_V"/></StgValue>
</bind>
</comp>

<comp id="20" class="1000" name="axi_data_4_out">
<pin_list>
<pin id="21" dir="1" index="0" bw="1" slack="0"/>
</pin_list>
<bind>
<StgValue><ssdm name="axi_data_4_out"/></StgValue>
</bind>
</comp>

<comp id="22" class="1000" name="axi_last_4_out">
<pin_list>
<pin id="23" dir="1" index="0" bw="1" slack="0"/>
</pin_list>
<bind>
<StgValue><ssdm name="axi_last_4_out"/></StgValue>
</bind>
</comp>

<comp id="24" class="1001" name="const_24">
<pin_list>
<pin id="25" dir="1" index="0" bw="1" slack="2147483647"/>
</pin_list>
<bind>
<StgValue><ssdm name="_ssdm_op_SpecAXISSideChannel"/></StgValue>
</bind>
</comp>

<comp id="26" class="1001" name="const_26">
<pin_list>
<pin id="27" dir="1" index="0" bw="1" slack="2147483647"/>
</pin_list>
<bind>
<StgValue><ssdm name="empty_26"/></StgValue>
</bind>
</comp>

<comp id="28" class="1001" name="const_28">
<pin_list>
<pin id="29" dir="1" index="0" bw="1" slack="2147483647"/>
</pin_list>
<bind>
<StgValue><ssdm name="_ssdm_op_SpecInterface"/></StgValue>
</bind>
</comp>

<comp id="30" class="1001" name="const_30">
<pin_list>
<pin id="31" dir="1" index="0" bw="1" slack="2147483647"/>
</pin_list>
<bind>
<StgValue><ssdm name="empty_5"/></StgValue>
</bind>
</comp>

<comp id="32" class="1001" name="const_32">
<pin_list>
<pin id="33" dir="1" index="0" bw="1" slack="2147483647"/>
</pin_list>
<bind>
<StgValue><ssdm name=""/></StgValue>
</bind>
</comp>

<comp id="34" class="1001" name="const_34">
<pin_list>
<pin id="35" dir="1" index="0" bw="1" slack="2147483647"/>
</pin_list>
<bind>
<StgValue><ssdm name="empty_23"/></StgValue>
</bind>
</comp>

<comp id="36" class="1001" name="const_36">
<pin_list>
<pin id="37" dir="1" index="0" bw="1" slack="2147483647"/>
</pin_list>
<bind>
<StgValue><ssdm name="empty_15"/></StgValue>
</bind>
</comp>

<comp id="38" class="1001" name="const_38">
<pin_list>
<pin id="39" dir="1" index="0" bw="1" slack="2147483647"/>
</pin_list>
<bind>
<StgValue><ssdm name=""/></StgValue>
</bind>
</comp>

<comp id="40" class="1001" name="const_40">
<pin_list>
<pin id="41" dir="1" index="0" bw="1" slack="0"/>
</pin_list>
<bind>
<StgValue><ssdm name="_ssdm_op_Read.ap_auto.i1"/></StgValue>
</bind>
</comp>

<comp id="42" class="1001" name="const_42">
<pin_list>
<pin id="43" dir="1" index="0" bw="1" slack="0"/>
</pin_list>
<bind>
<StgValue><ssdm name="_ssdm_op_Read.ap_auto.i40"/></StgValue>
</bind>
</comp>

<comp id="44" class="1001" name="const_44">
<pin_list>
<pin id="45" dir="1" index="0" bw="1" slack="2147483647"/>
</pin_list>
<bind>
<StgValue><ssdm name="_ssdm_op_SpecPipeline"/></StgValue>
</bind>
</comp>

<comp id="46" class="1001" name="const_46">
<pin_list>
<pin id="47" dir="1" index="0" bw="1" slack="2147483647"/>
</pin_list>
<bind>
<StgValue><ssdm name=""/></StgValue>
</bind>
</comp>

<comp id="48" class="1001" name="const_48">
<pin_list>
<pin id="49" dir="1" index="0" bw="1" slack="2147483647"/>
</pin_list>
<bind>
<StgValue><ssdm name="_ssdm_op_SpecLoopName"/></StgValue>
</bind>
</comp>

<comp id="50" class="1001" name="const_50">
<pin_list>
<pin id="51" dir="1" index="0" bw="1" slack="2147483647"/>
</pin_list>
<bind>
<StgValue><ssdm name="empty_1"/></StgValue>
</bind>
</comp>

<comp id="52" class="1001" name="const_52">
<pin_list>
<pin id="53" dir="1" index="0" bw="1" slack="0"/>
</pin_list>
<bind>
<StgValue><ssdm name="_ssdm_op_Read.axis.volatile.i40P0A.i5P0A.i5P0A.i1P0A.i1P0A.i1P0A.i1P0A"/></StgValue>
</bind>
</comp>

<comp id="54" class="1001" name="const_54">
<pin_list>
<pin id="55" dir="1" index="0" bw="1" slack="0"/>
</pin_list>
<bind>
<StgValue><ssdm name="_ssdm_op_Write.ap_auto.i1P0A"/></StgValue>
</bind>
</comp>

<comp id="56" class="1004" name="eol_reload_read_read_fu_56">
<pin_list>
<pin id="57" dir="0" index="0" bw="1" slack="0"/>
<pin id="58" dir="0" index="1" bw="1" slack="0"/>
<pin id="59" dir="1" index="2" bw="1" slack="0"/>
</pin_list>
<bind>
<opcode="read(1150) " fcode="read"/>
<opset="eol_reload_read/1 "/>
</bind>
</comp>

<comp id="62" class="1004" name="select_ln188_read_read_fu_62">
<pin_list>
<pin id="63" dir="0" index="0" bw="1" slack="0"/>
<pin id="64" dir="0" index="1" bw="1" slack="0"/>
<pin id="65" dir="1" index="2" bw="1" slack="0"/>
</pin_list>
<bind>
<opcode="read(1150) " fcode="read"/>
<opset="select_ln188_read/1 "/>
</bind>
</comp>

<comp id="68" class="1004" name="axi_data_3_reload_read_read_fu_68">
<pin_list>
<pin id="69" dir="0" index="0" bw="40" slack="0"/>
<pin id="70" dir="0" index="1" bw="40" slack="0"/>
<pin id="71" dir="1" index="2" bw="40" slack="0"/>
</pin_list>
<bind>
<opcode="read(1150) " fcode="read"/>
<opset="axi_data_3_reload_read/1 "/>
</bind>
</comp>

<comp id="74" class="1004" name="empty_read_fu_74">
<pin_list>
<pin id="75" dir="0" index="0" bw="54" slack="0"/>
<pin id="76" dir="0" index="1" bw="40" slack="0"/>
<pin id="77" dir="0" index="2" bw="5" slack="0"/>
<pin id="78" dir="0" index="3" bw="5" slack="0"/>
<pin id="79" dir="0" index="4" bw="1" slack="0"/>
<pin id="80" dir="0" index="5" bw="1" slack="0"/>
<pin id="81" dir="0" index="6" bw="1" slack="0"/>
<pin id="82" dir="0" index="7" bw="1" slack="0"/>
<pin id="83" dir="1" index="8" bw="54" slack="0"/>
</pin_list>
<bind>
<opcode="read(1150) " fcode="read"/>
<opset="empty/1 "/>
</bind>
</comp>

<comp id="92" class="1004" name="write_ln192_write_fu_92">
<pin_list>
<pin id="93" dir="0" index="0" bw="0" slack="0"/>
<pin id="94" dir="0" index="1" bw="1" slack="0"/>
<pin id="95" dir="0" index="2" bw="1" slack="0"/>
<pin id="96" dir="1" index="3" bw="0" slack="2147483647"/>
</pin_list>
<bind>
<opcode="write(1151) " fcode="write"/>
<opset="write_ln192/1 "/>
</bind>
</comp>

<comp id="99" class="1005" name="axi_last_4_reg_99">
<pin_list>
<pin id="100" dir="0" index="0" bw="1" slack="2147483647"/>
<pin id="101" dir="1" index="1" bw="1" slack="2147483647"/>
</pin_list>
<bind>
<opset="axi_last_4 (phireg) "/>
</bind>
</comp>

<comp id="102" class="1004" name="axi_last_4_phi_fu_102">
<pin_list>
<pin id="103" dir="0" index="0" bw="1" slack="0"/>
<pin id="104" dir="0" index="1" bw="0" slack="2147483647"/>
<pin id="105" dir="0" index="2" bw="1" slack="0"/>
<pin id="106" dir="0" index="3" bw="0" slack="2147483647"/>
<pin id="107" dir="1" index="4" bw="1" slack="0"/>
</pin_list>
<bind>
<opcode="phi(47) " fcode="phi"/>
<opset="axi_last_4/1 "/>
</bind>
</comp>

<comp id="110" class="1005" name="eol_2_reg_110">
<pin_list>
<pin id="111" dir="0" index="0" bw="1" slack="2147483647"/>
<pin id="112" dir="1" index="1" bw="1" slack="2147483647"/>
</pin_list>
<bind>
<opset="eol_2 (phireg) "/>
</bind>
</comp>

<comp id="113" class="1004" name="eol_2_phi_fu_113">
<pin_list>
<pin id="114" dir="0" index="0" bw="1" slack="0"/>
<pin id="115" dir="0" index="1" bw="0" slack="2147483647"/>
<pin id="116" dir="0" index="2" bw="1" slack="0"/>
<pin id="117" dir="0" index="3" bw="0" slack="2147483647"/>
<pin id="118" dir="1" index="4" bw="1" slack="2147483647"/>
</pin_list>
<bind>
<opcode="phi(47) " fcode="phi"/>
<opset="eol_2/1 "/>
</bind>
</comp>

<comp id="120" class="1004" name="store_ln141_store_fu_120">
<pin_list>
<pin id="121" dir="0" index="0" bw="40" slack="0"/>
<pin id="122" dir="0" index="1" bw="40" slack="0"/>
<pin id="123" dir="1" index="2" bw="0" slack="2147483647"/>
</pin_list>
<bind>
<opcode="store(28) " fcode="store"/>
<opset="store_ln141/1 "/>
</bind>
</comp>

<comp id="126" class="1004" name="axi_data_fu_126">
<pin_list>
<pin id="127" dir="0" index="0" bw="54" slack="0"/>
<pin id="128" dir="1" index="1" bw="40" slack="0"/>
</pin_list>
<bind>
<opcode="extractvalue(56) " fcode="extractvalue"/>
<opset="axi_data/1 "/>
</bind>
</comp>

<comp id="130" class="1004" name="axi_last_fu_130">
<pin_list>
<pin id="131" dir="0" index="0" bw="54" slack="0"/>
<pin id="132" dir="1" index="1" bw="1" slack="0"/>
</pin_list>
<bind>
<opcode="extractvalue(56) " fcode="extractvalue"/>
<opset="axi_last/1 "/>
</bind>
</comp>

<comp id="134" class="1004" name="store_ln141_store_fu_134">
<pin_list>
<pin id="135" dir="0" index="0" bw="40" slack="0"/>
<pin id="136" dir="0" index="1" bw="40" slack="0"/>
<pin id="137" dir="1" index="2" bw="0" slack="2147483647"/>
</pin_list>
<bind>
<opcode="store(28) " fcode="store"/>
<opset="store_ln141/1 "/>
</bind>
</comp>

<comp id="140" class="1005" name="axi_last_reg_140">
<pin_list>
<pin id="141" dir="0" index="0" bw="1" slack="0"/>
<pin id="142" dir="1" index="1" bw="1" slack="0"/>
</pin_list>
<bind>
<opset="axi_last "/>
</bind>
</comp>

</comp_list>

<net_list>
<net id="60"><net_src comp="40" pin="0"/><net_sink comp="56" pin=0"/></net>

<net id="61"><net_src comp="4" pin="0"/><net_sink comp="56" pin=1"/></net>

<net id="66"><net_src comp="40" pin="0"/><net_sink comp="62" pin=0"/></net>

<net id="67"><net_src comp="2" pin="0"/><net_sink comp="62" pin=1"/></net>

<net id="72"><net_src comp="42" pin="0"/><net_sink comp="68" pin=0"/></net>

<net id="73"><net_src comp="0" pin="0"/><net_sink comp="68" pin=1"/></net>

<net id="84"><net_src comp="52" pin="0"/><net_sink comp="74" pin=0"/></net>

<net id="85"><net_src comp="6" pin="0"/><net_sink comp="74" pin=1"/></net>

<net id="86"><net_src comp="8" pin="0"/><net_sink comp="74" pin=2"/></net>

<net id="87"><net_src comp="10" pin="0"/><net_sink comp="74" pin=3"/></net>

<net id="88"><net_src comp="12" pin="0"/><net_sink comp="74" pin=4"/></net>

<net id="89"><net_src comp="14" pin="0"/><net_sink comp="74" pin=5"/></net>

<net id="90"><net_src comp="16" pin="0"/><net_sink comp="74" pin=6"/></net>

<net id="91"><net_src comp="18" pin="0"/><net_sink comp="74" pin=7"/></net>

<net id="97"><net_src comp="54" pin="0"/><net_sink comp="92" pin=0"/></net>

<net id="98"><net_src comp="22" pin="0"/><net_sink comp="92" pin=1"/></net>

<net id="108"><net_src comp="62" pin="2"/><net_sink comp="102" pin=0"/></net>

<net id="109"><net_src comp="102" pin="4"/><net_sink comp="92" pin=2"/></net>

<net id="119"><net_src comp="56" pin="2"/><net_sink comp="113" pin=0"/></net>

<net id="124"><net_src comp="68" pin="2"/><net_sink comp="120" pin=0"/></net>

<net id="125"><net_src comp="20" pin="0"/><net_sink comp="120" pin=1"/></net>

<net id="129"><net_src comp="74" pin="8"/><net_sink comp="126" pin=0"/></net>

<net id="133"><net_src comp="74" pin="8"/><net_sink comp="130" pin=0"/></net>

<net id="138"><net_src comp="126" pin="1"/><net_sink comp="134" pin=0"/></net>

<net id="139"><net_src comp="20" pin="0"/><net_sink comp="134" pin=1"/></net>

<net id="143"><net_src comp="130" pin="1"/><net_sink comp="140" pin=0"/></net>

<net id="144"><net_src comp="140" pin="1"/><net_sink comp="102" pin=2"/></net>

<net id="145"><net_src comp="140" pin="1"/><net_sink comp="113" pin=2"/></net>

</net_list>

</model> 
---------------- Datapath Model END ------------------

* FSMD analyzer results:
  - Output states:
	Port: s_axis_video_V_data_V | {}
	Port: s_axis_video_V_keep_V | {}
	Port: s_axis_video_V_strb_V | {}
	Port: s_axis_video_V_user_V | {}
	Port: s_axis_video_V_last_V | {}
	Port: s_axis_video_V_id_V | {}
	Port: s_axis_video_V_dest_V | {}
	Port: axi_data_4_out | {1 }
	Port: axi_last_4_out | {1 }
 - Input state : 
	Port: AXIvideo2MultiBayer_Pipeline_loop_wait_for_eol : axi_data_3_reload | {1 }
	Port: AXIvideo2MultiBayer_Pipeline_loop_wait_for_eol : select_ln188 | {1 }
	Port: AXIvideo2MultiBayer_Pipeline_loop_wait_for_eol : eol_reload | {1 }
	Port: AXIvideo2MultiBayer_Pipeline_loop_wait_for_eol : s_axis_video_V_data_V | {1 }
	Port: AXIvideo2MultiBayer_Pipeline_loop_wait_for_eol : s_axis_video_V_keep_V | {1 }
	Port: AXIvideo2MultiBayer_Pipeline_loop_wait_for_eol : s_axis_video_V_strb_V | {1 }
	Port: AXIvideo2MultiBayer_Pipeline_loop_wait_for_eol : s_axis_video_V_user_V | {1 }
	Port: AXIvideo2MultiBayer_Pipeline_loop_wait_for_eol : s_axis_video_V_last_V | {1 }
	Port: AXIvideo2MultiBayer_Pipeline_loop_wait_for_eol : s_axis_video_V_id_V | {1 }
	Port: AXIvideo2MultiBayer_Pipeline_loop_wait_for_eol : s_axis_video_V_dest_V | {1 }
  - Chain level:
	State 1
		axi_last_4 : 1
		eol_2 : 1
		br_ln188 : 2
		store_ln141 : 1
		write_ln192 : 2


============================================================
+ Verbose Summary: Datapath Resource usage 
============================================================

* Functional unit list:
|----------|-----------------------------------|
| Operation|          Functional Unit          |
|----------|-----------------------------------|
|          |     eol_reload_read_read_fu_56    |
|   read   |    select_ln188_read_read_fu_62   |
|          | axi_data_3_reload_read_read_fu_68 |
|          |          empty_read_fu_74         |
|----------|-----------------------------------|
|   write  |      write_ln192_write_fu_92      |
|----------|-----------------------------------|
|extractvalue|          axi_data_fu_126          |
|          |          axi_last_fu_130          |
|----------|-----------------------------------|
|   Total  |                                   |
|----------|-----------------------------------|

Memories:
N/A

* Register list:
+-----------------+--------+
|                 |   FF   |
+-----------------+--------+
|axi_last_4_reg_99|    1   |
| axi_last_reg_140|    1   |
|  eol_2_reg_110  |    1   |
+-----------------+--------+
|      Total      |    3   |
+-----------------+--------+

* Multiplexer (MUX) list: 
|--------|------|------|------|--------|
|  Comp  |  Pin | Size |  BW  | S x BW |
|--------|------|------|------|--------|
|  Total |      |      |      |    0   |
|--------|------|------|------|--------|



* Summary:
+-----------+--------+
|           |   FF   |
+-----------+--------+
|  Function |    -   |
|   Memory  |    -   |
|Multiplexer|    -   |
|  Register |    3   |
+-----------+--------+
|   Total   |    3   |
+-----------+--------+
