

================================================================
== Vitis HLS Report for 'DebayerG'
================================================================
* Date:           Wed Nov  8 15:31:01 2023

* Version:        2023.2 (Build 4023990 on Oct 11 2023)
* Project:        prj
* Solution:       sol (Vivado IP Flow Target)
* Product family: zynq
* Target device:  xc7z020-clg400-1


================================================================
== Performance Estimates
================================================================
+ Timing: 
    * Summary: 
    +--------+---------+----------+------------+
    |  Clock |  Target | Estimated| Uncertainty|
    +--------+---------+----------+------------+
    |ap_clk  |  6.67 ns|  5.283 ns|     1.80 ns|
    +--------+---------+----------+------------+

+ Latency: 
    * Summary: 
    +---------+------------+----------+-----------+-----+------------+---------+
    |   Latency (cycles)   |  Latency (absolute)  |     Interval     | Pipeline|
    |   min   |     max    |    min   |    max    | min |     max    |   Type  |
    +---------+------------+----------+-----------+-----+------------+---------+
    |       65|  1075855393|  0.433 us|  7.173 sec|   65|  1075855393|       no|
    +---------+------------+----------+-----------+-----+------------+---------+

    + Detail: 
        * Instance: 
        N/A

        * Loop: 
        +--------------------+---------+------------+------------+-----------+-----------+-----------+----------+
        |                    |   Latency (cycles)   |  Iteration |  Initiation Interval  |    Trip   |          |
        |      Loop Name     |   min   |     max    |   Latency  |  achieved |   target  |   Count   | Pipelined|
        +--------------------+---------+------------+------------+-----------+-----------+-----------+----------+
        |- VITIS_LOOP_315_3  |       64|  1075855392|  32 ~ 16416|          -|          -|  2 ~ 65537|        no|
        +--------------------+---------+------------+------------+-----------+-----------+-----------+----------+

============================================================
+ Verbose Summary: Synthesis Manager
============================================================
InlineROM: 1
ExposeGlobal: 0
============================================================
+ Verbose Summary: CDFG Model
============================================================
IsTopModel: 0
ResetActiveHigh: 1
IsCombinational: 2
IsDatapathOnly: 0
HasWiredReturn: 1
HasMFsm: 0
HasVarLatency: 1
IsPipeline: 0
IsRtlPipelined: 0
IsInstanceOverlapped: 0
IsDontTouch: 0
HasImplIP: 0
IsGatedGlobalClock: 0


============================================================
+ Verbose Summary: Schedule
============================================================
* Number of FSM states : 5
* Pipeline : 0
* Dataflow Pipeline: 0

* FSM state transitions: 
1 --> 2 
2 --> 3 
3 --> 4 
4 --> 5 
5 --> 2 

* FSM state operations: 

State 1 <SV = 0> <Delay = 4.02>
ST_1 : Operation 6 [1/1] (0.00ns)   --->   "%y = alloca i32 1" [D:/Project2023/SG-Extended/ZyboOrg/hw/hw.runs/system_v_demosaic_0_0_synth_1/prj/sol/.autopilot/db/v_demosaic.cpp:271]   --->   Operation 6 'alloca' 'y' <Predicate = true> <Delay = 0.00>
ST_1 : Operation 7 [1/1] (0.00ns)   --->   "%p_lcssa5490 = alloca i32 1"   --->   Operation 7 'alloca' 'p_lcssa5490' <Predicate = true> <Delay = 0.00>
ST_1 : Operation 8 [1/1] (0.00ns)   --->   "%p_lcssa54535492 = alloca i32 1"   --->   Operation 8 'alloca' 'p_lcssa54535492' <Predicate = true> <Delay = 0.00>
ST_1 : Operation 9 [1/1] (0.00ns)   --->   "%p_lcssa54575494 = alloca i32 1"   --->   Operation 9 'alloca' 'p_lcssa54575494' <Predicate = true> <Delay = 0.00>
ST_1 : Operation 10 [1/1] (0.00ns)   --->   "%p_lcssa54595496 = alloca i32 1"   --->   Operation 10 'alloca' 'p_lcssa54595496' <Predicate = true> <Delay = 0.00>
ST_1 : Operation 11 [1/1] (0.00ns)   --->   "%p_lcssa54635498 = alloca i32 1"   --->   Operation 11 'alloca' 'p_lcssa54635498' <Predicate = true> <Delay = 0.00>
ST_1 : Operation 12 [1/1] (0.00ns)   --->   "%p_lcssa54655500 = alloca i32 1"   --->   Operation 12 'alloca' 'p_lcssa54655500' <Predicate = true> <Delay = 0.00>
ST_1 : Operation 13 [1/1] (0.00ns)   --->   "%p_lcssa54695502 = alloca i32 1"   --->   Operation 13 'alloca' 'p_lcssa54695502' <Predicate = true> <Delay = 0.00>
ST_1 : Operation 14 [1/1] (0.00ns)   --->   "%p_lcssa54715504 = alloca i32 1"   --->   Operation 14 'alloca' 'p_lcssa54715504' <Predicate = true> <Delay = 0.00>
ST_1 : Operation 15 [1/1] (0.00ns)   --->   "%p_lcssa54755506 = alloca i32 1"   --->   Operation 15 'alloca' 'p_lcssa54755506' <Predicate = true> <Delay = 0.00>
ST_1 : Operation 16 [1/1] (0.00ns)   --->   "%p_lcssa54775508 = alloca i32 1"   --->   Operation 16 'alloca' 'p_lcssa54775508' <Predicate = true> <Delay = 0.00>
ST_1 : Operation 17 [1/1] (0.00ns)   --->   "%bayerWindow = alloca i32 1" [D:/Project2023/SG-Extended/ZyboOrg/hw/hw.runs/system_v_demosaic_0_0_synth_1/prj/sol/.autopilot/db/v_demosaic.cpp:277]   --->   Operation 17 'alloca' 'bayerWindow' <Predicate = true> <Delay = 0.00>
ST_1 : Operation 18 [1/1] (0.00ns)   --->   "%bayerWindow_1 = alloca i32 1" [D:/Project2023/SG-Extended/ZyboOrg/hw/hw.runs/system_v_demosaic_0_0_synth_1/prj/sol/.autopilot/db/v_demosaic.cpp:277]   --->   Operation 18 'alloca' 'bayerWindow_1' <Predicate = true> <Delay = 0.00>
ST_1 : Operation 19 [1/1] (0.00ns)   --->   "%bayerWindow_2 = alloca i32 1" [D:/Project2023/SG-Extended/ZyboOrg/hw/hw.runs/system_v_demosaic_0_0_synth_1/prj/sol/.autopilot/db/v_demosaic.cpp:277]   --->   Operation 19 'alloca' 'bayerWindow_2' <Predicate = true> <Delay = 0.00>
ST_1 : Operation 20 [1/1] (0.00ns)   --->   "%bayerWindow_4 = alloca i32 1" [D:/Project2023/SG-Extended/ZyboOrg/hw/hw.runs/system_v_demosaic_0_0_synth_1/prj/sol/.autopilot/db/v_demosaic.cpp:277]   --->   Operation 20 'alloca' 'bayerWindow_4' <Predicate = true> <Delay = 0.00>
ST_1 : Operation 21 [1/1] (0.00ns)   --->   "%bayerWindow_5 = alloca i32 1" [D:/Project2023/SG-Extended/ZyboOrg/hw/hw.runs/system_v_demosaic_0_0_synth_1/prj/sol/.autopilot/db/v_demosaic.cpp:277]   --->   Operation 21 'alloca' 'bayerWindow_5' <Predicate = true> <Delay = 0.00>
ST_1 : Operation 22 [1/1] (0.00ns)   --->   "%bayerWindow_6 = alloca i32 1" [D:/Project2023/SG-Extended/ZyboOrg/hw/hw.runs/system_v_demosaic_0_0_synth_1/prj/sol/.autopilot/db/v_demosaic.cpp:277]   --->   Operation 22 'alloca' 'bayerWindow_6' <Predicate = true> <Delay = 0.00>
ST_1 : Operation 23 [1/1] (0.00ns)   --->   "%bayerWindow_8 = alloca i32 1" [D:/Project2023/SG-Extended/ZyboOrg/hw/hw.runs/system_v_demosaic_0_0_synth_1/prj/sol/.autopilot/db/v_demosaic.cpp:277]   --->   Operation 23 'alloca' 'bayerWindow_8' <Predicate = true> <Delay = 0.00>
ST_1 : Operation 24 [1/1] (0.00ns)   --->   "%bayerWindow_9 = alloca i32 1" [D:/Project2023/SG-Extended/ZyboOrg/hw/hw.runs/system_v_demosaic_0_0_synth_1/prj/sol/.autopilot/db/v_demosaic.cpp:277]   --->   Operation 24 'alloca' 'bayerWindow_9' <Predicate = true> <Delay = 0.00>
ST_1 : Operation 25 [1/1] (0.00ns)   --->   "%bayerWindow_10 = alloca i32 1" [D:/Project2023/SG-Extended/ZyboOrg/hw/hw.runs/system_v_demosaic_0_0_synth_1/prj/sol/.autopilot/db/v_demosaic.cpp:277]   --->   Operation 25 'alloca' 'bayerWindow_10' <Predicate = true> <Delay = 0.00>
ST_1 : Operation 26 [1/1] (0.00ns)   --->   "%bayerWindow_12 = alloca i32 1" [D:/Project2023/SG-Extended/ZyboOrg/hw/hw.runs/system_v_demosaic_0_0_synth_1/prj/sol/.autopilot/db/v_demosaic.cpp:277]   --->   Operation 26 'alloca' 'bayerWindow_12' <Predicate = true> <Delay = 0.00>
ST_1 : Operation 27 [1/1] (0.00ns)   --->   "%bayerWindow_13 = alloca i32 1" [D:/Project2023/SG-Extended/ZyboOrg/hw/hw.runs/system_v_demosaic_0_0_synth_1/prj/sol/.autopilot/db/v_demosaic.cpp:277]   --->   Operation 27 'alloca' 'bayerWindow_13' <Predicate = true> <Delay = 0.00>
ST_1 : Operation 28 [1/1] (0.00ns)   --->   "%bayerWindow_14 = alloca i32 1" [D:/Project2023/SG-Extended/ZyboOrg/hw/hw.runs/system_v_demosaic_0_0_synth_1/prj/sol/.autopilot/db/v_demosaic.cpp:277]   --->   Operation 28 'alloca' 'bayerWindow_14' <Predicate = true> <Delay = 0.00>
ST_1 : Operation 29 [1/1] (0.00ns)   --->   "%bayerWindow_16 = alloca i32 1" [D:/Project2023/SG-Extended/ZyboOrg/hw/hw.runs/system_v_demosaic_0_0_synth_1/prj/sol/.autopilot/db/v_demosaic.cpp:277]   --->   Operation 29 'alloca' 'bayerWindow_16' <Predicate = true> <Delay = 0.00>
ST_1 : Operation 30 [1/1] (0.00ns)   --->   "%bayerWindow_17 = alloca i32 1" [D:/Project2023/SG-Extended/ZyboOrg/hw/hw.runs/system_v_demosaic_0_0_synth_1/prj/sol/.autopilot/db/v_demosaic.cpp:277]   --->   Operation 30 'alloca' 'bayerWindow_17' <Predicate = true> <Delay = 0.00>
ST_1 : Operation 31 [1/1] (0.00ns)   --->   "%bayerWindow_18 = alloca i32 1" [D:/Project2023/SG-Extended/ZyboOrg/hw/hw.runs/system_v_demosaic_0_0_synth_1/prj/sol/.autopilot/db/v_demosaic.cpp:277]   --->   Operation 31 'alloca' 'bayerWindow_18' <Predicate = true> <Delay = 0.00>
ST_1 : Operation 32 [1/1] (0.00ns)   --->   "%pixBuf = alloca i32 1" [D:/Project2023/SG-Extended/ZyboOrg/hw/hw.runs/system_v_demosaic_0_0_synth_1/prj/sol/.autopilot/db/v_demosaic.cpp:281]   --->   Operation 32 'alloca' 'pixBuf' <Predicate = true> <Delay = 0.00>
ST_1 : Operation 33 [1/1] (0.00ns)   --->   "%pixBuf_195 = alloca i32 1" [D:/Project2023/SG-Extended/ZyboOrg/hw/hw.runs/system_v_demosaic_0_0_synth_1/prj/sol/.autopilot/db/v_demosaic.cpp:281]   --->   Operation 33 'alloca' 'pixBuf_195' <Predicate = true> <Delay = 0.00>
ST_1 : Operation 34 [1/1] (0.00ns)   --->   "%pixBuf_196 = alloca i32 1" [D:/Project2023/SG-Extended/ZyboOrg/hw/hw.runs/system_v_demosaic_0_0_synth_1/prj/sol/.autopilot/db/v_demosaic.cpp:281]   --->   Operation 34 'alloca' 'pixBuf_196' <Predicate = true> <Delay = 0.00>
ST_1 : Operation 35 [1/1] (0.00ns)   --->   "%pixBuf_197 = alloca i32 1" [D:/Project2023/SG-Extended/ZyboOrg/hw/hw.runs/system_v_demosaic_0_0_synth_1/prj/sol/.autopilot/db/v_demosaic.cpp:281]   --->   Operation 35 'alloca' 'pixBuf_197' <Predicate = true> <Delay = 0.00>
ST_1 : Operation 36 [1/1] (0.00ns)   --->   "%pixBuf_198 = alloca i32 1" [D:/Project2023/SG-Extended/ZyboOrg/hw/hw.runs/system_v_demosaic_0_0_synth_1/prj/sol/.autopilot/db/v_demosaic.cpp:281]   --->   Operation 36 'alloca' 'pixBuf_198' <Predicate = true> <Delay = 0.00>
ST_1 : Operation 37 [1/1] (0.00ns)   --->   "%bayerPhase_read_1 = read i16 @_ssdm_op_Read.ap_auto.i16, i16 %bayerPhase_read"   --->   Operation 37 'read' 'bayerPhase_read_1' <Predicate = true> <Delay = 0.00>
ST_1 : Operation 38 [1/1] (0.00ns)   --->   "%width_read = read i16 @_ssdm_op_Read.ap_stable.i16, i16 %width"   --->   Operation 38 'read' 'width_read' <Predicate = true> <Delay = 0.00>
ST_1 : Operation 39 [1/1] (0.00ns)   --->   "%height_read = read i16 @_ssdm_op_Read.ap_stable.i16, i16 %height"   --->   Operation 39 'read' 'height_read' <Predicate = true> <Delay = 0.00>
ST_1 : Operation 40 [1/1] (0.00ns)   --->   "%specinterface_ln0 = specinterface void @_ssdm_op_SpecInterface, i16 %bayerPhase_c9, void @ap_fifo_str, i32 0, i32 0, void @p_str, i32 0, i32 0, void @p_str, void @p_str, void @p_str, i32 2, i32 2, i32 16, i32 16, void @p_str, void @ScalarProp_str, i32 4294967295, i32 0"   --->   Operation 40 'specinterface' 'specinterface_ln0' <Predicate = true> <Delay = 0.00>
ST_1 : Operation 41 [1/1] (2.43ns)   --->   "%write_ln0 = write void @_ssdm_op_Write.ap_fifo.i16P0A, i16 %bayerPhase_c9, i16 %bayerPhase_read_1"   --->   Operation 41 'write' 'write_ln0' <Predicate = true> <Delay = 2.43> <CoreInst = "FIFO_SRL">   --->   Core 81 'FIFO_SRL' <Latency = 0> <II = 1> <Delay = 3.63> <Storage> <Opcode : 'read' 'write' 'nbread' 'nbwrite'> <Ports = 0> <Width = 16> <Depth = 2> <FIFO>
ST_1 : Operation 42 [1/1] (0.00ns)   --->   "%specinterface_ln0 = specinterface void @_ssdm_op_SpecInterface, i16 %width, void @ap_stable_str, i32 0, i32 0, void @p_str, i32 0, i32 0, void @p_str, void @p_str, void @p_str, i32 2, i32 2, i32 16, i32 16, void @p_str, void @p_str, i32 4294967295, i32 0"   --->   Operation 42 'specinterface' 'specinterface_ln0' <Predicate = true> <Delay = 0.00>
ST_1 : Operation 43 [1/1] (0.00ns)   --->   "%specinterface_ln0 = specinterface void @_ssdm_op_SpecInterface, i16 %height, void @ap_stable_str, i32 0, i32 0, void @p_str, i32 0, i32 0, void @p_str, void @p_str, void @p_str, i32 2, i32 2, i32 16, i32 16, void @p_str, void @p_str, i32 4294967295, i32 0"   --->   Operation 43 'specinterface' 'specinterface_ln0' <Predicate = true> <Delay = 0.00>
ST_1 : Operation 44 [1/1] (0.00ns)   --->   "%specinterface_ln0 = specinterface void @_ssdm_op_SpecInterface, i120 %imgG, void @empty_24, i32 0, i32 0, void @empty_15, i32 0, i32 0, void @empty_15, void @empty_15, void @empty_15, i32 0, i32 0, i32 0, i32 0, void @empty_15, void @empty_15, i32 4294967295, i32 0"   --->   Operation 44 'specinterface' 'specinterface_ln0' <Predicate = true> <Delay = 0.00>
ST_1 : Operation 45 [1/1] (0.00ns)   --->   "%specinterface_ln0 = specinterface void @_ssdm_op_SpecInterface, i40 %imgBayer, void @empty_24, i32 0, i32 0, void @empty_15, i32 0, i32 0, void @empty_15, void @empty_15, void @empty_15, i32 0, i32 0, i32 0, i32 0, void @empty_15, void @empty_15, i32 4294967295, i32 0"   --->   Operation 45 'specinterface' 'specinterface_ln0' <Predicate = true> <Delay = 0.00>
ST_1 : Operation 46 [1/1] (0.00ns)   --->   "%linebuf_yuv = alloca i64 1" [D:/Project2023/SG-Extended/ZyboOrg/hw/hw.runs/system_v_demosaic_0_0_synth_1/prj/sol/.autopilot/db/v_demosaic.cpp:283]   --->   Operation 46 'alloca' 'linebuf_yuv' <Predicate = true> <Delay = 0.00>
ST_1 : Operation 47 [1/1] (0.00ns)   --->   "%linebuf_yuv_1 = alloca i64 1" [D:/Project2023/SG-Extended/ZyboOrg/hw/hw.runs/system_v_demosaic_0_0_synth_1/prj/sol/.autopilot/db/v_demosaic.cpp:283]   --->   Operation 47 'alloca' 'linebuf_yuv_1' <Predicate = true> <Delay = 0.00>
ST_1 : Operation 48 [1/1] (0.00ns)   --->   "%linebuf_yuv_2 = alloca i64 1" [D:/Project2023/SG-Extended/ZyboOrg/hw/hw.runs/system_v_demosaic_0_0_synth_1/prj/sol/.autopilot/db/v_demosaic.cpp:283]   --->   Operation 48 'alloca' 'linebuf_yuv_2' <Predicate = true> <Delay = 0.00>
ST_1 : Operation 49 [1/1] (0.00ns)   --->   "%linebuf_yuv_3 = alloca i64 1" [D:/Project2023/SG-Extended/ZyboOrg/hw/hw.runs/system_v_demosaic_0_0_synth_1/prj/sol/.autopilot/db/v_demosaic.cpp:283]   --->   Operation 49 'alloca' 'linebuf_yuv_3' <Predicate = true> <Delay = 0.00>
ST_1 : Operation 50 [1/1] (0.00ns)   --->   "%zext_ln274 = zext i16 %height_read" [D:/Project2023/SG-Extended/ZyboOrg/hw/hw.runs/system_v_demosaic_0_0_synth_1/prj/sol/.autopilot/db/v_demosaic.cpp:274]   --->   Operation 50 'zext' 'zext_ln274' <Predicate = true> <Delay = 0.00>
ST_1 : Operation 51 [1/1] (2.07ns)   --->   "%loopHeight = add i17 %zext_ln274, i17 2" [D:/Project2023/SG-Extended/ZyboOrg/hw/hw.runs/system_v_demosaic_0_0_synth_1/prj/sol/.autopilot/db/v_demosaic.cpp:274]   --->   Operation 51 'add' 'loopHeight' <Predicate = true> <Delay = 2.07> <CoreInst = "Adder">   --->   Core 1 'Adder' <Latency = 0> <II = 1> <Delay = 2.07> <FuncUnit> <Opcode : 'add' 'sub'> <InPorts = 2> <OutPorts = 1>
ST_1 : Operation 52 [1/1] (0.00ns)   --->   "%zext_ln283 = zext i16 %width_read" [D:/Project2023/SG-Extended/ZyboOrg/hw/hw.runs/system_v_demosaic_0_0_synth_1/prj/sol/.autopilot/db/v_demosaic.cpp:283]   --->   Operation 52 'zext' 'zext_ln283' <Predicate = true> <Delay = 0.00>
ST_1 : Operation 53 [1/1] (0.00ns)   --->   "%x_phase = trunc i16 %bayerPhase_read_1" [D:/Project2023/SG-Extended/ZyboOrg/hw/hw.runs/system_v_demosaic_0_0_synth_1/prj/sol/.autopilot/db/v_demosaic.cpp:293]   --->   Operation 53 'trunc' 'x_phase' <Predicate = true> <Delay = 0.00>
ST_1 : Operation 54 [1/1] (0.00ns)   --->   "%trunc_ln293_1 = partselect i15 @_ssdm_op_PartSelect.i15.i16.i32.i32, i16 %bayerPhase_read_1, i32 1, i32 15" [D:/Project2023/SG-Extended/ZyboOrg/hw/hw.runs/system_v_demosaic_0_0_synth_1/prj/sol/.autopilot/db/v_demosaic.cpp:293]   --->   Operation 54 'partselect' 'trunc_ln293_1' <Predicate = true> <Delay = 0.00>
ST_1 : Operation 55 [1/1] (0.00ns)   --->   "%zext_ln294 = zext i1 %x_phase" [D:/Project2023/SG-Extended/ZyboOrg/hw/hw.runs/system_v_demosaic_0_0_synth_1/prj/sol/.autopilot/db/v_demosaic.cpp:294]   --->   Operation 55 'zext' 'zext_ln294' <Predicate = true> <Delay = 0.00>
ST_1 : Operation 56 [1/1] (2.07ns)   --->   "%add_ln315 = add i17 %zext_ln283, i17 3" [D:/Project2023/SG-Extended/ZyboOrg/hw/hw.runs/system_v_demosaic_0_0_synth_1/prj/sol/.autopilot/db/v_demosaic.cpp:315]   --->   Operation 56 'add' 'add_ln315' <Predicate = true> <Delay = 2.07> <CoreInst = "Adder">   --->   Core 1 'Adder' <Latency = 0> <II = 1> <Delay = 2.07> <FuncUnit> <Opcode : 'add' 'sub'> <InPorts = 2> <OutPorts = 1>
ST_1 : Operation 57 [1/1] (0.00ns)   --->   "%trunc_ln = partselect i15 @_ssdm_op_PartSelect.i15.i17.i32.i32, i17 %add_ln315, i32 2, i32 16" [D:/Project2023/SG-Extended/ZyboOrg/hw/hw.runs/system_v_demosaic_0_0_synth_1/prj/sol/.autopilot/db/v_demosaic.cpp:315]   --->   Operation 57 'partselect' 'trunc_ln' <Predicate = true> <Delay = 0.00>
ST_1 : Operation 58 [1/1] (1.94ns)   --->   "%add_ln315_1 = add i15 %trunc_ln, i15 1" [D:/Project2023/SG-Extended/ZyboOrg/hw/hw.runs/system_v_demosaic_0_0_synth_1/prj/sol/.autopilot/db/v_demosaic.cpp:315]   --->   Operation 58 'add' 'add_ln315_1' <Predicate = true> <Delay = 1.94> <CoreInst = "Adder">   --->   Core 1 'Adder' <Latency = 0> <II = 1> <Delay = 1.94> <FuncUnit> <Opcode : 'add' 'sub'> <InPorts = 2> <OutPorts = 1>
ST_1 : Operation 59 [1/1] (0.97ns)   --->   "%xor229_1 = xor i1 %x_phase, i1 1" [D:/Project2023/SG-Extended/ZyboOrg/hw/hw.runs/system_v_demosaic_0_0_synth_1/prj/sol/.autopilot/db/v_demosaic.cpp:293]   --->   Operation 59 'xor' 'xor229_1' <Predicate = true> <Delay = 0.97> <CoreInst = "LogicGate">   --->   Core 74 'LogicGate' <Latency = 0> <II = 1> <Delay = 0.97> <FuncUnit> <Opcode : 'and' 'or' 'xor'> <InPorts = 2> <OutPorts = 1>
ST_1 : Operation 60 [1/1] (0.00ns)   --->   "%xor229_1_cast = zext i1 %xor229_1" [D:/Project2023/SG-Extended/ZyboOrg/hw/hw.runs/system_v_demosaic_0_0_synth_1/prj/sol/.autopilot/db/v_demosaic.cpp:293]   --->   Operation 60 'zext' 'xor229_1_cast' <Predicate = true> <Delay = 0.00>
ST_1 : Operation 61 [1/1] (1.58ns)   --->   "%store_ln271 = store i17 0, i17 %y" [D:/Project2023/SG-Extended/ZyboOrg/hw/hw.runs/system_v_demosaic_0_0_synth_1/prj/sol/.autopilot/db/v_demosaic.cpp:271]   --->   Operation 61 'store' 'store_ln271' <Predicate = true> <Delay = 1.58>
ST_1 : Operation 62 [1/1] (0.00ns)   --->   "%br_ln315 = br void %VITIS_LOOP_318_4" [D:/Project2023/SG-Extended/ZyboOrg/hw/hw.runs/system_v_demosaic_0_0_synth_1/prj/sol/.autopilot/db/v_demosaic.cpp:315]   --->   Operation 62 'br' 'br_ln315' <Predicate = true> <Delay = 0.00>

State 2 <SV = 1> <Delay = 3.69>
ST_2 : Operation 63 [1/1] (0.00ns)   --->   "%y_7 = load i17 %y"   --->   Operation 63 'load' 'y_7' <Predicate = true> <Delay = 0.00>
ST_2 : Operation 64 [1/1] (2.10ns)   --->   "%icmp_ln315 = icmp_eq  i17 %y_7, i17 %loopHeight" [D:/Project2023/SG-Extended/ZyboOrg/hw/hw.runs/system_v_demosaic_0_0_synth_1/prj/sol/.autopilot/db/v_demosaic.cpp:315]   --->   Operation 64 'icmp' 'icmp_ln315' <Predicate = true> <Delay = 2.10> <CoreInst = "Cmp">   --->   Core 9 'Cmp' <Latency = 0> <II = 1> <Delay = 2.10> <FuncUnit> <Opcode : 'icmp'> <InPorts = 2> <OutPorts = 1>
ST_2 : Operation 65 [1/1] (2.10ns)   --->   "%y_8 = add i17 %y_7, i17 1" [D:/Project2023/SG-Extended/ZyboOrg/hw/hw.runs/system_v_demosaic_0_0_synth_1/prj/sol/.autopilot/db/v_demosaic.cpp:315]   --->   Operation 65 'add' 'y_8' <Predicate = true> <Delay = 2.10> <CoreInst = "Adder">   --->   Core 1 'Adder' <Latency = 0> <II = 1> <Delay = 2.10> <FuncUnit> <Opcode : 'add' 'sub'> <InPorts = 2> <OutPorts = 1>
ST_2 : Operation 66 [1/1] (0.00ns)   --->   "%br_ln315 = br i1 %icmp_ln315, void %VITIS_LOOP_318_4.split, void %for.end749" [D:/Project2023/SG-Extended/ZyboOrg/hw/hw.runs/system_v_demosaic_0_0_synth_1/prj/sol/.autopilot/db/v_demosaic.cpp:315]   --->   Operation 66 'br' 'br_ln315' <Predicate = true> <Delay = 0.00>
ST_2 : Operation 67 [1/1] (2.10ns)   --->   "%out_y = add i17 %y_7, i17 131070"   --->   Operation 67 'add' 'out_y' <Predicate = (!icmp_ln315)> <Delay = 2.10> <CoreInst = "Adder">   --->   Core 1 'Adder' <Latency = 0> <II = 1> <Delay = 2.10> <FuncUnit> <Opcode : 'add' 'sub'> <InPorts = 2> <OutPorts = 1>
ST_2 : Operation 68 [1/1] (0.00ns)   --->   "%empty = trunc i17 %out_y"   --->   Operation 68 'trunc' 'empty' <Predicate = (!icmp_ln315)> <Delay = 0.00>
ST_2 : Operation 69 [1/1] (2.10ns)   --->   "%cmp84 = icmp_ult  i17 %y_7, i17 %zext_ln274" [D:/Project2023/SG-Extended/ZyboOrg/hw/hw.runs/system_v_demosaic_0_0_synth_1/prj/sol/.autopilot/db/v_demosaic.cpp:274]   --->   Operation 69 'icmp' 'cmp84' <Predicate = (!icmp_ln315)> <Delay = 2.10> <CoreInst = "Cmp">   --->   Core 9 'Cmp' <Latency = 0> <II = 1> <Delay = 2.10> <FuncUnit> <Opcode : 'icmp'> <InPorts = 2> <OutPorts = 1>
ST_2 : Operation 70 [1/1] (2.10ns)   --->   "%cmp170 = icmp_ne  i17 %y_7, i17 0"   --->   Operation 70 'icmp' 'cmp170' <Predicate = (!icmp_ln315)> <Delay = 2.10> <CoreInst = "Cmp">   --->   Core 9 'Cmp' <Latency = 0> <II = 1> <Delay = 2.10> <FuncUnit> <Opcode : 'icmp'> <InPorts = 2> <OutPorts = 1>
ST_2 : Operation 71 [1/1] (0.00ns)   --->   "%empty_208 = wait i32 @_ssdm_op_Wait"   --->   Operation 71 'wait' 'empty_208' <Predicate = (!icmp_ln315)> <Delay = 0.00>
ST_2 : Operation 72 [1/1] (1.58ns)   --->   "%store_ln271 = store i17 %y_8, i17 %y" [D:/Project2023/SG-Extended/ZyboOrg/hw/hw.runs/system_v_demosaic_0_0_synth_1/prj/sol/.autopilot/db/v_demosaic.cpp:271]   --->   Operation 72 'store' 'store_ln271' <Predicate = (!icmp_ln315)> <Delay = 1.58>
ST_2 : Operation 73 [1/1] (0.00ns)   --->   "%ret_ln591 = ret" [D:/Project2023/SG-Extended/ZyboOrg/hw/hw.runs/system_v_demosaic_0_0_synth_1/prj/sol/.autopilot/db/v_demosaic.cpp:591]   --->   Operation 73 'ret' 'ret_ln591' <Predicate = (icmp_ln315)> <Delay = 0.00>

State 3 <SV = 2> <Delay = 2.93>
ST_3 : Operation 74 [1/1] (0.00ns)   --->   "%p_lcssa5490_load = load i10 %p_lcssa5490"   --->   Operation 74 'load' 'p_lcssa5490_load' <Predicate = true> <Delay = 0.00>
ST_3 : Operation 75 [1/1] (0.00ns)   --->   "%p_lcssa54535492_load = load i10 %p_lcssa54535492"   --->   Operation 75 'load' 'p_lcssa54535492_load' <Predicate = true> <Delay = 0.00>
ST_3 : Operation 76 [1/1] (0.00ns)   --->   "%p_lcssa54575494_load = load i10 %p_lcssa54575494"   --->   Operation 76 'load' 'p_lcssa54575494_load' <Predicate = true> <Delay = 0.00>
ST_3 : Operation 77 [1/1] (0.00ns)   --->   "%p_lcssa54595496_load = load i10 %p_lcssa54595496"   --->   Operation 77 'load' 'p_lcssa54595496_load' <Predicate = true> <Delay = 0.00>
ST_3 : Operation 78 [1/1] (0.00ns)   --->   "%p_lcssa54635498_load = load i10 %p_lcssa54635498"   --->   Operation 78 'load' 'p_lcssa54635498_load' <Predicate = true> <Delay = 0.00>
ST_3 : Operation 79 [1/1] (0.00ns)   --->   "%p_lcssa54655500_load = load i10 %p_lcssa54655500"   --->   Operation 79 'load' 'p_lcssa54655500_load' <Predicate = true> <Delay = 0.00>
ST_3 : Operation 80 [1/1] (0.00ns)   --->   "%p_lcssa54695502_load = load i10 %p_lcssa54695502"   --->   Operation 80 'load' 'p_lcssa54695502_load' <Predicate = true> <Delay = 0.00>
ST_3 : Operation 81 [1/1] (0.00ns)   --->   "%p_lcssa54715504_load = load i10 %p_lcssa54715504"   --->   Operation 81 'load' 'p_lcssa54715504_load' <Predicate = true> <Delay = 0.00>
ST_3 : Operation 82 [1/1] (0.00ns)   --->   "%p_lcssa54755506_load = load i10 %p_lcssa54755506"   --->   Operation 82 'load' 'p_lcssa54755506_load' <Predicate = true> <Delay = 0.00>
ST_3 : Operation 83 [1/1] (0.00ns)   --->   "%p_lcssa54775508_load = load i10 %p_lcssa54775508"   --->   Operation 83 'load' 'p_lcssa54775508_load' <Predicate = true> <Delay = 0.00>
ST_3 : Operation 84 [1/1] (0.00ns)   --->   "%bayerWindow_load = load i10 %bayerWindow"   --->   Operation 84 'load' 'bayerWindow_load' <Predicate = true> <Delay = 0.00>
ST_3 : Operation 85 [1/1] (0.00ns)   --->   "%bayerWindow_1_load = load i10 %bayerWindow_1"   --->   Operation 85 'load' 'bayerWindow_1_load' <Predicate = true> <Delay = 0.00>
ST_3 : Operation 86 [1/1] (0.00ns)   --->   "%bayerWindow_2_load = load i10 %bayerWindow_2"   --->   Operation 86 'load' 'bayerWindow_2_load' <Predicate = true> <Delay = 0.00>
ST_3 : Operation 87 [1/1] (0.00ns)   --->   "%bayerWindow_4_load = load i10 %bayerWindow_4"   --->   Operation 87 'load' 'bayerWindow_4_load' <Predicate = true> <Delay = 0.00>
ST_3 : Operation 88 [1/1] (0.00ns)   --->   "%bayerWindow_5_load = load i10 %bayerWindow_5"   --->   Operation 88 'load' 'bayerWindow_5_load' <Predicate = true> <Delay = 0.00>
ST_3 : Operation 89 [1/1] (0.00ns)   --->   "%bayerWindow_6_load = load i10 %bayerWindow_6"   --->   Operation 89 'load' 'bayerWindow_6_load' <Predicate = true> <Delay = 0.00>
ST_3 : Operation 90 [1/1] (0.00ns)   --->   "%bayerWindow_8_load = load i10 %bayerWindow_8"   --->   Operation 90 'load' 'bayerWindow_8_load' <Predicate = true> <Delay = 0.00>
ST_3 : Operation 91 [1/1] (0.00ns)   --->   "%bayerWindow_9_load = load i10 %bayerWindow_9"   --->   Operation 91 'load' 'bayerWindow_9_load' <Predicate = true> <Delay = 0.00>
ST_3 : Operation 92 [1/1] (0.00ns)   --->   "%bayerWindow_10_load = load i10 %bayerWindow_10"   --->   Operation 92 'load' 'bayerWindow_10_load' <Predicate = true> <Delay = 0.00>
ST_3 : Operation 93 [1/1] (0.00ns)   --->   "%bayerWindow_12_load = load i10 %bayerWindow_12"   --->   Operation 93 'load' 'bayerWindow_12_load' <Predicate = true> <Delay = 0.00>
ST_3 : Operation 94 [1/1] (0.00ns)   --->   "%bayerWindow_13_load = load i10 %bayerWindow_13"   --->   Operation 94 'load' 'bayerWindow_13_load' <Predicate = true> <Delay = 0.00>
ST_3 : Operation 95 [1/1] (0.00ns)   --->   "%bayerWindow_14_load = load i10 %bayerWindow_14"   --->   Operation 95 'load' 'bayerWindow_14_load' <Predicate = true> <Delay = 0.00>
ST_3 : Operation 96 [1/1] (0.00ns)   --->   "%bayerWindow_16_load = load i10 %bayerWindow_16"   --->   Operation 96 'load' 'bayerWindow_16_load' <Predicate = true> <Delay = 0.00>
ST_3 : Operation 97 [1/1] (0.00ns)   --->   "%bayerWindow_17_load = load i10 %bayerWindow_17"   --->   Operation 97 'load' 'bayerWindow_17_load' <Predicate = true> <Delay = 0.00>
ST_3 : Operation 98 [1/1] (0.00ns)   --->   "%bayerWindow_18_load = load i10 %bayerWindow_18"   --->   Operation 98 'load' 'bayerWindow_18_load' <Predicate = true> <Delay = 0.00>
ST_3 : Operation 99 [1/1] (0.00ns)   --->   "%pixBuf_load = load i10 %pixBuf"   --->   Operation 99 'load' 'pixBuf_load' <Predicate = true> <Delay = 0.00>
ST_3 : Operation 100 [1/1] (0.00ns)   --->   "%pixBuf_195_load = load i10 %pixBuf_195"   --->   Operation 100 'load' 'pixBuf_195_load' <Predicate = true> <Delay = 0.00>
ST_3 : Operation 101 [1/1] (0.00ns)   --->   "%pixBuf_196_load = load i10 %pixBuf_196"   --->   Operation 101 'load' 'pixBuf_196_load' <Predicate = true> <Delay = 0.00>
ST_3 : Operation 102 [1/1] (0.00ns)   --->   "%pixBuf_197_load = load i10 %pixBuf_197"   --->   Operation 102 'load' 'pixBuf_197_load' <Predicate = true> <Delay = 0.00>
ST_3 : Operation 103 [1/1] (0.00ns)   --->   "%pixBuf_198_load = load i10 %pixBuf_198"   --->   Operation 103 'load' 'pixBuf_198_load' <Predicate = true> <Delay = 0.00>
ST_3 : Operation 104 [1/1] (0.00ns)   --->   "%and226_cast = zext i1 %empty"   --->   Operation 104 'zext' 'and226_cast' <Predicate = true> <Delay = 0.00>
ST_3 : Operation 105 [1/1] (0.99ns)   --->   "%xor = xor i15 %trunc_ln293_1, i15 %and226_cast" [D:/Project2023/SG-Extended/ZyboOrg/hw/hw.runs/system_v_demosaic_0_0_synth_1/prj/sol/.autopilot/db/v_demosaic.cpp:293]   --->   Operation 105 'xor' 'xor' <Predicate = true> <Delay = 0.99> <CoreInst = "LogicGate">   --->   Core 74 'LogicGate' <Latency = 0> <II = 1> <Delay = 0.99> <FuncUnit> <Opcode : 'and' 'or' 'xor'> <InPorts = 2> <OutPorts = 1>
ST_3 : Operation 106 [1/1] (1.94ns)   --->   "%cmp689 = icmp_eq  i15 %and226_cast, i15 %trunc_ln293_1" [D:/Project2023/SG-Extended/ZyboOrg/hw/hw.runs/system_v_demosaic_0_0_synth_1/prj/sol/.autopilot/db/v_demosaic.cpp:293]   --->   Operation 106 'icmp' 'cmp689' <Predicate = true> <Delay = 1.94> <CoreInst = "Cmp">   --->   Core 9 'Cmp' <Latency = 0> <II = 1> <Delay = 1.94> <FuncUnit> <Opcode : 'icmp'> <InPorts = 2> <OutPorts = 1>
ST_3 : Operation 107 [1/1] (1.94ns)   --->   "%cmp230 = icmp_ne  i15 %xor, i15 %zext_ln294" [D:/Project2023/SG-Extended/ZyboOrg/hw/hw.runs/system_v_demosaic_0_0_synth_1/prj/sol/.autopilot/db/v_demosaic.cpp:293]   --->   Operation 107 'icmp' 'cmp230' <Predicate = true> <Delay = 1.94> <CoreInst = "Cmp">   --->   Core 9 'Cmp' <Latency = 0> <II = 1> <Delay = 1.94> <FuncUnit> <Opcode : 'icmp'> <InPorts = 2> <OutPorts = 1>
ST_3 : Operation 108 [1/1] (1.94ns)   --->   "%cmp230_1 = icmp_ne  i15 %xor, i15 %xor229_1_cast" [D:/Project2023/SG-Extended/ZyboOrg/hw/hw.runs/system_v_demosaic_0_0_synth_1/prj/sol/.autopilot/db/v_demosaic.cpp:293]   --->   Operation 108 'icmp' 'cmp230_1' <Predicate = true> <Delay = 1.94> <CoreInst = "Cmp">   --->   Core 9 'Cmp' <Latency = 0> <II = 1> <Delay = 1.94> <FuncUnit> <Opcode : 'icmp'> <InPorts = 2> <OutPorts = 1>

State 4 <SV = 3> <Delay = 3.53>
ST_4 : Operation 109 [2/2] (3.53ns)   --->   "%call_ln315 = call void @DebayerG_Pipeline_VITIS_LOOP_318_4, i10 %pixBuf_198_load, i10 %pixBuf_197_load, i10 %pixBuf_196_load, i10 %pixBuf_195_load, i10 %pixBuf_load, i10 %bayerWindow_18_load, i10 %bayerWindow_17_load, i10 %bayerWindow_16_load, i10 %bayerWindow_14_load, i10 %bayerWindow_13_load, i10 %bayerWindow_12_load, i10 %bayerWindow_10_load, i10 %bayerWindow_9_load, i10 %bayerWindow_8_load, i10 %bayerWindow_6_load, i10 %bayerWindow_5_load, i10 %bayerWindow_4_load, i10 %bayerWindow_2_load, i10 %bayerWindow_1_load, i10 %bayerWindow_load, i10 %p_lcssa54775508_load, i10 %p_lcssa54755506_load, i10 %p_lcssa54715504_load, i10 %p_lcssa54695502_load, i10 %p_lcssa54655500_load, i10 %p_lcssa54635498_load, i10 %p_lcssa54595496_load, i10 %p_lcssa54575494_load, i10 %p_lcssa54535492_load, i10 %p_lcssa5490_load, i15 %add_ln315_1, i120 %imgG, i17 %out_y, i1 %cmp689, i1 %cmp230_1, i1 %cmp230, i40 %linebuf_yuv_3, i40 %linebuf_yuv_2, i40 %linebuf_yuv_1, i40 %linebuf_yuv, i16 %width_read, i1 %cmp170, i1 %cmp84, i40 %imgBayer, i10 %pixBuf_198, i10 %pixBuf_197, i10 %pixBuf_196, i10 %pixBuf_195, i10 %pixBuf, i10 %bayerWindow_18, i10 %bayerWindow_17, i10 %bayerWindow_16, i10 %bayerWindow_14, i10 %bayerWindow_13, i10 %bayerWindow_12, i10 %bayerWindow_10, i10 %bayerWindow_9, i10 %bayerWindow_8, i10 %bayerWindow_6, i10 %bayerWindow_5, i10 %bayerWindow_4, i10 %bayerWindow_2, i10 %bayerWindow_1, i10 %bayerWindow, i10 %p_lcssa54775508, i10 %p_lcssa54755506, i10 %p_lcssa54715504, i10 %p_lcssa54695502, i10 %p_lcssa54655500, i10 %p_lcssa54635498, i10 %p_lcssa54595496, i10 %p_lcssa54575494, i10 %p_lcssa54535492, i10 %p_lcssa5490, i10 %DIV1_TABLE, i18 %DIV2_TABLE" [D:/Project2023/SG-Extended/ZyboOrg/hw/hw.runs/system_v_demosaic_0_0_synth_1/prj/sol/.autopilot/db/v_demosaic.cpp:315]   --->   Operation 109 'call' 'call_ln315' <Predicate = true> <Delay = 3.53> <CoreType = "Generic">   --->   Core 0 '' <Latency = 0> <II = 1> <Delay = 1.00> <Generic> <Opcode : >

State 5 <SV = 4> <Delay = 0.00>
ST_5 : Operation 110 [1/1] (0.00ns)   --->   "%speclooptripcount_ln277 = speclooptripcount void @_ssdm_op_SpecLoopTripCount, i64 2, i64 65537, i64 32769" [D:/Project2023/SG-Extended/ZyboOrg/hw/hw.runs/system_v_demosaic_0_0_synth_1/prj/sol/.autopilot/db/v_demosaic.cpp:277]   --->   Operation 110 'speclooptripcount' 'speclooptripcount_ln277' <Predicate = true> <Delay = 0.00>
ST_5 : Operation 111 [1/1] (0.00ns)   --->   "%specloopname_ln315 = specloopname void @_ssdm_op_SpecLoopName, void @empty_9" [D:/Project2023/SG-Extended/ZyboOrg/hw/hw.runs/system_v_demosaic_0_0_synth_1/prj/sol/.autopilot/db/v_demosaic.cpp:315]   --->   Operation 111 'specloopname' 'specloopname_ln315' <Predicate = true> <Delay = 0.00>
ST_5 : Operation 112 [1/2] (0.00ns)   --->   "%call_ln315 = call void @DebayerG_Pipeline_VITIS_LOOP_318_4, i10 %pixBuf_198_load, i10 %pixBuf_197_load, i10 %pixBuf_196_load, i10 %pixBuf_195_load, i10 %pixBuf_load, i10 %bayerWindow_18_load, i10 %bayerWindow_17_load, i10 %bayerWindow_16_load, i10 %bayerWindow_14_load, i10 %bayerWindow_13_load, i10 %bayerWindow_12_load, i10 %bayerWindow_10_load, i10 %bayerWindow_9_load, i10 %bayerWindow_8_load, i10 %bayerWindow_6_load, i10 %bayerWindow_5_load, i10 %bayerWindow_4_load, i10 %bayerWindow_2_load, i10 %bayerWindow_1_load, i10 %bayerWindow_load, i10 %p_lcssa54775508_load, i10 %p_lcssa54755506_load, i10 %p_lcssa54715504_load, i10 %p_lcssa54695502_load, i10 %p_lcssa54655500_load, i10 %p_lcssa54635498_load, i10 %p_lcssa54595496_load, i10 %p_lcssa54575494_load, i10 %p_lcssa54535492_load, i10 %p_lcssa5490_load, i15 %add_ln315_1, i120 %imgG, i17 %out_y, i1 %cmp689, i1 %cmp230_1, i1 %cmp230, i40 %linebuf_yuv_3, i40 %linebuf_yuv_2, i40 %linebuf_yuv_1, i40 %linebuf_yuv, i16 %width_read, i1 %cmp170, i1 %cmp84, i40 %imgBayer, i10 %pixBuf_198, i10 %pixBuf_197, i10 %pixBuf_196, i10 %pixBuf_195, i10 %pixBuf, i10 %bayerWindow_18, i10 %bayerWindow_17, i10 %bayerWindow_16, i10 %bayerWindow_14, i10 %bayerWindow_13, i10 %bayerWindow_12, i10 %bayerWindow_10, i10 %bayerWindow_9, i10 %bayerWindow_8, i10 %bayerWindow_6, i10 %bayerWindow_5, i10 %bayerWindow_4, i10 %bayerWindow_2, i10 %bayerWindow_1, i10 %bayerWindow, i10 %p_lcssa54775508, i10 %p_lcssa54755506, i10 %p_lcssa54715504, i10 %p_lcssa54695502, i10 %p_lcssa54655500, i10 %p_lcssa54635498, i10 %p_lcssa54595496, i10 %p_lcssa54575494, i10 %p_lcssa54535492, i10 %p_lcssa5490, i10 %DIV1_TABLE, i18 %DIV2_TABLE" [D:/Project2023/SG-Extended/ZyboOrg/hw/hw.runs/system_v_demosaic_0_0_synth_1/prj/sol/.autopilot/db/v_demosaic.cpp:315]   --->   Operation 112 'call' 'call_ln315' <Predicate = true> <Delay = 0.00> <CoreType = "Generic">   --->   Core 0 '' <Latency = 0> <II = 1> <Delay = 1.00> <Generic> <Opcode : >
ST_5 : Operation 113 [1/1] (0.00ns)   --->   "%br_ln315 = br void %VITIS_LOOP_318_4" [D:/Project2023/SG-Extended/ZyboOrg/hw/hw.runs/system_v_demosaic_0_0_synth_1/prj/sol/.autopilot/db/v_demosaic.cpp:315]   --->   Operation 113 'br' 'br_ln315' <Predicate = true> <Delay = 0.00>


============================================================
+ Verbose Summary: Timing violations
============================================================
Target clock period: 6.667ns, clock uncertainty: 1.800ns.

 <State 1>: 4.021ns
The critical path consists of the following:
	wire read operation ('width_read') on port 'width' [41]  (0.000 ns)
	'add' operation 17 bit ('add_ln315', D:/Project2023/SG-Extended/ZyboOrg/hw/hw.runs/system_v_demosaic_0_0_synth_1/prj/sol/.autopilot/db/v_demosaic.cpp:315) [59]  (2.077 ns)
	'add' operation 15 bit ('add_ln315_1', D:/Project2023/SG-Extended/ZyboOrg/hw/hw.runs/system_v_demosaic_0_0_synth_1/prj/sol/.autopilot/db/v_demosaic.cpp:315) [61]  (1.944 ns)

 <State 2>: 3.695ns
The critical path consists of the following:
	'load' operation 17 bit ('y') on local variable 'y', D:/Project2023/SG-Extended/ZyboOrg/hw/hw.runs/system_v_demosaic_0_0_synth_1/prj/sol/.autopilot/db/v_demosaic.cpp:271 [67]  (0.000 ns)
	'icmp' operation 1 bit ('icmp_ln315', D:/Project2023/SG-Extended/ZyboOrg/hw/hw.runs/system_v_demosaic_0_0_synth_1/prj/sol/.autopilot/db/v_demosaic.cpp:315) [68]  (2.107 ns)
	'store' operation 0 bit ('store_ln271', D:/Project2023/SG-Extended/ZyboOrg/hw/hw.runs/system_v_demosaic_0_0_synth_1/prj/sol/.autopilot/db/v_demosaic.cpp:271) of variable 'y', D:/Project2023/SG-Extended/ZyboOrg/hw/hw.runs/system_v_demosaic_0_0_synth_1/prj/sol/.autopilot/db/v_demosaic.cpp:315 on local variable 'y', D:/Project2023/SG-Extended/ZyboOrg/hw/hw.runs/system_v_demosaic_0_0_synth_1/prj/sol/.autopilot/db/v_demosaic.cpp:271 [115]  (1.588 ns)

 <State 3>: 2.934ns
The critical path consists of the following:
	'xor' operation 15 bit ('xor', D:/Project2023/SG-Extended/ZyboOrg/hw/hw.runs/system_v_demosaic_0_0_synth_1/prj/sol/.autopilot/db/v_demosaic.cpp:293) [107]  (0.990 ns)
	'icmp' operation 1 bit ('cmp230', D:/Project2023/SG-Extended/ZyboOrg/hw/hw.runs/system_v_demosaic_0_0_synth_1/prj/sol/.autopilot/db/v_demosaic.cpp:293) [111]  (1.944 ns)

 <State 4>: 3.532ns
The critical path consists of the following:
	'call' operation 0 bit ('call_ln315', D:/Project2023/SG-Extended/ZyboOrg/hw/hw.runs/system_v_demosaic_0_0_synth_1/prj/sol/.autopilot/db/v_demosaic.cpp:315) to 'DebayerG_Pipeline_VITIS_LOOP_318_4' [114]  (3.532 ns)

 <State 5>: 0.000ns
The critical path consists of the following:


============================================================
+ Verbose Summary: Binding
============================================================
N/A
* FSMD analyzer results:
  - Output states:
 - Input state : 
  - Chain level:
	State 1
	State 2
	State 3
	State 4
	State 5


============================================================
+ Verbose Summary: Datapath Resource usage 
============================================================
N/A
