

================================================================
== Vitis HLS Report for 'Debayer'
================================================================
* Date:           Wed Nov  8 15:31:07 2023

* Version:        2023.2 (Build 4023990 on Oct 11 2023)
* Project:        prj
* Solution:       sol (Vivado IP Flow Target)
* Product family: zynq
* Target device:  xc7z020-clg400-1


================================================================
== Performance Estimates
================================================================
+ Timing: 
    * Summary: 
    +--------+---------+----------+------------+
    |  Clock |  Target | Estimated| Uncertainty|
    +--------+---------+----------+------------+
    |ap_clk  |  6.67 ns|  5.283 ns|     1.80 ns|
    +--------+---------+----------+------------+

+ Latency: 
    * Summary: 
    +---------+------------+----------+-----------+-----+------------+----------+
    |   Latency (cycles)   |  Latency (absolute)  |     Interval     | Pipeline |
    |   min   |     max    |    min   |    max    | min |     max    |   Type   |
    +---------+------------+----------+-----------+-----+------------+----------+
    |    16466|  1075855393|  0.110 ms|  7.173 sec|   66|  1075855394|  dataflow|
    +---------+------------+----------+-----------+-----+------------+----------+

    + Detail: 
        * Instance: 
        +------------------------------+-------------------+---------+------------+-----------+-----------+-----+------------+---------+
        |                              |                   |   Latency (cycles)   |   Latency (absolute)  |     Interval     | Pipeline|
        |           Instance           |       Module      |   min   |     max    |    min    |    max    | min |     max    |   Type  |
        +------------------------------+-------------------+---------+------------+-----------+-----------+-----+------------+---------+
        |grp_DebayerG_fu_94            |DebayerG           |       65|  1075855393|   0.433 us|  7.173 sec|   65|  1075855393|       no|
        |grp_DebayerRatBorBatR_fu_111  |DebayerRatBorBatR  |       17|      140597|   0.113 us|   0.937 ms|   17|      140597|       no|
        |grp_DebayerRandBatG_fu_121    |DebayerRandBatG    |       14|      138434|  93.338 ns|   0.923 ms|   14|      138434|       no|
        +------------------------------+-------------------+---------+------------+-----------+-----------+-----+------------+---------+

        * Loop: 
        N/A

============================================================
+ Verbose Summary: Synthesis Manager
============================================================
InlineROM: 1
ExposeGlobal: 0
============================================================
+ Verbose Summary: CDFG Model
============================================================
IsTopModel: 0
ResetActiveHigh: 1
IsCombinational: 2
IsDatapathOnly: 0
HasWiredReturn: 1
HasMFsm: 0
HasVarLatency: 1
IsPipeline: 0
IsRtlPipelined: 0
IsInstanceOverlapped: 0
IsDontTouch: 0
HasImplIP: 0
IsGatedGlobalClock: 0


============================================================
+ Verbose Summary: Schedule
============================================================
* Number of FSM states : 7
* Pipeline : 0
* Dataflow Pipeline: 1
  DF-Pipeline-0: Size = 7, States = { 1 2 3 4 5 6 7 }

* FSM state transitions: 
1 --> 2 
2 --> 3 
3 --> 4 
4 --> 5 
5 --> 6 
6 --> 7 
7 --> 

* FSM state operations: 

State 1 <SV = 0> <Delay = 2.43>
ST_1 : Operation 8 [1/1] (2.43ns)   --->   "%bayerPhase_read_2 = read i16 @_ssdm_op_Read.ap_auto.i16, i16 %bayerPhase_read" [D:/Project2023/SG-Extended/ZyboOrg/hw/hw.runs/system_v_demosaic_0_0_synth_1/prj/sol/.autopilot/db/v_demosaic.cpp:1070]   --->   Operation 8 'read' 'bayerPhase_read_2' <Predicate = true> <Delay = 2.43> <CoreInst = "FIFO_SRL">   --->   Core 81 'FIFO_SRL' <Latency = 0> <II = 1> <Delay = 3.63> <Storage> <Opcode : 'read' 'write' 'nbread' 'nbwrite'> <Ports = 0> <Width = -1> <Depth = -1> <FIFO>
ST_1 : Operation 9 [1/1] (0.00ns)   --->   "%bayerPhase_c9 = alloca i64 1" [D:/Project2023/SG-Extended/ZyboOrg/hw/hw.runs/system_v_demosaic_0_0_synth_1/prj/sol/.autopilot/db/v_demosaic.cpp:1070]   --->   Operation 9 'alloca' 'bayerPhase_c9' <Predicate = true> <Delay = 0.00> <CoreInst = "FIFO_SRL">   --->   Core 81 'FIFO_SRL' <Latency = 0> <II = 1> <Delay = 3.63> <Storage> <Opcode : 'read' 'write' 'nbread' 'nbwrite'> <Ports = 0> <Width = 16> <Depth = 2> <FIFO>
ST_1 : Operation 10 [1/1] (0.00ns)   --->   "%bayerPhase_c = alloca i64 1" [D:/Project2023/SG-Extended/ZyboOrg/hw/hw.runs/system_v_demosaic_0_0_synth_1/prj/sol/.autopilot/db/v_demosaic.cpp:1070]   --->   Operation 10 'alloca' 'bayerPhase_c' <Predicate = true> <Delay = 0.00> <CoreInst = "FIFO_SRL">   --->   Core 81 'FIFO_SRL' <Latency = 0> <II = 1> <Delay = 3.63> <Storage> <Opcode : 'read' 'write' 'nbread' 'nbwrite'> <Ports = 0> <Width = 16> <Depth = 2> <FIFO>
ST_1 : Operation 11 [1/1] (0.00ns)   --->   "%imgG = alloca i64 1"   --->   Operation 11 'alloca' 'imgG' <Predicate = true> <Delay = 0.00> <CoreInst = "FIFO_SRL">   --->   Core 81 'FIFO_SRL' <Latency = 0> <II = 1> <Delay = 3.63> <Storage> <Opcode : 'read' 'write' 'nbread' 'nbwrite'> <Ports = 0> <Width = 120> <Depth = 2> <FIFO>
ST_1 : Operation 12 [1/1] (0.00ns)   --->   "%imgRB = alloca i64 1"   --->   Operation 12 'alloca' 'imgRB' <Predicate = true> <Delay = 0.00> <CoreInst = "FIFO_SRL">   --->   Core 81 'FIFO_SRL' <Latency = 0> <II = 1> <Delay = 3.63> <Storage> <Opcode : 'read' 'write' 'nbread' 'nbwrite'> <Ports = 0> <Width = 120> <Depth = 2> <FIFO>

State 2 <SV = 1> <Delay = 4.02>
ST_2 : Operation 13 [1/1] (0.00ns)   --->   "%width_read = read i16 @_ssdm_op_Read.ap_stable.i16, i16 %width" [D:/Project2023/SG-Extended/ZyboOrg/hw/hw.runs/system_v_demosaic_0_0_synth_1/prj/sol/.autopilot/db/v_demosaic.cpp:1070]   --->   Operation 13 'read' 'width_read' <Predicate = true> <Delay = 0.00>
ST_2 : Operation 14 [1/1] (0.00ns)   --->   "%height_read = read i16 @_ssdm_op_Read.ap_stable.i16, i16 %height" [D:/Project2023/SG-Extended/ZyboOrg/hw/hw.runs/system_v_demosaic_0_0_synth_1/prj/sol/.autopilot/db/v_demosaic.cpp:1070]   --->   Operation 14 'read' 'height_read' <Predicate = true> <Delay = 0.00>
ST_2 : Operation 15 [1/1] (0.00ns)   --->   "%trunc_ln1070 = trunc i16 %width_read" [D:/Project2023/SG-Extended/ZyboOrg/hw/hw.runs/system_v_demosaic_0_0_synth_1/prj/sol/.autopilot/db/v_demosaic.cpp:1070]   --->   Operation 15 'trunc' 'trunc_ln1070' <Predicate = true> <Delay = 0.00>
ST_2 : Operation 16 [1/1] (0.00ns)   --->   "%trunc_ln1070_1 = trunc i16 %height_read" [D:/Project2023/SG-Extended/ZyboOrg/hw/hw.runs/system_v_demosaic_0_0_synth_1/prj/sol/.autopilot/db/v_demosaic.cpp:1070]   --->   Operation 16 'trunc' 'trunc_ln1070_1' <Predicate = true> <Delay = 0.00>
ST_2 : Operation 17 [2/2] (4.02ns)   --->   "%call_ln1071 = call void @DebayerG, i40 %imgBayer, i120 %imgG, i16 %height_read, i16 %width_read, i16 %bayerPhase_read_2, i16 %bayerPhase_c9, i10 %DIV1_TABLE, i18 %DIV2_TABLE" [D:/Project2023/SG-Extended/ZyboOrg/hw/hw.runs/system_v_demosaic_0_0_synth_1/prj/sol/.autopilot/db/v_demosaic.cpp:1071]   --->   Operation 17 'call' 'call_ln1071' <Predicate = true> <Delay = 4.02> <CoreType = "Generic">   --->   Core 0 '' <Latency = 0> <II = 1> <Delay = 1.00> <Generic> <Opcode : >

State 3 <SV = 2> <Delay = 0.00>
ST_3 : Operation 18 [1/2] (0.00ns)   --->   "%call_ln1071 = call void @DebayerG, i40 %imgBayer, i120 %imgG, i16 %height_read, i16 %width_read, i16 %bayerPhase_read_2, i16 %bayerPhase_c9, i10 %DIV1_TABLE, i18 %DIV2_TABLE" [D:/Project2023/SG-Extended/ZyboOrg/hw/hw.runs/system_v_demosaic_0_0_synth_1/prj/sol/.autopilot/db/v_demosaic.cpp:1071]   --->   Operation 18 'call' 'call_ln1071' <Predicate = true> <Delay = 0.00> <CoreType = "Generic">   --->   Core 0 '' <Latency = 0> <II = 1> <Delay = 1.00> <Generic> <Opcode : >

State 4 <SV = 3> <Delay = 4.16>
ST_4 : Operation 19 [2/2] (4.16ns)   --->   "%call_ln1072 = call void @DebayerRatBorBatR, i120 %imgG, i120 %imgRB, i10 %trunc_ln1070_1, i10 %trunc_ln1070, i16 %bayerPhase_c9, i16 %bayerPhase_c" [D:/Project2023/SG-Extended/ZyboOrg/hw/hw.runs/system_v_demosaic_0_0_synth_1/prj/sol/.autopilot/db/v_demosaic.cpp:1072]   --->   Operation 19 'call' 'call_ln1072' <Predicate = true> <Delay = 4.16> <CoreType = "Generic">   --->   Core 0 '' <Latency = 0> <II = 1> <Delay = 1.00> <Generic> <Opcode : >

State 5 <SV = 4> <Delay = 0.00>
ST_5 : Operation 20 [1/2] (0.00ns)   --->   "%call_ln1072 = call void @DebayerRatBorBatR, i120 %imgG, i120 %imgRB, i10 %trunc_ln1070_1, i10 %trunc_ln1070, i16 %bayerPhase_c9, i16 %bayerPhase_c" [D:/Project2023/SG-Extended/ZyboOrg/hw/hw.runs/system_v_demosaic_0_0_synth_1/prj/sol/.autopilot/db/v_demosaic.cpp:1072]   --->   Operation 20 'call' 'call_ln1072' <Predicate = true> <Delay = 0.00> <CoreType = "Generic">   --->   Core 0 '' <Latency = 0> <II = 1> <Delay = 1.00> <Generic> <Opcode : >

State 6 <SV = 5> <Delay = 4.16>
ST_6 : Operation 21 [2/2] (4.16ns)   --->   "%call_ln1073 = call void @DebayerRandBatG, i120 %imgRB, i120 %imgRgb, i10 %trunc_ln1070_1, i10 %trunc_ln1070, i16 %bayerPhase_c" [D:/Project2023/SG-Extended/ZyboOrg/hw/hw.runs/system_v_demosaic_0_0_synth_1/prj/sol/.autopilot/db/v_demosaic.cpp:1073]   --->   Operation 21 'call' 'call_ln1073' <Predicate = true> <Delay = 4.16> <CoreType = "Generic">   --->   Core 0 '' <Latency = 0> <II = 1> <Delay = 1.00> <Generic> <Opcode : >

State 7 <SV = 6> <Delay = 0.00>
ST_7 : Operation 22 [1/1] (0.00ns)   --->   "%empty = specchannel i32 @_ssdm_op_SpecChannel, void @bayerPhase_c9_str, i32 1, void @p_str, void @p_str, i32 2, i32 0, i16 %bayerPhase_c9, i16 %bayerPhase_c9" [D:/Project2023/SG-Extended/ZyboOrg/hw/hw.runs/system_v_demosaic_0_0_synth_1/prj/sol/.autopilot/db/v_demosaic.cpp:1070]   --->   Operation 22 'specchannel' 'empty' <Predicate = true> <Delay = 0.00>
ST_7 : Operation 23 [1/1] (0.00ns)   --->   "%specinterface_ln1070 = specinterface void @_ssdm_op_SpecInterface, i16 %bayerPhase_c9, void @ap_fifo_str, i32 0, i32 0, void @p_str, i32 0, i32 0, void @p_str, void @p_str, void @p_str, i32 2, i32 2, i32 16, i32 16, void @p_str, void @p_str, i32 4294967295, i32 0" [D:/Project2023/SG-Extended/ZyboOrg/hw/hw.runs/system_v_demosaic_0_0_synth_1/prj/sol/.autopilot/db/v_demosaic.cpp:1070]   --->   Operation 23 'specinterface' 'specinterface_ln1070' <Predicate = true> <Delay = 0.00>
ST_7 : Operation 24 [1/1] (0.00ns)   --->   "%empty_209 = specchannel i32 @_ssdm_op_SpecChannel, void @bayerPhase_c_str, i32 1, void @p_str, void @p_str, i32 2, i32 0, i16 %bayerPhase_c, i16 %bayerPhase_c" [D:/Project2023/SG-Extended/ZyboOrg/hw/hw.runs/system_v_demosaic_0_0_synth_1/prj/sol/.autopilot/db/v_demosaic.cpp:1070]   --->   Operation 24 'specchannel' 'empty_209' <Predicate = true> <Delay = 0.00>
ST_7 : Operation 25 [1/1] (0.00ns)   --->   "%specinterface_ln1070 = specinterface void @_ssdm_op_SpecInterface, i16 %bayerPhase_c, void @ap_fifo_str, i32 0, i32 0, void @p_str, i32 0, i32 0, void @p_str, void @p_str, void @p_str, i32 2, i32 2, i32 16, i32 16, void @p_str, void @p_str, i32 4294967295, i32 0" [D:/Project2023/SG-Extended/ZyboOrg/hw/hw.runs/system_v_demosaic_0_0_synth_1/prj/sol/.autopilot/db/v_demosaic.cpp:1070]   --->   Operation 25 'specinterface' 'specinterface_ln1070' <Predicate = true> <Delay = 0.00>
ST_7 : Operation 26 [1/1] (0.00ns)   --->   "%specdataflowpipeline_ln1070 = specdataflowpipeline void @_ssdm_op_SpecDataflowPipeline, i32 4294967295, i32 0, void @empty_15" [D:/Project2023/SG-Extended/ZyboOrg/hw/hw.runs/system_v_demosaic_0_0_synth_1/prj/sol/.autopilot/db/v_demosaic.cpp:1070]   --->   Operation 26 'specdataflowpipeline' 'specdataflowpipeline_ln1070' <Predicate = true> <Delay = 0.00>
ST_7 : Operation 27 [1/1] (0.00ns)   --->   "%specinterface_ln0 = specinterface void @_ssdm_op_SpecInterface, i16 %width, void @ap_stable_str, i32 0, i32 0, void @p_str, i32 0, i32 0, void @p_str, void @p_str, void @p_str, i32 2, i32 2, i32 16, i32 16, void @p_str, void @p_str, i32 4294967295, i32 0"   --->   Operation 27 'specinterface' 'specinterface_ln0' <Predicate = true> <Delay = 0.00>
ST_7 : Operation 28 [1/1] (0.00ns)   --->   "%specinterface_ln0 = specinterface void @_ssdm_op_SpecInterface, i16 %height, void @ap_stable_str, i32 0, i32 0, void @p_str, i32 0, i32 0, void @p_str, void @p_str, void @p_str, i32 2, i32 2, i32 16, i32 16, void @p_str, void @p_str, i32 4294967295, i32 0"   --->   Operation 28 'specinterface' 'specinterface_ln0' <Predicate = true> <Delay = 0.00>
ST_7 : Operation 29 [1/1] (0.00ns)   --->   "%specinterface_ln0 = specinterface void @_ssdm_op_SpecInterface, i120 %imgRgb, void @empty_24, i32 0, i32 0, void @empty_15, i32 0, i32 0, void @empty_15, void @empty_15, void @empty_15, i32 0, i32 0, i32 0, i32 0, void @empty_15, void @empty_15, i32 4294967295, i32 0"   --->   Operation 29 'specinterface' 'specinterface_ln0' <Predicate = true> <Delay = 0.00>
ST_7 : Operation 30 [1/1] (0.00ns)   --->   "%specinterface_ln0 = specinterface void @_ssdm_op_SpecInterface, i40 %imgBayer, void @empty_24, i32 0, i32 0, void @empty_15, i32 0, i32 0, void @empty_15, void @empty_15, void @empty_15, i32 0, i32 0, i32 0, i32 0, void @empty_15, void @empty_15, i32 4294967295, i32 0"   --->   Operation 30 'specinterface' 'specinterface_ln0' <Predicate = true> <Delay = 0.00>
ST_7 : Operation 31 [1/1] (0.00ns)   --->   "%empty_210 = specchannel i32 @_ssdm_op_SpecChannel, void @imgG_str, i32 1, void @p_str, void @p_str, i32 2, i32 2, i120 %imgG, i120 %imgG"   --->   Operation 31 'specchannel' 'empty_210' <Predicate = true> <Delay = 0.00>
ST_7 : Operation 32 [1/1] (0.00ns)   --->   "%specinterface_ln0 = specinterface void @_ssdm_op_SpecInterface, i120 %imgG, void @empty_24, i32 0, i32 0, void @empty_15, i32 0, i32 0, void @empty_15, void @empty_15, void @empty_15, i32 0, i32 0, i32 0, i32 0, void @empty_15, void @empty_15, i32 4294967295, i32 0"   --->   Operation 32 'specinterface' 'specinterface_ln0' <Predicate = true> <Delay = 0.00>
ST_7 : Operation 33 [1/1] (0.00ns)   --->   "%empty_211 = specchannel i32 @_ssdm_op_SpecChannel, void @imgRB_str, i32 1, void @p_str, void @p_str, i32 2, i32 2, i120 %imgRB, i120 %imgRB"   --->   Operation 33 'specchannel' 'empty_211' <Predicate = true> <Delay = 0.00>
ST_7 : Operation 34 [1/1] (0.00ns)   --->   "%specinterface_ln0 = specinterface void @_ssdm_op_SpecInterface, i120 %imgRB, void @empty_24, i32 0, i32 0, void @empty_15, i32 0, i32 0, void @empty_15, void @empty_15, void @empty_15, i32 0, i32 0, i32 0, i32 0, void @empty_15, void @empty_15, i32 4294967295, i32 0"   --->   Operation 34 'specinterface' 'specinterface_ln0' <Predicate = true> <Delay = 0.00>
ST_7 : Operation 35 [1/2] (0.00ns)   --->   "%call_ln1073 = call void @DebayerRandBatG, i120 %imgRB, i120 %imgRgb, i10 %trunc_ln1070_1, i10 %trunc_ln1070, i16 %bayerPhase_c" [D:/Project2023/SG-Extended/ZyboOrg/hw/hw.runs/system_v_demosaic_0_0_synth_1/prj/sol/.autopilot/db/v_demosaic.cpp:1073]   --->   Operation 35 'call' 'call_ln1073' <Predicate = true> <Delay = 0.00> <CoreType = "Generic">   --->   Core 0 '' <Latency = 0> <II = 1> <Delay = 1.00> <Generic> <Opcode : >
ST_7 : Operation 36 [1/1] (0.00ns)   --->   "%ret_ln1074 = ret" [D:/Project2023/SG-Extended/ZyboOrg/hw/hw.runs/system_v_demosaic_0_0_synth_1/prj/sol/.autopilot/db/v_demosaic.cpp:1074]   --->   Operation 36 'ret' 'ret_ln1074' <Predicate = true> <Delay = 0.00>


============================================================
+ Verbose Summary: Binding
============================================================
STG Binding: 
---------------- STG Properties BEGIN ----------------
- Is combinational: 0
- Is one-state seq: 0
- Is datapath-only: 0
- Is pipelined: 0
- Is top level: 0
Port [ Return ] is wired: 1; IO mode=ap_ctrl_hs:ce=0
Port [ imgBayer]:  wired=1; compound=1; hidden=0; nouse=0; global=0; static=0; extern=0; dir=0; type=3; pingpong=0; private_global=0; IO mode=ap_fifo:ce=0
Port [ imgRgb]:  wired=1; compound=1; hidden=0; nouse=0; global=0; static=0; extern=0; dir=1; type=3; pingpong=0; private_global=0; IO mode=ap_fifo:ce=0
Port [ height]:  wired=1; compound=0; hidden=0; nouse=0; global=0; static=0; extern=0; dir=0; type=0; pingpong=0; private_global=0; IO mode=ap_stable:ce=0
Port [ width]:  wired=1; compound=0; hidden=0; nouse=0; global=0; static=0; extern=0; dir=0; type=0; pingpong=0; private_global=0; IO mode=ap_stable:ce=0
Port [ bayerPhase_read]:  wired=1; compound=0; hidden=0; nouse=0; global=0; static=0; extern=0; dir=0; type=0; pingpong=0; private_global=0; IO mode=ap_none:ce=0
Port [ DIV1_TABLE]:  wired=0; compound=1; hidden=1; nouse=1; global=1; static=1; extern=0; dir=0; type=1; pingpong=0; private_global=0; MemPort=[1111111111111111]; IO mode=ap_memory:ce=0
Port [ DIV2_TABLE]:  wired=0; compound=1; hidden=1; nouse=1; global=1; static=1; extern=0; dir=0; type=1; pingpong=0; private_global=0; MemPort=[1111]; IO mode=ap_memory:ce=0
---------------- STG Properties END ------------------

---------------- Datapath Model BEGIN ----------------

<LifeTime>
<method=bitvector/>
bayerPhase_read_2           (read                ) [ 00110000]
bayerPhase_c9               (alloca              ) [ 00111111]
bayerPhase_c                (alloca              ) [ 00111111]
imgG                        (alloca              ) [ 00111111]
imgRB                       (alloca              ) [ 00111111]
width_read                  (read                ) [ 00010000]
height_read                 (read                ) [ 00010000]
trunc_ln1070                (trunc               ) [ 00011111]
trunc_ln1070_1              (trunc               ) [ 00011111]
call_ln1071                 (call                ) [ 00000000]
call_ln1072                 (call                ) [ 00000000]
empty                       (specchannel         ) [ 00000000]
specinterface_ln1070        (specinterface       ) [ 00000000]
empty_209                   (specchannel         ) [ 00000000]
specinterface_ln1070        (specinterface       ) [ 00000000]
specdataflowpipeline_ln1070 (specdataflowpipeline) [ 00000000]
specinterface_ln0           (specinterface       ) [ 00000000]
specinterface_ln0           (specinterface       ) [ 00000000]
specinterface_ln0           (specinterface       ) [ 00000000]
specinterface_ln0           (specinterface       ) [ 00000000]
empty_210                   (specchannel         ) [ 00000000]
specinterface_ln0           (specinterface       ) [ 00000000]
empty_211                   (specchannel         ) [ 00000000]
specinterface_ln0           (specinterface       ) [ 00000000]
call_ln1073                 (call                ) [ 00000000]
ret_ln1074                  (ret                 ) [ 00000000]
</LifeTime>

<model>

<comp_list>
<comp id="0" class="1000" name="imgBayer">
<pin_list>
<pin id="1" dir="1" index="0" bw="1" slack="0"/>
</pin_list>
<bind>
<StgValue><ssdm name="imgBayer"/></StgValue>
</bind>
</comp>

<comp id="2" class="1000" name="imgRgb">
<pin_list>
<pin id="3" dir="1" index="0" bw="1" slack="0"/>
</pin_list>
<bind>
<StgValue><ssdm name="imgRgb"/></StgValue>
</bind>
</comp>

<comp id="4" class="1000" name="height">
<pin_list>
<pin id="5" dir="1" index="0" bw="1" slack="0"/>
</pin_list>
<bind>
<StgValue><ssdm name="height"/></StgValue>
</bind>
</comp>

<comp id="6" class="1000" name="width">
<pin_list>
<pin id="7" dir="1" index="0" bw="1" slack="0"/>
</pin_list>
<bind>
<StgValue><ssdm name="width"/></StgValue>
</bind>
</comp>

<comp id="8" class="1000" name="bayerPhase_read">
<pin_list>
<pin id="9" dir="1" index="0" bw="1" slack="0"/>
</pin_list>
<bind>
<StgValue><ssdm name="bayerPhase_read"/></StgValue>
</bind>
</comp>

<comp id="10" class="1000" name="DIV1_TABLE">
<pin_list>
<pin id="11" dir="1" index="0" bw="1" slack="0"/>
</pin_list>
<bind>
<StgValue><ssdm name="DIV1_TABLE"/><MemPortTyVec>1 1 1 1 1 1 1 1 1 1 1 1 1 1 1 1 </MemPortTyVec>
</StgValue>
</bind>
</comp>

<comp id="12" class="1000" name="DIV2_TABLE">
<pin_list>
<pin id="13" dir="1" index="0" bw="1" slack="0"/>
</pin_list>
<bind>
<StgValue><ssdm name="DIV2_TABLE"/><MemPortTyVec>1 1 1 1 </MemPortTyVec>
</StgValue>
</bind>
</comp>

<comp id="14" class="1001" name="const_14">
<pin_list>
<pin id="15" dir="1" index="0" bw="1" slack="0"/>
</pin_list>
<bind>
<StgValue><ssdm name="_ssdm_op_Read.ap_auto.i16"/></StgValue>
</bind>
</comp>

<comp id="16" class="1001" name="const_16">
<pin_list>
<pin id="17" dir="1" index="0" bw="1" slack="0"/>
</pin_list>
<bind>
<StgValue><ssdm name=""/></StgValue>
</bind>
</comp>

<comp id="18" class="1001" name="const_18">
<pin_list>
<pin id="19" dir="1" index="0" bw="1" slack="0"/>
</pin_list>
<bind>
<StgValue><ssdm name="_ssdm_op_Read.ap_stable.i16"/></StgValue>
</bind>
</comp>

<comp id="20" class="1001" name="const_20">
<pin_list>
<pin id="21" dir="1" index="0" bw="1" slack="0"/>
</pin_list>
<bind>
<StgValue><ssdm name="DebayerG"/></StgValue>
</bind>
</comp>

<comp id="22" class="1001" name="const_22">
<pin_list>
<pin id="23" dir="1" index="0" bw="1" slack="0"/>
</pin_list>
<bind>
<StgValue><ssdm name="DebayerRatBorBatR"/></StgValue>
</bind>
</comp>

<comp id="24" class="1001" name="const_24">
<pin_list>
<pin id="25" dir="1" index="0" bw="1" slack="0"/>
</pin_list>
<bind>
<StgValue><ssdm name="DebayerRandBatG"/></StgValue>
</bind>
</comp>

<comp id="26" class="1001" name="const_26">
<pin_list>
<pin id="27" dir="1" index="0" bw="1" slack="2147483647"/>
</pin_list>
<bind>
<StgValue><ssdm name="_ssdm_op_SpecChannel"/></StgValue>
</bind>
</comp>

<comp id="28" class="1001" name="const_28">
<pin_list>
<pin id="29" dir="1" index="0" bw="1" slack="2147483647"/>
</pin_list>
<bind>
<StgValue><ssdm name="bayerPhase_c9_str"/></StgValue>
</bind>
</comp>

<comp id="30" class="1001" name="const_30">
<pin_list>
<pin id="31" dir="1" index="0" bw="1" slack="2147483647"/>
</pin_list>
<bind>
<StgValue><ssdm name=""/></StgValue>
</bind>
</comp>

<comp id="32" class="1001" name="const_32">
<pin_list>
<pin id="33" dir="1" index="0" bw="1" slack="2147483647"/>
</pin_list>
<bind>
<StgValue><ssdm name="p_str"/></StgValue>
</bind>
</comp>

<comp id="34" class="1001" name="const_34">
<pin_list>
<pin id="35" dir="1" index="0" bw="1" slack="2147483647"/>
</pin_list>
<bind>
<StgValue><ssdm name=""/></StgValue>
</bind>
</comp>

<comp id="36" class="1001" name="const_36">
<pin_list>
<pin id="37" dir="1" index="0" bw="1" slack="2147483647"/>
</pin_list>
<bind>
<StgValue><ssdm name=""/></StgValue>
</bind>
</comp>

<comp id="38" class="1001" name="const_38">
<pin_list>
<pin id="39" dir="1" index="0" bw="1" slack="2147483647"/>
</pin_list>
<bind>
<StgValue><ssdm name="_ssdm_op_SpecInterface"/></StgValue>
</bind>
</comp>

<comp id="40" class="1001" name="const_40">
<pin_list>
<pin id="41" dir="1" index="0" bw="1" slack="2147483647"/>
</pin_list>
<bind>
<StgValue><ssdm name="ap_fifo_str"/></StgValue>
</bind>
</comp>

<comp id="42" class="1001" name="const_42">
<pin_list>
<pin id="43" dir="1" index="0" bw="1" slack="2147483647"/>
</pin_list>
<bind>
<StgValue><ssdm name=""/></StgValue>
</bind>
</comp>

<comp id="44" class="1001" name="const_44">
<pin_list>
<pin id="45" dir="1" index="0" bw="1" slack="2147483647"/>
</pin_list>
<bind>
<StgValue><ssdm name=""/></StgValue>
</bind>
</comp>

<comp id="46" class="1001" name="const_46">
<pin_list>
<pin id="47" dir="1" index="0" bw="1" slack="2147483647"/>
</pin_list>
<bind>
<StgValue><ssdm name="bayerPhase_c_str"/></StgValue>
</bind>
</comp>

<comp id="48" class="1001" name="const_48">
<pin_list>
<pin id="49" dir="1" index="0" bw="1" slack="2147483647"/>
</pin_list>
<bind>
<StgValue><ssdm name="_ssdm_op_SpecDataflowPipeline"/></StgValue>
</bind>
</comp>

<comp id="50" class="1001" name="const_50">
<pin_list>
<pin id="51" dir="1" index="0" bw="1" slack="2147483647"/>
</pin_list>
<bind>
<StgValue><ssdm name="empty_15"/></StgValue>
</bind>
</comp>

<comp id="52" class="1001" name="const_52">
<pin_list>
<pin id="53" dir="1" index="0" bw="1" slack="2147483647"/>
</pin_list>
<bind>
<StgValue><ssdm name="ap_stable_str"/></StgValue>
</bind>
</comp>

<comp id="54" class="1001" name="const_54">
<pin_list>
<pin id="55" dir="1" index="0" bw="1" slack="2147483647"/>
</pin_list>
<bind>
<StgValue><ssdm name="empty_24"/></StgValue>
</bind>
</comp>

<comp id="56" class="1001" name="const_56">
<pin_list>
<pin id="57" dir="1" index="0" bw="1" slack="2147483647"/>
</pin_list>
<bind>
<StgValue><ssdm name="imgG_str"/></StgValue>
</bind>
</comp>

<comp id="58" class="1001" name="const_58">
<pin_list>
<pin id="59" dir="1" index="0" bw="1" slack="2147483647"/>
</pin_list>
<bind>
<StgValue><ssdm name="imgRB_str"/></StgValue>
</bind>
</comp>

<comp id="60" class="1004" name="bayerPhase_c9_fu_60">
<pin_list>
<pin id="61" dir="0" index="0" bw="1" slack="0"/>
<pin id="62" dir="1" index="1" bw="16" slack="1"/>
</pin_list>
<bind>
<opcode="alloca(26) " fcode="alloca"/>
<opset="bayerPhase_c9/1 "/>
</bind>
</comp>

<comp id="64" class="1004" name="bayerPhase_c_fu_64">
<pin_list>
<pin id="65" dir="0" index="0" bw="1" slack="0"/>
<pin id="66" dir="1" index="1" bw="16" slack="3"/>
</pin_list>
<bind>
<opcode="alloca(26) " fcode="alloca"/>
<opset="bayerPhase_c/1 "/>
</bind>
</comp>

<comp id="68" class="1004" name="imgG_fu_68">
<pin_list>
<pin id="69" dir="0" index="0" bw="1" slack="0"/>
<pin id="70" dir="1" index="1" bw="120" slack="1"/>
</pin_list>
<bind>
<opcode="alloca(26) " fcode="alloca"/>
<opset="imgG/1 "/>
</bind>
</comp>

<comp id="72" class="1004" name="imgRB_fu_72">
<pin_list>
<pin id="73" dir="0" index="0" bw="1" slack="0"/>
<pin id="74" dir="1" index="1" bw="120" slack="3"/>
</pin_list>
<bind>
<opcode="alloca(26) " fcode="alloca"/>
<opset="imgRB/1 "/>
</bind>
</comp>

<comp id="76" class="1004" name="bayerPhase_read_2_read_fu_76">
<pin_list>
<pin id="77" dir="0" index="0" bw="16" slack="0"/>
<pin id="78" dir="0" index="1" bw="16" slack="0"/>
<pin id="79" dir="1" index="2" bw="16" slack="1"/>
</pin_list>
<bind>
<opcode="read(1150) " fcode="read"/>
<opset="bayerPhase_read_2/1 "/>
</bind>
</comp>

<comp id="82" class="1004" name="width_read_read_fu_82">
<pin_list>
<pin id="83" dir="0" index="0" bw="16" slack="0"/>
<pin id="84" dir="0" index="1" bw="16" slack="0"/>
<pin id="85" dir="1" index="2" bw="16" slack="0"/>
</pin_list>
<bind>
<opcode="read(1150) " fcode="read"/>
<opset="width_read/2 "/>
</bind>
</comp>

<comp id="88" class="1004" name="height_read_read_fu_88">
<pin_list>
<pin id="89" dir="0" index="0" bw="16" slack="0"/>
<pin id="90" dir="0" index="1" bw="16" slack="0"/>
<pin id="91" dir="1" index="2" bw="16" slack="0"/>
</pin_list>
<bind>
<opcode="read(1150) " fcode="read"/>
<opset="height_read/2 "/>
</bind>
</comp>

<comp id="94" class="1004" name="grp_DebayerG_fu_94">
<pin_list>
<pin id="95" dir="0" index="0" bw="0" slack="0"/>
<pin id="96" dir="0" index="1" bw="40" slack="0"/>
<pin id="97" dir="0" index="2" bw="120" slack="1"/>
<pin id="98" dir="0" index="3" bw="16" slack="0"/>
<pin id="99" dir="0" index="4" bw="16" slack="0"/>
<pin id="100" dir="0" index="5" bw="16" slack="1"/>
<pin id="101" dir="0" index="6" bw="16" slack="1"/>
<pin id="102" dir="0" index="7" bw="10" slack="0"/>
<pin id="103" dir="0" index="8" bw="18" slack="0"/>
<pin id="104" dir="1" index="9" bw="0" slack="2147483647"/>
</pin_list>
<bind>
<opcode="call(48) " fcode="call"/>
<opset="call_ln1071/2 "/>
</bind>
</comp>

<comp id="111" class="1004" name="grp_DebayerRatBorBatR_fu_111">
<pin_list>
<pin id="112" dir="0" index="0" bw="0" slack="0"/>
<pin id="113" dir="0" index="1" bw="120" slack="3"/>
<pin id="114" dir="0" index="2" bw="120" slack="3"/>
<pin id="115" dir="0" index="3" bw="10" slack="2"/>
<pin id="116" dir="0" index="4" bw="10" slack="2"/>
<pin id="117" dir="0" index="5" bw="16" slack="3"/>
<pin id="118" dir="0" index="6" bw="16" slack="3"/>
<pin id="119" dir="1" index="7" bw="0" slack="2147483647"/>
</pin_list>
<bind>
<opcode="call(48) " fcode="call"/>
<opset="call_ln1072/4 "/>
</bind>
</comp>

<comp id="121" class="1004" name="grp_DebayerRandBatG_fu_121">
<pin_list>
<pin id="122" dir="0" index="0" bw="0" slack="0"/>
<pin id="123" dir="0" index="1" bw="120" slack="5"/>
<pin id="124" dir="0" index="2" bw="120" slack="0"/>
<pin id="125" dir="0" index="3" bw="10" slack="4"/>
<pin id="126" dir="0" index="4" bw="10" slack="4"/>
<pin id="127" dir="0" index="5" bw="16" slack="5"/>
<pin id="128" dir="1" index="6" bw="0" slack="2147483647"/>
</pin_list>
<bind>
<opcode="call(48) " fcode="call"/>
<opset="call_ln1073/6 "/>
</bind>
</comp>

<comp id="131" class="1004" name="trunc_ln1070_fu_131">
<pin_list>
<pin id="132" dir="0" index="0" bw="16" slack="0"/>
<pin id="133" dir="1" index="1" bw="10" slack="2"/>
</pin_list>
<bind>
<opcode="trunc(33) " fcode="trunc"/>
<opset="trunc_ln1070/2 "/>
</bind>
</comp>

<comp id="135" class="1004" name="trunc_ln1070_1_fu_135">
<pin_list>
<pin id="136" dir="0" index="0" bw="16" slack="0"/>
<pin id="137" dir="1" index="1" bw="10" slack="2"/>
</pin_list>
<bind>
<opcode="trunc(33) " fcode="trunc"/>
<opset="trunc_ln1070_1/2 "/>
</bind>
</comp>

<comp id="139" class="1005" name="bayerPhase_read_2_reg_139">
<pin_list>
<pin id="140" dir="0" index="0" bw="16" slack="1"/>
<pin id="141" dir="1" index="1" bw="16" slack="1"/>
</pin_list>
<bind>
<opset="bayerPhase_read_2 "/>
</bind>
</comp>

<comp id="144" class="1005" name="bayerPhase_c9_reg_144">
<pin_list>
<pin id="145" dir="0" index="0" bw="16" slack="1"/>
<pin id="146" dir="1" index="1" bw="16" slack="1"/>
</pin_list>
<bind>
<opset="bayerPhase_c9 "/>
</bind>
</comp>

<comp id="150" class="1005" name="bayerPhase_c_reg_150">
<pin_list>
<pin id="151" dir="0" index="0" bw="16" slack="3"/>
<pin id="152" dir="1" index="1" bw="16" slack="3"/>
</pin_list>
<bind>
<opset="bayerPhase_c "/>
</bind>
</comp>

<comp id="156" class="1005" name="imgG_reg_156">
<pin_list>
<pin id="157" dir="0" index="0" bw="120" slack="1"/>
<pin id="158" dir="1" index="1" bw="120" slack="1"/>
</pin_list>
<bind>
<opset="imgG "/>
</bind>
</comp>

<comp id="162" class="1005" name="imgRB_reg_162">
<pin_list>
<pin id="163" dir="0" index="0" bw="120" slack="3"/>
<pin id="164" dir="1" index="1" bw="120" slack="3"/>
</pin_list>
<bind>
<opset="imgRB "/>
</bind>
</comp>

<comp id="168" class="1005" name="width_read_reg_168">
<pin_list>
<pin id="169" dir="0" index="0" bw="16" slack="1"/>
<pin id="170" dir="1" index="1" bw="16" slack="1"/>
</pin_list>
<bind>
<opset="width_read "/>
</bind>
</comp>

<comp id="173" class="1005" name="height_read_reg_173">
<pin_list>
<pin id="174" dir="0" index="0" bw="16" slack="1"/>
<pin id="175" dir="1" index="1" bw="16" slack="1"/>
</pin_list>
<bind>
<opset="height_read "/>
</bind>
</comp>

<comp id="178" class="1005" name="trunc_ln1070_reg_178">
<pin_list>
<pin id="179" dir="0" index="0" bw="10" slack="2"/>
<pin id="180" dir="1" index="1" bw="10" slack="2"/>
</pin_list>
<bind>
<opset="trunc_ln1070 "/>
</bind>
</comp>

<comp id="184" class="1005" name="trunc_ln1070_1_reg_184">
<pin_list>
<pin id="185" dir="0" index="0" bw="10" slack="2"/>
<pin id="186" dir="1" index="1" bw="10" slack="2"/>
</pin_list>
<bind>
<opset="trunc_ln1070_1 "/>
</bind>
</comp>

</comp_list>

<net_list>
<net id="63"><net_src comp="16" pin="0"/><net_sink comp="60" pin=0"/></net>

<net id="67"><net_src comp="16" pin="0"/><net_sink comp="64" pin=0"/></net>

<net id="71"><net_src comp="16" pin="0"/><net_sink comp="68" pin=0"/></net>

<net id="75"><net_src comp="16" pin="0"/><net_sink comp="72" pin=0"/></net>

<net id="80"><net_src comp="14" pin="0"/><net_sink comp="76" pin=0"/></net>

<net id="81"><net_src comp="8" pin="0"/><net_sink comp="76" pin=1"/></net>

<net id="86"><net_src comp="18" pin="0"/><net_sink comp="82" pin=0"/></net>

<net id="87"><net_src comp="6" pin="0"/><net_sink comp="82" pin=1"/></net>

<net id="92"><net_src comp="18" pin="0"/><net_sink comp="88" pin=0"/></net>

<net id="93"><net_src comp="4" pin="0"/><net_sink comp="88" pin=1"/></net>

<net id="105"><net_src comp="20" pin="0"/><net_sink comp="94" pin=0"/></net>

<net id="106"><net_src comp="0" pin="0"/><net_sink comp="94" pin=1"/></net>

<net id="107"><net_src comp="88" pin="2"/><net_sink comp="94" pin=3"/></net>

<net id="108"><net_src comp="82" pin="2"/><net_sink comp="94" pin=4"/></net>

<net id="109"><net_src comp="10" pin="0"/><net_sink comp="94" pin=7"/></net>

<net id="110"><net_src comp="12" pin="0"/><net_sink comp="94" pin=8"/></net>

<net id="120"><net_src comp="22" pin="0"/><net_sink comp="111" pin=0"/></net>

<net id="129"><net_src comp="24" pin="0"/><net_sink comp="121" pin=0"/></net>

<net id="130"><net_src comp="2" pin="0"/><net_sink comp="121" pin=2"/></net>

<net id="134"><net_src comp="82" pin="2"/><net_sink comp="131" pin=0"/></net>

<net id="138"><net_src comp="88" pin="2"/><net_sink comp="135" pin=0"/></net>

<net id="142"><net_src comp="76" pin="2"/><net_sink comp="139" pin=0"/></net>

<net id="143"><net_src comp="139" pin="1"/><net_sink comp="94" pin=5"/></net>

<net id="147"><net_src comp="60" pin="1"/><net_sink comp="144" pin=0"/></net>

<net id="148"><net_src comp="144" pin="1"/><net_sink comp="94" pin=6"/></net>

<net id="149"><net_src comp="144" pin="1"/><net_sink comp="111" pin=5"/></net>

<net id="153"><net_src comp="64" pin="1"/><net_sink comp="150" pin=0"/></net>

<net id="154"><net_src comp="150" pin="1"/><net_sink comp="111" pin=6"/></net>

<net id="155"><net_src comp="150" pin="1"/><net_sink comp="121" pin=5"/></net>

<net id="159"><net_src comp="68" pin="1"/><net_sink comp="156" pin=0"/></net>

<net id="160"><net_src comp="156" pin="1"/><net_sink comp="94" pin=2"/></net>

<net id="161"><net_src comp="156" pin="1"/><net_sink comp="111" pin=1"/></net>

<net id="165"><net_src comp="72" pin="1"/><net_sink comp="162" pin=0"/></net>

<net id="166"><net_src comp="162" pin="1"/><net_sink comp="111" pin=2"/></net>

<net id="167"><net_src comp="162" pin="1"/><net_sink comp="121" pin=1"/></net>

<net id="171"><net_src comp="82" pin="2"/><net_sink comp="168" pin=0"/></net>

<net id="172"><net_src comp="168" pin="1"/><net_sink comp="94" pin=4"/></net>

<net id="176"><net_src comp="88" pin="2"/><net_sink comp="173" pin=0"/></net>

<net id="177"><net_src comp="173" pin="1"/><net_sink comp="94" pin=3"/></net>

<net id="181"><net_src comp="131" pin="1"/><net_sink comp="178" pin=0"/></net>

<net id="182"><net_src comp="178" pin="1"/><net_sink comp="111" pin=4"/></net>

<net id="183"><net_src comp="178" pin="1"/><net_sink comp="121" pin=4"/></net>

<net id="187"><net_src comp="135" pin="1"/><net_sink comp="184" pin=0"/></net>

<net id="188"><net_src comp="184" pin="1"/><net_sink comp="111" pin=3"/></net>

<net id="189"><net_src comp="184" pin="1"/><net_sink comp="121" pin=3"/></net>

</net_list>

</model> 
---------------- Datapath Model END ------------------

* FSMD analyzer results:
  - Output states:
	Port: imgRgb | {6 7 }
 - Input state : 
	Port: Debayer : imgBayer | {2 3 }
	Port: Debayer : height | {2 }
	Port: Debayer : width | {2 }
	Port: Debayer : bayerPhase_read | {1 }
	Port: Debayer : DIV1_TABLE | {2 3 }
	Port: Debayer : DIV2_TABLE | {2 3 }
  - Chain level:
	State 1
	State 2
	State 3
	State 4
	State 5
	State 6
	State 7


============================================================
+ Verbose Summary: Datapath Resource usage 
============================================================

* Functional unit list:
|----------|------------------------------|---------|---------|---------|---------|---------|---------|
| Operation|        Functional Unit       |   BRAM  |   DSP   |  Delay  |    FF   |   LUT   |   URAM  |
|----------|------------------------------|---------|---------|---------|---------|---------|---------|
|          |      grp_DebayerG_fu_94      |    8    |    32   | 127.994 |  10143  |   8898  |    0    |
|   call   | grp_DebayerRatBorBatR_fu_111 |    8    |    0    |  3.176  |   4305  |   3048  |    0    |
|          |  grp_DebayerRandBatG_fu_121  |    8    |    0    |  3.176  |   4521  |   3578  |    0    |
|----------|------------------------------|---------|---------|---------|---------|---------|---------|
|          | bayerPhase_read_2_read_fu_76 |    0    |    0    |    0    |    0    |    0    |    0    |
|   read   |     width_read_read_fu_82    |    0    |    0    |    0    |    0    |    0    |    0    |
|          |    height_read_read_fu_88    |    0    |    0    |    0    |    0    |    0    |    0    |
|----------|------------------------------|---------|---------|---------|---------|---------|---------|
|   trunc  |      trunc_ln1070_fu_131     |    0    |    0    |    0    |    0    |    0    |    0    |
|          |     trunc_ln1070_1_fu_135    |    0    |    0    |    0    |    0    |    0    |    0    |
|----------|------------------------------|---------|---------|---------|---------|---------|---------|
|   Total  |                              |    24   |    32   | 134.346 |  18969  |  15524  |    0    |
|----------|------------------------------|---------|---------|---------|---------|---------|---------|

Memories:
N/A

* Register list:
+-------------------------+--------+
|                         |   FF   |
+-------------------------+--------+
|  bayerPhase_c9_reg_144  |   16   |
|   bayerPhase_c_reg_150  |   16   |
|bayerPhase_read_2_reg_139|   16   |
|   height_read_reg_173   |   16   |
|       imgG_reg_156      |   120  |
|      imgRB_reg_162      |   120  |
|  trunc_ln1070_1_reg_184 |   10   |
|   trunc_ln1070_reg_178  |   10   |
|    width_read_reg_168   |   16   |
+-------------------------+--------+
|          Total          |   340  |
+-------------------------+--------+

* Multiplexer (MUX) list: 
|--------------------|------|------|------|--------||---------||---------|
|        Comp        |  Pin | Size |  BW  | S x BW ||  Delay  ||   LUT   |
|--------------------|------|------|------|--------||---------||---------|
| grp_DebayerG_fu_94 |  p3  |   2  |  16  |   32   ||    9    |
| grp_DebayerG_fu_94 |  p4  |   2  |  16  |   32   ||    9    |
|--------------------|------|------|------|--------||---------||---------|
|        Total       |      |      |      |   64   ||  3.176  ||    18   |
|--------------------|------|------|------|--------||---------||---------|



* Summary:
+-----------+--------+--------+--------+--------+--------+--------+
|           |  BRAM  |   DSP  |  Delay |   FF   |   LUT  |  URAM  |
+-----------+--------+--------+--------+--------+--------+--------+
|  Function |   24   |   32   |   134  |  18969 |  15524 |    0   |
|   Memory  |    -   |    -   |    -   |    -   |    -   |    -   |
|Multiplexer|    -   |    -   |    3   |    -   |   18   |    -   |
|  Register |    -   |    -   |    -   |   340  |    -   |    -   |
+-----------+--------+--------+--------+--------+--------+--------+
|   Total   |   24   |   32   |   137  |  19309 |  15542 |    0   |
+-----------+--------+--------+--------+--------+--------+--------+
