

================================================================
== Vitis HLS Report for 'v_demosaic'
================================================================
* Date:           Wed Nov  8 15:31:09 2023

* Version:        2023.2 (Build 4023990 on Oct 11 2023)
* Project:        prj
* Solution:       sol (Vivado IP Flow Target)
* Product family: zynq
* Target device:  xc7z020-clg400-1


================================================================
== Performance Estimates
================================================================
+ Timing: 
    * Summary: 
    +--------+---------+----------+------------+
    |  Clock |  Target | Estimated| Uncertainty|
    +--------+---------+----------+------------+
    |ap_clk  |  6.67 ns|  6.091 ns|     1.80 ns|
    +--------+---------+----------+------------+

+ Latency: 
    * Summary: 
    +---------+---------+----------+----------+-----+-----+----------+
    |  Latency (cycles) |  Latency (absolute) |  Interval | Pipeline |
    |   min   |   max   |    min   |    max   | min | max |   Type   |
    +---------+---------+----------+----------+-----+-----+----------+
    |        ?|        ?|         ?|         ?|    ?|    ?|  dataflow|
    +---------+---------+----------+----------+-----+-----+----------+

    + Detail: 
        * Instance: 
        N/A

        * Loop: 
        N/A

============================================================
+ Verbose Summary: Synthesis Manager
============================================================
InlineROM: 1
ExposeGlobal: 0
============================================================
+ Verbose Summary: CDFG Model
============================================================
IsTopModel: 1
ResetActiveHigh: 1
IsCombinational: 2
IsDatapathOnly: 0
HasWiredReturn: 1
HasMFsm: 0
HasVarLatency: 1
IsPipeline: 0
IsRtlPipelined: 0
IsInstanceOverlapped: 0
IsDontTouch: 0
HasImplIP: 0
IsGatedGlobalClock: 0


============================================================
+ Verbose Summary: Schedule
============================================================
* Number of FSM states : 10
* Pipeline : 0
* Dataflow Pipeline: 1
  DF-Pipeline-0: Size = 10, States = { 1 2 3 4 5 6 7 8 9 10 }

* FSM state transitions: 
1 --> 2 
2 --> 3 
3 --> 4 
4 --> 5 
5 --> 6 
6 --> 7 
7 --> 8 
8 --> 9 
9 --> 10 
10 --> 

* FSM state operations: 

State 1 <SV = 0> <Delay = 0.00>
ST_1 : Operation 11 [1/1] (0.00ns)   --->   "%imgBayer = alloca i64 1"   --->   Operation 11 'alloca' 'imgBayer' <Predicate = true> <Delay = 0.00> <CoreInst = "FIFO_SRL">   --->   Core 81 'FIFO_SRL' <Latency = 0> <II = 1> <Delay = 3.63> <Storage> <Opcode : 'read' 'write' 'nbread' 'nbwrite'> <Ports = 0> <Width = 40> <Depth = 2> <FIFO>
ST_1 : Operation 12 [1/1] (0.00ns)   --->   "%imgRgb = alloca i64 1"   --->   Operation 12 'alloca' 'imgRgb' <Predicate = true> <Delay = 0.00> <CoreInst = "FIFO_SRL">   --->   Core 81 'FIFO_SRL' <Latency = 0> <II = 1> <Delay = 3.63> <Storage> <Opcode : 'read' 'write' 'nbread' 'nbwrite'> <Ports = 0> <Width = 120> <Depth = 2> <FIFO>
ST_1 : Operation 13 [1/1] (0.00ns)   --->   "%imgUnzip = alloca i64 1"   --->   Operation 13 'alloca' 'imgUnzip' <Predicate = true> <Delay = 0.00> <CoreInst = "FIFO_SRL">   --->   Core 81 'FIFO_SRL' <Latency = 0> <II = 1> <Delay = 3.63> <Storage> <Opcode : 'read' 'write' 'nbread' 'nbwrite'> <Ports = 0> <Width = 120> <Depth = 2> <FIFO>

State 2 <SV = 1> <Delay = 1.00>
ST_2 : Operation 14 [1/1] (1.00ns)   --->   "%height_read = read i16 @_ssdm_op_Read.ap_stable.i16, i16 %height"   --->   Operation 14 'read' 'height_read' <Predicate = true> <Delay = 1.00> <CoreInst = "s_axilite">   --->   Core 114 's_axilite' <Latency = 0> <II = 1> <Delay = 1.00> <Adapter> <Opcode : 'read' 'write'>
ST_2 : Operation 15 [1/1] (1.00ns)   --->   "%width_read = read i16 @_ssdm_op_Read.ap_stable.i16, i16 %width"   --->   Operation 15 'read' 'width_read' <Predicate = true> <Delay = 1.00> <CoreInst = "s_axilite">   --->   Core 114 's_axilite' <Latency = 0> <II = 1> <Delay = 1.00> <Adapter> <Opcode : 'read' 'write'>
ST_2 : Operation 16 [2/2] (0.00ns)   --->   "%call_ln115 = call void @AXIvideo2MultiBayer, i40 %s_axis_video_V_data_V, i5 %s_axis_video_V_keep_V, i5 %s_axis_video_V_strb_V, i1 %s_axis_video_V_user_V, i1 %s_axis_video_V_last_V, i1 %s_axis_video_V_id_V, i1 %s_axis_video_V_dest_V, i40 %imgBayer, i16 %height_read, i16 %width_read" [D:/Project2023/SG-Extended/ZyboOrg/hw/hw.runs/system_v_demosaic_0_0_synth_1/prj/sol/.autopilot/db/v_demosaic.cpp:115]   --->   Operation 16 'call' 'call_ln115' <Predicate = true> <Delay = 0.00> <CoreType = "Generic">   --->   Core 0 '' <Latency = 0> <II = 1> <Delay = 1.00> <Generic> <Opcode : >

State 3 <SV = 2> <Delay = 1.00>
ST_3 : Operation 17 [1/1] (1.00ns)   --->   "%bayer_phase_read = read i16 @_ssdm_op_Read.s_axilite.i16, i16 %bayer_phase"   --->   Operation 17 'read' 'bayer_phase_read' <Predicate = true> <Delay = 1.00> <CoreInst = "s_axilite">   --->   Core 114 's_axilite' <Latency = 0> <II = 1> <Delay = 1.00> <Adapter> <Opcode : 'read' 'write'>
ST_3 : Operation 18 [1/2] (0.00ns)   --->   "%call_ln115 = call void @AXIvideo2MultiBayer, i40 %s_axis_video_V_data_V, i5 %s_axis_video_V_keep_V, i5 %s_axis_video_V_strb_V, i1 %s_axis_video_V_user_V, i1 %s_axis_video_V_last_V, i1 %s_axis_video_V_id_V, i1 %s_axis_video_V_dest_V, i40 %imgBayer, i16 %height_read, i16 %width_read" [D:/Project2023/SG-Extended/ZyboOrg/hw/hw.runs/system_v_demosaic_0_0_synth_1/prj/sol/.autopilot/db/v_demosaic.cpp:115]   --->   Operation 18 'call' 'call_ln115' <Predicate = true> <Delay = 0.00> <CoreType = "Generic">   --->   Core 0 '' <Latency = 0> <II = 1> <Delay = 1.00> <Generic> <Opcode : >

State 4 <SV = 3> <Delay = 0.00>
ST_4 : Operation 19 [1/1] (0.00ns)   --->   "%bayer_phase_assign_channel = call i16 @Block_entry1_proc, i16 %bayer_phase_read"   --->   Operation 19 'call' 'bayer_phase_assign_channel' <Predicate = true> <Delay = 0.00> <CoreInst = "FIFO_SRL">   --->   Core 81 'FIFO_SRL' <Latency = 0> <II = 1> <Delay = 3.63> <Storage> <Opcode : 'read' 'write' 'nbread' 'nbwrite'> <Ports = 0> <Width = 16> <Depth = 2> <FIFO>
ST_4 : Operation 20 [2/2] (4.02ns)   --->   "%call_ln116 = call void @Debayer, i40 %imgBayer, i120 %imgRgb, i16 %height_read, i16 %width_read, i16 %bayer_phase_assign_channel, i10 %DIV1_TABLE, i18 %DIV2_TABLE" [D:/Project2023/SG-Extended/ZyboOrg/hw/hw.runs/system_v_demosaic_0_0_synth_1/prj/sol/.autopilot/db/v_demosaic.cpp:116]   --->   Operation 20 'call' 'call_ln116' <Predicate = true> <Delay = 4.02> <CoreType = "Generic">   --->   Core 0 '' <Latency = 0> <II = 1> <Delay = 1.00> <Generic> <Opcode : >

State 5 <SV = 4> <Delay = 0.00>
ST_5 : Operation 21 [1/2] (0.00ns)   --->   "%call_ln116 = call void @Debayer, i40 %imgBayer, i120 %imgRgb, i16 %height_read, i16 %width_read, i16 %bayer_phase_assign_channel, i10 %DIV1_TABLE, i18 %DIV2_TABLE" [D:/Project2023/SG-Extended/ZyboOrg/hw/hw.runs/system_v_demosaic_0_0_synth_1/prj/sol/.autopilot/db/v_demosaic.cpp:116]   --->   Operation 21 'call' 'call_ln116' <Predicate = true> <Delay = 0.00> <CoreType = "Generic">   --->   Core 0 '' <Latency = 0> <II = 1> <Delay = 1.00> <Generic> <Opcode : >

State 6 <SV = 5> <Delay = 2.07>
ST_6 : Operation 22 [2/2] (2.07ns)   --->   "%call_ln118 = call void @ZipperRemoval, i120 %imgRgb, i120 %imgUnzip, i16 %height_read, i16 %width_read" [D:/Project2023/SG-Extended/ZyboOrg/hw/hw.runs/system_v_demosaic_0_0_synth_1/prj/sol/.autopilot/db/v_demosaic.cpp:118]   --->   Operation 22 'call' 'call_ln118' <Predicate = true> <Delay = 2.07> <CoreType = "Generic">   --->   Core 0 '' <Latency = 0> <II = 1> <Delay = 1.00> <Generic> <Opcode : >

State 7 <SV = 6> <Delay = 0.00>
ST_7 : Operation 23 [1/2] (0.00ns)   --->   "%call_ln118 = call void @ZipperRemoval, i120 %imgRgb, i120 %imgUnzip, i16 %height_read, i16 %width_read" [D:/Project2023/SG-Extended/ZyboOrg/hw/hw.runs/system_v_demosaic_0_0_synth_1/prj/sol/.autopilot/db/v_demosaic.cpp:118]   --->   Operation 23 'call' 'call_ln118' <Predicate = true> <Delay = 0.00> <CoreType = "Generic">   --->   Core 0 '' <Latency = 0> <II = 1> <Delay = 1.00> <Generic> <Opcode : >

State 8 <SV = 7> <Delay = 1.91>
ST_8 : Operation 24 [2/2] (1.91ns)   --->   "%call_ln119 = call void @MultiPixStream2AXIvideo, i120 %imgUnzip, i120 %m_axis_video_V_data_V, i15 %m_axis_video_V_keep_V, i15 %m_axis_video_V_strb_V, i1 %m_axis_video_V_user_V, i1 %m_axis_video_V_last_V, i1 %m_axis_video_V_id_V, i1 %m_axis_video_V_dest_V, i16 %height_read, i16 %width_read" [D:/Project2023/SG-Extended/ZyboOrg/hw/hw.runs/system_v_demosaic_0_0_synth_1/prj/sol/.autopilot/db/v_demosaic.cpp:119]   --->   Operation 24 'call' 'call_ln119' <Predicate = true> <Delay = 1.91> <CoreType = "Generic">   --->   Core 0 '' <Latency = 0> <II = 1> <Delay = 1.00> <Generic> <Opcode : >

State 9 <SV = 8> <Delay = 0.00>
ST_9 : Operation 25 [1/2] (0.00ns)   --->   "%call_ln119 = call void @MultiPixStream2AXIvideo, i120 %imgUnzip, i120 %m_axis_video_V_data_V, i15 %m_axis_video_V_keep_V, i15 %m_axis_video_V_strb_V, i1 %m_axis_video_V_user_V, i1 %m_axis_video_V_last_V, i1 %m_axis_video_V_id_V, i1 %m_axis_video_V_dest_V, i16 %height_read, i16 %width_read" [D:/Project2023/SG-Extended/ZyboOrg/hw/hw.runs/system_v_demosaic_0_0_synth_1/prj/sol/.autopilot/db/v_demosaic.cpp:119]   --->   Operation 25 'call' 'call_ln119' <Predicate = true> <Delay = 0.00> <CoreType = "Generic">   --->   Core 0 '' <Latency = 0> <II = 1> <Delay = 1.00> <Generic> <Opcode : >

State 10 <SV = 9> <Delay = 0.00>
ST_10 : Operation 26 [1/1] (0.00ns)   --->   "%specdataflowpipeline_ln114 = specdataflowpipeline void @_ssdm_op_SpecDataflowPipeline, i32 4294967295, i32 0, void @empty_15" [D:/Project2023/SG-Extended/ZyboOrg/hw/hw.runs/system_v_demosaic_0_0_synth_1/prj/sol/.autopilot/db/v_demosaic.cpp:114]   --->   Operation 26 'specdataflowpipeline' 'specdataflowpipeline_ln114' <Predicate = true> <Delay = 0.00>
ST_10 : Operation 27 [1/1] (0.00ns)   --->   "%spectopmodule_ln89 = spectopmodule void @_ssdm_op_SpecTopModule, void @empty" [D:/Project2023/SG-Extended/ZyboOrg/hw/hw.runs/system_v_demosaic_0_0_synth_1/prj/sol/.autopilot/db/v_demosaic.cpp:89]   --->   Operation 27 'spectopmodule' 'spectopmodule_ln89' <Predicate = true> <Delay = 0.00>
ST_10 : Operation 28 [1/1] (0.00ns)   --->   "%specbitsmap_ln0 = specbitsmap void @_ssdm_op_SpecBitsMap, i16 %width"   --->   Operation 28 'specbitsmap' 'specbitsmap_ln0' <Predicate = true> <Delay = 0.00>
ST_10 : Operation 29 [1/1] (0.00ns)   --->   "%specinterface_ln0 = specinterface void @_ssdm_op_SpecInterface, i16 %width, void @empty_14, i32 0, i32 0, void @empty_15, i32 0, i32 0, void @empty_16, void @empty_12, void @empty_15, i32 0, i32 0, i32 0, i32 0, void @empty_15, void @empty_15, i32 4294967295, i32 0"   --->   Operation 29 'specinterface' 'specinterface_ln0' <Predicate = true> <Delay = 0.00>
ST_10 : Operation 30 [1/1] (0.00ns)   --->   "%specinterface_ln0 = specinterface void @_ssdm_op_SpecInterface, i16 %width, void @empty_17, i32 0, i32 0, void @empty_15, i32 0, i32 0, void @empty_15, void @empty_15, void @empty_15, i32 0, i32 0, i32 0, i32 0, void @empty_15, void @empty_15, i32 4294967295, i32 0"   --->   Operation 30 'specinterface' 'specinterface_ln0' <Predicate = true> <Delay = 0.00>
ST_10 : Operation 31 [1/1] (0.00ns)   --->   "%specbitsmap_ln0 = specbitsmap void @_ssdm_op_SpecBitsMap, i16 %height"   --->   Operation 31 'specbitsmap' 'specbitsmap_ln0' <Predicate = true> <Delay = 0.00>
ST_10 : Operation 32 [1/1] (0.00ns)   --->   "%specinterface_ln0 = specinterface void @_ssdm_op_SpecInterface, i16 %height, void @empty_14, i32 0, i32 0, void @empty_15, i32 0, i32 0, void @empty_16, void @empty_18, void @empty_15, i32 0, i32 0, i32 0, i32 0, void @empty_15, void @empty_15, i32 4294967295, i32 0"   --->   Operation 32 'specinterface' 'specinterface_ln0' <Predicate = true> <Delay = 0.00>
ST_10 : Operation 33 [1/1] (0.00ns)   --->   "%specinterface_ln0 = specinterface void @_ssdm_op_SpecInterface, i16 %height, void @empty_17, i32 0, i32 0, void @empty_15, i32 0, i32 0, void @empty_15, void @empty_15, void @empty_15, i32 0, i32 0, i32 0, i32 0, void @empty_15, void @empty_15, i32 4294967295, i32 0"   --->   Operation 33 'specinterface' 'specinterface_ln0' <Predicate = true> <Delay = 0.00>
ST_10 : Operation 34 [1/1] (0.00ns)   --->   "%specbitsmap_ln0 = specbitsmap void @_ssdm_op_SpecBitsMap, i16 %bayer_phase"   --->   Operation 34 'specbitsmap' 'specbitsmap_ln0' <Predicate = true> <Delay = 0.00>
ST_10 : Operation 35 [1/1] (0.00ns)   --->   "%specinterface_ln0 = specinterface void @_ssdm_op_SpecInterface, i16 %bayer_phase, void @empty_14, i32 0, i32 0, void @empty_15, i32 0, i32 0, void @empty_16, void @empty_19, void @empty_15, i32 0, i32 0, i32 0, i32 0, void @empty_15, void @empty_15, i32 4294967295, i32 0"   --->   Operation 35 'specinterface' 'specinterface_ln0' <Predicate = true> <Delay = 0.00>
ST_10 : Operation 36 [1/1] (0.00ns)   --->   "%specinterface_ln0 = specinterface void @_ssdm_op_SpecInterface, i16 %bayer_phase, void @empty_20, i32 0, i32 0, void @empty_15, i32 0, i32 0, void @empty_15, void @empty_15, void @empty_15, i32 0, i32 0, i32 0, i32 0, void @empty_15, void @empty_15, i32 4294967295, i32 0"   --->   Operation 36 'specinterface' 'specinterface_ln0' <Predicate = true> <Delay = 0.00>
ST_10 : Operation 37 [1/1] (0.00ns)   --->   "%specinterface_ln0 = specinterface void @_ssdm_op_SpecInterface, i40 %s_axis_video_V_data_V, i5 %s_axis_video_V_keep_V, i5 %s_axis_video_V_strb_V, i1 %s_axis_video_V_user_V, i1 %s_axis_video_V_last_V, i1 %s_axis_video_V_id_V, i1 %s_axis_video_V_dest_V, void @empty_5, i32 1, i32 1, void @empty_23, i32 0, i32 0, void @empty_15, void @empty_15, void @empty_15, i32 0, i32 0, i32 0, i32 0, void @empty_15, void @empty_15, i32 4294967295, i32 0"   --->   Operation 37 'specinterface' 'specinterface_ln0' <Predicate = true> <Delay = 0.00>
ST_10 : Operation 38 [1/1] (0.00ns)   --->   "%specbitsmap_ln0 = specbitsmap void @_ssdm_op_SpecBitsMap, i40 %s_axis_video_V_data_V"   --->   Operation 38 'specbitsmap' 'specbitsmap_ln0' <Predicate = true> <Delay = 0.00>
ST_10 : Operation 39 [1/1] (0.00ns)   --->   "%specbitsmap_ln0 = specbitsmap void @_ssdm_op_SpecBitsMap, i5 %s_axis_video_V_keep_V"   --->   Operation 39 'specbitsmap' 'specbitsmap_ln0' <Predicate = true> <Delay = 0.00>
ST_10 : Operation 40 [1/1] (0.00ns)   --->   "%specbitsmap_ln0 = specbitsmap void @_ssdm_op_SpecBitsMap, i5 %s_axis_video_V_strb_V"   --->   Operation 40 'specbitsmap' 'specbitsmap_ln0' <Predicate = true> <Delay = 0.00>
ST_10 : Operation 41 [1/1] (0.00ns)   --->   "%specbitsmap_ln0 = specbitsmap void @_ssdm_op_SpecBitsMap, i1 %s_axis_video_V_user_V"   --->   Operation 41 'specbitsmap' 'specbitsmap_ln0' <Predicate = true> <Delay = 0.00>
ST_10 : Operation 42 [1/1] (0.00ns)   --->   "%specbitsmap_ln0 = specbitsmap void @_ssdm_op_SpecBitsMap, i1 %s_axis_video_V_last_V"   --->   Operation 42 'specbitsmap' 'specbitsmap_ln0' <Predicate = true> <Delay = 0.00>
ST_10 : Operation 43 [1/1] (0.00ns)   --->   "%specbitsmap_ln0 = specbitsmap void @_ssdm_op_SpecBitsMap, i1 %s_axis_video_V_id_V"   --->   Operation 43 'specbitsmap' 'specbitsmap_ln0' <Predicate = true> <Delay = 0.00>
ST_10 : Operation 44 [1/1] (0.00ns)   --->   "%specbitsmap_ln0 = specbitsmap void @_ssdm_op_SpecBitsMap, i1 %s_axis_video_V_dest_V"   --->   Operation 44 'specbitsmap' 'specbitsmap_ln0' <Predicate = true> <Delay = 0.00>
ST_10 : Operation 45 [1/1] (0.00ns)   --->   "%specinterface_ln0 = specinterface void @_ssdm_op_SpecInterface, i120 %m_axis_video_V_data_V, i15 %m_axis_video_V_keep_V, i15 %m_axis_video_V_strb_V, i1 %m_axis_video_V_user_V, i1 %m_axis_video_V_last_V, i1 %m_axis_video_V_id_V, i1 %m_axis_video_V_dest_V, void @empty_5, i32 1, i32 1, void @empty_23, i32 0, i32 0, void @empty_15, void @empty_15, void @empty_15, i32 0, i32 0, i32 0, i32 0, void @empty_15, void @empty_15, i32 4294967295, i32 0"   --->   Operation 45 'specinterface' 'specinterface_ln0' <Predicate = true> <Delay = 0.00>
ST_10 : Operation 46 [1/1] (0.00ns)   --->   "%specbitsmap_ln0 = specbitsmap void @_ssdm_op_SpecBitsMap, i120 %m_axis_video_V_data_V"   --->   Operation 46 'specbitsmap' 'specbitsmap_ln0' <Predicate = true> <Delay = 0.00>
ST_10 : Operation 47 [1/1] (0.00ns)   --->   "%specbitsmap_ln0 = specbitsmap void @_ssdm_op_SpecBitsMap, i15 %m_axis_video_V_keep_V"   --->   Operation 47 'specbitsmap' 'specbitsmap_ln0' <Predicate = true> <Delay = 0.00>
ST_10 : Operation 48 [1/1] (0.00ns)   --->   "%specbitsmap_ln0 = specbitsmap void @_ssdm_op_SpecBitsMap, i15 %m_axis_video_V_strb_V"   --->   Operation 48 'specbitsmap' 'specbitsmap_ln0' <Predicate = true> <Delay = 0.00>
ST_10 : Operation 49 [1/1] (0.00ns)   --->   "%specbitsmap_ln0 = specbitsmap void @_ssdm_op_SpecBitsMap, i1 %m_axis_video_V_user_V"   --->   Operation 49 'specbitsmap' 'specbitsmap_ln0' <Predicate = true> <Delay = 0.00>
ST_10 : Operation 50 [1/1] (0.00ns)   --->   "%specbitsmap_ln0 = specbitsmap void @_ssdm_op_SpecBitsMap, i1 %m_axis_video_V_last_V"   --->   Operation 50 'specbitsmap' 'specbitsmap_ln0' <Predicate = true> <Delay = 0.00>
ST_10 : Operation 51 [1/1] (0.00ns)   --->   "%specbitsmap_ln0 = specbitsmap void @_ssdm_op_SpecBitsMap, i1 %m_axis_video_V_id_V"   --->   Operation 51 'specbitsmap' 'specbitsmap_ln0' <Predicate = true> <Delay = 0.00>
ST_10 : Operation 52 [1/1] (0.00ns)   --->   "%specbitsmap_ln0 = specbitsmap void @_ssdm_op_SpecBitsMap, i1 %m_axis_video_V_dest_V"   --->   Operation 52 'specbitsmap' 'specbitsmap_ln0' <Predicate = true> <Delay = 0.00>
ST_10 : Operation 53 [1/1] (0.00ns)   --->   "%specinterface_ln0 = specinterface void @_ssdm_op_SpecInterface, i32 0, void @empty_14, i32 0, i32 0, void @empty_15, i32 0, i32 0, void @empty_16, void @empty_15, void @empty_15, i32 0, i32 0, i32 0, i32 0, void @empty_15, void @empty_15, i32 4294967295, i32 0"   --->   Operation 53 'specinterface' 'specinterface_ln0' <Predicate = true> <Delay = 0.00>
ST_10 : Operation 54 [1/1] (0.00ns)   --->   "%empty = specchannel i32 @_ssdm_op_SpecChannel, void @imgBayer_str, i32 1, void @p_str, void @p_str, i32 2, i32 2, i40 %imgBayer, i40 %imgBayer"   --->   Operation 54 'specchannel' 'empty' <Predicate = true> <Delay = 0.00>
ST_10 : Operation 55 [1/1] (0.00ns)   --->   "%specinterface_ln0 = specinterface void @_ssdm_op_SpecInterface, i40 %imgBayer, void @empty_24, i32 0, i32 0, void @empty_15, i32 0, i32 0, void @empty_15, void @empty_15, void @empty_15, i32 0, i32 0, i32 0, i32 0, void @empty_15, void @empty_15, i32 4294967295, i32 0"   --->   Operation 55 'specinterface' 'specinterface_ln0' <Predicate = true> <Delay = 0.00>
ST_10 : Operation 56 [1/1] (0.00ns)   --->   "%empty_53 = specchannel i32 @_ssdm_op_SpecChannel, void @imgRgb_str, i32 1, void @p_str, void @p_str, i32 2, i32 2, i120 %imgRgb, i120 %imgRgb"   --->   Operation 56 'specchannel' 'empty_53' <Predicate = true> <Delay = 0.00>
ST_10 : Operation 57 [1/1] (0.00ns)   --->   "%specinterface_ln0 = specinterface void @_ssdm_op_SpecInterface, i120 %imgRgb, void @empty_24, i32 0, i32 0, void @empty_15, i32 0, i32 0, void @empty_15, void @empty_15, void @empty_15, i32 0, i32 0, i32 0, i32 0, void @empty_15, void @empty_15, i32 4294967295, i32 0"   --->   Operation 57 'specinterface' 'specinterface_ln0' <Predicate = true> <Delay = 0.00>
ST_10 : Operation 58 [1/1] (0.00ns)   --->   "%empty_54 = specchannel i32 @_ssdm_op_SpecChannel, void @imgUnzip_str, i32 1, void @p_str, void @p_str, i32 2, i32 2, i120 %imgUnzip, i120 %imgUnzip"   --->   Operation 58 'specchannel' 'empty_54' <Predicate = true> <Delay = 0.00>
ST_10 : Operation 59 [1/1] (0.00ns)   --->   "%specinterface_ln0 = specinterface void @_ssdm_op_SpecInterface, i120 %imgUnzip, void @empty_24, i32 0, i32 0, void @empty_15, i32 0, i32 0, void @empty_15, void @empty_15, void @empty_15, i32 0, i32 0, i32 0, i32 0, void @empty_15, void @empty_15, i32 4294967295, i32 0"   --->   Operation 59 'specinterface' 'specinterface_ln0' <Predicate = true> <Delay = 0.00>
ST_10 : Operation 60 [1/1] (0.00ns)   --->   "%specaxissidechannel_ln123 = specaxissidechannel void @_ssdm_op_SpecAXISSideChannel, i120 %m_axis_video_V_data_V, i15 %m_axis_video_V_keep_V, i15 %m_axis_video_V_strb_V, i1 %m_axis_video_V_user_V, i1 %m_axis_video_V_last_V, i1 %m_axis_video_V_id_V, i1 %m_axis_video_V_dest_V, void @empty_25" [D:/Project2023/SG-Extended/ZyboOrg/hw/hw.runs/system_v_demosaic_0_0_synth_1/prj/sol/.autopilot/db/v_demosaic.cpp:123]   --->   Operation 60 'specaxissidechannel' 'specaxissidechannel_ln123' <Predicate = true> <Delay = 0.00>
ST_10 : Operation 61 [1/1] (0.00ns)   --->   "%specaxissidechannel_ln123 = specaxissidechannel void @_ssdm_op_SpecAXISSideChannel, i40 %s_axis_video_V_data_V, i5 %s_axis_video_V_keep_V, i5 %s_axis_video_V_strb_V, i1 %s_axis_video_V_user_V, i1 %s_axis_video_V_last_V, i1 %s_axis_video_V_id_V, i1 %s_axis_video_V_dest_V, void @empty_26" [D:/Project2023/SG-Extended/ZyboOrg/hw/hw.runs/system_v_demosaic_0_0_synth_1/prj/sol/.autopilot/db/v_demosaic.cpp:123]   --->   Operation 61 'specaxissidechannel' 'specaxissidechannel_ln123' <Predicate = true> <Delay = 0.00>
ST_10 : Operation 62 [1/1] (0.00ns)   --->   "%ret_ln123 = ret" [D:/Project2023/SG-Extended/ZyboOrg/hw/hw.runs/system_v_demosaic_0_0_synth_1/prj/sol/.autopilot/db/v_demosaic.cpp:123]   --->   Operation 62 'ret' 'ret_ln123' <Predicate = true> <Delay = 0.00>


============================================================
+ Verbose Summary: Timing violations
============================================================
Target clock period: 6.667ns, clock uncertainty: 1.800ns.

 <State 1>: 0.000ns
The critical path consists of the following:

 <State 2>: 1.000ns
The critical path consists of the following:
	wire read operation ('height') on port 'height' [49]  (1.000 ns)

 <State 3>: 1.000ns
The critical path consists of the following:
	s_axi read operation ('bayer_phase') on port 'bayer_phase' [48]  (1.000 ns)

 <State 4>: 0.000ns
The critical path consists of the following:

 <State 5>: 0.000ns
The critical path consists of the following:

 <State 6>: 2.077ns
The critical path consists of the following:
	'call' operation 0 bit ('call_ln118', D:/Project2023/SG-Extended/ZyboOrg/hw/hw.runs/system_v_demosaic_0_0_synth_1/prj/sol/.autopilot/db/v_demosaic.cpp:118) to 'ZipperRemoval' [65]  (2.077 ns)

 <State 7>: 0.000ns
The critical path consists of the following:

 <State 8>: 1.915ns
The critical path consists of the following:
	'call' operation 0 bit ('call_ln119', D:/Project2023/SG-Extended/ZyboOrg/hw/hw.runs/system_v_demosaic_0_0_synth_1/prj/sol/.autopilot/db/v_demosaic.cpp:119) to 'MultiPixStream2AXIvideo' [66]  (1.915 ns)

 <State 9>: 0.000ns
The critical path consists of the following:

 <State 10>: 0.000ns
The critical path consists of the following:


============================================================
+ Verbose Summary: Binding
============================================================
N/A
* FSMD analyzer results:
  - Output states:
 - Input state : 
  - Chain level:
	State 1
	State 2
	State 3
	State 4
	State 5
	State 6
	State 7
	State 8
	State 9
	State 10


============================================================
+ Verbose Summary: Datapath Resource usage 
============================================================
N/A
