

================================================================
== Vitis HLS Report for 'ZipperRemoval'
================================================================
* Date:           Wed Nov  8 15:31:08 2023

* Version:        2023.2 (Build 4023990 on Oct 11 2023)
* Project:        prj
* Solution:       sol (Vivado IP Flow Target)
* Product family: zynq
* Target device:  xc7z020-clg400-1


================================================================
== Performance Estimates
================================================================
+ Timing: 
    * Summary: 
    +--------+---------+----------+------------+
    |  Clock |  Target | Estimated| Uncertainty|
    +--------+---------+----------+------------+
    |ap_clk  |  6.67 ns|  5.283 ns|     1.80 ns|
    +--------+---------+----------+------------+

+ Latency: 
    * Summary: 
    +---------+------------+----------+-----------+-----+------------+---------+
    |   Latency (cycles)   |  Latency (absolute)  |     Interval     | Pipeline|
    |   min   |     max    |    min   |    max    | min |     max    |   Type  |
    +---------+------------+----------+-----------+-----+------------+---------+
    |        1|  1074315256|  6.667 ns|  7.162 sec|    1|  1074315256|       no|
    +---------+------------+----------+-----------+-----+------------+---------+

    + Detail: 
        * Instance: 
        +-----------------------------------------------------+------------------------------------------+---------+---------+-----------+----------+-----+-------+---------+
        |                                                     |                                          |  Latency (cycles) |  Latency (absolute)  |   Interval  | Pipeline|
        |                       Instance                      |                  Module                  |   min   |   max   |    min    |    max   | min |  max  |   Type  |
        +-----------------------------------------------------+------------------------------------------+---------+---------+-----------+----------+-----+-------+---------+
        |grp_ZipperRemoval_Pipeline_VITIS_LOOP_1101_2_fu_150  |ZipperRemoval_Pipeline_VITIS_LOOP_1101_2  |        7|    16390|  46.669 ns|  0.109 ms|    7|  16390|       no|
        +-----------------------------------------------------+------------------------------------------+---------+---------+-----------+----------+-----+-------+---------+

        * Loop: 
        +---------------------+---------+------------+------------+-----------+-----------+-----------+----------+
        |                     |   Latency (cycles)   |  Iteration |  Initiation Interval  |    Trip   |          |
        |      Loop Name      |   min   |     max    |   Latency  |  achieved |   target  |   Count   | Pipelined|
        +---------------------+---------+------------+------------+-----------+-----------+-----------+----------+
        |- VITIS_LOOP_1099_1  |        0|  1074315255|  10 ~ 16393|          -|          -|  0 ~ 65535|        no|
        +---------------------+---------+------------+------------+-----------+-----------+-----------+----------+

============================================================
+ Verbose Summary: Synthesis Manager
============================================================
InlineROM: 1
ExposeGlobal: 0
============================================================
+ Verbose Summary: CDFG Model
============================================================
IsTopModel: 0
ResetActiveHigh: 1
IsCombinational: 2
IsDatapathOnly: 0
HasWiredReturn: 1
HasMFsm: 0
HasVarLatency: 1
IsPipeline: 0
IsRtlPipelined: 0
IsInstanceOverlapped: 0
IsDontTouch: 0
HasImplIP: 0
IsGatedGlobalClock: 0


============================================================
+ Verbose Summary: Schedule
============================================================
* Number of FSM states : 4
* Pipeline : 0
* Dataflow Pipeline: 0

* FSM state transitions: 
1 --> 2 
2 --> 3 
3 --> 4 
4 --> 2 

* FSM state operations: 

State 1 <SV = 0> <Delay = 2.07>
ST_1 : Operation 5 [1/1] (0.00ns)   --->   "%y = alloca i32 1" [D:/Project2023/SG-Extended/ZyboOrg/hw/hw.runs/system_v_demosaic_0_0_synth_1/prj/sol/.autopilot/db/v_demosaic.cpp:1083]   --->   Operation 5 'alloca' 'y' <Predicate = true> <Delay = 0.00>
ST_1 : Operation 6 [1/1] (0.00ns)   --->   "%p_0_0_0483_7_lcssa787 = alloca i32 1"   --->   Operation 6 'alloca' 'p_0_0_0483_7_lcssa787' <Predicate = true> <Delay = 0.00>
ST_1 : Operation 7 [1/1] (0.00ns)   --->   "%p_0_0_0482_7_lcssa789 = alloca i32 1"   --->   Operation 7 'alloca' 'p_0_0_0482_7_lcssa789' <Predicate = true> <Delay = 0.00>
ST_1 : Operation 8 [1/1] (0.00ns)   --->   "%p_0_0_0481_7_lcssa791 = alloca i32 1"   --->   Operation 8 'alloca' 'p_0_0_0481_7_lcssa791' <Predicate = true> <Delay = 0.00>
ST_1 : Operation 9 [1/1] (0.00ns)   --->   "%p_0_0_0480_7_lcssa793 = alloca i32 1"   --->   Operation 9 'alloca' 'p_0_0_0480_7_lcssa793' <Predicate = true> <Delay = 0.00>
ST_1 : Operation 10 [1/1] (0.00ns)   --->   "%conv2_i_i_lcssa795 = alloca i32 1"   --->   Operation 10 'alloca' 'conv2_i_i_lcssa795' <Predicate = true> <Delay = 0.00>
ST_1 : Operation 11 [1/1] (0.00ns)   --->   "%p_0_0_0479699_lcssa724797 = alloca i32 1"   --->   Operation 11 'alloca' 'p_0_0_0479699_lcssa724797' <Predicate = true> <Delay = 0.00>
ST_1 : Operation 12 [1/1] (0.00ns)   --->   "%p_0_0_0478695_lcssa726799 = alloca i32 1"   --->   Operation 12 'alloca' 'p_0_0_0478695_lcssa726799' <Predicate = true> <Delay = 0.00>
ST_1 : Operation 13 [1/1] (0.00ns)   --->   "%p_0_0_0477697_lcssa728801 = alloca i32 1"   --->   Operation 13 'alloca' 'p_0_0_0477697_lcssa728801' <Predicate = true> <Delay = 0.00>
ST_1 : Operation 14 [1/1] (0.00ns)   --->   "%conv2_i_i_1_lcssa803 = alloca i32 1"   --->   Operation 14 'alloca' 'conv2_i_i_1_lcssa803' <Predicate = true> <Delay = 0.00>
ST_1 : Operation 15 [1/1] (0.00ns)   --->   "%p_0_0_0479_1705_lcssa731805 = alloca i32 1"   --->   Operation 15 'alloca' 'p_0_0_0479_1705_lcssa731805' <Predicate = true> <Delay = 0.00>
ST_1 : Operation 16 [1/1] (0.00ns)   --->   "%p_0_0_0478_1701_lcssa733807 = alloca i32 1"   --->   Operation 16 'alloca' 'p_0_0_0478_1701_lcssa733807' <Predicate = true> <Delay = 0.00>
ST_1 : Operation 17 [1/1] (0.00ns)   --->   "%p_0_0_0477_1703_lcssa735809 = alloca i32 1"   --->   Operation 17 'alloca' 'p_0_0_0477_1703_lcssa735809' <Predicate = true> <Delay = 0.00>
ST_1 : Operation 18 [1/1] (0.00ns)   --->   "%conv2_i_i_2_lcssa811 = alloca i32 1"   --->   Operation 18 'alloca' 'conv2_i_i_2_lcssa811' <Predicate = true> <Delay = 0.00>
ST_1 : Operation 19 [1/1] (0.00ns)   --->   "%p_0_0_0479_2711_lcssa738813 = alloca i32 1"   --->   Operation 19 'alloca' 'p_0_0_0479_2711_lcssa738813' <Predicate = true> <Delay = 0.00>
ST_1 : Operation 20 [1/1] (0.00ns)   --->   "%p_0_0_0478_2707_lcssa740815 = alloca i32 1"   --->   Operation 20 'alloca' 'p_0_0_0478_2707_lcssa740815' <Predicate = true> <Delay = 0.00>
ST_1 : Operation 21 [1/1] (0.00ns)   --->   "%p_0_0_0477_2709_lcssa742817 = alloca i32 1"   --->   Operation 21 'alloca' 'p_0_0_0477_2709_lcssa742817' <Predicate = true> <Delay = 0.00>
ST_1 : Operation 22 [1/1] (0.00ns)   --->   "%conv2_i_i_3_lcssa819 = alloca i32 1"   --->   Operation 22 'alloca' 'conv2_i_i_3_lcssa819' <Predicate = true> <Delay = 0.00>
ST_1 : Operation 23 [1/1] (0.00ns)   --->   "%p_0_0_0479_3717_lcssa745821 = alloca i32 1"   --->   Operation 23 'alloca' 'p_0_0_0479_3717_lcssa745821' <Predicate = true> <Delay = 0.00>
ST_1 : Operation 24 [1/1] (0.00ns)   --->   "%p_0_0_0478_3713_lcssa747823 = alloca i32 1"   --->   Operation 24 'alloca' 'p_0_0_0478_3713_lcssa747823' <Predicate = true> <Delay = 0.00>
ST_1 : Operation 25 [1/1] (0.00ns)   --->   "%p_0_0_0477_3715_lcssa749825 = alloca i32 1"   --->   Operation 25 'alloca' 'p_0_0_0477_3715_lcssa749825' <Predicate = true> <Delay = 0.00>
ST_1 : Operation 26 [1/1] (0.00ns)   --->   "%width_read = read i16 @_ssdm_op_Read.ap_stable.i16, i16 %width"   --->   Operation 26 'read' 'width_read' <Predicate = true> <Delay = 0.00>
ST_1 : Operation 27 [1/1] (0.00ns)   --->   "%height_read = read i16 @_ssdm_op_Read.ap_stable.i16, i16 %height"   --->   Operation 27 'read' 'height_read' <Predicate = true> <Delay = 0.00>
ST_1 : Operation 28 [1/1] (0.00ns)   --->   "%specinterface_ln0 = specinterface void @_ssdm_op_SpecInterface, i16 %width, void @ap_stable_str, i32 0, i32 0, void @p_str, i32 0, i32 0, void @p_str, void @p_str, void @p_str, i32 2, i32 2, i32 16, i32 16, void @p_str, void @p_str, i32 4294967295, i32 0"   --->   Operation 28 'specinterface' 'specinterface_ln0' <Predicate = true> <Delay = 0.00>
ST_1 : Operation 29 [1/1] (0.00ns)   --->   "%specinterface_ln0 = specinterface void @_ssdm_op_SpecInterface, i16 %height, void @ap_stable_str, i32 0, i32 0, void @p_str, i32 0, i32 0, void @p_str, void @p_str, void @p_str, i32 2, i32 2, i32 16, i32 16, void @p_str, void @p_str, i32 4294967295, i32 0"   --->   Operation 29 'specinterface' 'specinterface_ln0' <Predicate = true> <Delay = 0.00>
ST_1 : Operation 30 [1/1] (0.00ns)   --->   "%specinterface_ln0 = specinterface void @_ssdm_op_SpecInterface, i120 %imgUnzip, void @empty_24, i32 0, i32 0, void @empty_15, i32 0, i32 0, void @empty_15, void @empty_15, void @empty_15, i32 0, i32 0, i32 0, i32 0, void @empty_15, void @empty_15, i32 4294967295, i32 0"   --->   Operation 30 'specinterface' 'specinterface_ln0' <Predicate = true> <Delay = 0.00>
ST_1 : Operation 31 [1/1] (0.00ns)   --->   "%specinterface_ln0 = specinterface void @_ssdm_op_SpecInterface, i120 %imgRgb, void @empty_24, i32 0, i32 0, void @empty_15, i32 0, i32 0, void @empty_15, void @empty_15, void @empty_15, i32 0, i32 0, i32 0, i32 0, void @empty_15, void @empty_15, i32 4294967295, i32 0"   --->   Operation 31 'specinterface' 'specinterface_ln0' <Predicate = true> <Delay = 0.00>
ST_1 : Operation 32 [1/1] (0.00ns)   --->   "%zext_ln1085 = zext i16 %width_read" [D:/Project2023/SG-Extended/ZyboOrg/hw/hw.runs/system_v_demosaic_0_0_synth_1/prj/sol/.autopilot/db/v_demosaic.cpp:1085]   --->   Operation 32 'zext' 'zext_ln1085' <Predicate = true> <Delay = 0.00>
ST_1 : Operation 33 [1/1] (2.07ns)   --->   "%loopWidth = add i17 %zext_ln1085, i17 1" [D:/Project2023/SG-Extended/ZyboOrg/hw/hw.runs/system_v_demosaic_0_0_synth_1/prj/sol/.autopilot/db/v_demosaic.cpp:1085]   --->   Operation 33 'add' 'loopWidth' <Predicate = true> <Delay = 2.07> <CoreInst = "Adder">   --->   Core 1 'Adder' <Latency = 0> <II = 1> <Delay = 2.07> <FuncUnit> <Opcode : 'add' 'sub'> <InPorts = 2> <OutPorts = 1>
ST_1 : Operation 34 [1/1] (0.00ns)   --->   "%store_ln0 = store i10 0, i10 %p_0_0_0477_3715_lcssa749825"   --->   Operation 34 'store' 'store_ln0' <Predicate = true> <Delay = 0.00>
ST_1 : Operation 35 [1/1] (0.00ns)   --->   "%store_ln0 = store i10 0, i10 %p_0_0_0478_3713_lcssa747823"   --->   Operation 35 'store' 'store_ln0' <Predicate = true> <Delay = 0.00>
ST_1 : Operation 36 [1/1] (0.00ns)   --->   "%store_ln0 = store i10 0, i10 %p_0_0_0479_3717_lcssa745821"   --->   Operation 36 'store' 'store_ln0' <Predicate = true> <Delay = 0.00>
ST_1 : Operation 37 [1/1] (0.00ns)   --->   "%store_ln0 = store i10 0, i10 %conv2_i_i_3_lcssa819"   --->   Operation 37 'store' 'store_ln0' <Predicate = true> <Delay = 0.00>
ST_1 : Operation 38 [1/1] (0.00ns)   --->   "%store_ln0 = store i10 0, i10 %p_0_0_0477_2709_lcssa742817"   --->   Operation 38 'store' 'store_ln0' <Predicate = true> <Delay = 0.00>
ST_1 : Operation 39 [1/1] (0.00ns)   --->   "%store_ln0 = store i10 0, i10 %p_0_0_0478_2707_lcssa740815"   --->   Operation 39 'store' 'store_ln0' <Predicate = true> <Delay = 0.00>
ST_1 : Operation 40 [1/1] (0.00ns)   --->   "%store_ln0 = store i10 0, i10 %p_0_0_0479_2711_lcssa738813"   --->   Operation 40 'store' 'store_ln0' <Predicate = true> <Delay = 0.00>
ST_1 : Operation 41 [1/1] (0.00ns)   --->   "%store_ln0 = store i10 0, i10 %conv2_i_i_2_lcssa811"   --->   Operation 41 'store' 'store_ln0' <Predicate = true> <Delay = 0.00>
ST_1 : Operation 42 [1/1] (0.00ns)   --->   "%store_ln0 = store i10 0, i10 %p_0_0_0477_1703_lcssa735809"   --->   Operation 42 'store' 'store_ln0' <Predicate = true> <Delay = 0.00>
ST_1 : Operation 43 [1/1] (0.00ns)   --->   "%store_ln0 = store i10 0, i10 %p_0_0_0478_1701_lcssa733807"   --->   Operation 43 'store' 'store_ln0' <Predicate = true> <Delay = 0.00>
ST_1 : Operation 44 [1/1] (0.00ns)   --->   "%store_ln0 = store i10 0, i10 %p_0_0_0479_1705_lcssa731805"   --->   Operation 44 'store' 'store_ln0' <Predicate = true> <Delay = 0.00>
ST_1 : Operation 45 [1/1] (0.00ns)   --->   "%store_ln0 = store i10 0, i10 %conv2_i_i_1_lcssa803"   --->   Operation 45 'store' 'store_ln0' <Predicate = true> <Delay = 0.00>
ST_1 : Operation 46 [1/1] (0.00ns)   --->   "%store_ln0 = store i10 0, i10 %p_0_0_0477697_lcssa728801"   --->   Operation 46 'store' 'store_ln0' <Predicate = true> <Delay = 0.00>
ST_1 : Operation 47 [1/1] (0.00ns)   --->   "%store_ln0 = store i10 0, i10 %p_0_0_0478695_lcssa726799"   --->   Operation 47 'store' 'store_ln0' <Predicate = true> <Delay = 0.00>
ST_1 : Operation 48 [1/1] (0.00ns)   --->   "%store_ln0 = store i10 0, i10 %p_0_0_0479699_lcssa724797"   --->   Operation 48 'store' 'store_ln0' <Predicate = true> <Delay = 0.00>
ST_1 : Operation 49 [1/1] (0.00ns)   --->   "%store_ln0 = store i10 0, i10 %conv2_i_i_lcssa795"   --->   Operation 49 'store' 'store_ln0' <Predicate = true> <Delay = 0.00>
ST_1 : Operation 50 [1/1] (0.00ns)   --->   "%store_ln0 = store i10 0, i10 %p_0_0_0480_7_lcssa793"   --->   Operation 50 'store' 'store_ln0' <Predicate = true> <Delay = 0.00>
ST_1 : Operation 51 [1/1] (0.00ns)   --->   "%store_ln0 = store i10 0, i10 %p_0_0_0481_7_lcssa791"   --->   Operation 51 'store' 'store_ln0' <Predicate = true> <Delay = 0.00>
ST_1 : Operation 52 [1/1] (0.00ns)   --->   "%store_ln0 = store i10 0, i10 %p_0_0_0482_7_lcssa789"   --->   Operation 52 'store' 'store_ln0' <Predicate = true> <Delay = 0.00>
ST_1 : Operation 53 [1/1] (0.00ns)   --->   "%store_ln0 = store i10 0, i10 %p_0_0_0483_7_lcssa787"   --->   Operation 53 'store' 'store_ln0' <Predicate = true> <Delay = 0.00>
ST_1 : Operation 54 [1/1] (1.58ns)   --->   "%store_ln1083 = store i16 0, i16 %y" [D:/Project2023/SG-Extended/ZyboOrg/hw/hw.runs/system_v_demosaic_0_0_synth_1/prj/sol/.autopilot/db/v_demosaic.cpp:1083]   --->   Operation 54 'store' 'store_ln1083' <Predicate = true> <Delay = 1.58>
ST_1 : Operation 55 [1/1] (0.00ns)   --->   "%br_ln1099 = br void %VITIS_LOOP_1101_2" [D:/Project2023/SG-Extended/ZyboOrg/hw/hw.runs/system_v_demosaic_0_0_synth_1/prj/sol/.autopilot/db/v_demosaic.cpp:1099]   --->   Operation 55 'br' 'br_ln1099' <Predicate = true> <Delay = 0.00>

State 2 <SV = 1> <Delay = 3.66>
ST_2 : Operation 56 [1/1] (0.00ns)   --->   "%y_1 = load i16 %y" [D:/Project2023/SG-Extended/ZyboOrg/hw/hw.runs/system_v_demosaic_0_0_synth_1/prj/sol/.autopilot/db/v_demosaic.cpp:1099]   --->   Operation 56 'load' 'y_1' <Predicate = true> <Delay = 0.00>
ST_2 : Operation 57 [1/1] (2.07ns)   --->   "%icmp_ln1099 = icmp_eq  i16 %y_1, i16 %height_read" [D:/Project2023/SG-Extended/ZyboOrg/hw/hw.runs/system_v_demosaic_0_0_synth_1/prj/sol/.autopilot/db/v_demosaic.cpp:1099]   --->   Operation 57 'icmp' 'icmp_ln1099' <Predicate = true> <Delay = 2.07> <CoreInst = "Cmp">   --->   Core 9 'Cmp' <Latency = 0> <II = 1> <Delay = 2.07> <FuncUnit> <Opcode : 'icmp'> <InPorts = 2> <OutPorts = 1>
ST_2 : Operation 58 [1/1] (2.07ns)   --->   "%y_2 = add i16 %y_1, i16 1" [D:/Project2023/SG-Extended/ZyboOrg/hw/hw.runs/system_v_demosaic_0_0_synth_1/prj/sol/.autopilot/db/v_demosaic.cpp:1099]   --->   Operation 58 'add' 'y_2' <Predicate = true> <Delay = 2.07> <CoreInst = "Adder">   --->   Core 1 'Adder' <Latency = 0> <II = 1> <Delay = 2.07> <FuncUnit> <Opcode : 'add' 'sub'> <InPorts = 2> <OutPorts = 1>
ST_2 : Operation 59 [1/1] (0.00ns)   --->   "%br_ln1099 = br i1 %icmp_ln1099, void %VITIS_LOOP_1101_2.split, void %for.end228.loopexit" [D:/Project2023/SG-Extended/ZyboOrg/hw/hw.runs/system_v_demosaic_0_0_synth_1/prj/sol/.autopilot/db/v_demosaic.cpp:1099]   --->   Operation 59 'br' 'br_ln1099' <Predicate = true> <Delay = 0.00>
ST_2 : Operation 60 [1/1] (0.00ns)   --->   "%p_0_0_0479699_lcssa724797_load = load i10 %p_0_0_0479699_lcssa724797"   --->   Operation 60 'load' 'p_0_0_0479699_lcssa724797_load' <Predicate = (!icmp_ln1099)> <Delay = 0.00>
ST_2 : Operation 61 [1/1] (0.00ns)   --->   "%p_0_0_0478695_lcssa726799_load = load i10 %p_0_0_0478695_lcssa726799"   --->   Operation 61 'load' 'p_0_0_0478695_lcssa726799_load' <Predicate = (!icmp_ln1099)> <Delay = 0.00>
ST_2 : Operation 62 [1/1] (0.00ns)   --->   "%p_0_0_0477697_lcssa728801_load = load i10 %p_0_0_0477697_lcssa728801"   --->   Operation 62 'load' 'p_0_0_0477697_lcssa728801_load' <Predicate = (!icmp_ln1099)> <Delay = 0.00>
ST_2 : Operation 63 [1/1] (0.00ns)   --->   "%p_0_0_0479_1705_lcssa731805_load = load i10 %p_0_0_0479_1705_lcssa731805"   --->   Operation 63 'load' 'p_0_0_0479_1705_lcssa731805_load' <Predicate = (!icmp_ln1099)> <Delay = 0.00>
ST_2 : Operation 64 [1/1] (0.00ns)   --->   "%p_0_0_0478_1701_lcssa733807_load = load i10 %p_0_0_0478_1701_lcssa733807"   --->   Operation 64 'load' 'p_0_0_0478_1701_lcssa733807_load' <Predicate = (!icmp_ln1099)> <Delay = 0.00>
ST_2 : Operation 65 [1/1] (0.00ns)   --->   "%p_0_0_0477_1703_lcssa735809_load = load i10 %p_0_0_0477_1703_lcssa735809"   --->   Operation 65 'load' 'p_0_0_0477_1703_lcssa735809_load' <Predicate = (!icmp_ln1099)> <Delay = 0.00>
ST_2 : Operation 66 [1/1] (0.00ns)   --->   "%p_0_0_0479_2711_lcssa738813_load = load i10 %p_0_0_0479_2711_lcssa738813"   --->   Operation 66 'load' 'p_0_0_0479_2711_lcssa738813_load' <Predicate = (!icmp_ln1099)> <Delay = 0.00>
ST_2 : Operation 67 [1/1] (0.00ns)   --->   "%p_0_0_0478_2707_lcssa740815_load = load i10 %p_0_0_0478_2707_lcssa740815"   --->   Operation 67 'load' 'p_0_0_0478_2707_lcssa740815_load' <Predicate = (!icmp_ln1099)> <Delay = 0.00>
ST_2 : Operation 68 [1/1] (0.00ns)   --->   "%p_0_0_0477_2709_lcssa742817_load = load i10 %p_0_0_0477_2709_lcssa742817"   --->   Operation 68 'load' 'p_0_0_0477_2709_lcssa742817_load' <Predicate = (!icmp_ln1099)> <Delay = 0.00>
ST_2 : Operation 69 [1/1] (0.00ns)   --->   "%conv2_i_i_3_lcssa819_load = load i10 %conv2_i_i_3_lcssa819"   --->   Operation 69 'load' 'conv2_i_i_3_lcssa819_load' <Predicate = (!icmp_ln1099)> <Delay = 0.00>
ST_2 : Operation 70 [1/1] (0.00ns)   --->   "%p_0_0_0479_3717_lcssa745821_load = load i10 %p_0_0_0479_3717_lcssa745821"   --->   Operation 70 'load' 'p_0_0_0479_3717_lcssa745821_load' <Predicate = (!icmp_ln1099)> <Delay = 0.00>
ST_2 : Operation 71 [1/1] (0.00ns)   --->   "%p_0_0_0478_3713_lcssa747823_load = load i10 %p_0_0_0478_3713_lcssa747823"   --->   Operation 71 'load' 'p_0_0_0478_3713_lcssa747823_load' <Predicate = (!icmp_ln1099)> <Delay = 0.00>
ST_2 : Operation 72 [1/1] (0.00ns)   --->   "%p_0_0_0477_3715_lcssa749825_load = load i10 %p_0_0_0477_3715_lcssa749825"   --->   Operation 72 'load' 'p_0_0_0477_3715_lcssa749825_load' <Predicate = (!icmp_ln1099)> <Delay = 0.00>
ST_2 : Operation 73 [1/1] (0.00ns)   --->   "%empty = wait i32 @_ssdm_op_Wait"   --->   Operation 73 'wait' 'empty' <Predicate = (!icmp_ln1099)> <Delay = 0.00>
ST_2 : Operation 74 [1/1] (1.58ns)   --->   "%store_ln1083 = store i16 %y_2, i16 %y" [D:/Project2023/SG-Extended/ZyboOrg/hw/hw.runs/system_v_demosaic_0_0_synth_1/prj/sol/.autopilot/db/v_demosaic.cpp:1083]   --->   Operation 74 'store' 'store_ln1083' <Predicate = (!icmp_ln1099)> <Delay = 1.58>
ST_2 : Operation 75 [1/1] (0.00ns)   --->   "%ret_ln1165 = ret" [D:/Project2023/SG-Extended/ZyboOrg/hw/hw.runs/system_v_demosaic_0_0_synth_1/prj/sol/.autopilot/db/v_demosaic.cpp:1165]   --->   Operation 75 'ret' 'ret_ln1165' <Predicate = (icmp_ln1099)> <Delay = 0.00>

State 3 <SV = 2> <Delay = 3.69>
ST_3 : Operation 76 [2/2] (3.69ns)   --->   "%call_ln1085 = call void @ZipperRemoval_Pipeline_VITIS_LOOP_1101_2, i10 %p_0_0_0477_3715_lcssa749825_load, i10 %p_0_0_0478_3713_lcssa747823_load, i10 %p_0_0_0479_3717_lcssa745821_load, i10 %conv2_i_i_3_lcssa819_load, i10 %p_0_0_0477_2709_lcssa742817_load, i10 %p_0_0_0478_2707_lcssa740815_load, i10 %p_0_0_0479_2711_lcssa738813_load, i10 %p_0_0_0477_1703_lcssa735809_load, i10 %p_0_0_0478_1701_lcssa733807_load, i10 %p_0_0_0479_1705_lcssa731805_load, i10 %p_0_0_0477697_lcssa728801_load, i10 %p_0_0_0478695_lcssa726799_load, i10 %p_0_0_0479699_lcssa724797_load, i17 %loopWidth, i16 %width_read, i120 %imgRgb, i120 %imgUnzip, i10 %p_0_0_0477_3715_lcssa749825, i10 %p_0_0_0478_3713_lcssa747823, i10 %p_0_0_0479_3717_lcssa745821, i10 %conv2_i_i_3_lcssa819, i10 %p_0_0_0477_2709_lcssa742817, i10 %p_0_0_0478_2707_lcssa740815, i10 %p_0_0_0479_2711_lcssa738813, i10 %conv2_i_i_2_lcssa811, i10 %p_0_0_0477_1703_lcssa735809, i10 %p_0_0_0478_1701_lcssa733807, i10 %p_0_0_0479_1705_lcssa731805, i10 %conv2_i_i_1_lcssa803, i10 %p_0_0_0477697_lcssa728801, i10 %p_0_0_0478695_lcssa726799, i10 %p_0_0_0479699_lcssa724797, i10 %conv2_i_i_lcssa795, i10 %p_0_0_0480_7_lcssa793, i10 %p_0_0_0481_7_lcssa791, i10 %p_0_0_0482_7_lcssa789, i10 %p_0_0_0483_7_lcssa787" [D:/Project2023/SG-Extended/ZyboOrg/hw/hw.runs/system_v_demosaic_0_0_synth_1/prj/sol/.autopilot/db/v_demosaic.cpp:1085]   --->   Operation 76 'call' 'call_ln1085' <Predicate = true> <Delay = 3.69> <CoreType = "Generic">   --->   Core 0 '' <Latency = 0> <II = 1> <Delay = 1.00> <Generic> <Opcode : >

State 4 <SV = 3> <Delay = 0.00>
ST_4 : Operation 77 [1/1] (0.00ns)   --->   "%speclooptripcount_ln1083 = speclooptripcount void @_ssdm_op_SpecLoopTripCount, i64 0, i64 65535, i64 32767" [D:/Project2023/SG-Extended/ZyboOrg/hw/hw.runs/system_v_demosaic_0_0_synth_1/prj/sol/.autopilot/db/v_demosaic.cpp:1083]   --->   Operation 77 'speclooptripcount' 'speclooptripcount_ln1083' <Predicate = true> <Delay = 0.00>
ST_4 : Operation 78 [1/1] (0.00ns)   --->   "%specloopname_ln1099 = specloopname void @_ssdm_op_SpecLoopName, void @empty_21" [D:/Project2023/SG-Extended/ZyboOrg/hw/hw.runs/system_v_demosaic_0_0_synth_1/prj/sol/.autopilot/db/v_demosaic.cpp:1099]   --->   Operation 78 'specloopname' 'specloopname_ln1099' <Predicate = true> <Delay = 0.00>
ST_4 : Operation 79 [1/2] (0.00ns)   --->   "%call_ln1085 = call void @ZipperRemoval_Pipeline_VITIS_LOOP_1101_2, i10 %p_0_0_0477_3715_lcssa749825_load, i10 %p_0_0_0478_3713_lcssa747823_load, i10 %p_0_0_0479_3717_lcssa745821_load, i10 %conv2_i_i_3_lcssa819_load, i10 %p_0_0_0477_2709_lcssa742817_load, i10 %p_0_0_0478_2707_lcssa740815_load, i10 %p_0_0_0479_2711_lcssa738813_load, i10 %p_0_0_0477_1703_lcssa735809_load, i10 %p_0_0_0478_1701_lcssa733807_load, i10 %p_0_0_0479_1705_lcssa731805_load, i10 %p_0_0_0477697_lcssa728801_load, i10 %p_0_0_0478695_lcssa726799_load, i10 %p_0_0_0479699_lcssa724797_load, i17 %loopWidth, i16 %width_read, i120 %imgRgb, i120 %imgUnzip, i10 %p_0_0_0477_3715_lcssa749825, i10 %p_0_0_0478_3713_lcssa747823, i10 %p_0_0_0479_3717_lcssa745821, i10 %conv2_i_i_3_lcssa819, i10 %p_0_0_0477_2709_lcssa742817, i10 %p_0_0_0478_2707_lcssa740815, i10 %p_0_0_0479_2711_lcssa738813, i10 %conv2_i_i_2_lcssa811, i10 %p_0_0_0477_1703_lcssa735809, i10 %p_0_0_0478_1701_lcssa733807, i10 %p_0_0_0479_1705_lcssa731805, i10 %conv2_i_i_1_lcssa803, i10 %p_0_0_0477697_lcssa728801, i10 %p_0_0_0478695_lcssa726799, i10 %p_0_0_0479699_lcssa724797, i10 %conv2_i_i_lcssa795, i10 %p_0_0_0480_7_lcssa793, i10 %p_0_0_0481_7_lcssa791, i10 %p_0_0_0482_7_lcssa789, i10 %p_0_0_0483_7_lcssa787" [D:/Project2023/SG-Extended/ZyboOrg/hw/hw.runs/system_v_demosaic_0_0_synth_1/prj/sol/.autopilot/db/v_demosaic.cpp:1085]   --->   Operation 79 'call' 'call_ln1085' <Predicate = true> <Delay = 0.00> <CoreType = "Generic">   --->   Core 0 '' <Latency = 0> <II = 1> <Delay = 1.00> <Generic> <Opcode : >
ST_4 : Operation 80 [1/1] (0.00ns)   --->   "%br_ln1099 = br void %VITIS_LOOP_1101_2" [D:/Project2023/SG-Extended/ZyboOrg/hw/hw.runs/system_v_demosaic_0_0_synth_1/prj/sol/.autopilot/db/v_demosaic.cpp:1099]   --->   Operation 80 'br' 'br_ln1099' <Predicate = true> <Delay = 0.00>


============================================================
+ Verbose Summary: Binding
============================================================
STG Binding: 
---------------- STG Properties BEGIN ----------------
- Is combinational: 0
- Is one-state seq: 0
- Is datapath-only: 0
- Is pipelined: 0
- Is top level: 0
Port [ Return ] is wired: 1; IO mode=ap_ctrl_hs:ce=0
Port [ imgRgb]:  wired=1; compound=1; hidden=0; nouse=0; global=0; static=0; extern=0; dir=0; type=3; pingpong=0; private_global=0; IO mode=ap_fifo:ce=0
Port [ imgUnzip]:  wired=1; compound=1; hidden=0; nouse=0; global=0; static=0; extern=0; dir=1; type=3; pingpong=0; private_global=0; IO mode=ap_fifo:ce=0
Port [ height]:  wired=1; compound=0; hidden=0; nouse=0; global=0; static=0; extern=0; dir=0; type=0; pingpong=0; private_global=0; IO mode=ap_stable:ce=0
Port [ width]:  wired=1; compound=0; hidden=0; nouse=0; global=0; static=0; extern=0; dir=0; type=0; pingpong=0; private_global=0; IO mode=ap_stable:ce=0
---------------- STG Properties END ------------------

---------------- Datapath Model BEGIN ----------------

<LifeTime>
<method=bitvector/>
y                                (alloca           ) [ 01111]
p_0_0_0483_7_lcssa787            (alloca           ) [ 01111]
p_0_0_0482_7_lcssa789            (alloca           ) [ 01111]
p_0_0_0481_7_lcssa791            (alloca           ) [ 01111]
p_0_0_0480_7_lcssa793            (alloca           ) [ 01111]
conv2_i_i_lcssa795               (alloca           ) [ 01111]
p_0_0_0479699_lcssa724797        (alloca           ) [ 01111]
p_0_0_0478695_lcssa726799        (alloca           ) [ 01111]
p_0_0_0477697_lcssa728801        (alloca           ) [ 01111]
conv2_i_i_1_lcssa803             (alloca           ) [ 01111]
p_0_0_0479_1705_lcssa731805      (alloca           ) [ 01111]
p_0_0_0478_1701_lcssa733807      (alloca           ) [ 01111]
p_0_0_0477_1703_lcssa735809      (alloca           ) [ 01111]
conv2_i_i_2_lcssa811             (alloca           ) [ 01111]
p_0_0_0479_2711_lcssa738813      (alloca           ) [ 01111]
p_0_0_0478_2707_lcssa740815      (alloca           ) [ 01111]
p_0_0_0477_2709_lcssa742817      (alloca           ) [ 01111]
conv2_i_i_3_lcssa819             (alloca           ) [ 01111]
p_0_0_0479_3717_lcssa745821      (alloca           ) [ 01111]
p_0_0_0478_3713_lcssa747823      (alloca           ) [ 01111]
p_0_0_0477_3715_lcssa749825      (alloca           ) [ 01111]
width_read                       (read             ) [ 00111]
height_read                      (read             ) [ 00111]
specinterface_ln0                (specinterface    ) [ 00000]
specinterface_ln0                (specinterface    ) [ 00000]
specinterface_ln0                (specinterface    ) [ 00000]
specinterface_ln0                (specinterface    ) [ 00000]
zext_ln1085                      (zext             ) [ 00000]
loopWidth                        (add              ) [ 00111]
store_ln0                        (store            ) [ 00000]
store_ln0                        (store            ) [ 00000]
store_ln0                        (store            ) [ 00000]
store_ln0                        (store            ) [ 00000]
store_ln0                        (store            ) [ 00000]
store_ln0                        (store            ) [ 00000]
store_ln0                        (store            ) [ 00000]
store_ln0                        (store            ) [ 00000]
store_ln0                        (store            ) [ 00000]
store_ln0                        (store            ) [ 00000]
store_ln0                        (store            ) [ 00000]
store_ln0                        (store            ) [ 00000]
store_ln0                        (store            ) [ 00000]
store_ln0                        (store            ) [ 00000]
store_ln0                        (store            ) [ 00000]
store_ln0                        (store            ) [ 00000]
store_ln0                        (store            ) [ 00000]
store_ln0                        (store            ) [ 00000]
store_ln0                        (store            ) [ 00000]
store_ln0                        (store            ) [ 00000]
store_ln1083                     (store            ) [ 00000]
br_ln1099                        (br               ) [ 00000]
y_1                              (load             ) [ 00000]
icmp_ln1099                      (icmp             ) [ 00111]
y_2                              (add              ) [ 00000]
br_ln1099                        (br               ) [ 00000]
p_0_0_0479699_lcssa724797_load   (load             ) [ 00011]
p_0_0_0478695_lcssa726799_load   (load             ) [ 00011]
p_0_0_0477697_lcssa728801_load   (load             ) [ 00011]
p_0_0_0479_1705_lcssa731805_load (load             ) [ 00011]
p_0_0_0478_1701_lcssa733807_load (load             ) [ 00011]
p_0_0_0477_1703_lcssa735809_load (load             ) [ 00011]
p_0_0_0479_2711_lcssa738813_load (load             ) [ 00011]
p_0_0_0478_2707_lcssa740815_load (load             ) [ 00011]
p_0_0_0477_2709_lcssa742817_load (load             ) [ 00011]
conv2_i_i_3_lcssa819_load        (load             ) [ 00011]
p_0_0_0479_3717_lcssa745821_load (load             ) [ 00011]
p_0_0_0478_3713_lcssa747823_load (load             ) [ 00011]
p_0_0_0477_3715_lcssa749825_load (load             ) [ 00011]
empty                            (wait             ) [ 00000]
store_ln1083                     (store            ) [ 00000]
ret_ln1165                       (ret              ) [ 00000]
speclooptripcount_ln1083         (speclooptripcount) [ 00000]
specloopname_ln1099              (specloopname     ) [ 00000]
call_ln1085                      (call             ) [ 00000]
br_ln1099                        (br               ) [ 00000]
</LifeTime>

<model>

<comp_list>
<comp id="0" class="1000" name="imgRgb">
<pin_list>
<pin id="1" dir="1" index="0" bw="1" slack="0"/>
</pin_list>
<bind>
<StgValue><ssdm name="imgRgb"/></StgValue>
</bind>
</comp>

<comp id="2" class="1000" name="imgUnzip">
<pin_list>
<pin id="3" dir="1" index="0" bw="1" slack="0"/>
</pin_list>
<bind>
<StgValue><ssdm name="imgUnzip"/></StgValue>
</bind>
</comp>

<comp id="4" class="1000" name="height">
<pin_list>
<pin id="5" dir="1" index="0" bw="1" slack="0"/>
</pin_list>
<bind>
<StgValue><ssdm name="height"/></StgValue>
</bind>
</comp>

<comp id="6" class="1000" name="width">
<pin_list>
<pin id="7" dir="1" index="0" bw="1" slack="0"/>
</pin_list>
<bind>
<StgValue><ssdm name="width"/></StgValue>
</bind>
</comp>

<comp id="8" class="1001" name="const_8">
<pin_list>
<pin id="9" dir="1" index="0" bw="1" slack="0"/>
</pin_list>
<bind>
<StgValue><ssdm name=""/></StgValue>
</bind>
</comp>

<comp id="10" class="1001" name="const_10">
<pin_list>
<pin id="11" dir="1" index="0" bw="1" slack="0"/>
</pin_list>
<bind>
<StgValue><ssdm name="_ssdm_op_Read.ap_stable.i16"/></StgValue>
</bind>
</comp>

<comp id="12" class="1001" name="const_12">
<pin_list>
<pin id="13" dir="1" index="0" bw="1" slack="2147483647"/>
</pin_list>
<bind>
<StgValue><ssdm name="_ssdm_op_SpecInterface"/></StgValue>
</bind>
</comp>

<comp id="14" class="1001" name="const_14">
<pin_list>
<pin id="15" dir="1" index="0" bw="1" slack="2147483647"/>
</pin_list>
<bind>
<StgValue><ssdm name="ap_stable_str"/></StgValue>
</bind>
</comp>

<comp id="16" class="1001" name="const_16">
<pin_list>
<pin id="17" dir="1" index="0" bw="1" slack="2147483647"/>
</pin_list>
<bind>
<StgValue><ssdm name=""/></StgValue>
</bind>
</comp>

<comp id="18" class="1001" name="const_18">
<pin_list>
<pin id="19" dir="1" index="0" bw="1" slack="2147483647"/>
</pin_list>
<bind>
<StgValue><ssdm name="p_str"/></StgValue>
</bind>
</comp>

<comp id="20" class="1001" name="const_20">
<pin_list>
<pin id="21" dir="1" index="0" bw="1" slack="2147483647"/>
</pin_list>
<bind>
<StgValue><ssdm name=""/></StgValue>
</bind>
</comp>

<comp id="22" class="1001" name="const_22">
<pin_list>
<pin id="23" dir="1" index="0" bw="1" slack="2147483647"/>
</pin_list>
<bind>
<StgValue><ssdm name=""/></StgValue>
</bind>
</comp>

<comp id="24" class="1001" name="const_24">
<pin_list>
<pin id="25" dir="1" index="0" bw="1" slack="2147483647"/>
</pin_list>
<bind>
<StgValue><ssdm name=""/></StgValue>
</bind>
</comp>

<comp id="26" class="1001" name="const_26">
<pin_list>
<pin id="27" dir="1" index="0" bw="1" slack="2147483647"/>
</pin_list>
<bind>
<StgValue><ssdm name="empty_24"/></StgValue>
</bind>
</comp>

<comp id="28" class="1001" name="const_28">
<pin_list>
<pin id="29" dir="1" index="0" bw="1" slack="2147483647"/>
</pin_list>
<bind>
<StgValue><ssdm name="empty_15"/></StgValue>
</bind>
</comp>

<comp id="30" class="1001" name="const_30">
<pin_list>
<pin id="31" dir="1" index="0" bw="1" slack="0"/>
</pin_list>
<bind>
<StgValue><ssdm name=""/></StgValue>
</bind>
</comp>

<comp id="32" class="1001" name="const_32">
<pin_list>
<pin id="33" dir="1" index="0" bw="1" slack="0"/>
</pin_list>
<bind>
<StgValue><ssdm name=""/></StgValue>
</bind>
</comp>

<comp id="34" class="1001" name="const_34">
<pin_list>
<pin id="35" dir="1" index="0" bw="1" slack="0"/>
</pin_list>
<bind>
<StgValue><ssdm name=""/></StgValue>
</bind>
</comp>

<comp id="36" class="1001" name="const_36">
<pin_list>
<pin id="37" dir="1" index="0" bw="1" slack="0"/>
</pin_list>
<bind>
<StgValue><ssdm name=""/></StgValue>
</bind>
</comp>

<comp id="38" class="1001" name="const_38">
<pin_list>
<pin id="39" dir="1" index="0" bw="1" slack="2147483647"/>
</pin_list>
<bind>
<StgValue><ssdm name="_ssdm_op_Wait"/></StgValue>
</bind>
</comp>

<comp id="40" class="1001" name="const_40">
<pin_list>
<pin id="41" dir="1" index="0" bw="1" slack="0"/>
</pin_list>
<bind>
<StgValue><ssdm name="ZipperRemoval_Pipeline_VITIS_LOOP_1101_2"/></StgValue>
</bind>
</comp>

<comp id="42" class="1001" name="const_42">
<pin_list>
<pin id="43" dir="1" index="0" bw="1" slack="2147483647"/>
</pin_list>
<bind>
<StgValue><ssdm name="_ssdm_op_SpecLoopTripCount"/></StgValue>
</bind>
</comp>

<comp id="44" class="1001" name="const_44">
<pin_list>
<pin id="45" dir="1" index="0" bw="1" slack="2147483647"/>
</pin_list>
<bind>
<StgValue><ssdm name=""/></StgValue>
</bind>
</comp>

<comp id="46" class="1001" name="const_46">
<pin_list>
<pin id="47" dir="1" index="0" bw="1" slack="2147483647"/>
</pin_list>
<bind>
<StgValue><ssdm name=""/></StgValue>
</bind>
</comp>

<comp id="48" class="1001" name="const_48">
<pin_list>
<pin id="49" dir="1" index="0" bw="1" slack="2147483647"/>
</pin_list>
<bind>
<StgValue><ssdm name=""/></StgValue>
</bind>
</comp>

<comp id="50" class="1001" name="const_50">
<pin_list>
<pin id="51" dir="1" index="0" bw="1" slack="2147483647"/>
</pin_list>
<bind>
<StgValue><ssdm name="_ssdm_op_SpecLoopName"/></StgValue>
</bind>
</comp>

<comp id="52" class="1001" name="const_52">
<pin_list>
<pin id="53" dir="1" index="0" bw="1" slack="2147483647"/>
</pin_list>
<bind>
<StgValue><ssdm name="empty_21"/></StgValue>
</bind>
</comp>

<comp id="54" class="1004" name="y_fu_54">
<pin_list>
<pin id="55" dir="0" index="0" bw="1" slack="0"/>
<pin id="56" dir="1" index="1" bw="16" slack="0"/>
</pin_list>
<bind>
<opcode="alloca(26) " fcode="alloca"/>
<opset="y/1 "/>
</bind>
</comp>

<comp id="58" class="1004" name="p_0_0_0483_7_lcssa787_fu_58">
<pin_list>
<pin id="59" dir="0" index="0" bw="1" slack="0"/>
<pin id="60" dir="1" index="1" bw="10" slack="0"/>
</pin_list>
<bind>
<opcode="alloca(26) " fcode="alloca"/>
<opset="p_0_0_0483_7_lcssa787/1 "/>
</bind>
</comp>

<comp id="62" class="1004" name="p_0_0_0482_7_lcssa789_fu_62">
<pin_list>
<pin id="63" dir="0" index="0" bw="1" slack="0"/>
<pin id="64" dir="1" index="1" bw="10" slack="0"/>
</pin_list>
<bind>
<opcode="alloca(26) " fcode="alloca"/>
<opset="p_0_0_0482_7_lcssa789/1 "/>
</bind>
</comp>

<comp id="66" class="1004" name="p_0_0_0481_7_lcssa791_fu_66">
<pin_list>
<pin id="67" dir="0" index="0" bw="1" slack="0"/>
<pin id="68" dir="1" index="1" bw="10" slack="0"/>
</pin_list>
<bind>
<opcode="alloca(26) " fcode="alloca"/>
<opset="p_0_0_0481_7_lcssa791/1 "/>
</bind>
</comp>

<comp id="70" class="1004" name="p_0_0_0480_7_lcssa793_fu_70">
<pin_list>
<pin id="71" dir="0" index="0" bw="1" slack="0"/>
<pin id="72" dir="1" index="1" bw="10" slack="0"/>
</pin_list>
<bind>
<opcode="alloca(26) " fcode="alloca"/>
<opset="p_0_0_0480_7_lcssa793/1 "/>
</bind>
</comp>

<comp id="74" class="1004" name="conv2_i_i_lcssa795_fu_74">
<pin_list>
<pin id="75" dir="0" index="0" bw="1" slack="0"/>
<pin id="76" dir="1" index="1" bw="10" slack="0"/>
</pin_list>
<bind>
<opcode="alloca(26) " fcode="alloca"/>
<opset="conv2_i_i_lcssa795/1 "/>
</bind>
</comp>

<comp id="78" class="1004" name="p_0_0_0479699_lcssa724797_fu_78">
<pin_list>
<pin id="79" dir="0" index="0" bw="1" slack="0"/>
<pin id="80" dir="1" index="1" bw="10" slack="0"/>
</pin_list>
<bind>
<opcode="alloca(26) " fcode="alloca"/>
<opset="p_0_0_0479699_lcssa724797/1 "/>
</bind>
</comp>

<comp id="82" class="1004" name="p_0_0_0478695_lcssa726799_fu_82">
<pin_list>
<pin id="83" dir="0" index="0" bw="1" slack="0"/>
<pin id="84" dir="1" index="1" bw="10" slack="0"/>
</pin_list>
<bind>
<opcode="alloca(26) " fcode="alloca"/>
<opset="p_0_0_0478695_lcssa726799/1 "/>
</bind>
</comp>

<comp id="86" class="1004" name="p_0_0_0477697_lcssa728801_fu_86">
<pin_list>
<pin id="87" dir="0" index="0" bw="1" slack="0"/>
<pin id="88" dir="1" index="1" bw="10" slack="0"/>
</pin_list>
<bind>
<opcode="alloca(26) " fcode="alloca"/>
<opset="p_0_0_0477697_lcssa728801/1 "/>
</bind>
</comp>

<comp id="90" class="1004" name="conv2_i_i_1_lcssa803_fu_90">
<pin_list>
<pin id="91" dir="0" index="0" bw="1" slack="0"/>
<pin id="92" dir="1" index="1" bw="10" slack="0"/>
</pin_list>
<bind>
<opcode="alloca(26) " fcode="alloca"/>
<opset="conv2_i_i_1_lcssa803/1 "/>
</bind>
</comp>

<comp id="94" class="1004" name="p_0_0_0479_1705_lcssa731805_fu_94">
<pin_list>
<pin id="95" dir="0" index="0" bw="1" slack="0"/>
<pin id="96" dir="1" index="1" bw="10" slack="0"/>
</pin_list>
<bind>
<opcode="alloca(26) " fcode="alloca"/>
<opset="p_0_0_0479_1705_lcssa731805/1 "/>
</bind>
</comp>

<comp id="98" class="1004" name="p_0_0_0478_1701_lcssa733807_fu_98">
<pin_list>
<pin id="99" dir="0" index="0" bw="1" slack="0"/>
<pin id="100" dir="1" index="1" bw="10" slack="0"/>
</pin_list>
<bind>
<opcode="alloca(26) " fcode="alloca"/>
<opset="p_0_0_0478_1701_lcssa733807/1 "/>
</bind>
</comp>

<comp id="102" class="1004" name="p_0_0_0477_1703_lcssa735809_fu_102">
<pin_list>
<pin id="103" dir="0" index="0" bw="1" slack="0"/>
<pin id="104" dir="1" index="1" bw="10" slack="0"/>
</pin_list>
<bind>
<opcode="alloca(26) " fcode="alloca"/>
<opset="p_0_0_0477_1703_lcssa735809/1 "/>
</bind>
</comp>

<comp id="106" class="1004" name="conv2_i_i_2_lcssa811_fu_106">
<pin_list>
<pin id="107" dir="0" index="0" bw="1" slack="0"/>
<pin id="108" dir="1" index="1" bw="10" slack="0"/>
</pin_list>
<bind>
<opcode="alloca(26) " fcode="alloca"/>
<opset="conv2_i_i_2_lcssa811/1 "/>
</bind>
</comp>

<comp id="110" class="1004" name="p_0_0_0479_2711_lcssa738813_fu_110">
<pin_list>
<pin id="111" dir="0" index="0" bw="1" slack="0"/>
<pin id="112" dir="1" index="1" bw="10" slack="0"/>
</pin_list>
<bind>
<opcode="alloca(26) " fcode="alloca"/>
<opset="p_0_0_0479_2711_lcssa738813/1 "/>
</bind>
</comp>

<comp id="114" class="1004" name="p_0_0_0478_2707_lcssa740815_fu_114">
<pin_list>
<pin id="115" dir="0" index="0" bw="1" slack="0"/>
<pin id="116" dir="1" index="1" bw="10" slack="0"/>
</pin_list>
<bind>
<opcode="alloca(26) " fcode="alloca"/>
<opset="p_0_0_0478_2707_lcssa740815/1 "/>
</bind>
</comp>

<comp id="118" class="1004" name="p_0_0_0477_2709_lcssa742817_fu_118">
<pin_list>
<pin id="119" dir="0" index="0" bw="1" slack="0"/>
<pin id="120" dir="1" index="1" bw="10" slack="0"/>
</pin_list>
<bind>
<opcode="alloca(26) " fcode="alloca"/>
<opset="p_0_0_0477_2709_lcssa742817/1 "/>
</bind>
</comp>

<comp id="122" class="1004" name="conv2_i_i_3_lcssa819_fu_122">
<pin_list>
<pin id="123" dir="0" index="0" bw="1" slack="0"/>
<pin id="124" dir="1" index="1" bw="10" slack="0"/>
</pin_list>
<bind>
<opcode="alloca(26) " fcode="alloca"/>
<opset="conv2_i_i_3_lcssa819/1 "/>
</bind>
</comp>

<comp id="126" class="1004" name="p_0_0_0479_3717_lcssa745821_fu_126">
<pin_list>
<pin id="127" dir="0" index="0" bw="1" slack="0"/>
<pin id="128" dir="1" index="1" bw="10" slack="0"/>
</pin_list>
<bind>
<opcode="alloca(26) " fcode="alloca"/>
<opset="p_0_0_0479_3717_lcssa745821/1 "/>
</bind>
</comp>

<comp id="130" class="1004" name="p_0_0_0478_3713_lcssa747823_fu_130">
<pin_list>
<pin id="131" dir="0" index="0" bw="1" slack="0"/>
<pin id="132" dir="1" index="1" bw="10" slack="0"/>
</pin_list>
<bind>
<opcode="alloca(26) " fcode="alloca"/>
<opset="p_0_0_0478_3713_lcssa747823/1 "/>
</bind>
</comp>

<comp id="134" class="1004" name="p_0_0_0477_3715_lcssa749825_fu_134">
<pin_list>
<pin id="135" dir="0" index="0" bw="1" slack="0"/>
<pin id="136" dir="1" index="1" bw="10" slack="0"/>
</pin_list>
<bind>
<opcode="alloca(26) " fcode="alloca"/>
<opset="p_0_0_0477_3715_lcssa749825/1 "/>
</bind>
</comp>

<comp id="138" class="1004" name="width_read_read_fu_138">
<pin_list>
<pin id="139" dir="0" index="0" bw="16" slack="0"/>
<pin id="140" dir="0" index="1" bw="16" slack="0"/>
<pin id="141" dir="1" index="2" bw="16" slack="0"/>
</pin_list>
<bind>
<opcode="read(1150) " fcode="read"/>
<opset="width_read/1 "/>
</bind>
</comp>

<comp id="144" class="1004" name="height_read_read_fu_144">
<pin_list>
<pin id="145" dir="0" index="0" bw="16" slack="0"/>
<pin id="146" dir="0" index="1" bw="16" slack="0"/>
<pin id="147" dir="1" index="2" bw="16" slack="1"/>
</pin_list>
<bind>
<opcode="read(1150) " fcode="read"/>
<opset="height_read/1 "/>
</bind>
</comp>

<comp id="150" class="1004" name="grp_ZipperRemoval_Pipeline_VITIS_LOOP_1101_2_fu_150">
<pin_list>
<pin id="151" dir="0" index="0" bw="0" slack="0"/>
<pin id="152" dir="0" index="1" bw="10" slack="2"/>
<pin id="153" dir="0" index="2" bw="10" slack="2"/>
<pin id="154" dir="0" index="3" bw="10" slack="2"/>
<pin id="155" dir="0" index="4" bw="10" slack="2"/>
<pin id="156" dir="0" index="5" bw="10" slack="2"/>
<pin id="157" dir="0" index="6" bw="10" slack="2"/>
<pin id="158" dir="0" index="7" bw="10" slack="2"/>
<pin id="159" dir="0" index="8" bw="10" slack="2"/>
<pin id="160" dir="0" index="9" bw="10" slack="2"/>
<pin id="161" dir="0" index="10" bw="10" slack="2"/>
<pin id="162" dir="0" index="11" bw="10" slack="2"/>
<pin id="163" dir="0" index="12" bw="10" slack="2"/>
<pin id="164" dir="0" index="13" bw="10" slack="2"/>
<pin id="165" dir="0" index="14" bw="17" slack="2"/>
<pin id="166" dir="0" index="15" bw="16" slack="2"/>
<pin id="167" dir="0" index="16" bw="120" slack="0"/>
<pin id="168" dir="0" index="17" bw="120" slack="0"/>
<pin id="169" dir="0" index="18" bw="10" slack="2"/>
<pin id="170" dir="0" index="19" bw="10" slack="2"/>
<pin id="171" dir="0" index="20" bw="10" slack="2"/>
<pin id="172" dir="0" index="21" bw="10" slack="2"/>
<pin id="173" dir="0" index="22" bw="10" slack="2"/>
<pin id="174" dir="0" index="23" bw="10" slack="2"/>
<pin id="175" dir="0" index="24" bw="10" slack="2"/>
<pin id="176" dir="0" index="25" bw="10" slack="2"/>
<pin id="177" dir="0" index="26" bw="10" slack="2"/>
<pin id="178" dir="0" index="27" bw="10" slack="2"/>
<pin id="179" dir="0" index="28" bw="10" slack="2"/>
<pin id="180" dir="0" index="29" bw="10" slack="2"/>
<pin id="181" dir="0" index="30" bw="10" slack="2"/>
<pin id="182" dir="0" index="31" bw="10" slack="2"/>
<pin id="183" dir="0" index="32" bw="10" slack="2"/>
<pin id="184" dir="0" index="33" bw="10" slack="2"/>
<pin id="185" dir="0" index="34" bw="10" slack="2"/>
<pin id="186" dir="0" index="35" bw="10" slack="2"/>
<pin id="187" dir="0" index="36" bw="10" slack="2"/>
<pin id="188" dir="0" index="37" bw="10" slack="2"/>
<pin id="189" dir="1" index="38" bw="0" slack="2147483647"/>
</pin_list>
<bind>
<opcode="call(48) " fcode="call"/>
<opset="call_ln1085/3 "/>
</bind>
</comp>

<comp id="193" class="1004" name="zext_ln1085_fu_193">
<pin_list>
<pin id="194" dir="0" index="0" bw="16" slack="0"/>
<pin id="195" dir="1" index="1" bw="17" slack="0"/>
</pin_list>
<bind>
<opcode="zext(34) " fcode="zext"/>
<opset="zext_ln1085/1 "/>
</bind>
</comp>

<comp id="197" class="1004" name="loopWidth_fu_197">
<pin_list>
<pin id="198" dir="0" index="0" bw="16" slack="0"/>
<pin id="199" dir="0" index="1" bw="1" slack="0"/>
<pin id="200" dir="1" index="2" bw="17" slack="2"/>
</pin_list>
<bind>
<opcode="add(8) " fcode="add"/>
<opset="loopWidth/1 "/>
</bind>
</comp>

<comp id="203" class="1004" name="store_ln0_store_fu_203">
<pin_list>
<pin id="204" dir="0" index="0" bw="1" slack="0"/>
<pin id="205" dir="0" index="1" bw="10" slack="0"/>
<pin id="206" dir="1" index="2" bw="0" slack="2147483647"/>
</pin_list>
<bind>
<opcode="store(28) " fcode="store"/>
<opset="store_ln0/1 "/>
</bind>
</comp>

<comp id="208" class="1004" name="store_ln0_store_fu_208">
<pin_list>
<pin id="209" dir="0" index="0" bw="1" slack="0"/>
<pin id="210" dir="0" index="1" bw="10" slack="0"/>
<pin id="211" dir="1" index="2" bw="0" slack="2147483647"/>
</pin_list>
<bind>
<opcode="store(28) " fcode="store"/>
<opset="store_ln0/1 "/>
</bind>
</comp>

<comp id="213" class="1004" name="store_ln0_store_fu_213">
<pin_list>
<pin id="214" dir="0" index="0" bw="1" slack="0"/>
<pin id="215" dir="0" index="1" bw="10" slack="0"/>
<pin id="216" dir="1" index="2" bw="0" slack="2147483647"/>
</pin_list>
<bind>
<opcode="store(28) " fcode="store"/>
<opset="store_ln0/1 "/>
</bind>
</comp>

<comp id="218" class="1004" name="store_ln0_store_fu_218">
<pin_list>
<pin id="219" dir="0" index="0" bw="1" slack="0"/>
<pin id="220" dir="0" index="1" bw="10" slack="0"/>
<pin id="221" dir="1" index="2" bw="0" slack="2147483647"/>
</pin_list>
<bind>
<opcode="store(28) " fcode="store"/>
<opset="store_ln0/1 "/>
</bind>
</comp>

<comp id="223" class="1004" name="store_ln0_store_fu_223">
<pin_list>
<pin id="224" dir="0" index="0" bw="1" slack="0"/>
<pin id="225" dir="0" index="1" bw="10" slack="0"/>
<pin id="226" dir="1" index="2" bw="0" slack="2147483647"/>
</pin_list>
<bind>
<opcode="store(28) " fcode="store"/>
<opset="store_ln0/1 "/>
</bind>
</comp>

<comp id="228" class="1004" name="store_ln0_store_fu_228">
<pin_list>
<pin id="229" dir="0" index="0" bw="1" slack="0"/>
<pin id="230" dir="0" index="1" bw="10" slack="0"/>
<pin id="231" dir="1" index="2" bw="0" slack="2147483647"/>
</pin_list>
<bind>
<opcode="store(28) " fcode="store"/>
<opset="store_ln0/1 "/>
</bind>
</comp>

<comp id="233" class="1004" name="store_ln0_store_fu_233">
<pin_list>
<pin id="234" dir="0" index="0" bw="1" slack="0"/>
<pin id="235" dir="0" index="1" bw="10" slack="0"/>
<pin id="236" dir="1" index="2" bw="0" slack="2147483647"/>
</pin_list>
<bind>
<opcode="store(28) " fcode="store"/>
<opset="store_ln0/1 "/>
</bind>
</comp>

<comp id="238" class="1004" name="store_ln0_store_fu_238">
<pin_list>
<pin id="239" dir="0" index="0" bw="1" slack="0"/>
<pin id="240" dir="0" index="1" bw="10" slack="0"/>
<pin id="241" dir="1" index="2" bw="0" slack="2147483647"/>
</pin_list>
<bind>
<opcode="store(28) " fcode="store"/>
<opset="store_ln0/1 "/>
</bind>
</comp>

<comp id="243" class="1004" name="store_ln0_store_fu_243">
<pin_list>
<pin id="244" dir="0" index="0" bw="1" slack="0"/>
<pin id="245" dir="0" index="1" bw="10" slack="0"/>
<pin id="246" dir="1" index="2" bw="0" slack="2147483647"/>
</pin_list>
<bind>
<opcode="store(28) " fcode="store"/>
<opset="store_ln0/1 "/>
</bind>
</comp>

<comp id="248" class="1004" name="store_ln0_store_fu_248">
<pin_list>
<pin id="249" dir="0" index="0" bw="1" slack="0"/>
<pin id="250" dir="0" index="1" bw="10" slack="0"/>
<pin id="251" dir="1" index="2" bw="0" slack="2147483647"/>
</pin_list>
<bind>
<opcode="store(28) " fcode="store"/>
<opset="store_ln0/1 "/>
</bind>
</comp>

<comp id="253" class="1004" name="store_ln0_store_fu_253">
<pin_list>
<pin id="254" dir="0" index="0" bw="1" slack="0"/>
<pin id="255" dir="0" index="1" bw="10" slack="0"/>
<pin id="256" dir="1" index="2" bw="0" slack="2147483647"/>
</pin_list>
<bind>
<opcode="store(28) " fcode="store"/>
<opset="store_ln0/1 "/>
</bind>
</comp>

<comp id="258" class="1004" name="store_ln0_store_fu_258">
<pin_list>
<pin id="259" dir="0" index="0" bw="1" slack="0"/>
<pin id="260" dir="0" index="1" bw="10" slack="0"/>
<pin id="261" dir="1" index="2" bw="0" slack="2147483647"/>
</pin_list>
<bind>
<opcode="store(28) " fcode="store"/>
<opset="store_ln0/1 "/>
</bind>
</comp>

<comp id="263" class="1004" name="store_ln0_store_fu_263">
<pin_list>
<pin id="264" dir="0" index="0" bw="1" slack="0"/>
<pin id="265" dir="0" index="1" bw="10" slack="0"/>
<pin id="266" dir="1" index="2" bw="0" slack="2147483647"/>
</pin_list>
<bind>
<opcode="store(28) " fcode="store"/>
<opset="store_ln0/1 "/>
</bind>
</comp>

<comp id="268" class="1004" name="store_ln0_store_fu_268">
<pin_list>
<pin id="269" dir="0" index="0" bw="1" slack="0"/>
<pin id="270" dir="0" index="1" bw="10" slack="0"/>
<pin id="271" dir="1" index="2" bw="0" slack="2147483647"/>
</pin_list>
<bind>
<opcode="store(28) " fcode="store"/>
<opset="store_ln0/1 "/>
</bind>
</comp>

<comp id="273" class="1004" name="store_ln0_store_fu_273">
<pin_list>
<pin id="274" dir="0" index="0" bw="1" slack="0"/>
<pin id="275" dir="0" index="1" bw="10" slack="0"/>
<pin id="276" dir="1" index="2" bw="0" slack="2147483647"/>
</pin_list>
<bind>
<opcode="store(28) " fcode="store"/>
<opset="store_ln0/1 "/>
</bind>
</comp>

<comp id="278" class="1004" name="store_ln0_store_fu_278">
<pin_list>
<pin id="279" dir="0" index="0" bw="1" slack="0"/>
<pin id="280" dir="0" index="1" bw="10" slack="0"/>
<pin id="281" dir="1" index="2" bw="0" slack="2147483647"/>
</pin_list>
<bind>
<opcode="store(28) " fcode="store"/>
<opset="store_ln0/1 "/>
</bind>
</comp>

<comp id="283" class="1004" name="store_ln0_store_fu_283">
<pin_list>
<pin id="284" dir="0" index="0" bw="1" slack="0"/>
<pin id="285" dir="0" index="1" bw="10" slack="0"/>
<pin id="286" dir="1" index="2" bw="0" slack="2147483647"/>
</pin_list>
<bind>
<opcode="store(28) " fcode="store"/>
<opset="store_ln0/1 "/>
</bind>
</comp>

<comp id="288" class="1004" name="store_ln0_store_fu_288">
<pin_list>
<pin id="289" dir="0" index="0" bw="1" slack="0"/>
<pin id="290" dir="0" index="1" bw="10" slack="0"/>
<pin id="291" dir="1" index="2" bw="0" slack="2147483647"/>
</pin_list>
<bind>
<opcode="store(28) " fcode="store"/>
<opset="store_ln0/1 "/>
</bind>
</comp>

<comp id="293" class="1004" name="store_ln0_store_fu_293">
<pin_list>
<pin id="294" dir="0" index="0" bw="1" slack="0"/>
<pin id="295" dir="0" index="1" bw="10" slack="0"/>
<pin id="296" dir="1" index="2" bw="0" slack="2147483647"/>
</pin_list>
<bind>
<opcode="store(28) " fcode="store"/>
<opset="store_ln0/1 "/>
</bind>
</comp>

<comp id="298" class="1004" name="store_ln0_store_fu_298">
<pin_list>
<pin id="299" dir="0" index="0" bw="1" slack="0"/>
<pin id="300" dir="0" index="1" bw="10" slack="0"/>
<pin id="301" dir="1" index="2" bw="0" slack="2147483647"/>
</pin_list>
<bind>
<opcode="store(28) " fcode="store"/>
<opset="store_ln0/1 "/>
</bind>
</comp>

<comp id="303" class="1004" name="store_ln1083_store_fu_303">
<pin_list>
<pin id="304" dir="0" index="0" bw="1" slack="0"/>
<pin id="305" dir="0" index="1" bw="16" slack="0"/>
<pin id="306" dir="1" index="2" bw="0" slack="2147483647"/>
</pin_list>
<bind>
<opcode="store(28) " fcode="store"/>
<opset="store_ln1083/1 "/>
</bind>
</comp>

<comp id="308" class="1004" name="y_1_load_fu_308">
<pin_list>
<pin id="309" dir="0" index="0" bw="16" slack="1"/>
<pin id="310" dir="1" index="1" bw="16" slack="0"/>
</pin_list>
<bind>
<opcode="load(27) " fcode="load"/>
<opset="y_1/2 "/>
</bind>
</comp>

<comp id="311" class="1004" name="icmp_ln1099_fu_311">
<pin_list>
<pin id="312" dir="0" index="0" bw="16" slack="0"/>
<pin id="313" dir="0" index="1" bw="16" slack="1"/>
<pin id="314" dir="1" index="2" bw="1" slack="2147483647"/>
</pin_list>
<bind>
<opcode="icmp(45) " fcode="icmp"/>
<opset="icmp_ln1099/2 "/>
</bind>
</comp>

<comp id="316" class="1004" name="y_2_fu_316">
<pin_list>
<pin id="317" dir="0" index="0" bw="16" slack="0"/>
<pin id="318" dir="0" index="1" bw="1" slack="0"/>
<pin id="319" dir="1" index="2" bw="16" slack="0"/>
</pin_list>
<bind>
<opcode="add(8) " fcode="add"/>
<opset="y_2/2 "/>
</bind>
</comp>

<comp id="322" class="1004" name="p_0_0_0479699_lcssa724797_load_load_fu_322">
<pin_list>
<pin id="323" dir="0" index="0" bw="10" slack="1"/>
<pin id="324" dir="1" index="1" bw="10" slack="2"/>
</pin_list>
<bind>
<opcode="load(27) " fcode="load"/>
<opset="p_0_0_0479699_lcssa724797_load/2 "/>
</bind>
</comp>

<comp id="325" class="1004" name="p_0_0_0478695_lcssa726799_load_load_fu_325">
<pin_list>
<pin id="326" dir="0" index="0" bw="10" slack="1"/>
<pin id="327" dir="1" index="1" bw="10" slack="2"/>
</pin_list>
<bind>
<opcode="load(27) " fcode="load"/>
<opset="p_0_0_0478695_lcssa726799_load/2 "/>
</bind>
</comp>

<comp id="328" class="1004" name="p_0_0_0477697_lcssa728801_load_load_fu_328">
<pin_list>
<pin id="329" dir="0" index="0" bw="10" slack="1"/>
<pin id="330" dir="1" index="1" bw="10" slack="2"/>
</pin_list>
<bind>
<opcode="load(27) " fcode="load"/>
<opset="p_0_0_0477697_lcssa728801_load/2 "/>
</bind>
</comp>

<comp id="331" class="1004" name="p_0_0_0479_1705_lcssa731805_load_load_fu_331">
<pin_list>
<pin id="332" dir="0" index="0" bw="10" slack="1"/>
<pin id="333" dir="1" index="1" bw="10" slack="2"/>
</pin_list>
<bind>
<opcode="load(27) " fcode="load"/>
<opset="p_0_0_0479_1705_lcssa731805_load/2 "/>
</bind>
</comp>

<comp id="334" class="1004" name="p_0_0_0478_1701_lcssa733807_load_load_fu_334">
<pin_list>
<pin id="335" dir="0" index="0" bw="10" slack="1"/>
<pin id="336" dir="1" index="1" bw="10" slack="2"/>
</pin_list>
<bind>
<opcode="load(27) " fcode="load"/>
<opset="p_0_0_0478_1701_lcssa733807_load/2 "/>
</bind>
</comp>

<comp id="337" class="1004" name="p_0_0_0477_1703_lcssa735809_load_load_fu_337">
<pin_list>
<pin id="338" dir="0" index="0" bw="10" slack="1"/>
<pin id="339" dir="1" index="1" bw="10" slack="2"/>
</pin_list>
<bind>
<opcode="load(27) " fcode="load"/>
<opset="p_0_0_0477_1703_lcssa735809_load/2 "/>
</bind>
</comp>

<comp id="340" class="1004" name="p_0_0_0479_2711_lcssa738813_load_load_fu_340">
<pin_list>
<pin id="341" dir="0" index="0" bw="10" slack="1"/>
<pin id="342" dir="1" index="1" bw="10" slack="2"/>
</pin_list>
<bind>
<opcode="load(27) " fcode="load"/>
<opset="p_0_0_0479_2711_lcssa738813_load/2 "/>
</bind>
</comp>

<comp id="343" class="1004" name="p_0_0_0478_2707_lcssa740815_load_load_fu_343">
<pin_list>
<pin id="344" dir="0" index="0" bw="10" slack="1"/>
<pin id="345" dir="1" index="1" bw="10" slack="2"/>
</pin_list>
<bind>
<opcode="load(27) " fcode="load"/>
<opset="p_0_0_0478_2707_lcssa740815_load/2 "/>
</bind>
</comp>

<comp id="346" class="1004" name="p_0_0_0477_2709_lcssa742817_load_load_fu_346">
<pin_list>
<pin id="347" dir="0" index="0" bw="10" slack="1"/>
<pin id="348" dir="1" index="1" bw="10" slack="2"/>
</pin_list>
<bind>
<opcode="load(27) " fcode="load"/>
<opset="p_0_0_0477_2709_lcssa742817_load/2 "/>
</bind>
</comp>

<comp id="349" class="1004" name="conv2_i_i_3_lcssa819_load_load_fu_349">
<pin_list>
<pin id="350" dir="0" index="0" bw="10" slack="1"/>
<pin id="351" dir="1" index="1" bw="10" slack="2"/>
</pin_list>
<bind>
<opcode="load(27) " fcode="load"/>
<opset="conv2_i_i_3_lcssa819_load/2 "/>
</bind>
</comp>

<comp id="352" class="1004" name="p_0_0_0479_3717_lcssa745821_load_load_fu_352">
<pin_list>
<pin id="353" dir="0" index="0" bw="10" slack="1"/>
<pin id="354" dir="1" index="1" bw="10" slack="2"/>
</pin_list>
<bind>
<opcode="load(27) " fcode="load"/>
<opset="p_0_0_0479_3717_lcssa745821_load/2 "/>
</bind>
</comp>

<comp id="355" class="1004" name="p_0_0_0478_3713_lcssa747823_load_load_fu_355">
<pin_list>
<pin id="356" dir="0" index="0" bw="10" slack="1"/>
<pin id="357" dir="1" index="1" bw="10" slack="2"/>
</pin_list>
<bind>
<opcode="load(27) " fcode="load"/>
<opset="p_0_0_0478_3713_lcssa747823_load/2 "/>
</bind>
</comp>

<comp id="358" class="1004" name="p_0_0_0477_3715_lcssa749825_load_load_fu_358">
<pin_list>
<pin id="359" dir="0" index="0" bw="10" slack="1"/>
<pin id="360" dir="1" index="1" bw="10" slack="2"/>
</pin_list>
<bind>
<opcode="load(27) " fcode="load"/>
<opset="p_0_0_0477_3715_lcssa749825_load/2 "/>
</bind>
</comp>

<comp id="361" class="1004" name="store_ln1083_store_fu_361">
<pin_list>
<pin id="362" dir="0" index="0" bw="16" slack="0"/>
<pin id="363" dir="0" index="1" bw="16" slack="1"/>
<pin id="364" dir="1" index="2" bw="0" slack="2147483647"/>
</pin_list>
<bind>
<opcode="store(28) " fcode="store"/>
<opset="store_ln1083/2 "/>
</bind>
</comp>

<comp id="366" class="1005" name="y_reg_366">
<pin_list>
<pin id="367" dir="0" index="0" bw="16" slack="0"/>
<pin id="368" dir="1" index="1" bw="16" slack="0"/>
</pin_list>
<bind>
<opset="y "/>
</bind>
</comp>

<comp id="373" class="1005" name="p_0_0_0483_7_lcssa787_reg_373">
<pin_list>
<pin id="374" dir="0" index="0" bw="10" slack="0"/>
<pin id="375" dir="1" index="1" bw="10" slack="0"/>
</pin_list>
<bind>
<opset="p_0_0_0483_7_lcssa787 "/>
</bind>
</comp>

<comp id="379" class="1005" name="p_0_0_0482_7_lcssa789_reg_379">
<pin_list>
<pin id="380" dir="0" index="0" bw="10" slack="0"/>
<pin id="381" dir="1" index="1" bw="10" slack="0"/>
</pin_list>
<bind>
<opset="p_0_0_0482_7_lcssa789 "/>
</bind>
</comp>

<comp id="385" class="1005" name="p_0_0_0481_7_lcssa791_reg_385">
<pin_list>
<pin id="386" dir="0" index="0" bw="10" slack="0"/>
<pin id="387" dir="1" index="1" bw="10" slack="0"/>
</pin_list>
<bind>
<opset="p_0_0_0481_7_lcssa791 "/>
</bind>
</comp>

<comp id="391" class="1005" name="p_0_0_0480_7_lcssa793_reg_391">
<pin_list>
<pin id="392" dir="0" index="0" bw="10" slack="0"/>
<pin id="393" dir="1" index="1" bw="10" slack="0"/>
</pin_list>
<bind>
<opset="p_0_0_0480_7_lcssa793 "/>
</bind>
</comp>

<comp id="397" class="1005" name="conv2_i_i_lcssa795_reg_397">
<pin_list>
<pin id="398" dir="0" index="0" bw="10" slack="0"/>
<pin id="399" dir="1" index="1" bw="10" slack="0"/>
</pin_list>
<bind>
<opset="conv2_i_i_lcssa795 "/>
</bind>
</comp>

<comp id="403" class="1005" name="p_0_0_0479699_lcssa724797_reg_403">
<pin_list>
<pin id="404" dir="0" index="0" bw="10" slack="0"/>
<pin id="405" dir="1" index="1" bw="10" slack="0"/>
</pin_list>
<bind>
<opset="p_0_0_0479699_lcssa724797 "/>
</bind>
</comp>

<comp id="410" class="1005" name="p_0_0_0478695_lcssa726799_reg_410">
<pin_list>
<pin id="411" dir="0" index="0" bw="10" slack="0"/>
<pin id="412" dir="1" index="1" bw="10" slack="0"/>
</pin_list>
<bind>
<opset="p_0_0_0478695_lcssa726799 "/>
</bind>
</comp>

<comp id="417" class="1005" name="p_0_0_0477697_lcssa728801_reg_417">
<pin_list>
<pin id="418" dir="0" index="0" bw="10" slack="0"/>
<pin id="419" dir="1" index="1" bw="10" slack="0"/>
</pin_list>
<bind>
<opset="p_0_0_0477697_lcssa728801 "/>
</bind>
</comp>

<comp id="424" class="1005" name="conv2_i_i_1_lcssa803_reg_424">
<pin_list>
<pin id="425" dir="0" index="0" bw="10" slack="0"/>
<pin id="426" dir="1" index="1" bw="10" slack="0"/>
</pin_list>
<bind>
<opset="conv2_i_i_1_lcssa803 "/>
</bind>
</comp>

<comp id="430" class="1005" name="p_0_0_0479_1705_lcssa731805_reg_430">
<pin_list>
<pin id="431" dir="0" index="0" bw="10" slack="0"/>
<pin id="432" dir="1" index="1" bw="10" slack="0"/>
</pin_list>
<bind>
<opset="p_0_0_0479_1705_lcssa731805 "/>
</bind>
</comp>

<comp id="437" class="1005" name="p_0_0_0478_1701_lcssa733807_reg_437">
<pin_list>
<pin id="438" dir="0" index="0" bw="10" slack="0"/>
<pin id="439" dir="1" index="1" bw="10" slack="0"/>
</pin_list>
<bind>
<opset="p_0_0_0478_1701_lcssa733807 "/>
</bind>
</comp>

<comp id="444" class="1005" name="p_0_0_0477_1703_lcssa735809_reg_444">
<pin_list>
<pin id="445" dir="0" index="0" bw="10" slack="0"/>
<pin id="446" dir="1" index="1" bw="10" slack="0"/>
</pin_list>
<bind>
<opset="p_0_0_0477_1703_lcssa735809 "/>
</bind>
</comp>

<comp id="451" class="1005" name="conv2_i_i_2_lcssa811_reg_451">
<pin_list>
<pin id="452" dir="0" index="0" bw="10" slack="0"/>
<pin id="453" dir="1" index="1" bw="10" slack="0"/>
</pin_list>
<bind>
<opset="conv2_i_i_2_lcssa811 "/>
</bind>
</comp>

<comp id="457" class="1005" name="p_0_0_0479_2711_lcssa738813_reg_457">
<pin_list>
<pin id="458" dir="0" index="0" bw="10" slack="0"/>
<pin id="459" dir="1" index="1" bw="10" slack="0"/>
</pin_list>
<bind>
<opset="p_0_0_0479_2711_lcssa738813 "/>
</bind>
</comp>

<comp id="464" class="1005" name="p_0_0_0478_2707_lcssa740815_reg_464">
<pin_list>
<pin id="465" dir="0" index="0" bw="10" slack="0"/>
<pin id="466" dir="1" index="1" bw="10" slack="0"/>
</pin_list>
<bind>
<opset="p_0_0_0478_2707_lcssa740815 "/>
</bind>
</comp>

<comp id="471" class="1005" name="p_0_0_0477_2709_lcssa742817_reg_471">
<pin_list>
<pin id="472" dir="0" index="0" bw="10" slack="0"/>
<pin id="473" dir="1" index="1" bw="10" slack="0"/>
</pin_list>
<bind>
<opset="p_0_0_0477_2709_lcssa742817 "/>
</bind>
</comp>

<comp id="478" class="1005" name="conv2_i_i_3_lcssa819_reg_478">
<pin_list>
<pin id="479" dir="0" index="0" bw="10" slack="0"/>
<pin id="480" dir="1" index="1" bw="10" slack="0"/>
</pin_list>
<bind>
<opset="conv2_i_i_3_lcssa819 "/>
</bind>
</comp>

<comp id="485" class="1005" name="p_0_0_0479_3717_lcssa745821_reg_485">
<pin_list>
<pin id="486" dir="0" index="0" bw="10" slack="0"/>
<pin id="487" dir="1" index="1" bw="10" slack="0"/>
</pin_list>
<bind>
<opset="p_0_0_0479_3717_lcssa745821 "/>
</bind>
</comp>

<comp id="492" class="1005" name="p_0_0_0478_3713_lcssa747823_reg_492">
<pin_list>
<pin id="493" dir="0" index="0" bw="10" slack="0"/>
<pin id="494" dir="1" index="1" bw="10" slack="0"/>
</pin_list>
<bind>
<opset="p_0_0_0478_3713_lcssa747823 "/>
</bind>
</comp>

<comp id="499" class="1005" name="p_0_0_0477_3715_lcssa749825_reg_499">
<pin_list>
<pin id="500" dir="0" index="0" bw="10" slack="0"/>
<pin id="501" dir="1" index="1" bw="10" slack="0"/>
</pin_list>
<bind>
<opset="p_0_0_0477_3715_lcssa749825 "/>
</bind>
</comp>

<comp id="506" class="1005" name="width_read_reg_506">
<pin_list>
<pin id="507" dir="0" index="0" bw="16" slack="2"/>
<pin id="508" dir="1" index="1" bw="16" slack="2"/>
</pin_list>
<bind>
<opset="width_read "/>
</bind>
</comp>

<comp id="511" class="1005" name="height_read_reg_511">
<pin_list>
<pin id="512" dir="0" index="0" bw="16" slack="1"/>
<pin id="513" dir="1" index="1" bw="16" slack="1"/>
</pin_list>
<bind>
<opset="height_read "/>
</bind>
</comp>

<comp id="516" class="1005" name="loopWidth_reg_516">
<pin_list>
<pin id="517" dir="0" index="0" bw="17" slack="2"/>
<pin id="518" dir="1" index="1" bw="17" slack="2"/>
</pin_list>
<bind>
<opset="loopWidth "/>
</bind>
</comp>

<comp id="524" class="1005" name="p_0_0_0479699_lcssa724797_load_reg_524">
<pin_list>
<pin id="525" dir="0" index="0" bw="10" slack="2"/>
<pin id="526" dir="1" index="1" bw="10" slack="2"/>
</pin_list>
<bind>
<opset="p_0_0_0479699_lcssa724797_load "/>
</bind>
</comp>

<comp id="529" class="1005" name="p_0_0_0478695_lcssa726799_load_reg_529">
<pin_list>
<pin id="530" dir="0" index="0" bw="10" slack="2"/>
<pin id="531" dir="1" index="1" bw="10" slack="2"/>
</pin_list>
<bind>
<opset="p_0_0_0478695_lcssa726799_load "/>
</bind>
</comp>

<comp id="534" class="1005" name="p_0_0_0477697_lcssa728801_load_reg_534">
<pin_list>
<pin id="535" dir="0" index="0" bw="10" slack="2"/>
<pin id="536" dir="1" index="1" bw="10" slack="2"/>
</pin_list>
<bind>
<opset="p_0_0_0477697_lcssa728801_load "/>
</bind>
</comp>

<comp id="539" class="1005" name="p_0_0_0479_1705_lcssa731805_load_reg_539">
<pin_list>
<pin id="540" dir="0" index="0" bw="10" slack="2"/>
<pin id="541" dir="1" index="1" bw="10" slack="2"/>
</pin_list>
<bind>
<opset="p_0_0_0479_1705_lcssa731805_load "/>
</bind>
</comp>

<comp id="544" class="1005" name="p_0_0_0478_1701_lcssa733807_load_reg_544">
<pin_list>
<pin id="545" dir="0" index="0" bw="10" slack="2"/>
<pin id="546" dir="1" index="1" bw="10" slack="2"/>
</pin_list>
<bind>
<opset="p_0_0_0478_1701_lcssa733807_load "/>
</bind>
</comp>

<comp id="549" class="1005" name="p_0_0_0477_1703_lcssa735809_load_reg_549">
<pin_list>
<pin id="550" dir="0" index="0" bw="10" slack="2"/>
<pin id="551" dir="1" index="1" bw="10" slack="2"/>
</pin_list>
<bind>
<opset="p_0_0_0477_1703_lcssa735809_load "/>
</bind>
</comp>

<comp id="554" class="1005" name="p_0_0_0479_2711_lcssa738813_load_reg_554">
<pin_list>
<pin id="555" dir="0" index="0" bw="10" slack="2"/>
<pin id="556" dir="1" index="1" bw="10" slack="2"/>
</pin_list>
<bind>
<opset="p_0_0_0479_2711_lcssa738813_load "/>
</bind>
</comp>

<comp id="559" class="1005" name="p_0_0_0478_2707_lcssa740815_load_reg_559">
<pin_list>
<pin id="560" dir="0" index="0" bw="10" slack="2"/>
<pin id="561" dir="1" index="1" bw="10" slack="2"/>
</pin_list>
<bind>
<opset="p_0_0_0478_2707_lcssa740815_load "/>
</bind>
</comp>

<comp id="564" class="1005" name="p_0_0_0477_2709_lcssa742817_load_reg_564">
<pin_list>
<pin id="565" dir="0" index="0" bw="10" slack="2"/>
<pin id="566" dir="1" index="1" bw="10" slack="2"/>
</pin_list>
<bind>
<opset="p_0_0_0477_2709_lcssa742817_load "/>
</bind>
</comp>

<comp id="569" class="1005" name="conv2_i_i_3_lcssa819_load_reg_569">
<pin_list>
<pin id="570" dir="0" index="0" bw="10" slack="2"/>
<pin id="571" dir="1" index="1" bw="10" slack="2"/>
</pin_list>
<bind>
<opset="conv2_i_i_3_lcssa819_load "/>
</bind>
</comp>

<comp id="574" class="1005" name="p_0_0_0479_3717_lcssa745821_load_reg_574">
<pin_list>
<pin id="575" dir="0" index="0" bw="10" slack="2"/>
<pin id="576" dir="1" index="1" bw="10" slack="2"/>
</pin_list>
<bind>
<opset="p_0_0_0479_3717_lcssa745821_load "/>
</bind>
</comp>

<comp id="579" class="1005" name="p_0_0_0478_3713_lcssa747823_load_reg_579">
<pin_list>
<pin id="580" dir="0" index="0" bw="10" slack="2"/>
<pin id="581" dir="1" index="1" bw="10" slack="2"/>
</pin_list>
<bind>
<opset="p_0_0_0478_3713_lcssa747823_load "/>
</bind>
</comp>

<comp id="584" class="1005" name="p_0_0_0477_3715_lcssa749825_load_reg_584">
<pin_list>
<pin id="585" dir="0" index="0" bw="10" slack="2"/>
<pin id="586" dir="1" index="1" bw="10" slack="2"/>
</pin_list>
<bind>
<opset="p_0_0_0477_3715_lcssa749825_load "/>
</bind>
</comp>

</comp_list>

<net_list>
<net id="57"><net_src comp="8" pin="0"/><net_sink comp="54" pin=0"/></net>

<net id="61"><net_src comp="8" pin="0"/><net_sink comp="58" pin=0"/></net>

<net id="65"><net_src comp="8" pin="0"/><net_sink comp="62" pin=0"/></net>

<net id="69"><net_src comp="8" pin="0"/><net_sink comp="66" pin=0"/></net>

<net id="73"><net_src comp="8" pin="0"/><net_sink comp="70" pin=0"/></net>

<net id="77"><net_src comp="8" pin="0"/><net_sink comp="74" pin=0"/></net>

<net id="81"><net_src comp="8" pin="0"/><net_sink comp="78" pin=0"/></net>

<net id="85"><net_src comp="8" pin="0"/><net_sink comp="82" pin=0"/></net>

<net id="89"><net_src comp="8" pin="0"/><net_sink comp="86" pin=0"/></net>

<net id="93"><net_src comp="8" pin="0"/><net_sink comp="90" pin=0"/></net>

<net id="97"><net_src comp="8" pin="0"/><net_sink comp="94" pin=0"/></net>

<net id="101"><net_src comp="8" pin="0"/><net_sink comp="98" pin=0"/></net>

<net id="105"><net_src comp="8" pin="0"/><net_sink comp="102" pin=0"/></net>

<net id="109"><net_src comp="8" pin="0"/><net_sink comp="106" pin=0"/></net>

<net id="113"><net_src comp="8" pin="0"/><net_sink comp="110" pin=0"/></net>

<net id="117"><net_src comp="8" pin="0"/><net_sink comp="114" pin=0"/></net>

<net id="121"><net_src comp="8" pin="0"/><net_sink comp="118" pin=0"/></net>

<net id="125"><net_src comp="8" pin="0"/><net_sink comp="122" pin=0"/></net>

<net id="129"><net_src comp="8" pin="0"/><net_sink comp="126" pin=0"/></net>

<net id="133"><net_src comp="8" pin="0"/><net_sink comp="130" pin=0"/></net>

<net id="137"><net_src comp="8" pin="0"/><net_sink comp="134" pin=0"/></net>

<net id="142"><net_src comp="10" pin="0"/><net_sink comp="138" pin=0"/></net>

<net id="143"><net_src comp="6" pin="0"/><net_sink comp="138" pin=1"/></net>

<net id="148"><net_src comp="10" pin="0"/><net_sink comp="144" pin=0"/></net>

<net id="149"><net_src comp="4" pin="0"/><net_sink comp="144" pin=1"/></net>

<net id="190"><net_src comp="40" pin="0"/><net_sink comp="150" pin=0"/></net>

<net id="191"><net_src comp="0" pin="0"/><net_sink comp="150" pin=16"/></net>

<net id="192"><net_src comp="2" pin="0"/><net_sink comp="150" pin=17"/></net>

<net id="196"><net_src comp="138" pin="2"/><net_sink comp="193" pin=0"/></net>

<net id="201"><net_src comp="193" pin="1"/><net_sink comp="197" pin=0"/></net>

<net id="202"><net_src comp="30" pin="0"/><net_sink comp="197" pin=1"/></net>

<net id="207"><net_src comp="32" pin="0"/><net_sink comp="203" pin=0"/></net>

<net id="212"><net_src comp="32" pin="0"/><net_sink comp="208" pin=0"/></net>

<net id="217"><net_src comp="32" pin="0"/><net_sink comp="213" pin=0"/></net>

<net id="222"><net_src comp="32" pin="0"/><net_sink comp="218" pin=0"/></net>

<net id="227"><net_src comp="32" pin="0"/><net_sink comp="223" pin=0"/></net>

<net id="232"><net_src comp="32" pin="0"/><net_sink comp="228" pin=0"/></net>

<net id="237"><net_src comp="32" pin="0"/><net_sink comp="233" pin=0"/></net>

<net id="242"><net_src comp="32" pin="0"/><net_sink comp="238" pin=0"/></net>

<net id="247"><net_src comp="32" pin="0"/><net_sink comp="243" pin=0"/></net>

<net id="252"><net_src comp="32" pin="0"/><net_sink comp="248" pin=0"/></net>

<net id="257"><net_src comp="32" pin="0"/><net_sink comp="253" pin=0"/></net>

<net id="262"><net_src comp="32" pin="0"/><net_sink comp="258" pin=0"/></net>

<net id="267"><net_src comp="32" pin="0"/><net_sink comp="263" pin=0"/></net>

<net id="272"><net_src comp="32" pin="0"/><net_sink comp="268" pin=0"/></net>

<net id="277"><net_src comp="32" pin="0"/><net_sink comp="273" pin=0"/></net>

<net id="282"><net_src comp="32" pin="0"/><net_sink comp="278" pin=0"/></net>

<net id="287"><net_src comp="32" pin="0"/><net_sink comp="283" pin=0"/></net>

<net id="292"><net_src comp="32" pin="0"/><net_sink comp="288" pin=0"/></net>

<net id="297"><net_src comp="32" pin="0"/><net_sink comp="293" pin=0"/></net>

<net id="302"><net_src comp="32" pin="0"/><net_sink comp="298" pin=0"/></net>

<net id="307"><net_src comp="34" pin="0"/><net_sink comp="303" pin=0"/></net>

<net id="315"><net_src comp="308" pin="1"/><net_sink comp="311" pin=0"/></net>

<net id="320"><net_src comp="308" pin="1"/><net_sink comp="316" pin=0"/></net>

<net id="321"><net_src comp="36" pin="0"/><net_sink comp="316" pin=1"/></net>

<net id="365"><net_src comp="316" pin="2"/><net_sink comp="361" pin=0"/></net>

<net id="369"><net_src comp="54" pin="1"/><net_sink comp="366" pin=0"/></net>

<net id="370"><net_src comp="366" pin="1"/><net_sink comp="303" pin=1"/></net>

<net id="371"><net_src comp="366" pin="1"/><net_sink comp="308" pin=0"/></net>

<net id="372"><net_src comp="366" pin="1"/><net_sink comp="361" pin=1"/></net>

<net id="376"><net_src comp="58" pin="1"/><net_sink comp="373" pin=0"/></net>

<net id="377"><net_src comp="373" pin="1"/><net_sink comp="298" pin=1"/></net>

<net id="378"><net_src comp="373" pin="1"/><net_sink comp="150" pin=37"/></net>

<net id="382"><net_src comp="62" pin="1"/><net_sink comp="379" pin=0"/></net>

<net id="383"><net_src comp="379" pin="1"/><net_sink comp="293" pin=1"/></net>

<net id="384"><net_src comp="379" pin="1"/><net_sink comp="150" pin=36"/></net>

<net id="388"><net_src comp="66" pin="1"/><net_sink comp="385" pin=0"/></net>

<net id="389"><net_src comp="385" pin="1"/><net_sink comp="288" pin=1"/></net>

<net id="390"><net_src comp="385" pin="1"/><net_sink comp="150" pin=35"/></net>

<net id="394"><net_src comp="70" pin="1"/><net_sink comp="391" pin=0"/></net>

<net id="395"><net_src comp="391" pin="1"/><net_sink comp="283" pin=1"/></net>

<net id="396"><net_src comp="391" pin="1"/><net_sink comp="150" pin=34"/></net>

<net id="400"><net_src comp="74" pin="1"/><net_sink comp="397" pin=0"/></net>

<net id="401"><net_src comp="397" pin="1"/><net_sink comp="278" pin=1"/></net>

<net id="402"><net_src comp="397" pin="1"/><net_sink comp="150" pin=33"/></net>

<net id="406"><net_src comp="78" pin="1"/><net_sink comp="403" pin=0"/></net>

<net id="407"><net_src comp="403" pin="1"/><net_sink comp="273" pin=1"/></net>

<net id="408"><net_src comp="403" pin="1"/><net_sink comp="322" pin=0"/></net>

<net id="409"><net_src comp="403" pin="1"/><net_sink comp="150" pin=32"/></net>

<net id="413"><net_src comp="82" pin="1"/><net_sink comp="410" pin=0"/></net>

<net id="414"><net_src comp="410" pin="1"/><net_sink comp="268" pin=1"/></net>

<net id="415"><net_src comp="410" pin="1"/><net_sink comp="325" pin=0"/></net>

<net id="416"><net_src comp="410" pin="1"/><net_sink comp="150" pin=31"/></net>

<net id="420"><net_src comp="86" pin="1"/><net_sink comp="417" pin=0"/></net>

<net id="421"><net_src comp="417" pin="1"/><net_sink comp="263" pin=1"/></net>

<net id="422"><net_src comp="417" pin="1"/><net_sink comp="328" pin=0"/></net>

<net id="423"><net_src comp="417" pin="1"/><net_sink comp="150" pin=30"/></net>

<net id="427"><net_src comp="90" pin="1"/><net_sink comp="424" pin=0"/></net>

<net id="428"><net_src comp="424" pin="1"/><net_sink comp="258" pin=1"/></net>

<net id="429"><net_src comp="424" pin="1"/><net_sink comp="150" pin=29"/></net>

<net id="433"><net_src comp="94" pin="1"/><net_sink comp="430" pin=0"/></net>

<net id="434"><net_src comp="430" pin="1"/><net_sink comp="253" pin=1"/></net>

<net id="435"><net_src comp="430" pin="1"/><net_sink comp="331" pin=0"/></net>

<net id="436"><net_src comp="430" pin="1"/><net_sink comp="150" pin=28"/></net>

<net id="440"><net_src comp="98" pin="1"/><net_sink comp="437" pin=0"/></net>

<net id="441"><net_src comp="437" pin="1"/><net_sink comp="248" pin=1"/></net>

<net id="442"><net_src comp="437" pin="1"/><net_sink comp="334" pin=0"/></net>

<net id="443"><net_src comp="437" pin="1"/><net_sink comp="150" pin=27"/></net>

<net id="447"><net_src comp="102" pin="1"/><net_sink comp="444" pin=0"/></net>

<net id="448"><net_src comp="444" pin="1"/><net_sink comp="243" pin=1"/></net>

<net id="449"><net_src comp="444" pin="1"/><net_sink comp="337" pin=0"/></net>

<net id="450"><net_src comp="444" pin="1"/><net_sink comp="150" pin=26"/></net>

<net id="454"><net_src comp="106" pin="1"/><net_sink comp="451" pin=0"/></net>

<net id="455"><net_src comp="451" pin="1"/><net_sink comp="238" pin=1"/></net>

<net id="456"><net_src comp="451" pin="1"/><net_sink comp="150" pin=25"/></net>

<net id="460"><net_src comp="110" pin="1"/><net_sink comp="457" pin=0"/></net>

<net id="461"><net_src comp="457" pin="1"/><net_sink comp="233" pin=1"/></net>

<net id="462"><net_src comp="457" pin="1"/><net_sink comp="340" pin=0"/></net>

<net id="463"><net_src comp="457" pin="1"/><net_sink comp="150" pin=24"/></net>

<net id="467"><net_src comp="114" pin="1"/><net_sink comp="464" pin=0"/></net>

<net id="468"><net_src comp="464" pin="1"/><net_sink comp="228" pin=1"/></net>

<net id="469"><net_src comp="464" pin="1"/><net_sink comp="343" pin=0"/></net>

<net id="470"><net_src comp="464" pin="1"/><net_sink comp="150" pin=23"/></net>

<net id="474"><net_src comp="118" pin="1"/><net_sink comp="471" pin=0"/></net>

<net id="475"><net_src comp="471" pin="1"/><net_sink comp="223" pin=1"/></net>

<net id="476"><net_src comp="471" pin="1"/><net_sink comp="346" pin=0"/></net>

<net id="477"><net_src comp="471" pin="1"/><net_sink comp="150" pin=22"/></net>

<net id="481"><net_src comp="122" pin="1"/><net_sink comp="478" pin=0"/></net>

<net id="482"><net_src comp="478" pin="1"/><net_sink comp="218" pin=1"/></net>

<net id="483"><net_src comp="478" pin="1"/><net_sink comp="349" pin=0"/></net>

<net id="484"><net_src comp="478" pin="1"/><net_sink comp="150" pin=21"/></net>

<net id="488"><net_src comp="126" pin="1"/><net_sink comp="485" pin=0"/></net>

<net id="489"><net_src comp="485" pin="1"/><net_sink comp="213" pin=1"/></net>

<net id="490"><net_src comp="485" pin="1"/><net_sink comp="352" pin=0"/></net>

<net id="491"><net_src comp="485" pin="1"/><net_sink comp="150" pin=20"/></net>

<net id="495"><net_src comp="130" pin="1"/><net_sink comp="492" pin=0"/></net>

<net id="496"><net_src comp="492" pin="1"/><net_sink comp="208" pin=1"/></net>

<net id="497"><net_src comp="492" pin="1"/><net_sink comp="355" pin=0"/></net>

<net id="498"><net_src comp="492" pin="1"/><net_sink comp="150" pin=19"/></net>

<net id="502"><net_src comp="134" pin="1"/><net_sink comp="499" pin=0"/></net>

<net id="503"><net_src comp="499" pin="1"/><net_sink comp="203" pin=1"/></net>

<net id="504"><net_src comp="499" pin="1"/><net_sink comp="358" pin=0"/></net>

<net id="505"><net_src comp="499" pin="1"/><net_sink comp="150" pin=18"/></net>

<net id="509"><net_src comp="138" pin="2"/><net_sink comp="506" pin=0"/></net>

<net id="510"><net_src comp="506" pin="1"/><net_sink comp="150" pin=15"/></net>

<net id="514"><net_src comp="144" pin="2"/><net_sink comp="511" pin=0"/></net>

<net id="515"><net_src comp="511" pin="1"/><net_sink comp="311" pin=1"/></net>

<net id="519"><net_src comp="197" pin="2"/><net_sink comp="516" pin=0"/></net>

<net id="520"><net_src comp="516" pin="1"/><net_sink comp="150" pin=14"/></net>

<net id="527"><net_src comp="322" pin="1"/><net_sink comp="524" pin=0"/></net>

<net id="528"><net_src comp="524" pin="1"/><net_sink comp="150" pin=13"/></net>

<net id="532"><net_src comp="325" pin="1"/><net_sink comp="529" pin=0"/></net>

<net id="533"><net_src comp="529" pin="1"/><net_sink comp="150" pin=12"/></net>

<net id="537"><net_src comp="328" pin="1"/><net_sink comp="534" pin=0"/></net>

<net id="538"><net_src comp="534" pin="1"/><net_sink comp="150" pin=11"/></net>

<net id="542"><net_src comp="331" pin="1"/><net_sink comp="539" pin=0"/></net>

<net id="543"><net_src comp="539" pin="1"/><net_sink comp="150" pin=10"/></net>

<net id="547"><net_src comp="334" pin="1"/><net_sink comp="544" pin=0"/></net>

<net id="548"><net_src comp="544" pin="1"/><net_sink comp="150" pin=9"/></net>

<net id="552"><net_src comp="337" pin="1"/><net_sink comp="549" pin=0"/></net>

<net id="553"><net_src comp="549" pin="1"/><net_sink comp="150" pin=8"/></net>

<net id="557"><net_src comp="340" pin="1"/><net_sink comp="554" pin=0"/></net>

<net id="558"><net_src comp="554" pin="1"/><net_sink comp="150" pin=7"/></net>

<net id="562"><net_src comp="343" pin="1"/><net_sink comp="559" pin=0"/></net>

<net id="563"><net_src comp="559" pin="1"/><net_sink comp="150" pin=6"/></net>

<net id="567"><net_src comp="346" pin="1"/><net_sink comp="564" pin=0"/></net>

<net id="568"><net_src comp="564" pin="1"/><net_sink comp="150" pin=5"/></net>

<net id="572"><net_src comp="349" pin="1"/><net_sink comp="569" pin=0"/></net>

<net id="573"><net_src comp="569" pin="1"/><net_sink comp="150" pin=4"/></net>

<net id="577"><net_src comp="352" pin="1"/><net_sink comp="574" pin=0"/></net>

<net id="578"><net_src comp="574" pin="1"/><net_sink comp="150" pin=3"/></net>

<net id="582"><net_src comp="355" pin="1"/><net_sink comp="579" pin=0"/></net>

<net id="583"><net_src comp="579" pin="1"/><net_sink comp="150" pin=2"/></net>

<net id="587"><net_src comp="358" pin="1"/><net_sink comp="584" pin=0"/></net>

<net id="588"><net_src comp="584" pin="1"/><net_sink comp="150" pin=1"/></net>

</net_list>

</model> 
---------------- Datapath Model END ------------------

* FSMD analyzer results:
  - Output states:
	Port: imgUnzip | {3 4 }
 - Input state : 
	Port: ZipperRemoval : imgRgb | {3 4 }
	Port: ZipperRemoval : height | {1 }
	Port: ZipperRemoval : width | {1 }
  - Chain level:
	State 1
		loopWidth : 1
		store_ln0 : 1
		store_ln0 : 1
		store_ln0 : 1
		store_ln0 : 1
		store_ln0 : 1
		store_ln0 : 1
		store_ln0 : 1
		store_ln0 : 1
		store_ln0 : 1
		store_ln0 : 1
		store_ln0 : 1
		store_ln0 : 1
		store_ln0 : 1
		store_ln0 : 1
		store_ln0 : 1
		store_ln0 : 1
		store_ln0 : 1
		store_ln0 : 1
		store_ln0 : 1
		store_ln0 : 1
		store_ln1083 : 1
	State 2
		icmp_ln1099 : 1
		y_2 : 1
		br_ln1099 : 2
		store_ln1083 : 2
	State 3
	State 4


============================================================
+ Verbose Summary: Datapath Resource usage 
============================================================

* Functional unit list:
|----------|-----------------------------------------------------|---------|---------|
| Operation|                   Functional Unit                   |    FF   |   LUT   |
|----------|-----------------------------------------------------|---------|---------|
|   call   | grp_ZipperRemoval_Pipeline_VITIS_LOOP_1101_2_fu_150 |   550   |   816   |
|----------|-----------------------------------------------------|---------|---------|
|    add   |                   loopWidth_fu_197                  |    0    |    23   |
|          |                      y_2_fu_316                     |    0    |    23   |
|----------|-----------------------------------------------------|---------|---------|
|   icmp   |                  icmp_ln1099_fu_311                 |    0    |    23   |
|----------|-----------------------------------------------------|---------|---------|
|   read   |                width_read_read_fu_138               |    0    |    0    |
|          |               height_read_read_fu_144               |    0    |    0    |
|----------|-----------------------------------------------------|---------|---------|
|   zext   |                  zext_ln1085_fu_193                 |    0    |    0    |
|----------|-----------------------------------------------------|---------|---------|
|   Total  |                                                     |   550   |   885   |
|----------|-----------------------------------------------------|---------|---------|

Memories:
N/A

* Register list:
+----------------------------------------+--------+
|                                        |   FF   |
+----------------------------------------+--------+
|      conv2_i_i_1_lcssa803_reg_424      |   10   |
|      conv2_i_i_2_lcssa811_reg_451      |   10   |
|    conv2_i_i_3_lcssa819_load_reg_569   |   10   |
|      conv2_i_i_3_lcssa819_reg_478      |   10   |
|       conv2_i_i_lcssa795_reg_397       |   10   |
|           height_read_reg_511          |   16   |
|            loopWidth_reg_516           |   17   |
| p_0_0_0477697_lcssa728801_load_reg_534 |   10   |
|    p_0_0_0477697_lcssa728801_reg_417   |   10   |
|p_0_0_0477_1703_lcssa735809_load_reg_549|   10   |
|   p_0_0_0477_1703_lcssa735809_reg_444  |   10   |
|p_0_0_0477_2709_lcssa742817_load_reg_564|   10   |
|   p_0_0_0477_2709_lcssa742817_reg_471  |   10   |
|p_0_0_0477_3715_lcssa749825_load_reg_584|   10   |
|   p_0_0_0477_3715_lcssa749825_reg_499  |   10   |
| p_0_0_0478695_lcssa726799_load_reg_529 |   10   |
|    p_0_0_0478695_lcssa726799_reg_410   |   10   |
|p_0_0_0478_1701_lcssa733807_load_reg_544|   10   |
|   p_0_0_0478_1701_lcssa733807_reg_437  |   10   |
|p_0_0_0478_2707_lcssa740815_load_reg_559|   10   |
|   p_0_0_0478_2707_lcssa740815_reg_464  |   10   |
|p_0_0_0478_3713_lcssa747823_load_reg_579|   10   |
|   p_0_0_0478_3713_lcssa747823_reg_492  |   10   |
| p_0_0_0479699_lcssa724797_load_reg_524 |   10   |
|    p_0_0_0479699_lcssa724797_reg_403   |   10   |
|p_0_0_0479_1705_lcssa731805_load_reg_539|   10   |
|   p_0_0_0479_1705_lcssa731805_reg_430  |   10   |
|p_0_0_0479_2711_lcssa738813_load_reg_554|   10   |
|   p_0_0_0479_2711_lcssa738813_reg_457  |   10   |
|p_0_0_0479_3717_lcssa745821_load_reg_574|   10   |
|   p_0_0_0479_3717_lcssa745821_reg_485  |   10   |
|      p_0_0_0480_7_lcssa793_reg_391     |   10   |
|      p_0_0_0481_7_lcssa791_reg_385     |   10   |
|      p_0_0_0482_7_lcssa789_reg_379     |   10   |
|      p_0_0_0483_7_lcssa787_reg_373     |   10   |
|           width_read_reg_506           |   16   |
|                y_reg_366               |   16   |
+----------------------------------------+--------+
|                  Total                 |   395  |
+----------------------------------------+--------+

* Multiplexer (MUX) list: 
|--------|------|------|------|--------|
|  Comp  |  Pin | Size |  BW  | S x BW |
|--------|------|------|------|--------|
|  Total |      |      |      |    0   |
|--------|------|------|------|--------|



* Summary:
+-----------+--------+--------+
|           |   FF   |   LUT  |
+-----------+--------+--------+
|  Function |   550  |   885  |
|   Memory  |    -   |    -   |
|Multiplexer|    -   |    -   |
|  Register |   395  |    -   |
+-----------+--------+--------+
|   Total   |   945  |   885  |
+-----------+--------+--------+
