

================================================================
== Vitis HLS Report for 'ZipperRemoval'
================================================================
* Date:           Wed Nov  8 15:31:07 2023

* Version:        2023.2 (Build 4023990 on Oct 11 2023)
* Project:        prj
* Solution:       sol (Vivado IP Flow Target)
* Product family: zynq
* Target device:  xc7z020-clg400-1


================================================================
== Performance Estimates
================================================================
+ Timing: 
    * Summary: 
    +--------+---------+----------+------------+
    |  Clock |  Target | Estimated| Uncertainty|
    +--------+---------+----------+------------+
    |ap_clk  |  6.67 ns|  5.283 ns|     1.80 ns|
    +--------+---------+----------+------------+

+ Latency: 
    * Summary: 
    +---------+------------+----------+-----------+-----+------------+---------+
    |   Latency (cycles)   |  Latency (absolute)  |     Interval     | Pipeline|
    |   min   |     max    |    min   |    max    | min |     max    |   Type  |
    +---------+------------+----------+-----------+-----+------------+---------+
    |        1|  1074315256|  6.667 ns|  7.162 sec|    1|  1074315256|       no|
    +---------+------------+----------+-----------+-----+------------+---------+

    + Detail: 
        * Instance: 
        N/A

        * Loop: 
        +---------------------+---------+------------+------------+-----------+-----------+-----------+----------+
        |                     |   Latency (cycles)   |  Iteration |  Initiation Interval  |    Trip   |          |
        |      Loop Name      |   min   |     max    |   Latency  |  achieved |   target  |   Count   | Pipelined|
        +---------------------+---------+------------+------------+-----------+-----------+-----------+----------+
        |- VITIS_LOOP_1099_1  |        0|  1074315255|  10 ~ 16393|          -|          -|  0 ~ 65535|        no|
        +---------------------+---------+------------+------------+-----------+-----------+-----------+----------+

============================================================
+ Verbose Summary: Synthesis Manager
============================================================
InlineROM: 1
ExposeGlobal: 0
============================================================
+ Verbose Summary: CDFG Model
============================================================
IsTopModel: 0
ResetActiveHigh: 1
IsCombinational: 2
IsDatapathOnly: 0
HasWiredReturn: 1
HasMFsm: 0
HasVarLatency: 1
IsPipeline: 0
IsRtlPipelined: 0
IsInstanceOverlapped: 0
IsDontTouch: 0
HasImplIP: 0
IsGatedGlobalClock: 0


============================================================
+ Verbose Summary: Schedule
============================================================
* Number of FSM states : 4
* Pipeline : 0
* Dataflow Pipeline: 0

* FSM state transitions: 
1 --> 2 
2 --> 3 
3 --> 4 
4 --> 2 

* FSM state operations: 

State 1 <SV = 0> <Delay = 2.07>
ST_1 : Operation 5 [1/1] (0.00ns)   --->   "%y = alloca i32 1" [D:/Project2023/SG-Extended/ZyboOrg/hw/hw.runs/system_v_demosaic_0_0_synth_1/prj/sol/.autopilot/db/v_demosaic.cpp:1083]   --->   Operation 5 'alloca' 'y' <Predicate = true> <Delay = 0.00>
ST_1 : Operation 6 [1/1] (0.00ns)   --->   "%p_0_0_0483_7_lcssa787 = alloca i32 1"   --->   Operation 6 'alloca' 'p_0_0_0483_7_lcssa787' <Predicate = true> <Delay = 0.00>
ST_1 : Operation 7 [1/1] (0.00ns)   --->   "%p_0_0_0482_7_lcssa789 = alloca i32 1"   --->   Operation 7 'alloca' 'p_0_0_0482_7_lcssa789' <Predicate = true> <Delay = 0.00>
ST_1 : Operation 8 [1/1] (0.00ns)   --->   "%p_0_0_0481_7_lcssa791 = alloca i32 1"   --->   Operation 8 'alloca' 'p_0_0_0481_7_lcssa791' <Predicate = true> <Delay = 0.00>
ST_1 : Operation 9 [1/1] (0.00ns)   --->   "%p_0_0_0480_7_lcssa793 = alloca i32 1"   --->   Operation 9 'alloca' 'p_0_0_0480_7_lcssa793' <Predicate = true> <Delay = 0.00>
ST_1 : Operation 10 [1/1] (0.00ns)   --->   "%conv2_i_i_lcssa795 = alloca i32 1"   --->   Operation 10 'alloca' 'conv2_i_i_lcssa795' <Predicate = true> <Delay = 0.00>
ST_1 : Operation 11 [1/1] (0.00ns)   --->   "%p_0_0_0479699_lcssa724797 = alloca i32 1"   --->   Operation 11 'alloca' 'p_0_0_0479699_lcssa724797' <Predicate = true> <Delay = 0.00>
ST_1 : Operation 12 [1/1] (0.00ns)   --->   "%p_0_0_0478695_lcssa726799 = alloca i32 1"   --->   Operation 12 'alloca' 'p_0_0_0478695_lcssa726799' <Predicate = true> <Delay = 0.00>
ST_1 : Operation 13 [1/1] (0.00ns)   --->   "%p_0_0_0477697_lcssa728801 = alloca i32 1"   --->   Operation 13 'alloca' 'p_0_0_0477697_lcssa728801' <Predicate = true> <Delay = 0.00>
ST_1 : Operation 14 [1/1] (0.00ns)   --->   "%conv2_i_i_1_lcssa803 = alloca i32 1"   --->   Operation 14 'alloca' 'conv2_i_i_1_lcssa803' <Predicate = true> <Delay = 0.00>
ST_1 : Operation 15 [1/1] (0.00ns)   --->   "%p_0_0_0479_1705_lcssa731805 = alloca i32 1"   --->   Operation 15 'alloca' 'p_0_0_0479_1705_lcssa731805' <Predicate = true> <Delay = 0.00>
ST_1 : Operation 16 [1/1] (0.00ns)   --->   "%p_0_0_0478_1701_lcssa733807 = alloca i32 1"   --->   Operation 16 'alloca' 'p_0_0_0478_1701_lcssa733807' <Predicate = true> <Delay = 0.00>
ST_1 : Operation 17 [1/1] (0.00ns)   --->   "%p_0_0_0477_1703_lcssa735809 = alloca i32 1"   --->   Operation 17 'alloca' 'p_0_0_0477_1703_lcssa735809' <Predicate = true> <Delay = 0.00>
ST_1 : Operation 18 [1/1] (0.00ns)   --->   "%conv2_i_i_2_lcssa811 = alloca i32 1"   --->   Operation 18 'alloca' 'conv2_i_i_2_lcssa811' <Predicate = true> <Delay = 0.00>
ST_1 : Operation 19 [1/1] (0.00ns)   --->   "%p_0_0_0479_2711_lcssa738813 = alloca i32 1"   --->   Operation 19 'alloca' 'p_0_0_0479_2711_lcssa738813' <Predicate = true> <Delay = 0.00>
ST_1 : Operation 20 [1/1] (0.00ns)   --->   "%p_0_0_0478_2707_lcssa740815 = alloca i32 1"   --->   Operation 20 'alloca' 'p_0_0_0478_2707_lcssa740815' <Predicate = true> <Delay = 0.00>
ST_1 : Operation 21 [1/1] (0.00ns)   --->   "%p_0_0_0477_2709_lcssa742817 = alloca i32 1"   --->   Operation 21 'alloca' 'p_0_0_0477_2709_lcssa742817' <Predicate = true> <Delay = 0.00>
ST_1 : Operation 22 [1/1] (0.00ns)   --->   "%conv2_i_i_3_lcssa819 = alloca i32 1"   --->   Operation 22 'alloca' 'conv2_i_i_3_lcssa819' <Predicate = true> <Delay = 0.00>
ST_1 : Operation 23 [1/1] (0.00ns)   --->   "%p_0_0_0479_3717_lcssa745821 = alloca i32 1"   --->   Operation 23 'alloca' 'p_0_0_0479_3717_lcssa745821' <Predicate = true> <Delay = 0.00>
ST_1 : Operation 24 [1/1] (0.00ns)   --->   "%p_0_0_0478_3713_lcssa747823 = alloca i32 1"   --->   Operation 24 'alloca' 'p_0_0_0478_3713_lcssa747823' <Predicate = true> <Delay = 0.00>
ST_1 : Operation 25 [1/1] (0.00ns)   --->   "%p_0_0_0477_3715_lcssa749825 = alloca i32 1"   --->   Operation 25 'alloca' 'p_0_0_0477_3715_lcssa749825' <Predicate = true> <Delay = 0.00>
ST_1 : Operation 26 [1/1] (0.00ns)   --->   "%width_read = read i16 @_ssdm_op_Read.ap_stable.i16, i16 %width"   --->   Operation 26 'read' 'width_read' <Predicate = true> <Delay = 0.00>
ST_1 : Operation 27 [1/1] (0.00ns)   --->   "%height_read = read i16 @_ssdm_op_Read.ap_stable.i16, i16 %height"   --->   Operation 27 'read' 'height_read' <Predicate = true> <Delay = 0.00>
ST_1 : Operation 28 [1/1] (0.00ns)   --->   "%specinterface_ln0 = specinterface void @_ssdm_op_SpecInterface, i16 %width, void @ap_stable_str, i32 0, i32 0, void @p_str, i32 0, i32 0, void @p_str, void @p_str, void @p_str, i32 2, i32 2, i32 16, i32 16, void @p_str, void @p_str, i32 4294967295, i32 0"   --->   Operation 28 'specinterface' 'specinterface_ln0' <Predicate = true> <Delay = 0.00>
ST_1 : Operation 29 [1/1] (0.00ns)   --->   "%specinterface_ln0 = specinterface void @_ssdm_op_SpecInterface, i16 %height, void @ap_stable_str, i32 0, i32 0, void @p_str, i32 0, i32 0, void @p_str, void @p_str, void @p_str, i32 2, i32 2, i32 16, i32 16, void @p_str, void @p_str, i32 4294967295, i32 0"   --->   Operation 29 'specinterface' 'specinterface_ln0' <Predicate = true> <Delay = 0.00>
ST_1 : Operation 30 [1/1] (0.00ns)   --->   "%specinterface_ln0 = specinterface void @_ssdm_op_SpecInterface, i120 %imgUnzip, void @empty_24, i32 0, i32 0, void @empty_15, i32 0, i32 0, void @empty_15, void @empty_15, void @empty_15, i32 0, i32 0, i32 0, i32 0, void @empty_15, void @empty_15, i32 4294967295, i32 0"   --->   Operation 30 'specinterface' 'specinterface_ln0' <Predicate = true> <Delay = 0.00>
ST_1 : Operation 31 [1/1] (0.00ns)   --->   "%specinterface_ln0 = specinterface void @_ssdm_op_SpecInterface, i120 %imgRgb, void @empty_24, i32 0, i32 0, void @empty_15, i32 0, i32 0, void @empty_15, void @empty_15, void @empty_15, i32 0, i32 0, i32 0, i32 0, void @empty_15, void @empty_15, i32 4294967295, i32 0"   --->   Operation 31 'specinterface' 'specinterface_ln0' <Predicate = true> <Delay = 0.00>
ST_1 : Operation 32 [1/1] (0.00ns)   --->   "%zext_ln1085 = zext i16 %width_read" [D:/Project2023/SG-Extended/ZyboOrg/hw/hw.runs/system_v_demosaic_0_0_synth_1/prj/sol/.autopilot/db/v_demosaic.cpp:1085]   --->   Operation 32 'zext' 'zext_ln1085' <Predicate = true> <Delay = 0.00>
ST_1 : Operation 33 [1/1] (2.07ns)   --->   "%loopWidth = add i17 %zext_ln1085, i17 1" [D:/Project2023/SG-Extended/ZyboOrg/hw/hw.runs/system_v_demosaic_0_0_synth_1/prj/sol/.autopilot/db/v_demosaic.cpp:1085]   --->   Operation 33 'add' 'loopWidth' <Predicate = true> <Delay = 2.07> <CoreInst = "Adder">   --->   Core 1 'Adder' <Latency = 0> <II = 1> <Delay = 2.07> <FuncUnit> <Opcode : 'add' 'sub'> <InPorts = 2> <OutPorts = 1>
ST_1 : Operation 34 [1/1] (0.00ns)   --->   "%store_ln0 = store i10 0, i10 %p_0_0_0477_3715_lcssa749825"   --->   Operation 34 'store' 'store_ln0' <Predicate = true> <Delay = 0.00>
ST_1 : Operation 35 [1/1] (0.00ns)   --->   "%store_ln0 = store i10 0, i10 %p_0_0_0478_3713_lcssa747823"   --->   Operation 35 'store' 'store_ln0' <Predicate = true> <Delay = 0.00>
ST_1 : Operation 36 [1/1] (0.00ns)   --->   "%store_ln0 = store i10 0, i10 %p_0_0_0479_3717_lcssa745821"   --->   Operation 36 'store' 'store_ln0' <Predicate = true> <Delay = 0.00>
ST_1 : Operation 37 [1/1] (0.00ns)   --->   "%store_ln0 = store i10 0, i10 %conv2_i_i_3_lcssa819"   --->   Operation 37 'store' 'store_ln0' <Predicate = true> <Delay = 0.00>
ST_1 : Operation 38 [1/1] (0.00ns)   --->   "%store_ln0 = store i10 0, i10 %p_0_0_0477_2709_lcssa742817"   --->   Operation 38 'store' 'store_ln0' <Predicate = true> <Delay = 0.00>
ST_1 : Operation 39 [1/1] (0.00ns)   --->   "%store_ln0 = store i10 0, i10 %p_0_0_0478_2707_lcssa740815"   --->   Operation 39 'store' 'store_ln0' <Predicate = true> <Delay = 0.00>
ST_1 : Operation 40 [1/1] (0.00ns)   --->   "%store_ln0 = store i10 0, i10 %p_0_0_0479_2711_lcssa738813"   --->   Operation 40 'store' 'store_ln0' <Predicate = true> <Delay = 0.00>
ST_1 : Operation 41 [1/1] (0.00ns)   --->   "%store_ln0 = store i10 0, i10 %conv2_i_i_2_lcssa811"   --->   Operation 41 'store' 'store_ln0' <Predicate = true> <Delay = 0.00>
ST_1 : Operation 42 [1/1] (0.00ns)   --->   "%store_ln0 = store i10 0, i10 %p_0_0_0477_1703_lcssa735809"   --->   Operation 42 'store' 'store_ln0' <Predicate = true> <Delay = 0.00>
ST_1 : Operation 43 [1/1] (0.00ns)   --->   "%store_ln0 = store i10 0, i10 %p_0_0_0478_1701_lcssa733807"   --->   Operation 43 'store' 'store_ln0' <Predicate = true> <Delay = 0.00>
ST_1 : Operation 44 [1/1] (0.00ns)   --->   "%store_ln0 = store i10 0, i10 %p_0_0_0479_1705_lcssa731805"   --->   Operation 44 'store' 'store_ln0' <Predicate = true> <Delay = 0.00>
ST_1 : Operation 45 [1/1] (0.00ns)   --->   "%store_ln0 = store i10 0, i10 %conv2_i_i_1_lcssa803"   --->   Operation 45 'store' 'store_ln0' <Predicate = true> <Delay = 0.00>
ST_1 : Operation 46 [1/1] (0.00ns)   --->   "%store_ln0 = store i10 0, i10 %p_0_0_0477697_lcssa728801"   --->   Operation 46 'store' 'store_ln0' <Predicate = true> <Delay = 0.00>
ST_1 : Operation 47 [1/1] (0.00ns)   --->   "%store_ln0 = store i10 0, i10 %p_0_0_0478695_lcssa726799"   --->   Operation 47 'store' 'store_ln0' <Predicate = true> <Delay = 0.00>
ST_1 : Operation 48 [1/1] (0.00ns)   --->   "%store_ln0 = store i10 0, i10 %p_0_0_0479699_lcssa724797"   --->   Operation 48 'store' 'store_ln0' <Predicate = true> <Delay = 0.00>
ST_1 : Operation 49 [1/1] (0.00ns)   --->   "%store_ln0 = store i10 0, i10 %conv2_i_i_lcssa795"   --->   Operation 49 'store' 'store_ln0' <Predicate = true> <Delay = 0.00>
ST_1 : Operation 50 [1/1] (0.00ns)   --->   "%store_ln0 = store i10 0, i10 %p_0_0_0480_7_lcssa793"   --->   Operation 50 'store' 'store_ln0' <Predicate = true> <Delay = 0.00>
ST_1 : Operation 51 [1/1] (0.00ns)   --->   "%store_ln0 = store i10 0, i10 %p_0_0_0481_7_lcssa791"   --->   Operation 51 'store' 'store_ln0' <Predicate = true> <Delay = 0.00>
ST_1 : Operation 52 [1/1] (0.00ns)   --->   "%store_ln0 = store i10 0, i10 %p_0_0_0482_7_lcssa789"   --->   Operation 52 'store' 'store_ln0' <Predicate = true> <Delay = 0.00>
ST_1 : Operation 53 [1/1] (0.00ns)   --->   "%store_ln0 = store i10 0, i10 %p_0_0_0483_7_lcssa787"   --->   Operation 53 'store' 'store_ln0' <Predicate = true> <Delay = 0.00>
ST_1 : Operation 54 [1/1] (1.58ns)   --->   "%store_ln1083 = store i16 0, i16 %y" [D:/Project2023/SG-Extended/ZyboOrg/hw/hw.runs/system_v_demosaic_0_0_synth_1/prj/sol/.autopilot/db/v_demosaic.cpp:1083]   --->   Operation 54 'store' 'store_ln1083' <Predicate = true> <Delay = 1.58>
ST_1 : Operation 55 [1/1] (0.00ns)   --->   "%br_ln1099 = br void %VITIS_LOOP_1101_2" [D:/Project2023/SG-Extended/ZyboOrg/hw/hw.runs/system_v_demosaic_0_0_synth_1/prj/sol/.autopilot/db/v_demosaic.cpp:1099]   --->   Operation 55 'br' 'br_ln1099' <Predicate = true> <Delay = 0.00>

State 2 <SV = 1> <Delay = 3.66>
ST_2 : Operation 56 [1/1] (0.00ns)   --->   "%y_1 = load i16 %y" [D:/Project2023/SG-Extended/ZyboOrg/hw/hw.runs/system_v_demosaic_0_0_synth_1/prj/sol/.autopilot/db/v_demosaic.cpp:1099]   --->   Operation 56 'load' 'y_1' <Predicate = true> <Delay = 0.00>
ST_2 : Operation 57 [1/1] (2.07ns)   --->   "%icmp_ln1099 = icmp_eq  i16 %y_1, i16 %height_read" [D:/Project2023/SG-Extended/ZyboOrg/hw/hw.runs/system_v_demosaic_0_0_synth_1/prj/sol/.autopilot/db/v_demosaic.cpp:1099]   --->   Operation 57 'icmp' 'icmp_ln1099' <Predicate = true> <Delay = 2.07> <CoreInst = "Cmp">   --->   Core 9 'Cmp' <Latency = 0> <II = 1> <Delay = 2.07> <FuncUnit> <Opcode : 'icmp'> <InPorts = 2> <OutPorts = 1>
ST_2 : Operation 58 [1/1] (2.07ns)   --->   "%y_2 = add i16 %y_1, i16 1" [D:/Project2023/SG-Extended/ZyboOrg/hw/hw.runs/system_v_demosaic_0_0_synth_1/prj/sol/.autopilot/db/v_demosaic.cpp:1099]   --->   Operation 58 'add' 'y_2' <Predicate = true> <Delay = 2.07> <CoreInst = "Adder">   --->   Core 1 'Adder' <Latency = 0> <II = 1> <Delay = 2.07> <FuncUnit> <Opcode : 'add' 'sub'> <InPorts = 2> <OutPorts = 1>
ST_2 : Operation 59 [1/1] (0.00ns)   --->   "%br_ln1099 = br i1 %icmp_ln1099, void %VITIS_LOOP_1101_2.split, void %for.end228.loopexit" [D:/Project2023/SG-Extended/ZyboOrg/hw/hw.runs/system_v_demosaic_0_0_synth_1/prj/sol/.autopilot/db/v_demosaic.cpp:1099]   --->   Operation 59 'br' 'br_ln1099' <Predicate = true> <Delay = 0.00>
ST_2 : Operation 60 [1/1] (0.00ns)   --->   "%p_0_0_0479699_lcssa724797_load = load i10 %p_0_0_0479699_lcssa724797"   --->   Operation 60 'load' 'p_0_0_0479699_lcssa724797_load' <Predicate = (!icmp_ln1099)> <Delay = 0.00>
ST_2 : Operation 61 [1/1] (0.00ns)   --->   "%p_0_0_0478695_lcssa726799_load = load i10 %p_0_0_0478695_lcssa726799"   --->   Operation 61 'load' 'p_0_0_0478695_lcssa726799_load' <Predicate = (!icmp_ln1099)> <Delay = 0.00>
ST_2 : Operation 62 [1/1] (0.00ns)   --->   "%p_0_0_0477697_lcssa728801_load = load i10 %p_0_0_0477697_lcssa728801"   --->   Operation 62 'load' 'p_0_0_0477697_lcssa728801_load' <Predicate = (!icmp_ln1099)> <Delay = 0.00>
ST_2 : Operation 63 [1/1] (0.00ns)   --->   "%p_0_0_0479_1705_lcssa731805_load = load i10 %p_0_0_0479_1705_lcssa731805"   --->   Operation 63 'load' 'p_0_0_0479_1705_lcssa731805_load' <Predicate = (!icmp_ln1099)> <Delay = 0.00>
ST_2 : Operation 64 [1/1] (0.00ns)   --->   "%p_0_0_0478_1701_lcssa733807_load = load i10 %p_0_0_0478_1701_lcssa733807"   --->   Operation 64 'load' 'p_0_0_0478_1701_lcssa733807_load' <Predicate = (!icmp_ln1099)> <Delay = 0.00>
ST_2 : Operation 65 [1/1] (0.00ns)   --->   "%p_0_0_0477_1703_lcssa735809_load = load i10 %p_0_0_0477_1703_lcssa735809"   --->   Operation 65 'load' 'p_0_0_0477_1703_lcssa735809_load' <Predicate = (!icmp_ln1099)> <Delay = 0.00>
ST_2 : Operation 66 [1/1] (0.00ns)   --->   "%p_0_0_0479_2711_lcssa738813_load = load i10 %p_0_0_0479_2711_lcssa738813"   --->   Operation 66 'load' 'p_0_0_0479_2711_lcssa738813_load' <Predicate = (!icmp_ln1099)> <Delay = 0.00>
ST_2 : Operation 67 [1/1] (0.00ns)   --->   "%p_0_0_0478_2707_lcssa740815_load = load i10 %p_0_0_0478_2707_lcssa740815"   --->   Operation 67 'load' 'p_0_0_0478_2707_lcssa740815_load' <Predicate = (!icmp_ln1099)> <Delay = 0.00>
ST_2 : Operation 68 [1/1] (0.00ns)   --->   "%p_0_0_0477_2709_lcssa742817_load = load i10 %p_0_0_0477_2709_lcssa742817"   --->   Operation 68 'load' 'p_0_0_0477_2709_lcssa742817_load' <Predicate = (!icmp_ln1099)> <Delay = 0.00>
ST_2 : Operation 69 [1/1] (0.00ns)   --->   "%conv2_i_i_3_lcssa819_load = load i10 %conv2_i_i_3_lcssa819"   --->   Operation 69 'load' 'conv2_i_i_3_lcssa819_load' <Predicate = (!icmp_ln1099)> <Delay = 0.00>
ST_2 : Operation 70 [1/1] (0.00ns)   --->   "%p_0_0_0479_3717_lcssa745821_load = load i10 %p_0_0_0479_3717_lcssa745821"   --->   Operation 70 'load' 'p_0_0_0479_3717_lcssa745821_load' <Predicate = (!icmp_ln1099)> <Delay = 0.00>
ST_2 : Operation 71 [1/1] (0.00ns)   --->   "%p_0_0_0478_3713_lcssa747823_load = load i10 %p_0_0_0478_3713_lcssa747823"   --->   Operation 71 'load' 'p_0_0_0478_3713_lcssa747823_load' <Predicate = (!icmp_ln1099)> <Delay = 0.00>
ST_2 : Operation 72 [1/1] (0.00ns)   --->   "%p_0_0_0477_3715_lcssa749825_load = load i10 %p_0_0_0477_3715_lcssa749825"   --->   Operation 72 'load' 'p_0_0_0477_3715_lcssa749825_load' <Predicate = (!icmp_ln1099)> <Delay = 0.00>
ST_2 : Operation 73 [1/1] (0.00ns)   --->   "%empty = wait i32 @_ssdm_op_Wait"   --->   Operation 73 'wait' 'empty' <Predicate = (!icmp_ln1099)> <Delay = 0.00>
ST_2 : Operation 74 [1/1] (1.58ns)   --->   "%store_ln1083 = store i16 %y_2, i16 %y" [D:/Project2023/SG-Extended/ZyboOrg/hw/hw.runs/system_v_demosaic_0_0_synth_1/prj/sol/.autopilot/db/v_demosaic.cpp:1083]   --->   Operation 74 'store' 'store_ln1083' <Predicate = (!icmp_ln1099)> <Delay = 1.58>
ST_2 : Operation 75 [1/1] (0.00ns)   --->   "%ret_ln1165 = ret" [D:/Project2023/SG-Extended/ZyboOrg/hw/hw.runs/system_v_demosaic_0_0_synth_1/prj/sol/.autopilot/db/v_demosaic.cpp:1165]   --->   Operation 75 'ret' 'ret_ln1165' <Predicate = (icmp_ln1099)> <Delay = 0.00>

State 3 <SV = 2> <Delay = 3.69>
ST_3 : Operation 76 [2/2] (3.69ns)   --->   "%call_ln1085 = call void @ZipperRemoval_Pipeline_VITIS_LOOP_1101_2, i10 %p_0_0_0477_3715_lcssa749825_load, i10 %p_0_0_0478_3713_lcssa747823_load, i10 %p_0_0_0479_3717_lcssa745821_load, i10 %conv2_i_i_3_lcssa819_load, i10 %p_0_0_0477_2709_lcssa742817_load, i10 %p_0_0_0478_2707_lcssa740815_load, i10 %p_0_0_0479_2711_lcssa738813_load, i10 %p_0_0_0477_1703_lcssa735809_load, i10 %p_0_0_0478_1701_lcssa733807_load, i10 %p_0_0_0479_1705_lcssa731805_load, i10 %p_0_0_0477697_lcssa728801_load, i10 %p_0_0_0478695_lcssa726799_load, i10 %p_0_0_0479699_lcssa724797_load, i17 %loopWidth, i16 %width_read, i120 %imgRgb, i120 %imgUnzip, i10 %p_0_0_0477_3715_lcssa749825, i10 %p_0_0_0478_3713_lcssa747823, i10 %p_0_0_0479_3717_lcssa745821, i10 %conv2_i_i_3_lcssa819, i10 %p_0_0_0477_2709_lcssa742817, i10 %p_0_0_0478_2707_lcssa740815, i10 %p_0_0_0479_2711_lcssa738813, i10 %conv2_i_i_2_lcssa811, i10 %p_0_0_0477_1703_lcssa735809, i10 %p_0_0_0478_1701_lcssa733807, i10 %p_0_0_0479_1705_lcssa731805, i10 %conv2_i_i_1_lcssa803, i10 %p_0_0_0477697_lcssa728801, i10 %p_0_0_0478695_lcssa726799, i10 %p_0_0_0479699_lcssa724797, i10 %conv2_i_i_lcssa795, i10 %p_0_0_0480_7_lcssa793, i10 %p_0_0_0481_7_lcssa791, i10 %p_0_0_0482_7_lcssa789, i10 %p_0_0_0483_7_lcssa787" [D:/Project2023/SG-Extended/ZyboOrg/hw/hw.runs/system_v_demosaic_0_0_synth_1/prj/sol/.autopilot/db/v_demosaic.cpp:1085]   --->   Operation 76 'call' 'call_ln1085' <Predicate = true> <Delay = 3.69> <CoreType = "Generic">   --->   Core 0 '' <Latency = 0> <II = 1> <Delay = 1.00> <Generic> <Opcode : >

State 4 <SV = 3> <Delay = 0.00>
ST_4 : Operation 77 [1/1] (0.00ns)   --->   "%speclooptripcount_ln1083 = speclooptripcount void @_ssdm_op_SpecLoopTripCount, i64 0, i64 65535, i64 32767" [D:/Project2023/SG-Extended/ZyboOrg/hw/hw.runs/system_v_demosaic_0_0_synth_1/prj/sol/.autopilot/db/v_demosaic.cpp:1083]   --->   Operation 77 'speclooptripcount' 'speclooptripcount_ln1083' <Predicate = true> <Delay = 0.00>
ST_4 : Operation 78 [1/1] (0.00ns)   --->   "%specloopname_ln1099 = specloopname void @_ssdm_op_SpecLoopName, void @empty_21" [D:/Project2023/SG-Extended/ZyboOrg/hw/hw.runs/system_v_demosaic_0_0_synth_1/prj/sol/.autopilot/db/v_demosaic.cpp:1099]   --->   Operation 78 'specloopname' 'specloopname_ln1099' <Predicate = true> <Delay = 0.00>
ST_4 : Operation 79 [1/2] (0.00ns)   --->   "%call_ln1085 = call void @ZipperRemoval_Pipeline_VITIS_LOOP_1101_2, i10 %p_0_0_0477_3715_lcssa749825_load, i10 %p_0_0_0478_3713_lcssa747823_load, i10 %p_0_0_0479_3717_lcssa745821_load, i10 %conv2_i_i_3_lcssa819_load, i10 %p_0_0_0477_2709_lcssa742817_load, i10 %p_0_0_0478_2707_lcssa740815_load, i10 %p_0_0_0479_2711_lcssa738813_load, i10 %p_0_0_0477_1703_lcssa735809_load, i10 %p_0_0_0478_1701_lcssa733807_load, i10 %p_0_0_0479_1705_lcssa731805_load, i10 %p_0_0_0477697_lcssa728801_load, i10 %p_0_0_0478695_lcssa726799_load, i10 %p_0_0_0479699_lcssa724797_load, i17 %loopWidth, i16 %width_read, i120 %imgRgb, i120 %imgUnzip, i10 %p_0_0_0477_3715_lcssa749825, i10 %p_0_0_0478_3713_lcssa747823, i10 %p_0_0_0479_3717_lcssa745821, i10 %conv2_i_i_3_lcssa819, i10 %p_0_0_0477_2709_lcssa742817, i10 %p_0_0_0478_2707_lcssa740815, i10 %p_0_0_0479_2711_lcssa738813, i10 %conv2_i_i_2_lcssa811, i10 %p_0_0_0477_1703_lcssa735809, i10 %p_0_0_0478_1701_lcssa733807, i10 %p_0_0_0479_1705_lcssa731805, i10 %conv2_i_i_1_lcssa803, i10 %p_0_0_0477697_lcssa728801, i10 %p_0_0_0478695_lcssa726799, i10 %p_0_0_0479699_lcssa724797, i10 %conv2_i_i_lcssa795, i10 %p_0_0_0480_7_lcssa793, i10 %p_0_0_0481_7_lcssa791, i10 %p_0_0_0482_7_lcssa789, i10 %p_0_0_0483_7_lcssa787" [D:/Project2023/SG-Extended/ZyboOrg/hw/hw.runs/system_v_demosaic_0_0_synth_1/prj/sol/.autopilot/db/v_demosaic.cpp:1085]   --->   Operation 79 'call' 'call_ln1085' <Predicate = true> <Delay = 0.00> <CoreType = "Generic">   --->   Core 0 '' <Latency = 0> <II = 1> <Delay = 1.00> <Generic> <Opcode : >
ST_4 : Operation 80 [1/1] (0.00ns)   --->   "%br_ln1099 = br void %VITIS_LOOP_1101_2" [D:/Project2023/SG-Extended/ZyboOrg/hw/hw.runs/system_v_demosaic_0_0_synth_1/prj/sol/.autopilot/db/v_demosaic.cpp:1099]   --->   Operation 80 'br' 'br_ln1099' <Predicate = true> <Delay = 0.00>


============================================================
+ Verbose Summary: Timing violations
============================================================
Target clock period: 6.667ns, clock uncertainty: 1.800ns.

 <State 1>: 2.077ns
The critical path consists of the following:
	wire read operation ('width_read') on port 'width' [26]  (0.000 ns)
	'add' operation 17 bit ('loopWidth', D:/Project2023/SG-Extended/ZyboOrg/hw/hw.runs/system_v_demosaic_0_0_synth_1/prj/sol/.autopilot/db/v_demosaic.cpp:1085) [33]  (2.077 ns)

 <State 2>: 3.665ns
The critical path consists of the following:
	'load' operation 16 bit ('y', D:/Project2023/SG-Extended/ZyboOrg/hw/hw.runs/system_v_demosaic_0_0_synth_1/prj/sol/.autopilot/db/v_demosaic.cpp:1099) on local variable 'y', D:/Project2023/SG-Extended/ZyboOrg/hw/hw.runs/system_v_demosaic_0_0_synth_1/prj/sol/.autopilot/db/v_demosaic.cpp:1083 [57]  (0.000 ns)
	'icmp' operation 1 bit ('icmp_ln1099', D:/Project2023/SG-Extended/ZyboOrg/hw/hw.runs/system_v_demosaic_0_0_synth_1/prj/sol/.autopilot/db/v_demosaic.cpp:1099) [58]  (2.077 ns)
	'store' operation 0 bit ('store_ln1083', D:/Project2023/SG-Extended/ZyboOrg/hw/hw.runs/system_v_demosaic_0_0_synth_1/prj/sol/.autopilot/db/v_demosaic.cpp:1083) of variable 'y', D:/Project2023/SG-Extended/ZyboOrg/hw/hw.runs/system_v_demosaic_0_0_synth_1/prj/sol/.autopilot/db/v_demosaic.cpp:1099 on local variable 'y', D:/Project2023/SG-Extended/ZyboOrg/hw/hw.runs/system_v_demosaic_0_0_synth_1/prj/sol/.autopilot/db/v_demosaic.cpp:1083 [79]  (1.588 ns)

 <State 3>: 3.695ns
The critical path consists of the following:
	'call' operation 0 bit ('call_ln1085', D:/Project2023/SG-Extended/ZyboOrg/hw/hw.runs/system_v_demosaic_0_0_synth_1/prj/sol/.autopilot/db/v_demosaic.cpp:1085) to 'ZipperRemoval_Pipeline_VITIS_LOOP_1101_2' [78]  (3.695 ns)

 <State 4>: 0.000ns
The critical path consists of the following:


============================================================
+ Verbose Summary: Binding
============================================================
N/A
* FSMD analyzer results:
  - Output states:
 - Input state : 
  - Chain level:
	State 1
	State 2
	State 3
	State 4


============================================================
+ Verbose Summary: Datapath Resource usage 
============================================================
N/A
